INFO: float precision operand used.
INFO: Creating 10 boundless plane surfaces
Surface Id 0:
state pos after step: (19.999979, 19.999979, 19.999979)
state dir after step: (0.999997, 0.999997, 0.999997)
state num of stepTrails is: 0
Surface Id 0:
state pos after step: (49.999794, 49.999794, 49.999794)
state dir after step: (0.999981, 0.999981, 0.999981)
state num of stepTrails is: 0
Surface Id 1:
state pos after step: (50.000000, 50.000000, 50.000000)
state dir after step: (0.999981, 0.999981, 0.999981)
state num of stepTrails is: 0
Surface Id 1:
state pos after step: (79.999596, 79.999596, 79.999596)
state dir after step: (0.999953, 0.999953, 0.999953)
state num of stepTrails is: 0
Surface Id 2:
state pos after step: (80.000000, 80.000000, 80.000000)
state dir after step: (0.999953, 0.999953, 0.999953)
state num of stepTrails is: 0
Surface Id 2:
state pos after step: (109.999397, 109.999397, 109.999397)
state dir after step: (0.999910, 0.999910, 0.999910)
state num of stepTrails is: 0
Surface Id 3:
state pos after step: (110.000000, 110.000000, 110.000000)
state dir after step: (0.999910, 0.999910, 0.999910)
state num of stepTrails is: 0
Surface Id 3:
state pos after step: (139.999191, 139.999191, 139.999191)
state dir after step: (0.999852, 0.999852, 0.999852)
state num of stepTrails is: 0
Surface Id 4:
state pos after step: (140.000000, 140.000000, 140.000000)
state dir after step: (0.999852, 0.999852, 0.999852)
state num of stepTrails is: 0
Surface Id 4:
state pos after step: (169.998993, 169.998993, 169.998993)
state dir after step: (0.999783, 0.999783, 0.999783)
state num of stepTrails is: 0
Surface Id 5:
state pos after step: (170.000000, 170.000000, 170.000000)
state dir after step: (0.999783, 0.999783, 0.999783)
state num of stepTrails is: 0
Surface Id 5:
state pos after step: (199.998795, 199.998795, 199.998795)
state dir after step: (0.999703, 0.999703, 0.999703)
state num of stepTrails is: 0
Surface Id 6:
state pos after step: (200.000000, 200.000000, 200.000000)
state dir after step: (0.999703, 0.999703, 0.999703)
state num of stepTrails is: 0
Surface Id 6:
state pos after step: (229.998596, 229.998596, 229.998596)
state dir after step: (0.999609, 0.999609, 0.999609)
state num of stepTrails is: 0
Surface Id 7:
state pos after step: (230.000000, 230.000000, 230.000000)
state dir after step: (0.999609, 0.999609, 0.999609)
state num of stepTrails is: 0
Surface Id 7:
state pos after step: (259.998413, 259.998413, 259.998413)
state dir after step: (0.999514, 0.999514, 0.999514)
state num of stepTrails is: 0
Surface Id 8:
state pos after step: (260.000000, 260.000000, 260.000000)
state dir after step: (0.999514, 0.999514, 0.999514)
state num of stepTrails is: 0
Surface Id 8:
state pos after step: (289.998230, 289.998230, 289.998230)
state dir after step: (0.999405, 0.999405, 0.999405)
state num of stepTrails is: 0
Surface Id 9:
state pos after step: (290.000000, 290.000000, 290.000000)
state dir after step: (0.999405, 0.999405, 0.999405)
state num of stepTrails is: 0
Additional Trial Step
Additional Trial Step
Additional Trial Step
Additional Trial Step
Additional Trial Step
Additional Trial Step
Additional Trial Step
Additional Trial Step
Additional Trial Step
Additional Trial Step
Additional Trial Step
Additional Trial Step
Additional Trial Step
Additional Trial Step
Additional Trial Step
Additional Trial Step
Additional Trial Step
Additional Trial Step
Additional Trial Step
Additional Trial Step
Additional Trial Step
Additional Trial Step
Additional Trial Step
Additional Trial Step
Additional Trial Step
Additional Trial Step
Additional Trial Step
Additional Trial Step
Additional Trial Step
Additional Trial Step
Additional Trial Step
Additional Trial Step
Additional Trial Step
Additional Trial Step
Additional Trial Step
Additional Trial Step
Additional Trial Step
Additional Trial Step
Additional Trial Step
Additional Trial Step
Additional Trial Step
Additional Trial Step
Additional Trial Step
Additional Trial Step
Additional Trial Step
Additional Trial Step
Additional Trial Step
Additional Trial Step
Additional Trial Step
Additional Trial Step
Additional Trial Step
Additional Trial Step
Additional Trial Step
Additional Trial Step
Additional Trial Step
Additional Trial Step
Additional Trial Step
Additional Trial Step
Additional Trial Step
Additional Trial Step
Additional Trial Step
Surface Id 9:
state pos after step: (390.294312, 390.294312, 390.294312)
state dir after step: (0.998910, 0.998910, 0.998910)
state num of stepTrails is: 61
Surface Id 0:
state pos after step: (19.999594, 19.999594, 19.999594)
state dir after step: (0.999939, 0.999939, 0.999939)
state num of stepTrails is: 0
Surface Id 0:
state pos after step: (20.000000, 20.000000, 20.000000)
state dir after step: (0.999939, 0.999939, 0.999939)
state num of stepTrails is: 0
Surface Id 1:
state pos after step: (49.995876, 49.995876, 49.995876)
state dir after step: (0.999618, 0.999618, 0.999618)
state num of stepTrails is: 0
Surface Id 1:
state pos after step: (50.000000, 50.000000, 50.000000)
state dir after step: (0.999618, 0.999618, 0.999618)
state num of stepTrails is: 0
Surface Id 2:
state pos after step: (79.991669, 79.991669, 79.991669)
state dir after step: (0.999009, 0.999009, 0.999009)
state num of stepTrails is: 0
Surface Id 2:
state pos after step: (80.000000, 80.000000, 80.000000)
state dir after step: (0.999009, 0.999009, 0.999009)
state num of stepTrails is: 0
Surface Id 3:
state pos after step: (109.987442, 109.987442, 109.987442)
state dir after step: (0.998115, 0.998115, 0.998115)
state num of stepTrails is: 0
Surface Id 3:
state pos after step: (110.000000, 110.000000, 110.000000)
state dir after step: (0.998114, 0.998114, 0.998114)
state num of stepTrails is: 0
Surface Id 4:
state pos after step: (139.982971, 139.982971, 139.982971)
state dir after step: (0.996883, 0.996883, 0.996883)
state num of stepTrails is: 0
Surface Id 4:
state pos after step: (140.000000, 140.000000, 140.000000)
state dir after step: (0.996883, 0.996883, 0.996883)
state num of stepTrails is: 0
Surface Id 5:
state pos after step: (169.978836, 169.978836, 169.978836)
state dir after step: (0.995483, 0.995483, 0.995483)
state num of stepTrails is: 0
Surface Id 5:
state pos after step: (170.000000, 170.000000, 170.000000)
state dir after step: (0.995482, 0.995482, 0.995482)
state num of stepTrails is: 0
Surface Id 6:
state pos after step: (199.974762, 199.974762, 199.974762)
state dir after step: (0.993851, 0.993851, 0.993851)
state num of stepTrails is: 0
Surface Id 6:
state pos after step: (200.000000, 200.000000, 200.000000)
state dir after step: (0.993850, 0.993850, 0.993850)
state num of stepTrails is: 0
Surface Id 7:
state pos after step: (229.970490, 229.970490, 229.970490)
state dir after step: (0.991877, 0.991877, 0.991877)
state num of stepTrails is: 0
Surface Id 7:
state pos after step: (230.000000, 230.000000, 230.000000)
state dir after step: (0.991875, 0.991875, 0.991875)
state num of stepTrails is: 0
Surface Id 8:
state pos after step: (259.966553, 259.966553, 259.966553)
state dir after step: (0.989843, 0.989843, 0.989843)
state num of stepTrails is: 0
Surface Id 8:
state pos after step: (260.000000, 260.000000, 260.000000)
state dir after step: (0.989840, 0.989840, 0.989840)
state num of stepTrails is: 0
Surface Id 9:
state pos after step: (289.962067, 289.962067, 289.962067)
state dir after step: (0.987283, 0.987283, 0.987283)
state num of stepTrails is: 0
Surface Id 9:
state pos after step: (290.000000, 290.000000, 290.000000)
state dir after step: (0.987280, 0.987280, 0.987280)
state num of stepTrails is: 0
Additional Trial Step
Additional Trial Step
Additional Trial Step
Additional Trial Step
Additional Trial Step
Additional Trial Step
Additional Trial Step
Additional Trial Step
Additional Trial Step
Additional Trial Step
Additional Trial Step
Additional Trial Step
Additional Trial Step
Additional Trial Step
Additional Trial Step
Additional Trial Step
Additional Trial Step
Additional Trial Step
Additional Trial Step
Additional Trial Step
Additional Trial Step
Additional Trial Step
Additional Trial Step
Additional Trial Step
Additional Trial Step
Additional Trial Step
Additional Trial Step
Additional Trial Step
Additional Trial Step
Additional Trial Step
Additional Trial Step
Additional Trial Step
Additional Trial Step
Additional Trial Step
Additional Trial Step
Additional Trial Step
Additional Trial Step
Additional Trial Step
Additional Trial Step
Additional Trial Step
Additional Trial Step
Additional Trial Step
Additional Trial Step
Additional Trial Step
Additional Trial Step
Additional Trial Step
Additional Trial Step
Additional Trial Step
Additional Trial Step
Additional Trial Step
Additional Trial Step
Additional Trial Step
Additional Trial Step
Additional Trial Step
Additional Trial Step
Additional Trial Step
Additional Trial Step
Additional Trial Step
Additional Trial Step
Additional Trial Step
Additional Trial Step
Additional Trial Step
Surface Id 10:
state pos after step: (320.983429, 320.983429, 320.983429)
state dir after step: (0.984486, 0.984486, 0.984486)
state num of stepTrails is: 62
Surface Id 0:
state pos after step: (19.999992, 19.999992, 19.999992)
state dir after step: (0.999999, 0.999999, 0.999999)
state num of stepTrails is: 0
Surface Id 0:
state pos after step: (49.999924, 49.999924, 49.999924)
state dir after step: (0.999993, 0.999993, 0.999993)
state num of stepTrails is: 0
Surface Id 1:
state pos after step: (79.999847, 79.999847, 79.999847)
state dir after step: (0.999982, 0.999982, 0.999982)
state num of stepTrails is: 0
Surface Id 1:
state pos after step: (80.000000, 80.000000, 80.000000)
state dir after step: (0.999982, 0.999982, 0.999982)
state num of stepTrails is: 0
Surface Id 2:
state pos after step: (109.999779, 109.999779, 109.999779)
state dir after step: (0.999967, 0.999967, 0.999967)
state num of stepTrails is: 0
Surface Id 2:
state pos after step: (110.000000, 110.000000, 110.000000)
state dir after step: (0.999967, 0.999967, 0.999967)
state num of stepTrails is: 0
Surface Id 3:
state pos after step: (139.999695, 139.999695, 139.999695)
state dir after step: (0.999945, 0.999945, 0.999945)
state num of stepTrails is: 0
Surface Id 3:
state pos after step: (140.000000, 140.000000, 140.000000)
state dir after step: (0.999945, 0.999945, 0.999945)
state num of stepTrails is: 0
Surface Id 4:
state pos after step: (169.999619, 169.999619, 169.999619)
state dir after step: (0.999918, 0.999918, 0.999918)
state num of stepTrails is: 0
Surface Id 4:
state pos after step: (170.000000, 170.000000, 170.000000)
state dir after step: (0.999918, 0.999918, 0.999918)
state num of stepTrails is: 0
Surface Id 5:
state pos after step: (199.999542, 199.999542, 199.999542)
state dir after step: (0.999887, 0.999887, 0.999887)
state num of stepTrails is: 0
Surface Id 5:
state pos after step: (200.000000, 200.000000, 200.000000)
state dir after step: (0.999887, 0.999887, 0.999887)
state num of stepTrails is: 0
Surface Id 6:
state pos after step: (229.999481, 229.999481, 229.999481)
state dir after step: (0.999852, 0.999852, 0.999852)
state num of stepTrails is: 0
Surface Id 6:
state pos after step: (230.000000, 230.000000, 230.000000)
state dir after step: (0.999852, 0.999852, 0.999852)
state num of stepTrails is: 0
Surface Id 7:
state pos after step: (259.999390, 259.999390, 259.999390)
state dir after step: (0.999809, 0.999809, 0.999809)
state num of stepTrails is: 0
Surface Id 7:
state pos after step: (260.000000, 260.000000, 260.000000)
state dir after step: (0.999809, 0.999809, 0.999809)
state num of stepTrails is: 0
Surface Id 8:
state pos after step: (289.999329, 289.999329, 289.999329)
state dir after step: (0.999765, 0.999765, 0.999765)
state num of stepTrails is: 0
Surface Id 8:
state pos after step: (290.000000, 290.000000, 290.000000)
state dir after step: (0.999765, 0.999765, 0.999765)
state num of stepTrails is: 0
Additional Trial Step
Additional Trial Step
Additional Trial Step
Additional Trial Step
Additional Trial Step
Additional Trial Step
Additional Trial Step
Additional Trial Step
Additional Trial Step
Additional Trial Step
Additional Trial Step
Additional Trial Step
Additional Trial Step
Additional Trial Step
Additional Trial Step
Additional Trial Step
Additional Trial Step
Additional Trial Step
Additional Trial Step
Additional Trial Step
Additional Trial Step
Additional Trial Step
Additional Trial Step
Additional Trial Step
Additional Trial Step
Additional Trial Step
Additional Trial Step
Additional Trial Step
Additional Trial Step
Additional Trial Step
Additional Trial Step
Additional Trial Step
Additional Trial Step
Additional Trial Step
Additional Trial Step
Additional Trial Step
Additional Trial Step
Additional Trial Step
Additional Trial Step
Additional Trial Step
Additional Trial Step
Additional Trial Step
Additional Trial Step
Additional Trial Step
Additional Trial Step
Additional Trial Step
Additional Trial Step
Additional Trial Step
Additional Trial Step
Additional Trial Step
Additional Trial Step
Additional Trial Step
Additional Trial Step
Additional Trial Step
Additional Trial Step
Additional Trial Step
Additional Trial Step
Additional Trial Step
Additional Trial Step
Additional Trial Step
Additional Trial Step
Surface Id 9:
state pos after step: (437.098267, 437.098267, 437.098267)
state dir after step: (0.999470, 0.999470, 0.999470)
state num of stepTrails is: 61
Surface Id 0:
state pos after step: (19.999697, 19.999697, 19.999697)
state dir after step: (0.999955, 0.999955, 0.999955)
state num of stepTrails is: 0
Surface Id 0:
state pos after step: (20.000000, 20.000000, 20.000000)
state dir after step: (0.999955, 0.999955, 0.999955)
state num of stepTrails is: 0
Surface Id 1:
state pos after step: (49.996861, 49.996861, 49.996861)
state dir after step: (0.999708, 0.999708, 0.999708)
state num of stepTrails is: 0
Surface Id 1:
state pos after step: (50.000000, 50.000000, 50.000000)
state dir after step: (0.999708, 0.999708, 0.999708)
state num of stepTrails is: 0
Surface Id 2:
state pos after step: (79.993904, 79.993904, 79.993904)
state dir after step: (0.999279, 0.999279, 0.999279)
state num of stepTrails is: 0
Surface Id 2:
state pos after step: (80.000000, 80.000000, 80.000000)
state dir after step: (0.999279, 0.999279, 0.999279)
state num of stepTrails is: 0
Surface Id 3:
state pos after step: (109.990509, 109.990509, 109.990509)
state dir after step: (0.998555, 0.998555, 0.998555)
state num of stepTrails is: 0
Surface Id 3:
state pos after step: (110.000000, 110.000000, 110.000000)
state dir after step: (0.998554, 0.998554, 0.998554)
state num of stepTrails is: 0
Surface Id 4:
state pos after step: (139.987473, 139.987473, 139.987473)
state dir after step: (0.997700, 0.997700, 0.997700)
state num of stepTrails is: 0
Surface Id 4:
state pos after step: (140.000000, 140.000000, 140.000000)
state dir after step: (0.997699, 0.997699, 0.997699)
state num of stepTrails is: 0
Surface Id 5:
state pos after step: (169.984344, 169.984344, 169.984344)
state dir after step: (0.996613, 0.996613, 0.996613)
state num of stepTrails is: 0
Surface Id 5:
state pos after step: (170.000000, 170.000000, 170.000000)
state dir after step: (0.996613, 0.996613, 0.996613)
state num of stepTrails is: 0
Surface Id 6:
state pos after step: (199.981232, 199.981232, 199.981232)
state dir after step: (0.995337, 0.995337, 0.995337)
state num of stepTrails is: 0
Surface Id 6:
state pos after step: (200.000000, 200.000000, 200.000000)
state dir after step: (0.995336, 0.995336, 0.995336)
state num of stepTrails is: 0
Surface Id 7:
state pos after step: (229.978027, 229.978027, 229.978027)
state dir after step: (0.993813, 0.993813, 0.993813)
state num of stepTrails is: 0
Surface Id 7:
state pos after step: (230.000000, 230.000000, 230.000000)
state dir after step: (0.993812, 0.993812, 0.993812)
state num of stepTrails is: 0
Surface Id 8:
state pos after step: (259.974823, 259.974823, 259.974823)
state dir after step: (0.992097, 0.992097, 0.992097)
state num of stepTrails is: 0
Surface Id 8:
state pos after step: (260.000000, 260.000000, 260.000000)
state dir after step: (0.992095, 0.992095, 0.992095)
state num of stepTrails is: 0
Surface Id 9:
state pos after step: (289.971863, 289.971863, 289.971863)
state dir after step: (0.990339, 0.990339, 0.990339)
state num of stepTrails is: 0
Surface Id 9:
state pos after step: (290.000000, 290.000000, 290.000000)
state dir after step: (0.990337, 0.990337, 0.990337)
state num of stepTrails is: 0
Additional Trial Step
Additional Trial Step
Additional Trial Step
Additional Trial Step
Additional Trial Step
Additional Trial Step
Additional Trial Step
Additional Trial Step
Additional Trial Step
Additional Trial Step
Additional Trial Step
Additional Trial Step
Additional Trial Step
Additional Trial Step
Additional Trial Step
Additional Trial Step
Additional Trial Step
Additional Trial Step
Additional Trial Step
Additional Trial Step
Additional Trial Step
Additional Trial Step
Additional Trial Step
Additional Trial Step
Additional Trial Step
Additional Trial Step
Additional Trial Step
Additional Trial Step
Additional Trial Step
Additional Trial Step
Additional Trial Step
Additional Trial Step
Additional Trial Step
Additional Trial Step
Additional Trial Step
Additional Trial Step
Additional Trial Step
Additional Trial Step
Additional Trial Step
Additional Trial Step
Additional Trial Step
Additional Trial Step
Additional Trial Step
Additional Trial Step
Additional Trial Step
Additional Trial Step
Additional Trial Step
Additional Trial Step
Additional Trial Step
Additional Trial Step
Additional Trial Step
Additional Trial Step
Additional Trial Step
Additional Trial Step
Additional Trial Step
Additional Trial Step
Additional Trial Step
Additional Trial Step
Additional Trial Step
Additional Trial Step
Additional Trial Step
Additional Trial Step
Surface Id 10:
state pos after step: (325.159576, 325.159576, 325.159576)
state dir after step: (0.987845, 0.987845, 0.987845)
state num of stepTrails is: 62
Surface Id 0:
state pos after step: (19.999958, 19.999958, 19.999958)
state dir after step: (0.999994, 0.999994, 0.999994)
state num of stepTrails is: 0
Surface Id 0:
state pos after step: (49.999573, 49.999573, 49.999573)
state dir after step: (0.999961, 0.999961, 0.999961)
state num of stepTrails is: 0
Surface Id 1:
state pos after step: (50.000000, 50.000000, 50.000000)
state dir after step: (0.999961, 0.999961, 0.999961)
state num of stepTrails is: 0
Surface Id 1:
state pos after step: (79.999146, 79.999146, 79.999146)
state dir after step: (0.999897, 0.999897, 0.999897)
state num of stepTrails is: 0
Surface Id 2:
state pos after step: (80.000000, 80.000000, 80.000000)
state dir after step: (0.999897, 0.999897, 0.999897)
state num of stepTrails is: 0
Surface Id 2:
state pos after step: (109.998726, 109.998726, 109.998726)
state dir after step: (0.999808, 0.999808, 0.999808)
state num of stepTrails is: 0
Surface Id 3:
state pos after step: (110.000000, 110.000000, 110.000000)
state dir after step: (0.999808, 0.999808, 0.999808)
state num of stepTrails is: 0
Surface Id 3:
state pos after step: (139.998306, 139.998306, 139.998306)
state dir after step: (0.999691, 0.999691, 0.999691)
state num of stepTrails is: 0
Surface Id 4:
state pos after step: (140.000000, 140.000000, 140.000000)
state dir after step: (0.999691, 0.999691, 0.999691)
state num of stepTrails is: 0
Surface Id 4:
state pos after step: (169.997879, 169.997879, 169.997879)
state dir after step: (0.999541, 0.999541, 0.999541)
state num of stepTrails is: 0
Surface Id 5:
state pos after step: (170.000000, 170.000000, 170.000000)
state dir after step: (0.999541, 0.999541, 0.999541)
state num of stepTrails is: 0
Surface Id 5:
state pos after step: (199.997482, 199.997482, 199.997482)
state dir after step: (0.999377, 0.999377, 0.999377)
state num of stepTrails is: 0
Surface Id 6:
state pos after step: (200.000000, 200.000000, 200.000000)
state dir after step: (0.999377, 0.999377, 0.999377)
state num of stepTrails is: 0
Surface Id 6:
state pos after step: (229.997025, 229.997025, 229.997025)
state dir after step: (0.999162, 0.999162, 0.999162)
state num of stepTrails is: 0
Surface Id 7:
state pos after step: (230.000000, 230.000000, 230.000000)
state dir after step: (0.999162, 0.999162, 0.999162)
state num of stepTrails is: 0
Surface Id 7:
state pos after step: (259.996613, 259.996613, 259.996613)
state dir after step: (0.998932, 0.998932, 0.998932)
state num of stepTrails is: 0
Surface Id 8:
state pos after step: (260.000000, 260.000000, 260.000000)
state dir after step: (0.998932, 0.998932, 0.998932)
state num of stepTrails is: 0
Surface Id 8:
state pos after step: (289.996185, 289.996185, 289.996185)
state dir after step: (0.998675, 0.998675, 0.998675)
state num of stepTrails is: 0
Surface Id 9:
state pos after step: (290.000000, 290.000000, 290.000000)
state dir after step: (0.998675, 0.998675, 0.998675)
state num of stepTrails is: 0
Additional Trial Step
Additional Trial Step
Additional Trial Step
Additional Trial Step
Additional Trial Step
Additional Trial Step
Additional Trial Step
Additional Trial Step
Additional Trial Step
Additional Trial Step
Additional Trial Step
Additional Trial Step
Additional Trial Step
Additional Trial Step
Additional Trial Step
Additional Trial Step
Additional Trial Step
Additional Trial Step
Additional Trial Step
Additional Trial Step
Additional Trial Step
Additional Trial Step
Additional Trial Step
Additional Trial Step
Additional Trial Step
Additional Trial Step
Additional Trial Step
Additional Trial Step
Additional Trial Step
Additional Trial Step
Additional Trial Step
Additional Trial Step
Additional Trial Step
Additional Trial Step
Additional Trial Step
Additional Trial Step
Additional Trial Step
Additional Trial Step
Additional Trial Step
Additional Trial Step
Additional Trial Step
Additional Trial Step
Additional Trial Step
Additional Trial Step
Additional Trial Step
Additional Trial Step
Additional Trial Step
Additional Trial Step
Additional Trial Step
Additional Trial Step
Additional Trial Step
Additional Trial Step
Additional Trial Step
Additional Trial Step
Additional Trial Step
Additional Trial Step
Additional Trial Step
Additional Trial Step
Additional Trial Step
Additional Trial Step
Additional Trial Step
Surface Id 9:
state pos after step: (365.860779, 365.860779, 365.860779)
state dir after step: (0.997890, 0.997890, 0.997890)
state num of stepTrails is: 61
Surface Id 0:
state pos after step: (19.999941, 19.999941, 19.999941)
state dir after step: (0.999991, 0.999991, 0.999991)
state num of stepTrails is: 0
Surface Id 0:
state pos after step: (49.999336, 49.999336, 49.999336)
state dir after step: (0.999937, 0.999937, 0.999937)
state num of stepTrails is: 0
Surface Id 1:
state pos after step: (50.000000, 50.000000, 50.000000)
state dir after step: (0.999937, 0.999937, 0.999937)
state num of stepTrails is: 0
Surface Id 1:
state pos after step: (79.998726, 79.998726, 79.998726)
state dir after step: (0.999844, 0.999844, 0.999844)
state num of stepTrails is: 0
Surface Id 2:
state pos after step: (80.000000, 80.000000, 80.000000)
state dir after step: (0.999844, 0.999844, 0.999844)
state num of stepTrails is: 0
Surface Id 2:
state pos after step: (109.998138, 109.998138, 109.998138)
state dir after step: (0.999714, 0.999714, 0.999714)
state num of stepTrails is: 0
Surface Id 3:
state pos after step: (110.000000, 110.000000, 110.000000)
state dir after step: (0.999714, 0.999714, 0.999714)
state num of stepTrails is: 0
Surface Id 3:
state pos after step: (139.997543, 139.997543, 139.997543)
state dir after step: (0.999547, 0.999547, 0.999547)
state num of stepTrails is: 0
Surface Id 4:
state pos after step: (140.000000, 140.000000, 140.000000)
state dir after step: (0.999547, 0.999547, 0.999547)
state num of stepTrails is: 0
Surface Id 4:
state pos after step: (169.996872, 169.996872, 169.996872)
state dir after step: (0.999335, 0.999335, 0.999335)
state num of stepTrails is: 0
Surface Id 5:
state pos after step: (170.000000, 170.000000, 170.000000)
state dir after step: (0.999335, 0.999335, 0.999335)
state num of stepTrails is: 0
Surface Id 5:
state pos after step: (199.996231, 199.996231, 199.996231)
state dir after step: (0.999075, 0.999075, 0.999075)
state num of stepTrails is: 0
Surface Id 6:
state pos after step: (200.000000, 200.000000, 200.000000)
state dir after step: (0.999075, 0.999075, 0.999075)
state num of stepTrails is: 0
Surface Id 6:
state pos after step: (229.995590, 229.995590, 229.995590)
state dir after step: (0.998774, 0.998774, 0.998774)
state num of stepTrails is: 0
Surface Id 7:
state pos after step: (230.000000, 230.000000, 230.000000)
state dir after step: (0.998774, 0.998774, 0.998774)
state num of stepTrails is: 0
Surface Id 7:
state pos after step: (259.994904, 259.994904, 259.994904)
state dir after step: (0.998409, 0.998409, 0.998409)
state num of stepTrails is: 0
Surface Id 8:
state pos after step: (260.000000, 260.000000, 260.000000)
state dir after step: (0.998409, 0.998409, 0.998409)
state num of stepTrails is: 0
Surface Id 8:
state pos after step: (289.994263, 289.994263, 289.994263)
state dir after step: (0.998020, 0.998020, 0.998020)
state num of stepTrails is: 0
Surface Id 9:
state pos after step: (290.000000, 290.000000, 290.000000)
state dir after step: (0.998020, 0.998020, 0.998020)
state num of stepTrails is: 0
Additional Trial Step
Additional Trial Step
Additional Trial Step
Additional Trial Step
Additional Trial Step
Additional Trial Step
Additional Trial Step
Additional Trial Step
Additional Trial Step
Additional Trial Step
Additional Trial Step
Additional Trial Step
Additional Trial Step
Additional Trial Step
Additional Trial Step
Additional Trial Step
Additional Trial Step
Additional Trial Step
Additional Trial Step
Additional Trial Step
Additional Trial Step
Additional Trial Step
Additional Trial Step
Additional Trial Step
Additional Trial Step
Additional Trial Step
Additional Trial Step
Additional Trial Step
Additional Trial Step
Additional Trial Step
Additional Trial Step
Additional Trial Step
Additional Trial Step
Additional Trial Step
Additional Trial Step
Additional Trial Step
Additional Trial Step
Additional Trial Step
Additional Trial Step
Additional Trial Step
Additional Trial Step
Additional Trial Step
Additional Trial Step
Additional Trial Step
Additional Trial Step
Additional Trial Step
Additional Trial Step
Additional Trial Step
Additional Trial Step
Additional Trial Step
Additional Trial Step
Additional Trial Step
Additional Trial Step
Additional Trial Step
Additional Trial Step
Additional Trial Step
Additional Trial Step
Additional Trial Step
Additional Trial Step
Additional Trial Step
Additional Trial Step
Surface Id 9:
state pos after step: (354.704224, 354.704224, 354.704224)
state dir after step: (0.997035, 0.997035, 0.997035)
state num of stepTrails is: 61
Surface Id 0:
state pos after step: (19.999969, 19.999969, 19.999969)
state dir after step: (0.999996, 0.999996, 0.999996)
state num of stepTrails is: 0
Surface Id 0:
state pos after step: (49.999710, 49.999710, 49.999710)
state dir after step: (0.999973, 0.999973, 0.999973)
state num of stepTrails is: 0
Surface Id 1:
state pos after step: (50.000000, 50.000000, 50.000000)
state dir after step: (0.999973, 0.999973, 0.999973)
state num of stepTrails is: 0
Surface Id 1:
state pos after step: (79.999405, 79.999405, 79.999405)
state dir after step: (0.999930, 0.999930, 0.999930)
state num of stepTrails is: 0
Surface Id 2:
state pos after step: (80.000000, 80.000000, 80.000000)
state dir after step: (0.999930, 0.999930, 0.999930)
state num of stepTrails is: 0
Surface Id 2:
state pos after step: (109.999138, 109.999138, 109.999138)
state dir after step: (0.999875, 0.999875, 0.999875)
state num of stepTrails is: 0
Surface Id 3:
state pos after step: (110.000000, 110.000000, 110.000000)
state dir after step: (0.999875, 0.999875, 0.999875)
state num of stepTrails is: 0
Surface Id 3:
state pos after step: (139.998840, 139.998840, 139.998840)
state dir after step: (0.999794, 0.999794, 0.999794)
state num of stepTrails is: 0
Surface Id 4:
state pos after step: (140.000000, 140.000000, 140.000000)
state dir after step: (0.999794, 0.999794, 0.999794)
state num of stepTrails is: 0
Surface Id 4:
state pos after step: (169.998505, 169.998505, 169.998505)
state dir after step: (0.999684, 0.999684, 0.999684)
state num of stepTrails is: 0
Surface Id 5:
state pos after step: (170.000000, 170.000000, 170.000000)
state dir after step: (0.999684, 0.999684, 0.999684)
state num of stepTrails is: 0
Surface Id 5:
state pos after step: (199.998184, 199.998184, 199.998184)
state dir after step: (0.999550, 0.999550, 0.999550)
state num of stepTrails is: 0
Surface Id 6:
state pos after step: (200.000000, 200.000000, 200.000000)
state dir after step: (0.999550, 0.999550, 0.999550)
state num of stepTrails is: 0
Surface Id 6:
state pos after step: (229.997879, 229.997879, 229.997879)
state dir after step: (0.999405, 0.999405, 0.999405)
state num of stepTrails is: 0
Surface Id 7:
state pos after step: (230.000000, 230.000000, 230.000000)
state dir after step: (0.999405, 0.999405, 0.999405)
state num of stepTrails is: 0
Surface Id 7:
state pos after step: (259.997589, 259.997589, 259.997589)
state dir after step: (0.999244, 0.999244, 0.999244)
state num of stepTrails is: 0
Surface Id 8:
state pos after step: (260.000000, 260.000000, 260.000000)
state dir after step: (0.999244, 0.999244, 0.999244)
state num of stepTrails is: 0
Surface Id 8:
state pos after step: (289.997284, 289.997284, 289.997284)
state dir after step: (0.999056, 0.999056, 0.999056)
state num of stepTrails is: 0
Surface Id 9:
state pos after step: (290.000000, 290.000000, 290.000000)
state dir after step: (0.999056, 0.999056, 0.999056)
state num of stepTrails is: 0
Additional Trial Step
Additional Trial Step
Additional Trial Step
Additional Trial Step
Additional Trial Step
Additional Trial Step
Additional Trial Step
Additional Trial Step
Additional Trial Step
Additional Trial Step
Additional Trial Step
Additional Trial Step
Additional Trial Step
Additional Trial Step
Additional Trial Step
Additional Trial Step
Additional Trial Step
Additional Trial Step
Additional Trial Step
Additional Trial Step
Additional Trial Step
Additional Trial Step
Additional Trial Step
Additional Trial Step
Additional Trial Step
Additional Trial Step
Additional Trial Step
Additional Trial Step
Additional Trial Step
Additional Trial Step
Additional Trial Step
Additional Trial Step
Additional Trial Step
Additional Trial Step
Additional Trial Step
Additional Trial Step
Additional Trial Step
Additional Trial Step
Additional Trial Step
Additional Trial Step
Additional Trial Step
Additional Trial Step
Additional Trial Step
Additional Trial Step
Additional Trial Step
Additional Trial Step
Additional Trial Step
Additional Trial Step
Additional Trial Step
Additional Trial Step
Additional Trial Step
Additional Trial Step
Additional Trial Step
Additional Trial Step
Additional Trial Step
Additional Trial Step
Additional Trial Step
Additional Trial Step
Additional Trial Step
Additional Trial Step
Additional Trial Step
Surface Id 9:
state pos after step: (365.155457, 365.155457, 365.155457)
state dir after step: (0.998384, 0.998384, 0.998384)
state num of stepTrails is: 61
Surface Id 0:
state pos after step: (19.999989, 19.999989, 19.999989)
state dir after step: (0.999998, 0.999998, 0.999998)
state num of stepTrails is: 0
Surface Id 0:
state pos after step: (49.999889, 49.999889, 49.999889)
state dir after step: (0.999990, 0.999990, 0.999990)
state num of stepTrails is: 0
Surface Id 1:
state pos after step: (50.000000, 50.000000, 50.000000)
state dir after step: (0.999990, 0.999990, 0.999990)
state num of stepTrails is: 0
Surface Id 1:
state pos after step: (79.999779, 79.999779, 79.999779)
state dir after step: (0.999974, 0.999974, 0.999974)
state num of stepTrails is: 0
Surface Id 2:
state pos after step: (80.000000, 80.000000, 80.000000)
state dir after step: (0.999974, 0.999974, 0.999974)
state num of stepTrails is: 0
Surface Id 2:
state pos after step: (109.999664, 109.999664, 109.999664)
state dir after step: (0.999951, 0.999951, 0.999951)
state num of stepTrails is: 0
Surface Id 3:
state pos after step: (110.000000, 110.000000, 110.000000)
state dir after step: (0.999951, 0.999951, 0.999951)
state num of stepTrails is: 0
Surface Id 3:
state pos after step: (139.999573, 139.999573, 139.999573)
state dir after step: (0.999925, 0.999925, 0.999925)
state num of stepTrails is: 0
Surface Id 4:
state pos after step: (140.000000, 140.000000, 140.000000)
state dir after step: (0.999925, 0.999925, 0.999925)
state num of stepTrails is: 0
Surface Id 4:
state pos after step: (169.999466, 169.999466, 169.999466)
state dir after step: (0.999890, 0.999890, 0.999890)
state num of stepTrails is: 0
Surface Id 5:
state pos after step: (170.000000, 170.000000, 170.000000)
state dir after step: (0.999890, 0.999890, 0.999890)
state num of stepTrails is: 0
Surface Id 5:
state pos after step: (199.999344, 199.999344, 199.999344)
state dir after step: (0.999844, 0.999844, 0.999844)
state num of stepTrails is: 0
Surface Id 6:
state pos after step: (200.000000, 200.000000, 200.000000)
state dir after step: (0.999844, 0.999844, 0.999844)
state num of stepTrails is: 0
Surface Id 6:
state pos after step: (229.999222, 229.999222, 229.999222)
state dir after step: (0.999789, 0.999789, 0.999789)
state num of stepTrails is: 0
Surface Id 7:
state pos after step: (230.000000, 230.000000, 230.000000)
state dir after step: (0.999789, 0.999789, 0.999789)
state num of stepTrails is: 0
Surface Id 7:
state pos after step: (259.999115, 259.999115, 259.999115)
state dir after step: (0.999726, 0.999726, 0.999726)
state num of stepTrails is: 0
Surface Id 8:
state pos after step: (260.000000, 260.000000, 260.000000)
state dir after step: (0.999726, 0.999726, 0.999726)
state num of stepTrails is: 0
Surface Id 8:
state pos after step: (289.998993, 289.998993, 289.998993)
state dir after step: (0.999660, 0.999660, 0.999660)
state num of stepTrails is: 0
Surface Id 9:
state pos after step: (290.000000, 290.000000, 290.000000)
state dir after step: (0.999660, 0.999660, 0.999660)
state num of stepTrails is: 0
Additional Trial Step
Additional Trial Step
Additional Trial Step
Additional Trial Step
Additional Trial Step
Additional Trial Step
Additional Trial Step
Additional Trial Step
Additional Trial Step
Additional Trial Step
Additional Trial Step
Additional Trial Step
Additional Trial Step
Additional Trial Step
Additional Trial Step
Additional Trial Step
Additional Trial Step
Additional Trial Step
Additional Trial Step
Additional Trial Step
Additional Trial Step
Additional Trial Step
Additional Trial Step
Additional Trial Step
Additional Trial Step
Additional Trial Step
Additional Trial Step
Additional Trial Step
Additional Trial Step
Additional Trial Step
Additional Trial Step
Additional Trial Step
Additional Trial Step
Additional Trial Step
Additional Trial Step
Additional Trial Step
Additional Trial Step
Additional Trial Step
Additional Trial Step
Additional Trial Step
Additional Trial Step
Additional Trial Step
Additional Trial Step
Additional Trial Step
Additional Trial Step
Additional Trial Step
Additional Trial Step
Additional Trial Step
Additional Trial Step
Additional Trial Step
Additional Trial Step
Additional Trial Step
Additional Trial Step
Additional Trial Step
Additional Trial Step
Additional Trial Step
Additional Trial Step
Additional Trial Step
Additional Trial Step
Additional Trial Step
Additional Trial Step
Surface Id 9:
state pos after step: (415.234009, 415.234009, 415.234009)
state dir after step: (0.999296, 0.999296, 0.999296)
state num of stepTrails is: 61
Surface Id 0:
state pos after step: (19.999979, 19.999979, 19.999979)
state dir after step: (0.999997, 0.999997, 0.999997)
state num of stepTrails is: 0
Surface Id 0:
state pos after step: (49.999771, 49.999771, 49.999771)
state dir after step: (0.999979, 0.999979, 0.999979)
state num of stepTrails is: 0
Surface Id 1:
state pos after step: (50.000000, 50.000000, 50.000000)
state dir after step: (0.999979, 0.999979, 0.999979)
state num of stepTrails is: 0
Surface Id 1:
state pos after step: (79.999527, 79.999527, 79.999527)
state dir after step: (0.999945, 0.999945, 0.999945)
state num of stepTrails is: 0
Surface Id 2:
state pos after step: (80.000000, 80.000000, 80.000000)
state dir after step: (0.999945, 0.999945, 0.999945)
state num of stepTrails is: 0
Surface Id 2:
state pos after step: (109.999252, 109.999252, 109.999252)
state dir after step: (0.999892, 0.999892, 0.999892)
state num of stepTrails is: 0
Surface Id 3:
state pos after step: (110.000000, 110.000000, 110.000000)
state dir after step: (0.999892, 0.999892, 0.999892)
state num of stepTrails is: 0
Surface Id 3:
state pos after step: (139.998993, 139.998993, 139.998993)
state dir after step: (0.999822, 0.999822, 0.999822)
state num of stepTrails is: 0
Surface Id 4:
state pos after step: (140.000000, 140.000000, 140.000000)
state dir after step: (0.999822, 0.999822, 0.999822)
state num of stepTrails is: 0
Surface Id 4:
state pos after step: (169.998734, 169.998734, 169.998734)
state dir after step: (0.999736, 0.999736, 0.999736)
state num of stepTrails is: 0
Surface Id 5:
state pos after step: (170.000000, 170.000000, 170.000000)
state dir after step: (0.999736, 0.999736, 0.999736)
state num of stepTrails is: 0
Surface Id 5:
state pos after step: (199.998459, 199.998459, 199.998459)
state dir after step: (0.999630, 0.999630, 0.999630)
state num of stepTrails is: 0
Surface Id 6:
state pos after step: (200.000000, 200.000000, 200.000000)
state dir after step: (0.999630, 0.999630, 0.999630)
state num of stepTrails is: 0
Surface Id 6:
state pos after step: (229.998199, 229.998199, 229.998199)
state dir after step: (0.999510, 0.999510, 0.999510)
state num of stepTrails is: 0
Surface Id 7:
state pos after step: (230.000000, 230.000000, 230.000000)
state dir after step: (0.999510, 0.999510, 0.999510)
state num of stepTrails is: 0
Surface Id 7:
state pos after step: (259.997925, 259.997925, 259.997925)
state dir after step: (0.999365, 0.999365, 0.999365)
state num of stepTrails is: 0
Surface Id 8:
state pos after step: (260.000000, 260.000000, 260.000000)
state dir after step: (0.999365, 0.999365, 0.999365)
state num of stepTrails is: 0
Surface Id 8:
state pos after step: (289.997681, 289.997681, 289.997681)
state dir after step: (0.999207, 0.999207, 0.999207)
state num of stepTrails is: 0
Surface Id 9:
state pos after step: (290.000000, 290.000000, 290.000000)
state dir after step: (0.999207, 0.999207, 0.999207)
state num of stepTrails is: 0
Additional Trial Step
Additional Trial Step
Additional Trial Step
Additional Trial Step
Additional Trial Step
Additional Trial Step
Additional Trial Step
Additional Trial Step
Additional Trial Step
Additional Trial Step
Additional Trial Step
Additional Trial Step
Additional Trial Step
Additional Trial Step
Additional Trial Step
Additional Trial Step
Additional Trial Step
Additional Trial Step
Additional Trial Step
Additional Trial Step
Additional Trial Step
Additional Trial Step
Additional Trial Step
Additional Trial Step
Additional Trial Step
Additional Trial Step
Additional Trial Step
Additional Trial Step
Additional Trial Step
Additional Trial Step
Additional Trial Step
Additional Trial Step
Additional Trial Step
Additional Trial Step
Additional Trial Step
Additional Trial Step
Additional Trial Step
Additional Trial Step
Additional Trial Step
Additional Trial Step
Additional Trial Step
Additional Trial Step
Additional Trial Step
Additional Trial Step
Additional Trial Step
Additional Trial Step
Additional Trial Step
Additional Trial Step
Additional Trial Step
Additional Trial Step
Additional Trial Step
Additional Trial Step
Additional Trial Step
Additional Trial Step
Additional Trial Step
Additional Trial Step
Additional Trial Step
Additional Trial Step
Additional Trial Step
Additional Trial Step
Additional Trial Step
Surface Id 9:
state pos after step: (380.842896, 380.842896, 380.842896)
state dir after step: (0.998626, 0.998626, 0.998626)
state num of stepTrails is: 61
Surface Id 0:
state pos after step: (19.999994, 19.999994, 19.999994)
state dir after step: (0.999999, 0.999999, 0.999999)
state num of stepTrails is: 0
Surface Id 0:
state pos after step: (49.999950, 49.999950, 49.999950)
state dir after step: (0.999996, 0.999996, 0.999996)
state num of stepTrails is: 0
Surface Id 1:
state pos after step: (79.999901, 79.999901, 79.999901)
state dir after step: (0.999988, 0.999988, 0.999988)
state num of stepTrails is: 0
Surface Id 1:
state pos after step: (109.999847, 109.999847, 109.999847)
state dir after step: (0.999978, 0.999978, 0.999978)
state num of stepTrails is: 0
Surface Id 2:
state pos after step: (110.000000, 110.000000, 110.000000)
state dir after step: (0.999978, 0.999978, 0.999978)
state num of stepTrails is: 0
Surface Id 2:
state pos after step: (139.999802, 139.999802, 139.999802)
state dir after step: (0.999964, 0.999964, 0.999964)
state num of stepTrails is: 0
Surface Id 3:
state pos after step: (140.000000, 140.000000, 140.000000)
state dir after step: (0.999964, 0.999964, 0.999964)
state num of stepTrails is: 0
Surface Id 3:
state pos after step: (169.999756, 169.999756, 169.999756)
state dir after step: (0.999947, 0.999947, 0.999947)
state num of stepTrails is: 0
Surface Id 4:
state pos after step: (170.000000, 170.000000, 170.000000)
state dir after step: (0.999947, 0.999947, 0.999947)
state num of stepTrails is: 0
Surface Id 4:
state pos after step: (199.999695, 199.999695, 199.999695)
state dir after step: (0.999927, 0.999927, 0.999927)
state num of stepTrails is: 0
Surface Id 5:
state pos after step: (200.000000, 200.000000, 200.000000)
state dir after step: (0.999927, 0.999927, 0.999927)
state num of stepTrails is: 0
Surface Id 5:
state pos after step: (229.999649, 229.999649, 229.999649)
state dir after step: (0.999904, 0.999904, 0.999904)
state num of stepTrails is: 0
Surface Id 6:
state pos after step: (230.000000, 230.000000, 230.000000)
state dir after step: (0.999904, 0.999904, 0.999904)
state num of stepTrails is: 0
Surface Id 6:
state pos after step: (259.999603, 259.999603, 259.999603)
state dir after step: (0.999876, 0.999876, 0.999876)
state num of stepTrails is: 0
Surface Id 7:
state pos after step: (260.000000, 260.000000, 260.000000)
state dir after step: (0.999876, 0.999876, 0.999876)
state num of stepTrails is: 0
Surface Id 7:
state pos after step: (289.999542, 289.999542, 289.999542)
state dir after step: (0.999847, 0.999847, 0.999847)
state num of stepTrails is: 0
Surface Id 8:
state pos after step: (290.000000, 290.000000, 290.000000)
state dir after step: (0.999847, 0.999847, 0.999847)
state num of stepTrails is: 0
Additional Trial Step
Additional Trial Step
Additional Trial Step
Additional Trial Step
Additional Trial Step
Additional Trial Step
Additional Trial Step
Additional Trial Step
Additional Trial Step
Additional Trial Step
Additional Trial Step
Additional Trial Step
Additional Trial Step
Additional Trial Step
Additional Trial Step
Additional Trial Step
Additional Trial Step
Additional Trial Step
Additional Trial Step
Additional Trial Step
Additional Trial Step
Additional Trial Step
Additional Trial Step
Additional Trial Step
Additional Trial Step
Additional Trial Step
Additional Trial Step
Additional Trial Step
Additional Trial Step
Additional Trial Step
Additional Trial Step
Additional Trial Step
Additional Trial Step
Additional Trial Step
Additional Trial Step
Additional Trial Step
Additional Trial Step
Additional Trial Step
Additional Trial Step
Additional Trial Step
Additional Trial Step
Additional Trial Step
Additional Trial Step
Additional Trial Step
Additional Trial Step
Additional Trial Step
Additional Trial Step
Additional Trial Step
Additional Trial Step
Additional Trial Step
Additional Trial Step
Additional Trial Step
Additional Trial Step
Additional Trial Step
Additional Trial Step
Additional Trial Step
Additional Trial Step
Additional Trial Step
Additional Trial Step
Additional Trial Step
Additional Trial Step
Surface Id 8:
state pos after step: (459.294312, 459.294312, 459.294312)
state dir after step: (0.999609, 0.999609, 0.999609)
state num of stepTrails is: 61

INFO: Time (ms) to run simulation: 0.900625
Track id: 0
Surface Id 0:
state pos after step: (20.000439, 20.000439, 20.000439)
state dir after step: (0.999829, 0.999829, 0.999829)
state num of stepTrails is: 0
Surface Id 0:
state pos after step: (20.000000, 20.000000, 20.000000)
state dir after step: (0.999829, 0.999829, 0.999829)
state num of stepTrails is: 0
Surface Id 1:
state pos after step: (49.999779, 49.999779, 49.999779)
state dir after step: (0.999959, 0.999959, 0.999959)
state num of stepTrails is: 0
Surface Id 1:
state pos after step: (50.000000, 50.000000, 50.000000)
state dir after step: (0.999959, 0.999959, 0.999959)
state num of stepTrails is: 0
Surface Id 2:
state pos after step: (79.999626, 79.999626, 79.999626)
state dir after step: (0.999958, 0.999958, 0.999958)
state num of stepTrails is: 0
Surface Id 2:
state pos after step: (80.000000, 80.000000, 80.000000)
state dir after step: (0.999958, 0.999958, 0.999958)
state num of stepTrails is: 0
Surface Id 3:
state pos after step: (109.999382, 109.999382, 109.999382)
state dir after step: (0.999907, 0.999907, 0.999907)
state num of stepTrails is: 0
Surface Id 3:
state pos after step: (110.000000, 110.000000, 110.000000)
state dir after step: (0.999907, 0.999907, 0.999907)
state num of stepTrails is: 0
Surface Id 4:
state pos after step: (139.999161, 139.999161, 139.999161)
state dir after step: (0.999844, 0.999844, 0.999844)
state num of stepTrails is: 0
Surface Id 4:
state pos after step: (140.000000, 140.000000, 140.000000)
state dir after step: (0.999844, 0.999844, 0.999844)
state num of stepTrails is: 0
Surface Id 5:
state pos after step: (169.998962, 169.998962, 169.998962)
state dir after step: (0.999776, 0.999776, 0.999776)
state num of stepTrails is: 0
Surface Id 5:
state pos after step: (170.000000, 170.000000, 170.000000)
state dir after step: (0.999776, 0.999776, 0.999776)
state num of stepTrails is: 0
Surface Id 6:
state pos after step: (199.998764, 199.998764, 199.998764)
state dir after step: (0.999691, 0.999691, 0.999691)
state num of stepTrails is: 0
Surface Id 6:
state pos after step: (200.000000, 200.000000, 200.000000)
state dir after step: (0.999691, 0.999691, 0.999691)
state num of stepTrails is: 0
Surface Id 7:
state pos after step: (229.998581, 229.998581, 229.998581)
state dir after step: (0.999604, 0.999604, 0.999604)
state num of stepTrails is: 0
Surface Id 7:
state pos after step: (230.000000, 230.000000, 230.000000)
state dir after step: (0.999604, 0.999604, 0.999604)
state num of stepTrails is: 0
Surface Id 8:
state pos after step: (259.998383, 259.998383, 259.998383)
state dir after step: (0.999498, 0.999498, 0.999498)
state num of stepTrails is: 0
Surface Id 8:
state pos after step: (260.000000, 260.000000, 260.000000)
state dir after step: (0.999498, 0.999498, 0.999498)
state num of stepTrails is: 0
Surface Id 9:
state pos after step: (289.998169, 289.998169, 289.998169)
state dir after step: (0.999376, 0.999376, 0.999376)
state num of stepTrails is: 0
Surface Id 9:
state pos after step: (290.000000, 290.000000, 290.000000)
state dir after step: (0.999376, 0.999376, 0.999376)
state num of stepTrails is: 0
Surface Id 10:
state pos after step: (-0.030783, -0.030783, -0.030783)
state dir after step: (1.000000, 1.000000, 1.000000)
state num of stepTrails is: 0
KF states is: 10


Track id: 1
Surface Id 0:
state pos after step: (20.000288, 20.000288, 20.000288)
state dir after step: (0.999946, 0.999946, 0.999946)
state num of stepTrails is: 0
Surface Id 0:
state pos after step: (20.000000, 20.000000, 20.000000)
state dir after step: (0.999946, 0.999946, 0.999946)
state num of stepTrails is: 0
Surface Id 1:
state pos after step: (49.997711, 49.997711, 49.997711)
state dir after step: (0.999790, 0.999790, 0.999790)
state num of stepTrails is: 0
Surface Id 1:
state pos after step: (50.000000, 50.000000, 50.000000)
state dir after step: (0.999790, 0.999790, 0.999790)
state num of stepTrails is: 0
Surface Id 2:
state pos after step: (79.991570, 79.991570, 79.991570)
state dir after step: (0.998989, 0.998989, 0.998989)
state num of stepTrails is: 0
Surface Id 2:
state pos after step: (80.000000, 80.000000, 80.000000)
state dir after step: (0.998989, 0.998989, 0.998989)
state num of stepTrails is: 0
Surface Id 3:
state pos after step: (109.987396, 109.987396, 109.987396)
state dir after step: (0.998102, 0.998102, 0.998102)
state num of stepTrails is: 0
Surface Id 3:
state pos after step: (110.000000, 110.000000, 110.000000)
state dir after step: (0.998102, 0.998102, 0.998102)
state num of stepTrails is: 0
Surface Id 4:
state pos after step: (139.983368, 139.983368, 139.983368)
state dir after step: (0.996986, 0.996986, 0.996986)
state num of stepTrails is: 0
Surface Id 4:
state pos after step: (140.000000, 140.000000, 140.000000)
state dir after step: (0.996986, 0.996986, 0.996986)
state num of stepTrails is: 0
Surface Id 5:
state pos after step: (169.978912, 169.978912, 169.978912)
state dir after step: (0.995460, 0.995460, 0.995460)
state num of stepTrails is: 0
Surface Id 5:
state pos after step: (170.000000, 170.000000, 170.000000)
state dir after step: (0.995459, 0.995459, 0.995459)
state num of stepTrails is: 0
Surface Id 6:
state pos after step: (199.974731, 199.974731, 199.974731)
state dir after step: (0.993758, 0.993758, 0.993758)
state num of stepTrails is: 0
Surface Id 6:
state pos after step: (200.000000, 200.000000, 200.000000)
state dir after step: (0.993756, 0.993756, 0.993756)
state num of stepTrails is: 0
Surface Id 7:
state pos after step: (229.970581, 229.970581, 229.970581)
state dir after step: (0.991811, 0.991811, 0.991811)
state num of stepTrails is: 0
Surface Id 7:
state pos after step: (230.000000, 230.000000, 230.000000)
state dir after step: (0.991809, 0.991809, 0.991809)
state num of stepTrails is: 0
Surface Id 8:
state pos after step: (259.966400, 259.966400, 259.966400)
state dir after step: (0.989615, 0.989615, 0.989615)
state num of stepTrails is: 0
Surface Id 8:
state pos after step: (260.000000, 260.000000, 260.000000)
state dir after step: (0.989612, 0.989612, 0.989612)
state num of stepTrails is: 0
Surface Id 9:
state pos after step: (289.962036, 289.962036, 289.962036)
state dir after step: (0.987077, 0.987077, 0.987077)
state num of stepTrails is: 0
Surface Id 9:
state pos after step: (290.000000, 290.000000, 290.000000)
state dir after step: (0.987073, 0.987073, 0.987073)
state num of stepTrails is: 0
Surface Id 10:
state pos after step: (0.024563, 0.024563, 0.024563)
state dir after step: (1.000000, 1.000000, 1.000000)
state num of stepTrails is: 0
Surface Id 10:
state pos after step: (0.023969, 0.023969, 0.023969)
state dir after step: (1.000000, 1.000000, 1.000000)
state num of stepTrails is: 0
KF states is: 10


Track id: 2
Surface Id 0:
state pos after step: (20.000202, 20.000202, 20.000202)
state dir after step: (0.999895, 0.999895, 0.999895)
state num of stepTrails is: 0
Surface Id 0:
state pos after step: (20.000000, 20.000000, 20.000000)
state dir after step: (0.999895, 0.999895, 0.999895)
state num of stepTrails is: 0
Surface Id 1:
state pos after step: (49.999943, 49.999943, 49.999943)
state dir after step: (0.999995, 0.999995, 0.999995)
state num of stepTrails is: 0
Surface Id 1:
state pos after step: (79.999832, 79.999832, 79.999832)
state dir after step: (0.999979, 0.999979, 0.999979)
state num of stepTrails is: 0
Surface Id 2:
state pos after step: (80.000000, 80.000000, 80.000000)
state dir after step: (0.999979, 0.999979, 0.999979)
state num of stepTrails is: 0
Surface Id 2:
state pos after step: (109.999763, 109.999763, 109.999763)
state dir after step: (0.999964, 0.999964, 0.999964)
state num of stepTrails is: 0
Surface Id 3:
state pos after step: (110.000000, 110.000000, 110.000000)
state dir after step: (0.999964, 0.999964, 0.999964)
state num of stepTrails is: 0
Surface Id 3:
state pos after step: (139.999710, 139.999710, 139.999710)
state dir after step: (0.999947, 0.999947, 0.999947)
state num of stepTrails is: 0
Surface Id 4:
state pos after step: (140.000000, 140.000000, 140.000000)
state dir after step: (0.999947, 0.999947, 0.999947)
state num of stepTrails is: 0
Surface Id 4:
state pos after step: (169.999619, 169.999619, 169.999619)
state dir after step: (0.999918, 0.999918, 0.999918)
state num of stepTrails is: 0
Surface Id 5:
state pos after step: (170.000000, 170.000000, 170.000000)
state dir after step: (0.999918, 0.999918, 0.999918)
state num of stepTrails is: 0
Surface Id 5:
state pos after step: (199.999542, 199.999542, 199.999542)
state dir after step: (0.999887, 0.999887, 0.999887)
state num of stepTrails is: 0
Surface Id 6:
state pos after step: (200.000000, 200.000000, 200.000000)
state dir after step: (0.999887, 0.999887, 0.999887)
state num of stepTrails is: 0
Surface Id 6:
state pos after step: (229.999466, 229.999466, 229.999466)
state dir after step: (0.999849, 0.999849, 0.999849)
state num of stepTrails is: 0
Surface Id 7:
state pos after step: (230.000000, 230.000000, 230.000000)
state dir after step: (0.999849, 0.999849, 0.999849)
state num of stepTrails is: 0
Surface Id 7:
state pos after step: (259.999390, 259.999390, 259.999390)
state dir after step: (0.999810, 0.999810, 0.999810)
state num of stepTrails is: 0
Surface Id 8:
state pos after step: (260.000000, 260.000000, 260.000000)
state dir after step: (0.999810, 0.999810, 0.999810)
state num of stepTrails is: 0
Surface Id 8:
state pos after step: (289.999329, 289.999329, 289.999329)
state dir after step: (0.999766, 0.999766, 0.999766)
state num of stepTrails is: 0
Surface Id 9:
state pos after step: (290.000000, 290.000000, 290.000000)
state dir after step: (0.999766, 0.999766, 0.999766)
state num of stepTrails is: 0
Surface Id 9:
state pos after step: (-0.017992, -0.017992, -0.017992)
state dir after step: (1.000000, 1.000000, 1.000000)
state num of stepTrails is: 0
KF states is: 10


Track id: 3
Surface Id 0:
state pos after step: (20.000277, 20.000277, 20.000277)
state dir after step: (0.999682, 0.999682, 0.999682)
state num of stepTrails is: 0
Surface Id 0:
state pos after step: (20.000000, 20.000000, 20.000000)
state dir after step: (0.999682, 0.999682, 0.999682)
state num of stepTrails is: 0
Surface Id 1:
state pos after step: (49.997147, 49.997147, 49.997147)
state dir after step: (0.999736, 0.999736, 0.999736)
state num of stepTrails is: 0
Surface Id 1:
state pos after step: (50.000000, 50.000000, 50.000000)
state dir after step: (0.999736, 0.999736, 0.999736)
state num of stepTrails is: 0
Surface Id 2:
state pos after step: (79.993492, 79.993492, 79.993492)
state dir after step: (0.999202, 0.999202, 0.999202)
state num of stepTrails is: 0
Surface Id 2:
state pos after step: (80.000000, 80.000000, 80.000000)
state dir after step: (0.999202, 0.999202, 0.999202)
state num of stepTrails is: 0
Surface Id 3:
state pos after step: (109.990631, 109.990631, 109.990631)
state dir after step: (0.998583, 0.998583, 0.998583)
state num of stepTrails is: 0
Surface Id 3:
state pos after step: (110.000000, 110.000000, 110.000000)
state dir after step: (0.998583, 0.998583, 0.998583)
state num of stepTrails is: 0
Surface Id 4:
state pos after step: (139.987625, 139.987625, 139.987625)
state dir after step: (0.997741, 0.997741, 0.997741)
state num of stepTrails is: 0
Surface Id 4:
state pos after step: (140.000000, 140.000000, 140.000000)
state dir after step: (0.997741, 0.997741, 0.997741)
state num of stepTrails is: 0
Surface Id 5:
state pos after step: (169.984436, 169.984436, 169.984436)
state dir after step: (0.996641, 0.996641, 0.996641)
state num of stepTrails is: 0
Surface Id 5:
state pos after step: (170.000000, 170.000000, 170.000000)
state dir after step: (0.996641, 0.996641, 0.996641)
state num of stepTrails is: 0
Surface Id 6:
state pos after step: (199.981339, 199.981339, 199.981339)
state dir after step: (0.995374, 0.995374, 0.995374)
state num of stepTrails is: 0
Surface Id 6:
state pos after step: (200.000000, 200.000000, 200.000000)
state dir after step: (0.995373, 0.995373, 0.995373)
state num of stepTrails is: 0
Surface Id 7:
state pos after step: (229.978027, 229.978027, 229.978027)
state dir after step: (0.993800, 0.993800, 0.993800)
state num of stepTrails is: 0
Surface Id 7:
state pos after step: (230.000000, 230.000000, 230.000000)
state dir after step: (0.993799, 0.993799, 0.993799)
state num of stepTrails is: 0
Surface Id 8:
state pos after step: (259.974792, 259.974792, 259.974792)
state dir after step: (0.992072, 0.992072, 0.992072)
state num of stepTrails is: 0
Surface Id 8:
state pos after step: (260.000000, 260.000000, 260.000000)
state dir after step: (0.992070, 0.992070, 0.992070)
state num of stepTrails is: 0
Surface Id 9:
state pos after step: (289.971710, 289.971710, 289.971710)
state dir after step: (0.990218, 0.990218, 0.990218)
state num of stepTrails is: 0
Surface Id 9:
state pos after step: (290.000000, 290.000000, 290.000000)
state dir after step: (0.990216, 0.990216, 0.990216)
state num of stepTrails is: 0
Surface Id 10:
state pos after step: (-0.033264, -0.033264, -0.033264)
state dir after step: (1.000000, 1.000000, 1.000000)
state num of stepTrails is: 0
Surface Id 10:
state pos after step: (-0.034167, -0.034167, -0.034167)
state dir after step: (1.000000, 1.000000, 1.000000)
state num of stepTrails is: 0
KF states is: 10


Track id: 4
Surface Id 0:
state pos after step: (20.000137, 20.000137, 20.000137)
state dir after step: (0.999998, 0.999998, 0.999998)
state num of stepTrails is: 0
Surface Id 0:
state pos after step: (20.000000, 20.000000, 20.000000)
state dir after step: (0.999998, 0.999998, 0.999998)
state num of stepTrails is: 0
Surface Id 1:
state pos after step: (49.999657, 49.999657, 49.999657)
state dir after step: (0.999968, 0.999968, 0.999968)
state num of stepTrails is: 0
Surface Id 1:
state pos after step: (50.000000, 50.000000, 50.000000)
state dir after step: (0.999968, 0.999968, 0.999968)
state num of stepTrails is: 0
Surface Id 2:
state pos after step: (79.999260, 79.999260, 79.999260)
state dir after step: (0.999917, 0.999917, 0.999917)
state num of stepTrails is: 0
Surface Id 2:
state pos after step: (80.000000, 80.000000, 80.000000)
state dir after step: (0.999917, 0.999917, 0.999917)
state num of stepTrails is: 0
Surface Id 3:
state pos after step: (109.998825, 109.998825, 109.998825)
state dir after step: (0.999831, 0.999831, 0.999831)
state num of stepTrails is: 0
Surface Id 3:
state pos after step: (110.000000, 110.000000, 110.000000)
state dir after step: (0.999831, 0.999831, 0.999831)
state num of stepTrails is: 0
Surface Id 4:
state pos after step: (139.998276, 139.998276, 139.998276)
state dir after step: (0.999680, 0.999680, 0.999680)
state num of stepTrails is: 0
Surface Id 4:
state pos after step: (140.000000, 140.000000, 140.000000)
state dir after step: (0.999680, 0.999680, 0.999680)
state num of stepTrails is: 0
Surface Id 5:
state pos after step: (169.997879, 169.997879, 169.997879)
state dir after step: (0.999540, 0.999540, 0.999540)
state num of stepTrails is: 0
Surface Id 5:
state pos after step: (170.000000, 170.000000, 170.000000)
state dir after step: (0.999540, 0.999540, 0.999540)
state num of stepTrails is: 0
Surface Id 6:
state pos after step: (199.997452, 199.997452, 199.997452)
state dir after step: (0.999364, 0.999364, 0.999364)
state num of stepTrails is: 0
Surface Id 6:
state pos after step: (200.000000, 200.000000, 200.000000)
state dir after step: (0.999364, 0.999364, 0.999364)
state num of stepTrails is: 0
Surface Id 7:
state pos after step: (229.997055, 229.997055, 229.997055)
state dir after step: (0.999174, 0.999174, 0.999174)
state num of stepTrails is: 0
Surface Id 7:
state pos after step: (230.000000, 230.000000, 230.000000)
state dir after step: (0.999174, 0.999174, 0.999174)
state num of stepTrails is: 0
Surface Id 8:
state pos after step: (259.996613, 259.996613, 259.996613)
state dir after step: (0.998930, 0.998930, 0.998930)
state num of stepTrails is: 0
Surface Id 8:
state pos after step: (260.000000, 260.000000, 260.000000)
state dir after step: (0.998930, 0.998930, 0.998930)
state num of stepTrails is: 0
Surface Id 9:
state pos after step: (289.996185, 289.996185, 289.996185)
state dir after step: (0.998663, 0.998663, 0.998663)
state num of stepTrails is: 0
Surface Id 9:
state pos after step: (290.000000, 290.000000, 290.000000)
state dir after step: (0.998663, 0.998663, 0.998663)
state num of stepTrails is: 0
Surface Id 10:
state pos after step: (-0.036850, -0.036850, -0.036850)
state dir after step: (1.000000, 1.000000, 1.000000)
state num of stepTrails is: 0
Surface Id 10:
state pos after step: (-0.036961, -0.036961, -0.036961)
state dir after step: (1.000000, 1.000000, 1.000000)
state num of stepTrails is: 0
KF states is: 10


Track id: 5
Surface Id 0:
state pos after step: (20.000343, 20.000343, 20.000343)
state dir after step: (0.999601, 0.999601, 0.999601)
state num of stepTrails is: 0
Surface Id 0:
state pos after step: (20.000000, 20.000000, 20.000000)
state dir after step: (0.999601, 0.999601, 0.999601)
state num of stepTrails is: 0
Surface Id 1:
state pos after step: (49.999821, 49.999821, 49.999821)
state dir after step: (0.999977, 0.999977, 0.999977)
state num of stepTrails is: 0
Surface Id 1:
state pos after step: (50.000000, 50.000000, 50.000000)
state dir after step: (0.999977, 0.999977, 0.999977)
state num of stepTrails is: 0
Surface Id 2:
state pos after step: (79.999054, 79.999054, 79.999054)
state dir after step: (0.999897, 0.999897, 0.999897)
state num of stepTrails is: 0
Surface Id 2:
state pos after step: (80.000000, 80.000000, 80.000000)
state dir after step: (0.999897, 0.999897, 0.999897)
state num of stepTrails is: 0
Surface Id 3:
state pos after step: (109.998260, 109.998260, 109.998260)
state dir after step: (0.999744, 0.999744, 0.999744)
state num of stepTrails is: 0
Surface Id 3:
state pos after step: (110.000000, 110.000000, 110.000000)
state dir after step: (0.999744, 0.999744, 0.999744)
state num of stepTrails is: 0
Surface Id 4:
state pos after step: (139.997543, 139.997543, 139.997543)
state dir after step: (0.999544, 0.999544, 0.999544)
state num of stepTrails is: 0
Surface Id 4:
state pos after step: (140.000000, 140.000000, 140.000000)
state dir after step: (0.999544, 0.999544, 0.999544)
state num of stepTrails is: 0
Surface Id 5:
state pos after step: (169.996964, 169.996964, 169.996964)
state dir after step: (0.999343, 0.999343, 0.999343)
state num of stepTrails is: 0
Surface Id 5:
state pos after step: (170.000000, 170.000000, 170.000000)
state dir after step: (0.999343, 0.999343, 0.999343)
state num of stepTrails is: 0
Surface Id 6:
state pos after step: (199.996368, 199.996368, 199.996368)
state dir after step: (0.999093, 0.999093, 0.999093)
state num of stepTrails is: 0
Surface Id 6:
state pos after step: (200.000000, 200.000000, 200.000000)
state dir after step: (0.999092, 0.999092, 0.999092)
state num of stepTrails is: 0
Surface Id 7:
state pos after step: (229.995728, 229.995728, 229.995728)
state dir after step: (0.998782, 0.998782, 0.998782)
state num of stepTrails is: 0
Surface Id 7:
state pos after step: (230.000000, 230.000000, 230.000000)
state dir after step: (0.998781, 0.998781, 0.998781)
state num of stepTrails is: 0
Surface Id 8:
state pos after step: (259.995148, 259.995148, 259.995148)
state dir after step: (0.998461, 0.998461, 0.998461)
state num of stepTrails is: 0
Surface Id 8:
state pos after step: (260.000000, 260.000000, 260.000000)
state dir after step: (0.998461, 0.998461, 0.998461)
state num of stepTrails is: 0
Surface Id 9:
state pos after step: (289.994537, 289.994537, 289.994537)
state dir after step: (0.998082, 0.998082, 0.998082)
state num of stepTrails is: 0
Surface Id 9:
state pos after step: (290.000000, 290.000000, 290.000000)
state dir after step: (0.998082, 0.998082, 0.998082)
state num of stepTrails is: 0
Surface Id 10:
state pos after step: (-0.005598, -0.005598, -0.005598)
state dir after step: (1.000000, 1.000000, 1.000000)
state num of stepTrails is: 0
KF states is: 10


Track id: 6
Surface Id 0:
state pos after step: (19.999321, 19.999321, 19.999321)
state dir after step: (0.999643, 0.999643, 0.999643)
state num of stepTrails is: 0
Surface Id 0:
state pos after step: (20.000000, 20.000000, 20.000000)
state dir after step: (0.999643, 0.999643, 0.999643)
state num of stepTrails is: 0
Surface Id 1:
state pos after step: (49.999683, 49.999683, 49.999683)
state dir after step: (0.999970, 0.999970, 0.999970)
state num of stepTrails is: 0
Surface Id 1:
state pos after step: (50.000000, 50.000000, 50.000000)
state dir after step: (0.999970, 0.999970, 0.999970)
state num of stepTrails is: 0
Surface Id 2:
state pos after step: (79.999382, 79.999382, 79.999382)
state dir after step: (0.999926, 0.999926, 0.999926)
state num of stepTrails is: 0
Surface Id 2:
state pos after step: (80.000000, 80.000000, 80.000000)
state dir after step: (0.999926, 0.999926, 0.999926)
state num of stepTrails is: 0
Surface Id 3:
state pos after step: (109.999138, 109.999138, 109.999138)
state dir after step: (0.999875, 0.999875, 0.999875)
state num of stepTrails is: 0
Surface Id 3:
state pos after step: (110.000000, 110.000000, 110.000000)
state dir after step: (0.999875, 0.999875, 0.999875)
state num of stepTrails is: 0
Surface Id 4:
state pos after step: (139.998825, 139.998825, 139.998825)
state dir after step: (0.999792, 0.999792, 0.999792)
state num of stepTrails is: 0
Surface Id 4:
state pos after step: (140.000000, 140.000000, 140.000000)
state dir after step: (0.999792, 0.999792, 0.999792)
state num of stepTrails is: 0
Surface Id 5:
state pos after step: (169.998520, 169.998520, 169.998520)
state dir after step: (0.999687, 0.999687, 0.999687)
state num of stepTrails is: 0
Surface Id 5:
state pos after step: (170.000000, 170.000000, 170.000000)
state dir after step: (0.999687, 0.999687, 0.999687)
state num of stepTrails is: 0
Surface Id 6:
state pos after step: (199.998199, 199.998199, 199.998199)
state dir after step: (0.999562, 0.999562, 0.999562)
state num of stepTrails is: 0
Surface Id 6:
state pos after step: (200.000000, 200.000000, 200.000000)
state dir after step: (0.999562, 0.999562, 0.999562)
state num of stepTrails is: 0
Surface Id 7:
state pos after step: (229.997910, 229.997910, 229.997910)
state dir after step: (0.999420, 0.999420, 0.999420)
state num of stepTrails is: 0
Surface Id 7:
state pos after step: (230.000000, 230.000000, 230.000000)
state dir after step: (0.999420, 0.999420, 0.999420)
state num of stepTrails is: 0
Surface Id 8:
state pos after step: (259.997589, 259.997589, 259.997589)
state dir after step: (0.999246, 0.999246, 0.999246)
state num of stepTrails is: 0
Surface Id 8:
state pos after step: (260.000000, 260.000000, 260.000000)
state dir after step: (0.999246, 0.999246, 0.999246)
state num of stepTrails is: 0
Surface Id 9:
state pos after step: (289.997284, 289.997284, 289.997284)
state dir after step: (0.999059, 0.999059, 0.999059)
state num of stepTrails is: 0
Surface Id 9:
state pos after step: (290.000000, 290.000000, 290.000000)
state dir after step: (0.999059, 0.999059, 0.999059)
state num of stepTrails is: 0
Surface Id 10:
state pos after step: (0.051062, 0.051062, 0.051062)
state dir after step: (1.000000, 1.000000, 1.000000)
state num of stepTrails is: 0
KF states is: 10


Track id: 7
Surface Id 0:
state pos after step: (19.999573, 19.999573, 19.999573)
state dir after step: (0.999521, 0.999521, 0.999521)
state num of stepTrails is: 0
Surface Id 0:
state pos after step: (20.000000, 20.000000, 20.000000)
state dir after step: (0.999521, 0.999521, 0.999521)
state num of stepTrails is: 0
Surface Id 1:
state pos after step: (49.999794, 49.999794, 49.999794)
state dir after step: (0.999975, 0.999975, 0.999975)
state num of stepTrails is: 0
Surface Id 1:
state pos after step: (50.000000, 50.000000, 50.000000)
state dir after step: (0.999975, 0.999975, 0.999975)
state num of stepTrails is: 0
Surface Id 2:
state pos after step: (79.999741, 79.999741, 79.999741)
state dir after step: (0.999967, 0.999967, 0.999967)
state num of stepTrails is: 0
Surface Id 2:
state pos after step: (80.000000, 80.000000, 80.000000)
state dir after step: (0.999967, 0.999967, 0.999967)
state num of stepTrails is: 0
Surface Id 3:
state pos after step: (109.999641, 109.999641, 109.999641)
state dir after step: (0.999944, 0.999944, 0.999944)
state num of stepTrails is: 0
Surface Id 3:
state pos after step: (110.000000, 110.000000, 110.000000)
state dir after step: (0.999944, 0.999944, 0.999944)
state num of stepTrails is: 0
Surface Id 4:
state pos after step: (139.999542, 139.999542, 139.999542)
state dir after step: (0.999914, 0.999914, 0.999914)
state num of stepTrails is: 0
Surface Id 4:
state pos after step: (140.000000, 140.000000, 140.000000)
state dir after step: (0.999914, 0.999914, 0.999914)
state num of stepTrails is: 0
Surface Id 5:
state pos after step: (169.999435, 169.999435, 169.999435)
state dir after step: (0.999879, 0.999879, 0.999879)
state num of stepTrails is: 0
Surface Id 5:
state pos after step: (170.000000, 170.000000, 170.000000)
state dir after step: (0.999879, 0.999879, 0.999879)
state num of stepTrails is: 0
Surface Id 6:
state pos after step: (199.999329, 199.999329, 199.999329)
state dir after step: (0.999837, 0.999837, 0.999837)
state num of stepTrails is: 0
Surface Id 6:
state pos after step: (200.000000, 200.000000, 200.000000)
state dir after step: (0.999837, 0.999837, 0.999837)
state num of stepTrails is: 0
Surface Id 7:
state pos after step: (229.999222, 229.999222, 229.999222)
state dir after step: (0.999783, 0.999783, 0.999783)
state num of stepTrails is: 0
Surface Id 7:
state pos after step: (230.000000, 230.000000, 230.000000)
state dir after step: (0.999783, 0.999783, 0.999783)
state num of stepTrails is: 0
Surface Id 8:
state pos after step: (259.999115, 259.999115, 259.999115)
state dir after step: (0.999730, 0.999730, 0.999730)
state num of stepTrails is: 0
Surface Id 8:
state pos after step: (260.000000, 260.000000, 260.000000)
state dir after step: (0.999730, 0.999730, 0.999730)
state num of stepTrails is: 0
Surface Id 9:
state pos after step: (289.998993, 289.998993, 289.998993)
state dir after step: (0.999661, 0.999661, 0.999661)
state num of stepTrails is: 0
Surface Id 9:
state pos after step: (290.000000, 290.000000, 290.000000)
state dir after step: (0.999661, 0.999661, 0.999661)
state num of stepTrails is: 0
Surface Id 10:
state pos after step: (-0.000944, -0.000944, -0.000944)
state dir after step: (1.000000, 1.000000, 1.000000)
state num of stepTrails is: 0
KF states is: 10


Track id: 8
Surface Id 0:
state pos after step: (19.999865, 19.999865, 19.999865)
state dir after step: (0.999929, 0.999929, 0.999929)
state num of stepTrails is: 0
Surface Id 0:
state pos after step: (20.000000, 20.000000, 20.000000)
state dir after step: (0.999929, 0.999929, 0.999929)
state num of stepTrails is: 0
Surface Id 1:
state pos after step: (49.999725, 49.999725, 49.999725)
state dir after step: (0.999971, 0.999971, 0.999971)
state num of stepTrails is: 0
Surface Id 1:
state pos after step: (50.000000, 50.000000, 50.000000)
state dir after step: (0.999971, 0.999971, 0.999971)
state num of stepTrails is: 0
Surface Id 2:
state pos after step: (79.999512, 79.999512, 79.999512)
state dir after step: (0.999937, 0.999937, 0.999937)
state num of stepTrails is: 0
Surface Id 2:
state pos after step: (80.000000, 80.000000, 80.000000)
state dir after step: (0.999937, 0.999937, 0.999937)
state num of stepTrails is: 0
Surface Id 3:
state pos after step: (109.999290, 109.999290, 109.999290)
state dir after step: (0.999888, 0.999888, 0.999888)
state num of stepTrails is: 0
Surface Id 3:
state pos after step: (110.000000, 110.000000, 110.000000)
state dir after step: (0.999888, 0.999888, 0.999888)
state num of stepTrails is: 0
Surface Id 4:
state pos after step: (139.999115, 139.999115, 139.999115)
state dir after step: (0.999838, 0.999838, 0.999838)
state num of stepTrails is: 0
Surface Id 4:
state pos after step: (140.000000, 140.000000, 140.000000)
state dir after step: (0.999838, 0.999838, 0.999838)
state num of stepTrails is: 0
Surface Id 5:
state pos after step: (169.998871, 169.998871, 169.998871)
state dir after step: (0.999753, 0.999753, 0.999753)
state num of stepTrails is: 0
Surface Id 5:
state pos after step: (170.000000, 170.000000, 170.000000)
state dir after step: (0.999753, 0.999753, 0.999753)
state num of stepTrails is: 0
Surface Id 6:
state pos after step: (199.998672, 199.998672, 199.998672)
state dir after step: (0.999664, 0.999664, 0.999664)
state num of stepTrails is: 0
Surface Id 6:
state pos after step: (200.000000, 200.000000, 200.000000)
state dir after step: (0.999664, 0.999664, 0.999664)
state num of stepTrails is: 0
Surface Id 7:
state pos after step: (229.998444, 229.998444, 229.998444)
state dir after step: (0.999553, 0.999553, 0.999553)
state num of stepTrails is: 0
Surface Id 7:
state pos after step: (230.000000, 230.000000, 230.000000)
state dir after step: (0.999553, 0.999553, 0.999553)
state num of stepTrails is: 0
Surface Id 8:
state pos after step: (259.998199, 259.998199, 259.998199)
state dir after step: (0.999421, 0.999421, 0.999421)
state num of stepTrails is: 0
Surface Id 8:
state pos after step: (260.000000, 260.000000, 260.000000)
state dir after step: (0.999421, 0.999421, 0.999421)
state num of stepTrails is: 0
Surface Id 9:
state pos after step: (289.997955, 289.997955, 289.997955)
state dir after step: (0.999266, 0.999266, 0.999266)
state num of stepTrails is: 0
Surface Id 9:
state pos after step: (290.000000, 290.000000, 290.000000)
state dir after step: (0.999266, 0.999266, 0.999266)
state num of stepTrails is: 0
Surface Id 10:
state pos after step: (-0.002354, -0.002354, -0.002354)
state dir after step: (0.999999, 0.999999, 0.999999)
state num of stepTrails is: 0
Surface Id 10:
state pos after step: (-0.002575, -0.002575, -0.002575)
state dir after step: (0.999999, 0.999999, 0.999999)
state num of stepTrails is: 0
KF states is: 10


Track id: 9
Surface Id 0:
state pos after step: (19.999722, 19.999722, 19.999722)
state dir after step: (0.999695, 0.999695, 0.999695)
state num of stepTrails is: 0
Surface Id 0:
state pos after step: (20.000000, 20.000000, 20.000000)
state dir after step: (0.999695, 0.999695, 0.999695)
state num of stepTrails is: 0
Surface Id 1:
state pos after step: (49.999954, 49.999954, 49.999954)
state dir after step: (0.999990, 0.999990, 0.999990)
state num of stepTrails is: 0
Surface Id 1:
state pos after step: (79.999901, 79.999901, 79.999901)
state dir after step: (0.999989, 0.999989, 0.999989)
state num of stepTrails is: 0
Surface Id 2:
state pos after step: (109.999825, 109.999825, 109.999825)
state dir after step: (0.999972, 0.999972, 0.999972)
state num of stepTrails is: 0
Surface Id 2:
state pos after step: (110.000000, 110.000000, 110.000000)
state dir after step: (0.999972, 0.999972, 0.999972)
state num of stepTrails is: 0
Surface Id 3:
state pos after step: (139.999786, 139.999786, 139.999786)
state dir after step: (0.999961, 0.999961, 0.999961)
state num of stepTrails is: 0
Surface Id 3:
state pos after step: (140.000000, 140.000000, 140.000000)
state dir after step: (0.999961, 0.999961, 0.999961)
state num of stepTrails is: 0
Surface Id 4:
state pos after step: (169.999741, 169.999741, 169.999741)
state dir after step: (0.999946, 0.999946, 0.999946)
state num of stepTrails is: 0
Surface Id 4:
state pos after step: (170.000000, 170.000000, 170.000000)
state dir after step: (0.999946, 0.999946, 0.999946)
state num of stepTrails is: 0
Surface Id 5:
state pos after step: (199.999695, 199.999695, 199.999695)
state dir after step: (0.999925, 0.999925, 0.999925)
state num of stepTrails is: 0
Surface Id 5:
state pos after step: (200.000000, 200.000000, 200.000000)
state dir after step: (0.999925, 0.999925, 0.999925)
state num of stepTrails is: 0
Surface Id 6:
state pos after step: (229.999634, 229.999634, 229.999634)
state dir after step: (0.999899, 0.999899, 0.999899)
state num of stepTrails is: 0
Surface Id 6:
state pos after step: (230.000000, 230.000000, 230.000000)
state dir after step: (0.999899, 0.999899, 0.999899)
state num of stepTrails is: 0
Surface Id 7:
state pos after step: (259.999573, 259.999573, 259.999573)
state dir after step: (0.999872, 0.999872, 0.999872)
state num of stepTrails is: 0
Surface Id 7:
state pos after step: (260.000000, 260.000000, 260.000000)
state dir after step: (0.999872, 0.999872, 0.999872)
state num of stepTrails is: 0
Surface Id 8:
state pos after step: (289.999542, 289.999542, 289.999542)
state dir after step: (0.999839, 0.999839, 0.999839)
state num of stepTrails is: 0
Surface Id 8:
state pos after step: (290.000000, 290.000000, 290.000000)
state dir after step: (0.999839, 0.999839, 0.999839)
state num of stepTrails is: 0
Surface Id 9:
state pos after step: (0.020735, 0.020735, 0.020735)
state dir after step: (1.000000, 1.000000, 1.000000)
state num of stepTrails is: 0
KF states is: 10


INFO: Time (ms) to run KF track fitting for 10 with 1 OMP threads: 1.0859
------------------------  ending  -----------------------
