INFO: float precision operand used.
INFO: Creating 10 boundless plane surfaces
Warning! Generated particle rejected!
Warning! Generated particle rejected!
Warning! Generated particle rejected!
Warning! Generated particle rejected!
Warning! Generated particle rejected!
Warning! Generated particle rejected!
Warning! Generated particle rejected!
Warning! Generated particle rejected!
Warning! Generated particle rejected!
Warning! Generated particle rejected!
Warning! Generated particle rejected!
Warning! Generated particle rejected!
Warning! Generated particle rejected!
Warning! Generated particle rejected!
Warning! Generated particle rejected!
Warning! Generated particle rejected!
Warning! Generated particle rejected!
Warning! Generated particle rejected!
Warning! Generated particle rejected!
Warning! Generated particle rejected!
Warning! Generated particle rejected!
Warning! Generated particle rejected!
Warning! Generated particle rejected!
Warning! Generated particle rejected!
Warning! Generated particle rejected!
Warning! Generated particle rejected!
Warning! Generated particle rejected!
Warning! Generated particle rejected!
Warning! Generated particle rejected!
Warning! Generated particle rejected!
Warning! Generated particle rejected!
Warning! Generated particle rejected!
Warning! Generated particle rejected!
Warning! Generated particle rejected!
Warning! Generated particle rejected!
Warning! Generated particle rejected!
Warning! Generated particle rejected!
Warning! Generated particle rejected!
Warning! Generated particle rejected!
Warning! Generated particle rejected!
Warning! Generated particle rejected!
Warning! Generated particle rejected!
Warning! Generated particle rejected!
Warning! Generated particle rejected!
Warning! Generated particle rejected!
Warning! Generated particle rejected!
Warning! Generated particle rejected!
Warning! Generated particle rejected!
Warning! Generated particle rejected!
Warning! Generated particle rejected!
Warning! Generated particle rejected!
Warning! Generated particle rejected!
Warning! Generated particle rejected!
Warning! Generated particle rejected!
Warning! Generated particle rejected!
Warning! Generated particle rejected!
Warning! Generated particle rejected!
Warning! Generated particle rejected!
Warning! Generated particle rejected!
Warning! Generated particle rejected!
Warning! Generated particle rejected!
Warning! Generated particle rejected!
Warning! Generated particle rejected!
Warning! Generated particle rejected!
Warning! Generated particle rejected!
Warning! Generated particle rejected!
Warning! Generated particle rejected!
Warning! Generated particle rejected!
Warning! Generated particle rejected!
Warning! Generated particle rejected!
Warning! Generated particle rejected!

INFO: Time (ms) to run simulation: 19144
INFO: Time (ms) to run KF track fitting for 100000 with 1 OMP threads: 2576.15
------------------------  ending  -----------------------
