INFO: float precision operand used.

Device : Tesla T4
maxThreadsPerMultiProcessor : 1024
maxGridSize : (2147483647, 65535, 65535)
maxThreadsPerBlock : 1024
maxThreadsDim : (1024, 1024, 64)
regsPerMultiprocessor : 65536
regsPerBlock : 65536
Cuda driver version: 11040
Cuda rt version: 11030
INFO: Warp Occupancy with block size 64 : 25%
INFO: Estimated max occupancy with block size =  256, min grid size = 40

INFO: grid size = 5120 x 1, block size =  8 x 8
INFO: Creating 10 boundless plane surfaces

INFO: Time (ms) to run simulation: 22.3641
Propagation time: 6659382 microseconds
Propagation time: 6659382 microseconds
Propagation time: 6659382 microseconds
Propagation time: 6659382 microseconds
Propagation time: 6659382 microseconds
Propagation time: 6659382 microseconds
Propagation time: 6659382 microseconds
Propagation time: 6659382 microseconds
Number of RK4 Steps in this track: 18
Number of RK4 Steps in this track: 19
Number of RK4 Steps in this track: 21
Number of RK4 Steps in this track: 19
Number of RK4 Steps in this track: 19
Number of RK4 Steps in this track: 20
Number of RK4 Steps in this track: 21
Number of RK4 Steps in this track: 18
Propagation time: 11453579 microseconds
Propagation time: 11453579 microseconds
Propagation time: 11453579 microseconds
Propagation time: 11453579 microseconds
Propagation time: 11453579 microseconds
Propagation time: 11453579 microseconds
Propagation time: 11453579 microseconds
Propagation time: 11453579 microseconds
Propagation time: 11453579 microseconds
Propagation time: 11453579 microseconds
Propagation time: 11453579 microseconds
Propagation time: 11453579 microseconds
Propagation time: 11453579 microseconds
Propagation time: 11453579 microseconds
Propagation time: 11453579 microseconds
Propagation time: 11453579 microseconds
Propagation time: 11453579 microseconds
Propagation time: 11453579 microseconds
Propagation time: 11453579 microseconds
Propagation time: 11453579 microseconds
Propagation time: 11453579 microseconds
Propagation time: 11453579 microseconds
Propagation time: 11453579 microseconds
Propagation time: 11453579 microseconds
Propagation time: 11453579 microseconds
Propagation time: 11453579 microseconds
Propagation time: 11453579 microseconds
Propagation time: 11453579 microseconds
Propagation time: 11453579 microseconds
Propagation time: 11453579 microseconds
Propagation time: 11453579 microseconds
Propagation time: 11453579 microseconds
Number of RK4 Steps in this track: 20
Number of RK4 Steps in this track: 19
Number of RK4 Steps in this track: 19
Number of RK4 Steps in this track: 18
Number of RK4 Steps in this track: 19
Number of RK4 Steps in this track: 18
Number of RK4 Steps in this track: 20
Number of RK4 Steps in this track: 21
Number of RK4 Steps in this track: 20
Number of RK4 Steps in this track: 21
Number of RK4 Steps in this track: 20
Number of RK4 Steps in this track: 20
Number of RK4 Steps in this track: 18
Number of RK4 Steps in this track: 20
Number of RK4 Steps in this track: 20
Number of RK4 Steps in this track: 19
Number of RK4 Steps in this track: 21
Number of RK4 Steps in this track: 20
Number of RK4 Steps in this track: 20
Number of RK4 Steps in this track: 19
Number of RK4 Steps in this track: 20
Number of RK4 Steps in this track: 19
Number of RK4 Steps in this track: 19
Number of RK4 Steps in this track: 20
Number of RK4 Steps in this track: 20
Number of RK4 Steps in this track: 19
Number of RK4 Steps in this track: 20
Number of RK4 Steps in this track: 19
Number of RK4 Steps in this track: 20
Number of RK4 Steps in this track: 19
Number of RK4 Steps in this track: 20
Number of RK4 Steps in this track: 20
Propagation time: 12732311 microseconds
Propagation time: 12732311 microseconds
Propagation time: 12732311 microseconds
Propagation time: 12732311 microseconds
Propagation time: 12732311 microseconds
Propagation time: 12732311 microseconds
Propagation time: 12732311 microseconds
Propagation time: 12732311 microseconds
Propagation time: 12732311 microseconds
Propagation time: 12732311 microseconds
Propagation time: 12732311 microseconds
Propagation time: 12732311 microseconds
Propagation time: 12732311 microseconds
Propagation time: 12732311 microseconds
Propagation time: 12732311 microseconds
Propagation time: 12732311 microseconds
Propagation time: 12732311 microseconds
Propagation time: 12732311 microseconds
Propagation time: 12732311 microseconds
Propagation time: 12732311 microseconds
Propagation time: 12732311 microseconds
Propagation time: 12732311 microseconds
Propagation time: 12732311 microseconds
Propagation time: 12732311 microseconds
Propagation time: 12732311 microseconds
Propagation time: 12732311 microseconds
Propagation time: 12732311 microseconds
Propagation time: 12732311 microseconds
Propagation time: 12732311 microseconds
Propagation time: 12732311 microseconds
Propagation time: 12732311 microseconds
Propagation time: 12732311 microseconds
Propagation time: 12756248 microseconds
Propagation time: 12756248 microseconds
Propagation time: 12756248 microseconds
Propagation time: 12756248 microseconds
Propagation time: 12756248 microseconds
Propagation time: 12756248 microseconds
Propagation time: 12756248 microseconds
Propagation time: 12756248 microseconds
Propagation time: 12756248 microseconds
Propagation time: 12756248 microseconds
Propagation time: 12756248 microseconds
Propagation time: 12756248 microseconds
Propagation time: 12756248 microseconds
Propagation time: 12756248 microseconds
Propagation time: 12756248 microseconds
Propagation time: 12756248 microseconds
Propagation time: 12756248 microseconds
Propagation time: 12756248 microseconds
Propagation time: 12756248 microseconds
Propagation time: 12756248 microseconds
Propagation time: 12756248 microseconds
Propagation time: 12756248 microseconds
Propagation time: 12756248 microseconds
Propagation time: 12756248 microseconds
Propagation time: 12756248 microseconds
Propagation time: 12756248 microseconds
Propagation time: 12756248 microseconds
Propagation time: 12756248 microseconds
Propagation time: 12756248 microseconds
Propagation time: 12756248 microseconds
Propagation time: 12756248 microseconds
Propagation time: 12756248 microseconds
Number of RK4 Steps in this track: 19
Number of RK4 Steps in this track: 20
Number of RK4 Steps in this track: 20
Number of RK4 Steps in this track: 20
Number of RK4 Steps in this track: 21
Number of RK4 Steps in this track: 19
Number of RK4 Steps in this track: 21
Number of RK4 Steps in this track: 20
Number of RK4 Steps in this track: 20
Number of RK4 Steps in this track: 21
Number of RK4 Steps in this track: 20
Number of RK4 Steps in this track: 20
Number of RK4 Steps in this track: 20
Number of RK4 Steps in this track: 18
Number of RK4 Steps in this track: 18
Number of RK4 Steps in this track: 19
Number of RK4 Steps in this track: 20
Number of RK4 Steps in this track: 20
Number of RK4 Steps in this track: 21
Number of RK4 Steps in this track: 21
Number of RK4 Steps in this track: 20
Number of RK4 Steps in this track: 20
Number of RK4 Steps in this track: 20
Number of RK4 Steps in this track: 19
Number of RK4 Steps in this track: 21
Number of RK4 Steps in this track: 20
Number of RK4 Steps in this track: 21
Number of RK4 Steps in this track: 19
Number of RK4 Steps in this track: 21
Number of RK4 Steps in this track: 19
Number of RK4 Steps in this track: 21
Number of RK4 Steps in this track: 20
Propagation time: 12813706 microseconds
Propagation time: 12813706 microseconds
Propagation time: 12813706 microseconds
Propagation time: 12813706 microseconds
Propagation time: 12813706 microseconds
Propagation time: 12813706 microseconds
Propagation time: 12813706 microseconds
Propagation time: 12813706 microseconds
Propagation time: 12813706 microseconds
Propagation time: 12813706 microseconds
Propagation time: 12813706 microseconds
Propagation time: 12813706 microseconds
Propagation time: 12813706 microseconds
Propagation time: 12813706 microseconds
Propagation time: 12813706 microseconds
Propagation time: 12813706 microseconds
Propagation time: 12813706 microseconds
Propagation time: 12813706 microseconds
Propagation time: 12813706 microseconds
Propagation time: 12813706 microseconds
Propagation time: 12813706 microseconds
Propagation time: 12813706 microseconds
Propagation time: 12813706 microseconds
Propagation time: 12813706 microseconds
Propagation time: 12813706 microseconds
Propagation time: 12813706 microseconds
Propagation time: 12813706 microseconds
Propagation time: 12813706 microseconds
Propagation time: 12813706 microseconds
Propagation time: 12813706 microseconds
Propagation time: 12813706 microseconds
Propagation time: 12813706 microseconds
Number of RK4 Steps in this track: 19
Number of RK4 Steps in this track: 20
Number of RK4 Steps in this track: 21
Number of RK4 Steps in this track: 21
Number of RK4 Steps in this track: 20
Number of RK4 Steps in this track: 18
Number of RK4 Steps in this track: 20
Number of RK4 Steps in this track: 18
Number of RK4 Steps in this track: 20
Number of RK4 Steps in this track: 20
Number of RK4 Steps in this track: 19
Number of RK4 Steps in this track: 21
Number of RK4 Steps in this track: 19
Number of RK4 Steps in this track: 18
Number of RK4 Steps in this track: 21
Number of RK4 Steps in this track: 21
Number of RK4 Steps in this track: 19
Number of RK4 Steps in this track: 21
Number of RK4 Steps in this track: 19
Number of RK4 Steps in this track: 19
Number of RK4 Steps in this track: 21
Number of RK4 Steps in this track: 20
Number of RK4 Steps in this track: 20
Number of RK4 Steps in this track: 19
Number of RK4 Steps in this track: 18
Number of RK4 Steps in this track: 19
Number of RK4 Steps in this track: 18
Number of RK4 Steps in this track: 21
Number of RK4 Steps in this track: 19
Number of RK4 Steps in this track: 21
Number of RK4 Steps in this track: 19
Number of RK4 Steps in this track: 20
Number of RK4 Steps in this track: 21
Number of RK4 Steps in this track: 21
Number of RK4 Steps in this track: 18
Number of RK4 Steps in this track: 20
Number of RK4 Steps in this track: 18
Number of RK4 Steps in this track: 20
Number of RK4 Steps in this track: 18
Number of RK4 Steps in this track: 21
Number of RK4 Steps in this track: 18
Number of RK4 Steps in this track: 19
Number of RK4 Steps in this track: 21
Number of RK4 Steps in this track: 20
Number of RK4 Steps in this track: 21
Number of RK4 Steps in this track: 20
Number of RK4 Steps in this track: 20
Number of RK4 Steps in this track: 21
Number of RK4 Steps in this track: 18
Number of RK4 Steps in this track: 20
Number of RK4 Steps in this track: 20
Number of RK4 Steps in this track: 19
Number of RK4 Steps in this track: 20
Number of RK4 Steps in this track: 20
Number of RK4 Steps in this track: 20
Number of RK4 Steps in this track: 19
Number of RK4 Steps in this track: 18
Number of RK4 Steps in this track: 21
Number of RK4 Steps in this track: 21
Number of RK4 Steps in this track: 20
Number of RK4 Steps in this track: 20
Number of RK4 Steps in this track: 19
Number of RK4 Steps in this track: 19
Number of RK4 Steps in this track: 20
Propagation time: 13207936 microseconds
Propagation time: 13207936 microseconds
Propagation time: 13207936 microseconds
Propagation time: 13207936 microseconds
Propagation time: 13207936 microseconds
Propagation time: 13207936 microseconds
Propagation time: 13207936 microseconds
Propagation time: 13207936 microseconds
Propagation time: 13207936 microseconds
Propagation time: 13207936 microseconds
Propagation time: 13207936 microseconds
Propagation time: 13207936 microseconds
Propagation time: 13207936 microseconds
Propagation time: 13207936 microseconds
Propagation time: 13207936 microseconds
Propagation time: 13207936 microseconds
Propagation time: 13207936 microseconds
Propagation time: 13207936 microseconds
Propagation time: 13207936 microseconds
Propagation time: 13207936 microseconds
Propagation time: 13207936 microseconds
Propagation time: 13207936 microseconds
Propagation time: 13207936 microseconds
Propagation time: 13207936 microseconds
Propagation time: 13207936 microseconds
Propagation time: 13207936 microseconds
Propagation time: 13207936 microseconds
Propagation time: 13207936 microseconds
Propagation time: 13207936 microseconds
Propagation time: 13207936 microseconds
Propagation time: 13207936 microseconds
Propagation time: 13207936 microseconds
Number of RK4 Steps in this track: 20
Number of RK4 Steps in this track: 19
Number of RK4 Steps in this track: 20
Number of RK4 Steps in this track: 19
Number of RK4 Steps in this track: 20
Number of RK4 Steps in this track: 20
Number of RK4 Steps in this track: 20
Number of RK4 Steps in this track: 21
Number of RK4 Steps in this track: 20
Number of RK4 Steps in this track: 19
Number of RK4 Steps in this track: 19
Number of RK4 Steps in this track: 18
Number of RK4 Steps in this track: 20
Number of RK4 Steps in this track: 20
Number of RK4 Steps in this track: 21
Number of RK4 Steps in this track: 20
Number of RK4 Steps in this track: 18
Number of RK4 Steps in this track: 20
Number of RK4 Steps in this track: 19
Number of RK4 Steps in this track: 19
Number of RK4 Steps in this track: 19
Number of RK4 Steps in this track: 21
Number of RK4 Steps in this track: 20
Number of RK4 Steps in this track: 20
Number of RK4 Steps in this track: 21
Number of RK4 Steps in this track: 19
Number of RK4 Steps in this track: 20
Number of RK4 Steps in this track: 20
Number of RK4 Steps in this track: 19
Number of RK4 Steps in this track: 18
Number of RK4 Steps in this track: 21
Number of RK4 Steps in this track: 21
Propagation time: 13411406 microseconds
Propagation time: 13411406 microseconds
Propagation time: 13411406 microseconds
Propagation time: 13411406 microseconds
Propagation time: 13411406 microseconds
Propagation time: 13411406 microseconds
Propagation time: 13411406 microseconds
Propagation time: 13411406 microseconds
Propagation time: 13411406 microseconds
Propagation time: 13411406 microseconds
Propagation time: 13411406 microseconds
Propagation time: 13411406 microseconds
Propagation time: 13411406 microseconds
Propagation time: 13411406 microseconds
Propagation time: 13411406 microseconds
Propagation time: 13411406 microseconds
Propagation time: 13411406 microseconds
Propagation time: 13411406 microseconds
Propagation time: 13411406 microseconds
Propagation time: 13411406 microseconds
Propagation time: 13411406 microseconds
Propagation time: 13411406 microseconds
Propagation time: 13411406 microseconds
Propagation time: 13411406 microseconds
Propagation time: 13411406 microseconds
Propagation time: 13411406 microseconds
Propagation time: 13411406 microseconds
Propagation time: 13411406 microseconds
Propagation time: 13411406 microseconds
Propagation time: 13411406 microseconds
Propagation time: 13411406 microseconds
Propagation time: 13411406 microseconds
Number of RK4 Steps in this track: 17
Number of RK4 Steps in this track: 19
Number of RK4 Steps in this track: 20
Number of RK4 Steps in this track: 19
Number of RK4 Steps in this track: 20
Number of RK4 Steps in this track: 21
Number of RK4 Steps in this track: 21
Number of RK4 Steps in this track: 21
Number of RK4 Steps in this track: 20
Number of RK4 Steps in this track: 19
Number of RK4 Steps in this track: 18
Number of RK4 Steps in this track: 20
Number of RK4 Steps in this track: 20
Number of RK4 Steps in this track: 18
Number of RK4 Steps in this track: 19
Number of RK4 Steps in this track: 21
Number of RK4 Steps in this track: 20
Number of RK4 Steps in this track: 19
Number of RK4 Steps in this track: 21
Number of RK4 Steps in this track: 20
Number of RK4 Steps in this track: 19
Number of RK4 Steps in this track: 20
Number of RK4 Steps in this track: 19
Number of RK4 Steps in this track: 20
Number of RK4 Steps in this track: 18
Number of RK4 Steps in this track: 20
Number of RK4 Steps in this track: 21
Number of RK4 Steps in this track: 20
Number of RK4 Steps in this track: 20
Number of RK4 Steps in this track: 19
Number of RK4 Steps in this track: 19
Number of RK4 Steps in this track: 20
Propagation time: 13629397 microseconds
Propagation time: 13629397 microseconds
Propagation time: 13629397 microseconds
Propagation time: 13629397 microseconds
Propagation time: 13629397 microseconds
Propagation time: 13629397 microseconds
Propagation time: 13629397 microseconds
Propagation time: 13629397 microseconds
Propagation time: 13629397 microseconds
Propagation time: 13629397 microseconds
Propagation time: 13629397 microseconds
Propagation time: 13629397 microseconds
Propagation time: 13629397 microseconds
Propagation time: 13629397 microseconds
Propagation time: 13629397 microseconds
Propagation time: 13629397 microseconds
Propagation time: 13629397 microseconds
Propagation time: 13629397 microseconds
Propagation time: 13629397 microseconds
Propagation time: 13629397 microseconds
Propagation time: 13629397 microseconds
Propagation time: 13629397 microseconds
Propagation time: 13629397 microseconds
Propagation time: 13629397 microseconds
Propagation time: 13629397 microseconds
Propagation time: 13629397 microseconds
Propagation time: 13629397 microseconds
Propagation time: 13629397 microseconds
Propagation time: 13629397 microseconds
Propagation time: 13629397 microseconds
Propagation time: 13629397 microseconds
Propagation time: 13629397 microseconds
Propagation time: 13649458 microseconds
Propagation time: 13649458 microseconds
Propagation time: 13649458 microseconds
Propagation time: 13649458 microseconds
Propagation time: 13649458 microseconds
Propagation time: 13649458 microseconds
Propagation time: 13649458 microseconds
Propagation time: 13649458 microseconds
Propagation time: 13649458 microseconds
Propagation time: 13649458 microseconds
Propagation time: 13649458 microseconds
Propagation time: 13649458 microseconds
Propagation time: 13649458 microseconds
Propagation time: 13649458 microseconds
Propagation time: 13649458 microseconds
Propagation time: 13649458 microseconds
Propagation time: 13649458 microseconds
Propagation time: 13649458 microseconds
Propagation time: 13649458 microseconds
Propagation time: 13649458 microseconds
Propagation time: 13649458 microseconds
Propagation time: 13649458 microseconds
Propagation time: 13649458 microseconds
Propagation time: 13649458 microseconds
Propagation time: 13649458 microseconds
Propagation time: 13649458 microseconds
Propagation time: 13649458 microseconds
Propagation time: 13649458 microseconds
Propagation time: 13649458 microseconds
Propagation time: 13649458 microseconds
Propagation time: 13649458 microseconds
Propagation time: 13649458 microseconds
Number of RK4 Steps in this track: 20
Number of RK4 Steps in this track: 21
Number of RK4 Steps in this track: 19
Number of RK4 Steps in this track: 20
Number of RK4 Steps in this track: 20
Number of RK4 Steps in this track: 20
Number of RK4 Steps in this track: 20
Number of RK4 Steps in this track: 20
Number of RK4 Steps in this track: 19
Number of RK4 Steps in this track: 21
Number of RK4 Steps in this track: 20
Number of RK4 Steps in this track: 19
Number of RK4 Steps in this track: 20
Number of RK4 Steps in this track: 19
Number of RK4 Steps in this track: 19
Number of RK4 Steps in this track: 18
Number of RK4 Steps in this track: 20
Number of RK4 Steps in this track: 21
Number of RK4 Steps in this track: 19
Number of RK4 Steps in this track: 19
Number of RK4 Steps in this track: 20
Number of RK4 Steps in this track: 19
Number of RK4 Steps in this track: 19
Number of RK4 Steps in this track: 20
Number of RK4 Steps in this track: 20
Number of RK4 Steps in this track: 19
Number of RK4 Steps in this track: 20
Number of RK4 Steps in this track: 20
Number of RK4 Steps in this track: 21
Number of RK4 Steps in this track: 18
Number of RK4 Steps in this track: 20
Number of RK4 Steps in this track: 20
Propagation time: 13688946 microseconds
Propagation time: 13688946 microseconds
Propagation time: 13688946 microseconds
Propagation time: 13688946 microseconds
Propagation time: 13688946 microseconds
Propagation time: 13688946 microseconds
Propagation time: 13688946 microseconds
Propagation time: 13688946 microseconds
Propagation time: 13688946 microseconds
Propagation time: 13688946 microseconds
Propagation time: 13688946 microseconds
Propagation time: 13688946 microseconds
Propagation time: 13688946 microseconds
Propagation time: 13688946 microseconds
Propagation time: 13688946 microseconds
Propagation time: 13688946 microseconds
Propagation time: 13688946 microseconds
Propagation time: 13688946 microseconds
Propagation time: 13688946 microseconds
Propagation time: 13688946 microseconds
Propagation time: 13688946 microseconds
Propagation time: 13688946 microseconds
Propagation time: 13688946 microseconds
Propagation time: 13688946 microseconds
Propagation time: 13688946 microseconds
Propagation time: 13688946 microseconds
Propagation time: 13688946 microseconds
Propagation time: 13688946 microseconds
Propagation time: 13688946 microseconds
Propagation time: 13688946 microseconds
Propagation time: 13688946 microseconds
Propagation time: 13688946 microseconds
Propagation time: 13689587 microseconds
Propagation time: 13689587 microseconds
Propagation time: 13689587 microseconds
Propagation time: 13689587 microseconds
Propagation time: 13689587 microseconds
Propagation time: 13689587 microseconds
Propagation time: 13689587 microseconds
Propagation time: 13689587 microseconds
Propagation time: 13689587 microseconds
Propagation time: 13689587 microseconds
Propagation time: 13689587 microseconds
Propagation time: 13689587 microseconds
Propagation time: 13689587 microseconds
Propagation time: 13689587 microseconds
Propagation time: 13689587 microseconds
Propagation time: 13689587 microseconds
Propagation time: 13689587 microseconds
Propagation time: 13689587 microseconds
Propagation time: 13689587 microseconds
Propagation time: 13689587 microseconds
Propagation time: 13689587 microseconds
Propagation time: 13689587 microseconds
Propagation time: 13689587 microseconds
Propagation time: 13689587 microseconds
Propagation time: 13689587 microseconds
Propagation time: 13689587 microseconds
Propagation time: 13689587 microseconds
Propagation time: 13689587 microseconds
Propagation time: 13689587 microseconds
Propagation time: 13689587 microseconds
Propagation time: 13689587 microseconds
Propagation time: 13689587 microseconds
Number of RK4 Steps in this track: 21
Number of RK4 Steps in this track: 19
Number of RK4 Steps in this track: 21
Number of RK4 Steps in this track: 19
Number of RK4 Steps in this track: 21
Number of RK4 Steps in this track: 21
Number of RK4 Steps in this track: 19
Number of RK4 Steps in this track: 18
Number of RK4 Steps in this track: 19
Number of RK4 Steps in this track: 20
Number of RK4 Steps in this track: 21
Number of RK4 Steps in this track: 20
Number of RK4 Steps in this track: 20
Number of RK4 Steps in this track: 21
Number of RK4 Steps in this track: 19
Number of RK4 Steps in this track: 18
Number of RK4 Steps in this track: 18
Number of RK4 Steps in this track: 20
Number of RK4 Steps in this track: 19
Number of RK4 Steps in this track: 19
Number of RK4 Steps in this track: 20
Number of RK4 Steps in this track: 18
Number of RK4 Steps in this track: 20
Number of RK4 Steps in this track: 20
Number of RK4 Steps in this track: 18
Number of RK4 Steps in this track: 20
Number of RK4 Steps in this track: 20
Number of RK4 Steps in this track: 20
Number of RK4 Steps in this track: 19
Number of RK4 Steps in this track: 19
Number of RK4 Steps in this track: 19
Number of RK4 Steps in this track: 20
Propagation time: 13770500 microseconds
Propagation time: 13770500 microseconds
Propagation time: 13770500 microseconds
Propagation time: 13770500 microseconds
Propagation time: 13770500 microseconds
Propagation time: 13770500 microseconds
Propagation time: 13770500 microseconds
Propagation time: 13770500 microseconds
Propagation time: 13770500 microseconds
Propagation time: 13770500 microseconds
Propagation time: 13770500 microseconds
Propagation time: 13770500 microseconds
Propagation time: 13770500 microseconds
Propagation time: 13770500 microseconds
Propagation time: 13770500 microseconds
Propagation time: 13770500 microseconds
Propagation time: 13770500 microseconds
Propagation time: 13770500 microseconds
Propagation time: 13770500 microseconds
Propagation time: 13770500 microseconds
Propagation time: 13770500 microseconds
Propagation time: 13770500 microseconds
Propagation time: 13770500 microseconds
Propagation time: 13770500 microseconds
Propagation time: 13770500 microseconds
Propagation time: 13770500 microseconds
Propagation time: 13770500 microseconds
Propagation time: 13770500 microseconds
Propagation time: 13770500 microseconds
Propagation time: 13770500 microseconds
Propagation time: 13770500 microseconds
Propagation time: 13770500 microseconds
Number of RK4 Steps in this track: 20
Number of RK4 Steps in this track: 20
Number of RK4 Steps in this track: 19
Number of RK4 Steps in this track: 20
Number of RK4 Steps in this track: 19
Number of RK4 Steps in this track: 21
Number of RK4 Steps in this track: 21
Number of RK4 Steps in this track: 19
Number of RK4 Steps in this track: 20
Number of RK4 Steps in this track: 20
Number of RK4 Steps in this track: 18
Number of RK4 Steps in this track: 20
Number of RK4 Steps in this track: 19
Number of RK4 Steps in this track: 21
Number of RK4 Steps in this track: 21
Number of RK4 Steps in this track: 21
Number of RK4 Steps in this track: 21
Number of RK4 Steps in this track: 19
Number of RK4 Steps in this track: 20
Number of RK4 Steps in this track: 20
Number of RK4 Steps in this track: 20
Number of RK4 Steps in this track: 20
Number of RK4 Steps in this track: 20
Number of RK4 Steps in this track: 19
Number of RK4 Steps in this track: 19
Number of RK4 Steps in this track: 21
Number of RK4 Steps in this track: 20
Number of RK4 Steps in this track: 20
Number of RK4 Steps in this track: 21
Number of RK4 Steps in this track: 20
Number of RK4 Steps in this track: 20
Number of RK4 Steps in this track: 19
Number of RK4 Steps in this track: 20
Number of RK4 Steps in this track: 18
Number of RK4 Steps in this track: 21
Number of RK4 Steps in this track: 19
Number of RK4 Steps in this track: 18
Number of RK4 Steps in this track: 20
Number of RK4 Steps in this track: 19
Number of RK4 Steps in this track: 20
Number of RK4 Steps in this track: 21
Number of RK4 Steps in this track: 20
Number of RK4 Steps in this track: 21
Number of RK4 Steps in this track: 20
Number of RK4 Steps in this track: 20
Number of RK4 Steps in this track: 21
Number of RK4 Steps in this track: 21
Number of RK4 Steps in this track: 21
Number of RK4 Steps in this track: 21
Number of RK4 Steps in this track: 19
Number of RK4 Steps in this track: 21
Number of RK4 Steps in this track: 21
Number of RK4 Steps in this track: 20
Number of RK4 Steps in this track: 19
Number of RK4 Steps in this track: 20
Number of RK4 Steps in this track: 20
Number of RK4 Steps in this track: 21
Number of RK4 Steps in this track: 20
Number of RK4 Steps in this track: 19
Number of RK4 Steps in this track: 19
Number of RK4 Steps in this track: 21
Number of RK4 Steps in this track: 20
Number of RK4 Steps in this track: 20
Number of RK4 Steps in this track: 20
Number of RK4 Steps in this track: 18
Number of RK4 Steps in this track: 17
Number of RK4 Steps in this track: 20
Number of RK4 Steps in this track: 19
Number of RK4 Steps in this track: 20
Number of RK4 Steps in this track: 19
Number of RK4 Steps in this track: 19
Number of RK4 Steps in this track: 20
Number of RK4 Steps in this track: 19
Number of RK4 Steps in this track: 19
Number of RK4 Steps in this track: 20
Number of RK4 Steps in this track: 20
Number of RK4 Steps in this track: 18
Number of RK4 Steps in this track: 21
Number of RK4 Steps in this track: 20
Number of RK4 Steps in this track: 20
Number of RK4 Steps in this track: 19
Number of RK4 Steps in this track: 21
Number of RK4 Steps in this track: 19
Number of RK4 Steps in this track: 20
Number of RK4 Steps in this track: 21
Number of RK4 Steps in this track: 20
Number of RK4 Steps in this track: 18
Number of RK4 Steps in this track: 20
Number of RK4 Steps in this track: 19
Number of RK4 Steps in this track: 21
Number of RK4 Steps in this track: 18
Number of RK4 Steps in this track: 19
Number of RK4 Steps in this track: 19
Number of RK4 Steps in this track: 18
Number of RK4 Steps in this track: 20
Number of RK4 Steps in this track: 21
Propagation time: 13887454 microseconds
Propagation time: 13887454 microseconds
Propagation time: 13887454 microseconds
Propagation time: 13887454 microseconds
Propagation time: 13887454 microseconds
Propagation time: 13887454 microseconds
Propagation time: 13887454 microseconds
Propagation time: 13887454 microseconds
Propagation time: 13887454 microseconds
Propagation time: 13887454 microseconds
Propagation time: 13887454 microseconds
Propagation time: 13887454 microseconds
Propagation time: 13887454 microseconds
Propagation time: 13887454 microseconds
Propagation time: 13887454 microseconds
Propagation time: 13887454 microseconds
Propagation time: 13887454 microseconds
Propagation time: 13887454 microseconds
Propagation time: 13887454 microseconds
Propagation time: 13887454 microseconds
Propagation time: 13887454 microseconds
Propagation time: 13887454 microseconds
Propagation time: 13887454 microseconds
Propagation time: 13887454 microseconds
Propagation time: 13887454 microseconds
Propagation time: 13887454 microseconds
Propagation time: 13887454 microseconds
Propagation time: 13887454 microseconds
Propagation time: 13887454 microseconds
Propagation time: 13887454 microseconds
Propagation time: 13887454 microseconds
Propagation time: 13887454 microseconds
Number of RK4 Steps in this track: 21
Number of RK4 Steps in this track: 20
Number of RK4 Steps in this track: 20
Number of RK4 Steps in this track: 21
Number of RK4 Steps in this track: 19
Number of RK4 Steps in this track: 21
Number of RK4 Steps in this track: 20
Number of RK4 Steps in this track: 18
Number of RK4 Steps in this track: 18
Number of RK4 Steps in this track: 19
Number of RK4 Steps in this track: 20
Number of RK4 Steps in this track: 18
Number of RK4 Steps in this track: 19
Number of RK4 Steps in this track: 20
Number of RK4 Steps in this track: 20
Number of RK4 Steps in this track: 17
Number of RK4 Steps in this track: 19
Number of RK4 Steps in this track: 21
Number of RK4 Steps in this track: 20
Number of RK4 Steps in this track: 18
Number of RK4 Steps in this track: 20
Number of RK4 Steps in this track: 19
Number of RK4 Steps in this track: 19
Number of RK4 Steps in this track: 20
Number of RK4 Steps in this track: 20
Number of RK4 Steps in this track: 19
Number of RK4 Steps in this track: 21
Number of RK4 Steps in this track: 18
Number of RK4 Steps in this track: 20
Number of RK4 Steps in this track: 19
Number of RK4 Steps in this track: 20
Number of RK4 Steps in this track: 20
Propagation time: 14129344 microseconds
Propagation time: 14129344 microseconds
Propagation time: 14129344 microseconds
Propagation time: 14129344 microseconds
Propagation time: 14129344 microseconds
Propagation time: 14129344 microseconds
Propagation time: 14129344 microseconds
Propagation time: 14129344 microseconds
Propagation time: 14129344 microseconds
Propagation time: 14129344 microseconds
Propagation time: 14129344 microseconds
Propagation time: 14129344 microseconds
Propagation time: 14129344 microseconds
Propagation time: 14129344 microseconds
Propagation time: 14129344 microseconds
Propagation time: 14129344 microseconds
Propagation time: 14129344 microseconds
Propagation time: 14129344 microseconds
Propagation time: 14129344 microseconds
Propagation time: 14129344 microseconds
Propagation time: 14129344 microseconds
Propagation time: 14129344 microseconds
Propagation time: 14129344 microseconds
Propagation time: 14129344 microseconds
Propagation time: 14129344 microseconds
Propagation time: 14129344 microseconds
Propagation time: 14129344 microseconds
Propagation time: 14129344 microseconds
Propagation time: 14129344 microseconds
Propagation time: 14129344 microseconds
Propagation time: 14129344 microseconds
Propagation time: 14129344 microseconds
Propagation time: 14178867 microseconds
Propagation time: 14178867 microseconds
Propagation time: 14178867 microseconds
Propagation time: 14178867 microseconds
Propagation time: 14178867 microseconds
Propagation time: 14178867 microseconds
Propagation time: 14178867 microseconds
Propagation time: 14178867 microseconds
Propagation time: 14178867 microseconds
Propagation time: 14178867 microseconds
Propagation time: 14178867 microseconds
Propagation time: 14178867 microseconds
Propagation time: 14178867 microseconds
Propagation time: 14178867 microseconds
Propagation time: 14178867 microseconds
Propagation time: 14178867 microseconds
Propagation time: 14178867 microseconds
Propagation time: 14178867 microseconds
Propagation time: 14178867 microseconds
Propagation time: 14178867 microseconds
Propagation time: 14178867 microseconds
Propagation time: 14178867 microseconds
Propagation time: 14178867 microseconds
Propagation time: 14178867 microseconds
Propagation time: 14178867 microseconds
Propagation time: 14178867 microseconds
Propagation time: 14178867 microseconds
Propagation time: 14178867 microseconds
Propagation time: 14178867 microseconds
Propagation time: 14178867 microseconds
Propagation time: 14178867 microseconds
Propagation time: 14178867 microseconds
Number of RK4 Steps in this track: 20
Number of RK4 Steps in this track: 21
Number of RK4 Steps in this track: 21
Number of RK4 Steps in this track: 18
Number of RK4 Steps in this track: 20
Number of RK4 Steps in this track: 20
Number of RK4 Steps in this track: 20
Number of RK4 Steps in this track: 20
Number of RK4 Steps in this track: 19
Number of RK4 Steps in this track: 21
Number of RK4 Steps in this track: 20
Number of RK4 Steps in this track: 21
Number of RK4 Steps in this track: 19
Number of RK4 Steps in this track: 18
Number of RK4 Steps in this track: 20
Number of RK4 Steps in this track: 19
Number of RK4 Steps in this track: 20
Number of RK4 Steps in this track: 21
Number of RK4 Steps in this track: 20
Number of RK4 Steps in this track: 20
Number of RK4 Steps in this track: 19
Number of RK4 Steps in this track: 20
Number of RK4 Steps in this track: 18
Number of RK4 Steps in this track: 20
Number of RK4 Steps in this track: 20
Number of RK4 Steps in this track: 21
Number of RK4 Steps in this track: 20
Number of RK4 Steps in this track: 20
Number of RK4 Steps in this track: 18
Number of RK4 Steps in this track: 21
Number of RK4 Steps in this track: 20
Number of RK4 Steps in this track: 19
Number of RK4 Steps in this track: 20
Number of RK4 Steps in this track: 19
Number of RK4 Steps in this track: 19
Number of RK4 Steps in this track: 21
Number of RK4 Steps in this track: 18
Number of RK4 Steps in this track: 20
Number of RK4 Steps in this track: 20
Number of RK4 Steps in this track: 20
Number of RK4 Steps in this track: 19
Number of RK4 Steps in this track: 20
Number of RK4 Steps in this track: 21
Number of RK4 Steps in this track: 20
Number of RK4 Steps in this track: 21
Number of RK4 Steps in this track: 20
Number of RK4 Steps in this track: 21
Number of RK4 Steps in this track: 19
Number of RK4 Steps in this track: 20
Number of RK4 Steps in this track: 21
Number of RK4 Steps in this track: 20
Number of RK4 Steps in this track: 19
Number of RK4 Steps in this track: 20
Number of RK4 Steps in this track: 21
Number of RK4 Steps in this track: 20
Number of RK4 Steps in this track: 19
Number of RK4 Steps in this track: 20
Number of RK4 Steps in this track: 19
Number of RK4 Steps in this track: 20
Number of RK4 Steps in this track: 18
Number of RK4 Steps in this track: 20
Number of RK4 Steps in this track: 18
Number of RK4 Steps in this track: 21
Number of RK4 Steps in this track: 20
Propagation time: 14389965 microseconds
Propagation time: 14389965 microseconds
Propagation time: 14389965 microseconds
Propagation time: 14389965 microseconds
Propagation time: 14389965 microseconds
Propagation time: 14389965 microseconds
Propagation time: 14389965 microseconds
Propagation time: 14389965 microseconds
Propagation time: 14389965 microseconds
Propagation time: 14389965 microseconds
Propagation time: 14389965 microseconds
Propagation time: 14389965 microseconds
Propagation time: 14389965 microseconds
Propagation time: 14389965 microseconds
Propagation time: 14389965 microseconds
Propagation time: 14389965 microseconds
Propagation time: 14389965 microseconds
Propagation time: 14389965 microseconds
Propagation time: 14389965 microseconds
Propagation time: 14389965 microseconds
Propagation time: 14389965 microseconds
Propagation time: 14389965 microseconds
Propagation time: 14389965 microseconds
Propagation time: 14389965 microseconds
Propagation time: 14389965 microseconds
Propagation time: 14389965 microseconds
Propagation time: 14389965 microseconds
Propagation time: 14389965 microseconds
Propagation time: 14389965 microseconds
Propagation time: 14389965 microseconds
Propagation time: 14389965 microseconds
Propagation time: 14389965 microseconds
Number of RK4 Steps in this track: 20
Number of RK4 Steps in this track: 19
Number of RK4 Steps in this track: 21
Number of RK4 Steps in this track: 21
Number of RK4 Steps in this track: 18
Number of RK4 Steps in this track: 20
Number of RK4 Steps in this track: 20
Number of RK4 Steps in this track: 18
Number of RK4 Steps in this track: 20
Number of RK4 Steps in this track: 18
Number of RK4 Steps in this track: 21
Number of RK4 Steps in this track: 19
Number of RK4 Steps in this track: 19
Number of RK4 Steps in this track: 20
Number of RK4 Steps in this track: 21
Number of RK4 Steps in this track: 20
Number of RK4 Steps in this track: 20
Number of RK4 Steps in this track: 21
Number of RK4 Steps in this track: 19
Number of RK4 Steps in this track: 19
Number of RK4 Steps in this track: 20
Number of RK4 Steps in this track: 21
Number of RK4 Steps in this track: 19
Number of RK4 Steps in this track: 19
Number of RK4 Steps in this track: 19
Number of RK4 Steps in this track: 19
Number of RK4 Steps in this track: 19
Number of RK4 Steps in this track: 19
Number of RK4 Steps in this track: 20
Number of RK4 Steps in this track: 20
Number of RK4 Steps in this track: 21
Number of RK4 Steps in this track: 18
Propagation time: 14606095 microseconds
Propagation time: 14606095 microseconds
Propagation time: 14606095 microseconds
Propagation time: 14606095 microseconds
Propagation time: 14606095 microseconds
Propagation time: 14606095 microseconds
Propagation time: 14606095 microseconds
Propagation time: 14606095 microseconds
Propagation time: 14606095 microseconds
Propagation time: 14606095 microseconds
Propagation time: 14606095 microseconds
Propagation time: 14606095 microseconds
Propagation time: 14606095 microseconds
Propagation time: 14606095 microseconds
Propagation time: 14606095 microseconds
Propagation time: 14606095 microseconds
Propagation time: 14606095 microseconds
Propagation time: 14606095 microseconds
Propagation time: 14606095 microseconds
Propagation time: 14606095 microseconds
Propagation time: 14606095 microseconds
Propagation time: 14606095 microseconds
Propagation time: 14606095 microseconds
Propagation time: 14606095 microseconds
Propagation time: 14606095 microseconds
Propagation time: 14606095 microseconds
Propagation time: 14606095 microseconds
Propagation time: 14606095 microseconds
Propagation time: 14606095 microseconds
Propagation time: 14606095 microseconds
Propagation time: 14606095 microseconds
Propagation time: 14606095 microseconds
Propagation time: 14621019 microseconds
Propagation time: 14621019 microseconds
Propagation time: 14621019 microseconds
Propagation time: 14621019 microseconds
Propagation time: 14621019 microseconds
Propagation time: 14621019 microseconds
Propagation time: 14621019 microseconds
Propagation time: 14621019 microseconds
Propagation time: 14621019 microseconds
Propagation time: 14621019 microseconds
Propagation time: 14621019 microseconds
Propagation time: 14621019 microseconds
Propagation time: 14621019 microseconds
Propagation time: 14621019 microseconds
Propagation time: 14621019 microseconds
Propagation time: 14621019 microseconds
Propagation time: 14621019 microseconds
Propagation time: 14621019 microseconds
Propagation time: 14621019 microseconds
Propagation time: 14621019 microseconds
Propagation time: 14621019 microseconds
Propagation time: 14621019 microseconds
Propagation time: 14621019 microseconds
Propagation time: 14621019 microseconds
Propagation time: 14621019 microseconds
Propagation time: 14621019 microseconds
Propagation time: 14621019 microseconds
Propagation time: 14621019 microseconds
Propagation time: 14621019 microseconds
Propagation time: 14621019 microseconds
Propagation time: 14621019 microseconds
Propagation time: 14621019 microseconds
Propagation time: 14639593 microseconds
Propagation time: 14639593 microseconds
Propagation time: 14639593 microseconds
Propagation time: 14639593 microseconds
Propagation time: 14639593 microseconds
Propagation time: 14639593 microseconds
Propagation time: 14639593 microseconds
Propagation time: 14639593 microseconds
Propagation time: 14639593 microseconds
Propagation time: 14639593 microseconds
Propagation time: 14639593 microseconds
Propagation time: 14639593 microseconds
Propagation time: 14639593 microseconds
Propagation time: 14639593 microseconds
Propagation time: 14639593 microseconds
Propagation time: 14639593 microseconds
Propagation time: 14639593 microseconds
Propagation time: 14639593 microseconds
Propagation time: 14639593 microseconds
Propagation time: 14639593 microseconds
Propagation time: 14639593 microseconds
Propagation time: 14639593 microseconds
Propagation time: 14639593 microseconds
Propagation time: 14639593 microseconds
Propagation time: 14639593 microseconds
Propagation time: 14639593 microseconds
Propagation time: 14639593 microseconds
Propagation time: 14639593 microseconds
Propagation time: 14639593 microseconds
Propagation time: 14639593 microseconds
Propagation time: 14639593 microseconds
Propagation time: 14639593 microseconds
Number of RK4 Steps in this track: 20
Number of RK4 Steps in this track: 20
Number of RK4 Steps in this track: 20
Number of RK4 Steps in this track: 21
Number of RK4 Steps in this track: 21
Number of RK4 Steps in this track: 20
Number of RK4 Steps in this track: 21
Number of RK4 Steps in this track: 20
Number of RK4 Steps in this track: 18
Number of RK4 Steps in this track: 19
Number of RK4 Steps in this track: 20
Number of RK4 Steps in this track: 19
Number of RK4 Steps in this track: 20
Number of RK4 Steps in this track: 18
Number of RK4 Steps in this track: 21
Number of RK4 Steps in this track: 20
Number of RK4 Steps in this track: 17
Number of RK4 Steps in this track: 19
Number of RK4 Steps in this track: 19
Number of RK4 Steps in this track: 19
Number of RK4 Steps in this track: 19
Number of RK4 Steps in this track: 19
Number of RK4 Steps in this track: 20
Number of RK4 Steps in this track: 21
Number of RK4 Steps in this track: 19
Number of RK4 Steps in this track: 20
Number of RK4 Steps in this track: 19
Number of RK4 Steps in this track: 19
Number of RK4 Steps in this track: 20
Number of RK4 Steps in this track: 18
Number of RK4 Steps in this track: 21
Number of RK4 Steps in this track: 19
Number of RK4 Steps in this track: 20
Number of RK4 Steps in this track: 20
Number of RK4 Steps in this track: 18
Number of RK4 Steps in this track: 20
Number of RK4 Steps in this track: 20
Number of RK4 Steps in this track: 19
Number of RK4 Steps in this track: 21
Number of RK4 Steps in this track: 20
Number of RK4 Steps in this track: 17
Number of RK4 Steps in this track: 19
Number of RK4 Steps in this track: 19
Number of RK4 Steps in this track: 18
Number of RK4 Steps in this track: 20
Number of RK4 Steps in this track: 18
Number of RK4 Steps in this track: 20
Number of RK4 Steps in this track: 19
Number of RK4 Steps in this track: 20
Number of RK4 Steps in this track: 20
Number of RK4 Steps in this track: 21
Number of RK4 Steps in this track: 20
Number of RK4 Steps in this track: 21
Number of RK4 Steps in this track: 21
Number of RK4 Steps in this track: 19
Number of RK4 Steps in this track: 19
Number of RK4 Steps in this track: 17
Number of RK4 Steps in this track: 18
Number of RK4 Steps in this track: 19
Number of RK4 Steps in this track: 20
Number of RK4 Steps in this track: 19
Number of RK4 Steps in this track: 19
Number of RK4 Steps in this track: 19
Number of RK4 Steps in this track: 21
Number of RK4 Steps in this track: 21
Number of RK4 Steps in this track: 18
Number of RK4 Steps in this track: 20
Number of RK4 Steps in this track: 20
Number of RK4 Steps in this track: 20
Number of RK4 Steps in this track: 18
Number of RK4 Steps in this track: 20
Number of RK4 Steps in this track: 19
Number of RK4 Steps in this track: 20
Number of RK4 Steps in this track: 17
Number of RK4 Steps in this track: 17
Number of RK4 Steps in this track: 21
Number of RK4 Steps in this track: 20
Number of RK4 Steps in this track: 21
Number of RK4 Steps in this track: 19
Number of RK4 Steps in this track: 21
Number of RK4 Steps in this track: 19
Number of RK4 Steps in this track: 21
Number of RK4 Steps in this track: 19
Number of RK4 Steps in this track: 20
Number of RK4 Steps in this track: 20
Number of RK4 Steps in this track: 20
Number of RK4 Steps in this track: 20
Number of RK4 Steps in this track: 21
Number of RK4 Steps in this track: 21
Number of RK4 Steps in this track: 18
Number of RK4 Steps in this track: 21
Number of RK4 Steps in this track: 19
Number of RK4 Steps in this track: 19
Number of RK4 Steps in this track: 20
Number of RK4 Steps in this track: 21
Number of RK4 Steps in this track: 17
Propagation time: 14786219 microseconds
Propagation time: 14786219 microseconds
Propagation time: 14786219 microseconds
Propagation time: 14786219 microseconds
Propagation time: 14786219 microseconds
Propagation time: 14786219 microseconds
Propagation time: 14786219 microseconds
Propagation time: 14786219 microseconds
Propagation time: 14786219 microseconds
Propagation time: 14786219 microseconds
Propagation time: 14786219 microseconds
Propagation time: 14786219 microseconds
Propagation time: 14786219 microseconds
Propagation time: 14786219 microseconds
Propagation time: 14786219 microseconds
Propagation time: 14786219 microseconds
Propagation time: 14786219 microseconds
Propagation time: 14786219 microseconds
Propagation time: 14786219 microseconds
Propagation time: 14786219 microseconds
Propagation time: 14786219 microseconds
Propagation time: 14786219 microseconds
Propagation time: 14786219 microseconds
Propagation time: 14786219 microseconds
Propagation time: 14786219 microseconds
Propagation time: 14786219 microseconds
Propagation time: 14786219 microseconds
Propagation time: 14786219 microseconds
Propagation time: 14786219 microseconds
Propagation time: 14786219 microseconds
Propagation time: 14786219 microseconds
Propagation time: 14786219 microseconds
Number of RK4 Steps in this track: 19
Number of RK4 Steps in this track: 20
Number of RK4 Steps in this track: 20
Number of RK4 Steps in this track: 19
Number of RK4 Steps in this track: 21
Number of RK4 Steps in this track: 20
Number of RK4 Steps in this track: 20
Number of RK4 Steps in this track: 19
Number of RK4 Steps in this track: 20
Number of RK4 Steps in this track: 19
Number of RK4 Steps in this track: 21
Number of RK4 Steps in this track: 21
Number of RK4 Steps in this track: 21
Number of RK4 Steps in this track: 19
Number of RK4 Steps in this track: 19
Number of RK4 Steps in this track: 21
Number of RK4 Steps in this track: 20
Number of RK4 Steps in this track: 20
Number of RK4 Steps in this track: 20
Number of RK4 Steps in this track: 19
Number of RK4 Steps in this track: 20
Number of RK4 Steps in this track: 18
Number of RK4 Steps in this track: 19
Number of RK4 Steps in this track: 21
Number of RK4 Steps in this track: 20
Number of RK4 Steps in this track: 19
Number of RK4 Steps in this track: 21
Number of RK4 Steps in this track: 18
Number of RK4 Steps in this track: 19
Number of RK4 Steps in this track: 21
Number of RK4 Steps in this track: 21
Number of RK4 Steps in this track: 18
Propagation time: 15040182 microseconds
Propagation time: 15040182 microseconds
Propagation time: 15040182 microseconds
Propagation time: 15040182 microseconds
Propagation time: 15040182 microseconds
Propagation time: 15040182 microseconds
Propagation time: 15040182 microseconds
Propagation time: 15040182 microseconds
Propagation time: 15040182 microseconds
Propagation time: 15040182 microseconds
Propagation time: 15040182 microseconds
Propagation time: 15040182 microseconds
Propagation time: 15040182 microseconds
Propagation time: 15040182 microseconds
Propagation time: 15040182 microseconds
Propagation time: 15040182 microseconds
Propagation time: 15040182 microseconds
Propagation time: 15040182 microseconds
Propagation time: 15040182 microseconds
Propagation time: 15040182 microseconds
Propagation time: 15040182 microseconds
Propagation time: 15040182 microseconds
Propagation time: 15040182 microseconds
Propagation time: 15040182 microseconds
Propagation time: 15040182 microseconds
Propagation time: 15040182 microseconds
Propagation time: 15040182 microseconds
Propagation time: 15040182 microseconds
Propagation time: 15040182 microseconds
Propagation time: 15040182 microseconds
Propagation time: 15040182 microseconds
Propagation time: 15040182 microseconds
Propagation time: 15065188 microseconds
Propagation time: 15065188 microseconds
Propagation time: 15065188 microseconds
Propagation time: 15065188 microseconds
Propagation time: 15065188 microseconds
Propagation time: 15065188 microseconds
Propagation time: 15065188 microseconds
Propagation time: 15065188 microseconds
Propagation time: 15065188 microseconds
Propagation time: 15065188 microseconds
Propagation time: 15065188 microseconds
Propagation time: 15065188 microseconds
Propagation time: 15065188 microseconds
Propagation time: 15065188 microseconds
Propagation time: 15065188 microseconds
Propagation time: 15065188 microseconds
Propagation time: 15065188 microseconds
Propagation time: 15065188 microseconds
Propagation time: 15065188 microseconds
Propagation time: 15065188 microseconds
Propagation time: 15065188 microseconds
Propagation time: 15065188 microseconds
Propagation time: 15065188 microseconds
Propagation time: 15065188 microseconds
Propagation time: 15065188 microseconds
Propagation time: 15065188 microseconds
Propagation time: 15065188 microseconds
Propagation time: 15065188 microseconds
Propagation time: 15065188 microseconds
Propagation time: 15065188 microseconds
Propagation time: 15065188 microseconds
Propagation time: 15065188 microseconds
Propagation time: 15094399 microseconds
Propagation time: 15094399 microseconds
Propagation time: 15094399 microseconds
Propagation time: 15094399 microseconds
Propagation time: 15094399 microseconds
Propagation time: 15094399 microseconds
Propagation time: 15094399 microseconds
Propagation time: 15094399 microseconds
Propagation time: 15094399 microseconds
Propagation time: 15094399 microseconds
Propagation time: 15094399 microseconds
Propagation time: 15094399 microseconds
Propagation time: 15094399 microseconds
Propagation time: 15094399 microseconds
Propagation time: 15094399 microseconds
Propagation time: 15094399 microseconds
Propagation time: 15094399 microseconds
Propagation time: 15094399 microseconds
Propagation time: 15094399 microseconds
Propagation time: 15094399 microseconds
Propagation time: 15094399 microseconds
Propagation time: 15094399 microseconds
Propagation time: 15094399 microseconds
Propagation time: 15094399 microseconds
Propagation time: 15094399 microseconds
Propagation time: 15094399 microseconds
Propagation time: 15094399 microseconds
Propagation time: 15094399 microseconds
Propagation time: 15094399 microseconds
Propagation time: 15094399 microseconds
Propagation time: 15094399 microseconds
Propagation time: 15094399 microseconds
Number of RK4 Steps in this track: 19
Number of RK4 Steps in this track: 19
Number of RK4 Steps in this track: 19
Number of RK4 Steps in this track: 20
Number of RK4 Steps in this track: 21
Number of RK4 Steps in this track: 20
Number of RK4 Steps in this track: 19
Number of RK4 Steps in this track: 18
Number of RK4 Steps in this track: 20
Number of RK4 Steps in this track: 20
Number of RK4 Steps in this track: 20
Number of RK4 Steps in this track: 20
Number of RK4 Steps in this track: 19
Number of RK4 Steps in this track: 18
Number of RK4 Steps in this track: 18
Number of RK4 Steps in this track: 20
Number of RK4 Steps in this track: 19
Number of RK4 Steps in this track: 20
Number of RK4 Steps in this track: 19
Number of RK4 Steps in this track: 20
Number of RK4 Steps in this track: 21
Number of RK4 Steps in this track: 21
Number of RK4 Steps in this track: 19
Number of RK4 Steps in this track: 20
Number of RK4 Steps in this track: 20
Number of RK4 Steps in this track: 18
Number of RK4 Steps in this track: 19
Number of RK4 Steps in this track: 20
Number of RK4 Steps in this track: 21
Number of RK4 Steps in this track: 19
Number of RK4 Steps in this track: 19
Number of RK4 Steps in this track: 19
Number of RK4 Steps in this track: 21
Number of RK4 Steps in this track: 21
Number of RK4 Steps in this track: 20
Number of RK4 Steps in this track: 20
Number of RK4 Steps in this track: 20
Number of RK4 Steps in this track: 21
Number of RK4 Steps in this track: 20
Number of RK4 Steps in this track: 20
Number of RK4 Steps in this track: 20
Number of RK4 Steps in this track: 21
Number of RK4 Steps in this track: 20
Number of RK4 Steps in this track: 20
Number of RK4 Steps in this track: 20
Number of RK4 Steps in this track: 21
Number of RK4 Steps in this track: 20
Number of RK4 Steps in this track: 20
Number of RK4 Steps in this track: 19
Number of RK4 Steps in this track: 21
Number of RK4 Steps in this track: 20
Number of RK4 Steps in this track: 21
Number of RK4 Steps in this track: 17
Number of RK4 Steps in this track: 21
Number of RK4 Steps in this track: 20
Number of RK4 Steps in this track: 20
Number of RK4 Steps in this track: 19
Number of RK4 Steps in this track: 20
Number of RK4 Steps in this track: 20
Number of RK4 Steps in this track: 21
Number of RK4 Steps in this track: 20
Number of RK4 Steps in this track: 21
Number of RK4 Steps in this track: 17
Number of RK4 Steps in this track: 18
Propagation time: 15140297 microseconds
Propagation time: 15140297 microseconds
Propagation time: 15140297 microseconds
Propagation time: 15140297 microseconds
Propagation time: 15140297 microseconds
Propagation time: 15140297 microseconds
Propagation time: 15140297 microseconds
Propagation time: 15140297 microseconds
Propagation time: 15140297 microseconds
Propagation time: 15140297 microseconds
Propagation time: 15140297 microseconds
Propagation time: 15140297 microseconds
Propagation time: 15140297 microseconds
Propagation time: 15140297 microseconds
Propagation time: 15140297 microseconds
Propagation time: 15140297 microseconds
Propagation time: 15140297 microseconds
Propagation time: 15140297 microseconds
Propagation time: 15140297 microseconds
Propagation time: 15140297 microseconds
Propagation time: 15140297 microseconds
Propagation time: 15140297 microseconds
Propagation time: 15140297 microseconds
Propagation time: 15140297 microseconds
Propagation time: 15140297 microseconds
Propagation time: 15140297 microseconds
Propagation time: 15140297 microseconds
Propagation time: 15140297 microseconds
Propagation time: 15140297 microseconds
Propagation time: 15140297 microseconds
Propagation time: 15140297 microseconds
Propagation time: 15140297 microseconds
Number of RK4 Steps in this track: 17
Number of RK4 Steps in this track: 18
Number of RK4 Steps in this track: 18
Number of RK4 Steps in this track: 19
Number of RK4 Steps in this track: 20
Number of RK4 Steps in this track: 18
Number of RK4 Steps in this track: 17
Number of RK4 Steps in this track: 17
Number of RK4 Steps in this track: 19
Number of RK4 Steps in this track: 19
Number of RK4 Steps in this track: 19
Number of RK4 Steps in this track: 21
Number of RK4 Steps in this track: 20
Number of RK4 Steps in this track: 19
Number of RK4 Steps in this track: 20
Number of RK4 Steps in this track: 21
Number of RK4 Steps in this track: 18
Number of RK4 Steps in this track: 17
Number of RK4 Steps in this track: 19
Number of RK4 Steps in this track: 21
Number of RK4 Steps in this track: 20
Number of RK4 Steps in this track: 18
Number of RK4 Steps in this track: 20
Number of RK4 Steps in this track: 20
Number of RK4 Steps in this track: 17
Number of RK4 Steps in this track: 19
Number of RK4 Steps in this track: 19
Number of RK4 Steps in this track: 19
Number of RK4 Steps in this track: 20
Number of RK4 Steps in this track: 19
Number of RK4 Steps in this track: 20
Number of RK4 Steps in this track: 19
Propagation time: 15196700 microseconds
Propagation time: 15196700 microseconds
Propagation time: 15196700 microseconds
Propagation time: 15196700 microseconds
Propagation time: 15196700 microseconds
Propagation time: 15196700 microseconds
Propagation time: 15196700 microseconds
Propagation time: 15196700 microseconds
Propagation time: 15196700 microseconds
Propagation time: 15196700 microseconds
Propagation time: 15196700 microseconds
Propagation time: 15196700 microseconds
Propagation time: 15196700 microseconds
Propagation time: 15196700 microseconds
Propagation time: 15196700 microseconds
Propagation time: 15196700 microseconds
Propagation time: 15196700 microseconds
Propagation time: 15196700 microseconds
Propagation time: 15196700 microseconds
Propagation time: 15196700 microseconds
Propagation time: 15196700 microseconds
Propagation time: 15196700 microseconds
Propagation time: 15196700 microseconds
Propagation time: 15196700 microseconds
Propagation time: 15196700 microseconds
Propagation time: 15196700 microseconds
Propagation time: 15196700 microseconds
Propagation time: 15196700 microseconds
Propagation time: 15196700 microseconds
Propagation time: 15196700 microseconds
Propagation time: 15196700 microseconds
Propagation time: 15196700 microseconds
Number of RK4 Steps in this track: 18
Number of RK4 Steps in this track: 21
Number of RK4 Steps in this track: 20
Number of RK4 Steps in this track: 20
Number of RK4 Steps in this track: 20
Number of RK4 Steps in this track: 20
Number of RK4 Steps in this track: 20
Number of RK4 Steps in this track: 19
Number of RK4 Steps in this track: 19
Number of RK4 Steps in this track: 19
Number of RK4 Steps in this track: 20
Number of RK4 Steps in this track: 19
Number of RK4 Steps in this track: 20
Number of RK4 Steps in this track: 20
Number of RK4 Steps in this track: 19
Number of RK4 Steps in this track: 19
Number of RK4 Steps in this track: 21
Number of RK4 Steps in this track: 19
Number of RK4 Steps in this track: 21
Number of RK4 Steps in this track: 18
Number of RK4 Steps in this track: 17
Number of RK4 Steps in this track: 19
Number of RK4 Steps in this track: 20
Number of RK4 Steps in this track: 20
Number of RK4 Steps in this track: 20
Number of RK4 Steps in this track: 20
Number of RK4 Steps in this track: 20
Number of RK4 Steps in this track: 20
Number of RK4 Steps in this track: 20
Number of RK4 Steps in this track: 21
Number of RK4 Steps in this track: 21
Number of RK4 Steps in this track: 19
Number of RK4 Steps in this track: 20
Number of RK4 Steps in this track: 19
Number of RK4 Steps in this track: 17
Number of RK4 Steps in this track: 18
Number of RK4 Steps in this track: 20
Number of RK4 Steps in this track: 21
Number of RK4 Steps in this track: 19
Number of RK4 Steps in this track: 20
Number of RK4 Steps in this track: 20
Number of RK4 Steps in this track: 20
Number of RK4 Steps in this track: 19
Number of RK4 Steps in this track: 21
Number of RK4 Steps in this track: 19
Number of RK4 Steps in this track: 21
Number of RK4 Steps in this track: 19
Number of RK4 Steps in this track: 19
Number of RK4 Steps in this track: 21
Number of RK4 Steps in this track: 20
Number of RK4 Steps in this track: 20
Number of RK4 Steps in this track: 19
Number of RK4 Steps in this track: 19
Number of RK4 Steps in this track: 21
Number of RK4 Steps in this track: 19
Number of RK4 Steps in this track: 20
Number of RK4 Steps in this track: 19
Number of RK4 Steps in this track: 19
Number of RK4 Steps in this track: 21
Number of RK4 Steps in this track: 19
Number of RK4 Steps in this track: 20
Number of RK4 Steps in this track: 21
Number of RK4 Steps in this track: 20
Number of RK4 Steps in this track: 19
Propagation time: 15380631 microseconds
Propagation time: 15380631 microseconds
Propagation time: 15380631 microseconds
Propagation time: 15380631 microseconds
Propagation time: 15380631 microseconds
Propagation time: 15380631 microseconds
Propagation time: 15380631 microseconds
Propagation time: 15380631 microseconds
Propagation time: 15380631 microseconds
Propagation time: 15380631 microseconds
Propagation time: 15380631 microseconds
Propagation time: 15380631 microseconds
Propagation time: 15380631 microseconds
Propagation time: 15380631 microseconds
Propagation time: 15380631 microseconds
Propagation time: 15380631 microseconds
Propagation time: 15380631 microseconds
Propagation time: 15380631 microseconds
Propagation time: 15380631 microseconds
Propagation time: 15380631 microseconds
Propagation time: 15380631 microseconds
Propagation time: 15380631 microseconds
Propagation time: 15380631 microseconds
Propagation time: 15380631 microseconds
Propagation time: 15380631 microseconds
Propagation time: 15380631 microseconds
Propagation time: 15380631 microseconds
Propagation time: 15380631 microseconds
Propagation time: 15380631 microseconds
Propagation time: 15380631 microseconds
Propagation time: 15380631 microseconds
Propagation time: 15380631 microseconds
Number of RK4 Steps in this track: 20
Number of RK4 Steps in this track: 19
Number of RK4 Steps in this track: 19
Number of RK4 Steps in this track: 20
Number of RK4 Steps in this track: 21
Number of RK4 Steps in this track: 20
Number of RK4 Steps in this track: 20
Number of RK4 Steps in this track: 19
Number of RK4 Steps in this track: 18
Number of RK4 Steps in this track: 20
Number of RK4 Steps in this track: 18
Number of RK4 Steps in this track: 18
Number of RK4 Steps in this track: 21
Number of RK4 Steps in this track: 20
Number of RK4 Steps in this track: 17
Number of RK4 Steps in this track: 20
Number of RK4 Steps in this track: 18
Number of RK4 Steps in this track: 20
Number of RK4 Steps in this track: 21
Number of RK4 Steps in this track: 19
Number of RK4 Steps in this track: 21
Number of RK4 Steps in this track: 20
Number of RK4 Steps in this track: 20
Number of RK4 Steps in this track: 20
Number of RK4 Steps in this track: 20
Number of RK4 Steps in this track: 20
Number of RK4 Steps in this track: 21
Number of RK4 Steps in this track: 19
Number of RK4 Steps in this track: 21
Number of RK4 Steps in this track: 20
Number of RK4 Steps in this track: 21
Number of RK4 Steps in this track: 20
Propagation time: 15773880 microseconds
Propagation time: 15773880 microseconds
Propagation time: 15773880 microseconds
Propagation time: 15773880 microseconds
Propagation time: 15773880 microseconds
Propagation time: 15773880 microseconds
Propagation time: 15773880 microseconds
Propagation time: 15773880 microseconds
Propagation time: 15773880 microseconds
Propagation time: 15773880 microseconds
Propagation time: 15773880 microseconds
Propagation time: 15773880 microseconds
Propagation time: 15773880 microseconds
Propagation time: 15773880 microseconds
Propagation time: 15773880 microseconds
Propagation time: 15773880 microseconds
Propagation time: 15773880 microseconds
Propagation time: 15773880 microseconds
Propagation time: 15773880 microseconds
Propagation time: 15773880 microseconds
Propagation time: 15773880 microseconds
Propagation time: 15773880 microseconds
Propagation time: 15773880 microseconds
Propagation time: 15773880 microseconds
Propagation time: 15773880 microseconds
Propagation time: 15773880 microseconds
Propagation time: 15773880 microseconds
Propagation time: 15773880 microseconds
Propagation time: 15773880 microseconds
Propagation time: 15773880 microseconds
Propagation time: 15773880 microseconds
Propagation time: 15773880 microseconds
Number of RK4 Steps in this track: 20
Number of RK4 Steps in this track: 20
Number of RK4 Steps in this track: 19
Number of RK4 Steps in this track: 20
Number of RK4 Steps in this track: 19
Number of RK4 Steps in this track: 21
Number of RK4 Steps in this track: 17
Number of RK4 Steps in this track: 17
Number of RK4 Steps in this track: 20
Number of RK4 Steps in this track: 20
Number of RK4 Steps in this track: 20
Number of RK4 Steps in this track: 19
Number of RK4 Steps in this track: 20
Number of RK4 Steps in this track: 19
Number of RK4 Steps in this track: 19
Number of RK4 Steps in this track: 17
Number of RK4 Steps in this track: 19
Number of RK4 Steps in this track: 20
Number of RK4 Steps in this track: 20
Number of RK4 Steps in this track: 21
Number of RK4 Steps in this track: 19
Number of RK4 Steps in this track: 19
Number of RK4 Steps in this track: 18
Number of RK4 Steps in this track: 20
Number of RK4 Steps in this track: 19
Number of RK4 Steps in this track: 21
Number of RK4 Steps in this track: 21
Number of RK4 Steps in this track: 19
Number of RK4 Steps in this track: 20
Number of RK4 Steps in this track: 21
Number of RK4 Steps in this track: 21
Number of RK4 Steps in this track: 21
Propagation time: 15948643 microseconds
Propagation time: 15948643 microseconds
Propagation time: 15948643 microseconds
Propagation time: 15948643 microseconds
Propagation time: 15948643 microseconds
Propagation time: 15948643 microseconds
Propagation time: 15948643 microseconds
Propagation time: 15948643 microseconds
Propagation time: 15948643 microseconds
Propagation time: 15948643 microseconds
Propagation time: 15948643 microseconds
Propagation time: 15948643 microseconds
Propagation time: 15948643 microseconds
Propagation time: 15948643 microseconds
Propagation time: 15948643 microseconds
Propagation time: 15948643 microseconds
Propagation time: 15948643 microseconds
Propagation time: 15948643 microseconds
Propagation time: 15948643 microseconds
Propagation time: 15948643 microseconds
Propagation time: 15948643 microseconds
Propagation time: 15948643 microseconds
Propagation time: 15948643 microseconds
Propagation time: 15948643 microseconds
Propagation time: 15948643 microseconds
Propagation time: 15948643 microseconds
Propagation time: 15948643 microseconds
Propagation time: 15948643 microseconds
Propagation time: 15948643 microseconds
Propagation time: 15948643 microseconds
Propagation time: 15948643 microseconds
Propagation time: 15948643 microseconds
Propagation time: 15997794 microseconds
Propagation time: 15997794 microseconds
Propagation time: 15997794 microseconds
Propagation time: 15997794 microseconds
Propagation time: 15997794 microseconds
Propagation time: 15997794 microseconds
Propagation time: 15997794 microseconds
Propagation time: 15997794 microseconds
Propagation time: 15997794 microseconds
Propagation time: 15997794 microseconds
Propagation time: 15997794 microseconds
Propagation time: 15997794 microseconds
Propagation time: 15997794 microseconds
Propagation time: 15997794 microseconds
Propagation time: 15997794 microseconds
Propagation time: 15997794 microseconds
Propagation time: 15997794 microseconds
Propagation time: 15997794 microseconds
Propagation time: 15997794 microseconds
Propagation time: 15997794 microseconds
Propagation time: 15997794 microseconds
Propagation time: 15997794 microseconds
Propagation time: 15997794 microseconds
Propagation time: 15997794 microseconds
Propagation time: 15997794 microseconds
Propagation time: 15997794 microseconds
Propagation time: 15997794 microseconds
Propagation time: 15997794 microseconds
Propagation time: 15997794 microseconds
Propagation time: 15997794 microseconds
Propagation time: 15997794 microseconds
Propagation time: 15997794 microseconds
Number of RK4 Steps in this track: 20
Number of RK4 Steps in this track: 21
Number of RK4 Steps in this track: 19
Number of RK4 Steps in this track: 21
Number of RK4 Steps in this track: 20
Number of RK4 Steps in this track: 20
Number of RK4 Steps in this track: 19
Number of RK4 Steps in this track: 20
Number of RK4 Steps in this track: 20
Number of RK4 Steps in this track: 20
Number of RK4 Steps in this track: 20
Number of RK4 Steps in this track: 21
Number of RK4 Steps in this track: 18
Number of RK4 Steps in this track: 20
Number of RK4 Steps in this track: 21
Number of RK4 Steps in this track: 19
Number of RK4 Steps in this track: 21
Number of RK4 Steps in this track: 19
Number of RK4 Steps in this track: 19
Number of RK4 Steps in this track: 19
Number of RK4 Steps in this track: 20
Number of RK4 Steps in this track: 21
Number of RK4 Steps in this track: 19
Number of RK4 Steps in this track: 20
Number of RK4 Steps in this track: 20
Number of RK4 Steps in this track: 18
Number of RK4 Steps in this track: 20
Number of RK4 Steps in this track: 20
Number of RK4 Steps in this track: 19
Number of RK4 Steps in this track: 20
Number of RK4 Steps in this track: 17
Number of RK4 Steps in this track: 21
Propagation time: 16035856 microseconds
Propagation time: 16035856 microseconds
Propagation time: 16035856 microseconds
Propagation time: 16035856 microseconds
Propagation time: 16035856 microseconds
Propagation time: 16035856 microseconds
Propagation time: 16035856 microseconds
Propagation time: 16035856 microseconds
Propagation time: 16035856 microseconds
Propagation time: 16035856 microseconds
Propagation time: 16035856 microseconds
Propagation time: 16035856 microseconds
Propagation time: 16035856 microseconds
Propagation time: 16035856 microseconds
Propagation time: 16035856 microseconds
Propagation time: 16035856 microseconds
Propagation time: 16035856 microseconds
Propagation time: 16035856 microseconds
Propagation time: 16035856 microseconds
Propagation time: 16035856 microseconds
Propagation time: 16035856 microseconds
Propagation time: 16035856 microseconds
Propagation time: 16035856 microseconds
Propagation time: 16035856 microseconds
Propagation time: 16035856 microseconds
Propagation time: 16035856 microseconds
Propagation time: 16035856 microseconds
Propagation time: 16035856 microseconds
Propagation time: 16035856 microseconds
Propagation time: 16035856 microseconds
Propagation time: 16035856 microseconds
Propagation time: 16035856 microseconds
Propagation time: 16048970 microseconds
Propagation time: 16048970 microseconds
Propagation time: 16048970 microseconds
Propagation time: 16048970 microseconds
Propagation time: 16048970 microseconds
Propagation time: 16048970 microseconds
Propagation time: 16048970 microseconds
Propagation time: 16048970 microseconds
Propagation time: 16048970 microseconds
Propagation time: 16048970 microseconds
Propagation time: 16048970 microseconds
Propagation time: 16048970 microseconds
Propagation time: 16048970 microseconds
Propagation time: 16048970 microseconds
Propagation time: 16048970 microseconds
Propagation time: 16048970 microseconds
Propagation time: 16048970 microseconds
Propagation time: 16048970 microseconds
Propagation time: 16048970 microseconds
Propagation time: 16048970 microseconds
Propagation time: 16048970 microseconds
Propagation time: 16048970 microseconds
Propagation time: 16048970 microseconds
Propagation time: 16048970 microseconds
Propagation time: 16048970 microseconds
Propagation time: 16048970 microseconds
Propagation time: 16048970 microseconds
Propagation time: 16048970 microseconds
Propagation time: 16048970 microseconds
Propagation time: 16048970 microseconds
Propagation time: 16048970 microseconds
Propagation time: 16048970 microseconds
Number of RK4 Steps in this track: 20
Number of RK4 Steps in this track: 19
Number of RK4 Steps in this track: 18
Number of RK4 Steps in this track: 21
Number of RK4 Steps in this track: 21
Number of RK4 Steps in this track: 21
Number of RK4 Steps in this track: 20
Number of RK4 Steps in this track: 20
Number of RK4 Steps in this track: 17
Number of RK4 Steps in this track: 20
Number of RK4 Steps in this track: 21
Number of RK4 Steps in this track: 20
Number of RK4 Steps in this track: 20
Number of RK4 Steps in this track: 19
Number of RK4 Steps in this track: 18
Number of RK4 Steps in this track: 19
Number of RK4 Steps in this track: 20
Number of RK4 Steps in this track: 20
Number of RK4 Steps in this track: 20
Number of RK4 Steps in this track: 19
Number of RK4 Steps in this track: 18
Number of RK4 Steps in this track: 20
Number of RK4 Steps in this track: 19
Number of RK4 Steps in this track: 20
Number of RK4 Steps in this track: 20
Number of RK4 Steps in this track: 20
Number of RK4 Steps in this track: 18
Number of RK4 Steps in this track: 20
Number of RK4 Steps in this track: 18
Number of RK4 Steps in this track: 19
Number of RK4 Steps in this track: 20
Number of RK4 Steps in this track: 21
Number of RK4 Steps in this track: 19
Number of RK4 Steps in this track: 20
Number of RK4 Steps in this track: 20
Number of RK4 Steps in this track: 21
Number of RK4 Steps in this track: 21
Number of RK4 Steps in this track: 18
Number of RK4 Steps in this track: 20
Number of RK4 Steps in this track: 20
Number of RK4 Steps in this track: 21
Number of RK4 Steps in this track: 18
Number of RK4 Steps in this track: 21
Number of RK4 Steps in this track: 19
Number of RK4 Steps in this track: 20
Number of RK4 Steps in this track: 20
Number of RK4 Steps in this track: 19
Number of RK4 Steps in this track: 20
Number of RK4 Steps in this track: 19
Number of RK4 Steps in this track: 17
Number of RK4 Steps in this track: 20
Number of RK4 Steps in this track: 20
Number of RK4 Steps in this track: 19
Number of RK4 Steps in this track: 20
Number of RK4 Steps in this track: 20
Number of RK4 Steps in this track: 19
Number of RK4 Steps in this track: 20
Number of RK4 Steps in this track: 20
Number of RK4 Steps in this track: 20
Number of RK4 Steps in this track: 20
Number of RK4 Steps in this track: 20
Number of RK4 Steps in this track: 20
Number of RK4 Steps in this track: 21
Number of RK4 Steps in this track: 20
Number of RK4 Steps in this track: 19
Number of RK4 Steps in this track: 21
Number of RK4 Steps in this track: 21
Number of RK4 Steps in this track: 20
Number of RK4 Steps in this track: 21
Number of RK4 Steps in this track: 19
Number of RK4 Steps in this track: 20
Number of RK4 Steps in this track: 21
Number of RK4 Steps in this track: 21
Number of RK4 Steps in this track: 20
Number of RK4 Steps in this track: 20
Number of RK4 Steps in this track: 20
Number of RK4 Steps in this track: 19
Number of RK4 Steps in this track: 18
Number of RK4 Steps in this track: 19
Number of RK4 Steps in this track: 19
Number of RK4 Steps in this track: 18
Number of RK4 Steps in this track: 17
Number of RK4 Steps in this track: 19
Number of RK4 Steps in this track: 20
Number of RK4 Steps in this track: 20
Number of RK4 Steps in this track: 19
Number of RK4 Steps in this track: 18
Number of RK4 Steps in this track: 21
Number of RK4 Steps in this track: 19
Number of RK4 Steps in this track: 20
Number of RK4 Steps in this track: 21
Number of RK4 Steps in this track: 20
Number of RK4 Steps in this track: 19
Number of RK4 Steps in this track: 21
Number of RK4 Steps in this track: 20
Number of RK4 Steps in this track: 21
Propagation time: 16386325 microseconds
Propagation time: 16386325 microseconds
Propagation time: 16386325 microseconds
Propagation time: 16386325 microseconds
Propagation time: 16386325 microseconds
Propagation time: 16386325 microseconds
Propagation time: 16386325 microseconds
Propagation time: 16386325 microseconds
Propagation time: 16386325 microseconds
Propagation time: 16386325 microseconds
Propagation time: 16386325 microseconds
Propagation time: 16386325 microseconds
Propagation time: 16386325 microseconds
Propagation time: 16386325 microseconds
Propagation time: 16386325 microseconds
Propagation time: 16386325 microseconds
Propagation time: 16386325 microseconds
Propagation time: 16386325 microseconds
Propagation time: 16386325 microseconds
Propagation time: 16386325 microseconds
Propagation time: 16386325 microseconds
Propagation time: 16386325 microseconds
Propagation time: 16386325 microseconds
Propagation time: 16386325 microseconds
Propagation time: 16386325 microseconds
Propagation time: 16386325 microseconds
Propagation time: 16386325 microseconds
Propagation time: 16386325 microseconds
Propagation time: 16386325 microseconds
Propagation time: 16386325 microseconds
Propagation time: 16386325 microseconds
Propagation time: 16386325 microseconds
Number of RK4 Steps in this track: 21
Number of RK4 Steps in this track: 19
Number of RK4 Steps in this track: 20
Number of RK4 Steps in this track: 21
Number of RK4 Steps in this track: 21
Number of RK4 Steps in this track: 19
Number of RK4 Steps in this track: 20
Number of RK4 Steps in this track: 18
Number of RK4 Steps in this track: 19
Number of RK4 Steps in this track: 19
Number of RK4 Steps in this track: 17
Number of RK4 Steps in this track: 21
Number of RK4 Steps in this track: 19
Number of RK4 Steps in this track: 19
Number of RK4 Steps in this track: 19
Number of RK4 Steps in this track: 20
Number of RK4 Steps in this track: 21
Number of RK4 Steps in this track: 19
Number of RK4 Steps in this track: 20
Number of RK4 Steps in this track: 20
Number of RK4 Steps in this track: 21
Number of RK4 Steps in this track: 19
Number of RK4 Steps in this track: 21
Number of RK4 Steps in this track: 20
Number of RK4 Steps in this track: 18
Number of RK4 Steps in this track: 20
Number of RK4 Steps in this track: 18
Number of RK4 Steps in this track: 18
Number of RK4 Steps in this track: 19
Number of RK4 Steps in this track: 18
Number of RK4 Steps in this track: 18
Number of RK4 Steps in this track: 19
INFO: Time (ms) for KF track fitting on device 0 : 33.703616
INFO: Total Wall clock time (ms) for KF track fitting: 33.739574
------------------------  ending  -----------------------
