INFO: float precision operand used.

Device : Tesla T4
maxThreadsPerMultiProcessor : 1024
maxGridSize : (2147483647, 65535, 65535)
maxThreadsPerBlock : 1024
maxThreadsDim : (1024, 1024, 64)
regsPerMultiprocessor : 65536
regsPerBlock : 65536
Cuda driver version: 11040
Cuda rt version: 11030
INFO: Warp Occupancy with block size 1024 : 0%
INFO: Estimated max occupancy with block size =  256, min grid size = 40

INFO: grid size = 5120 x 1, block size =  32 x 32
INFO: Creating 10 boundless plane surfaces
Warning! Generated particle rejected!
Warning! Generated particle rejected!
Warning! Generated particle rejected!
Warning! Generated particle rejected!
Warning! Generated particle rejected!
Warning! Generated particle rejected!
Warning! Generated particle rejected!
Warning! Generated particle rejected!

INFO: Time (ms) to run simulation: 2176.09
INFO: float precision operand used.

Device : Tesla T4
maxThreadsPerMultiProcessor : 1024
maxGridSize : (2147483647, 65535, 65535)
maxThreadsPerBlock : 1024
maxThreadsDim : (1024, 1024, 64)
regsPerMultiprocessor : 65536
regsPerBlock : 65536
Cuda driver version: 11040
Cuda rt version: 11030
INFO: Warp Occupancy with block size 256 : 25%
INFO: Estimated max occupancy with block size =  256, min grid size = 40

INFO: grid size = 5120 x 1, block size =  16 x 16
INFO: Creating 10 boundless plane surfaces
Warning! Generated particle rejected!
Warning! Generated particle rejected!
Warning! Generated particle rejected!
Warning! Generated particle rejected!
Warning! Generated particle rejected!
Warning! Generated particle rejected!
Warning! Generated particle rejected!
Warning! Generated particle rejected!

INFO: Time (ms) to run simulation: 2220.42
20, 57137136
19, 57137136
20, 57137136
19, 57137136
18, 57137136
18, 57137136
20, 57137136
18, 57137136
19, 57137136
18, 57137136
18, 57137136
20, 57137136
21, 57137136
18, 57137136
20, 57137136
20, 57137136
20, 57137136
19, 57137136
20, 57137136
19, 57137136
21, 57137136
20, 57137136
21, 57137136
20, 57137136
20, 57137136
18, 57137136
20, 57137136
20, 57137136
20, 57137136
18, 57137136
20, 57137136
20, 57137136
20, 57262505
20, 57262505
20, 57262505
20, 57262505
21, 57262505
21, 57262505
20, 57262505
21, 57262505
18, 57262505
19, 57262505
20, 57262505
20, 57262505
20, 57262505
19, 57262505
20, 57262505
20, 57262505
19, 57262505
20, 57262505
21, 57262505
20, 57262505
21, 57262505
19, 57262505
20, 57262505
19, 57262505
19, 57262505
19, 57262505
18, 57262505
19, 57262505
19, 57262505
20, 57262505
20, 57262505
19, 57262505
20, 57374792
20, 57374792
18, 57374792
21, 57374792
20, 57374792
20, 57374792
18, 57374792
20, 57374792
21, 57374792
19, 57374792
19, 57374792
20, 57374792
20, 57374792
18, 57374792
21, 57374792
17, 57374792
20, 57374792
20, 57374792
21, 57374792
18, 57374792
18, 57374792
19, 57374792
20, 57374792
21, 57374792
20, 57374792
19, 57374792
18, 57374792
20, 57374792
20, 57374792
20, 57374792
20, 57374792
19, 57374792
20, 57467474
19, 57467474
20, 57467474
19, 57467474
20, 57467474
20, 57467474
20, 57467474
21, 57467474
20, 57467474
21, 57467474
18, 57467474
20, 57467474
20, 57467474
21, 57467474
20, 57467474
21, 57467474
21, 57467474
21, 57467474
20, 57467474
20, 57467474
20, 57467474
20, 57467474
21, 57467474
20, 57467474
20, 57467474
20, 57467474
19, 57467474
20, 57467474
19, 57467474
19, 57467474
20, 57467474
19, 57467474
19, 57550730
20, 57550730
19, 57550730
19, 57550730
21, 57550730
19, 57550730
21, 57550730
18, 57550730
21, 57550730
18, 57550730
18, 57550730
20, 57550730
20, 57550730
20, 57550730
19, 57550730
19, 57550730
20, 57550730
20, 57550730
20, 57550730
20, 57550730
18, 57550730
20, 57550730
19, 57550730
20, 57550730
20, 57550730
20, 57550730
21, 57550730
20, 57550730
19, 57550730
19, 57550730
21, 57550730
19, 57550730
21, 57633143
20, 57633143
20, 57633143
20, 57633143
19, 57633143
20, 57633143
20, 57633143
20, 57633143
20, 57633143
20, 57633143
19, 57633143
18, 57633143
19, 57633143
19, 57633143
19, 57633143
20, 57633143
19, 57633143
18, 57633143
19, 57633143
21, 57633143
21, 57633143
21, 57633143
20, 57633143
20, 57633143
20, 57633143
21, 57633143
19, 57633143
19, 57633143
18, 57633143
19, 57633143
19, 57633143
20, 57633143
20, 57853698
19, 57853698
20, 57853698
20, 57853698
18, 57853698
19, 57853698
20, 57853698
20, 57853698
20, 57853698
20, 57853698
20, 57853698
19, 57853698
20, 57853698
21, 57853698
19, 57853698
20, 57853698
19, 57853698
18, 57853698
19, 57853698
21, 57853698
20, 57853698
21, 57853698
20, 57853698
18, 57853698
19, 57853698
20, 57853698
21, 57853698
21, 57853698
20, 57853698
19, 57853698
20, 57853698
21, 57853698
21, 57974050
20, 57974050
20, 57974050
20, 57974050
19, 57974050
18, 57974050
19, 57974050
21, 57974050
20, 57974050
19, 57974050
19, 57974050
18, 57974050
19, 57974050
20, 57974050
19, 57974050
20, 57974050
17, 57974050
21, 57974050
20, 57974050
20, 57974050
20, 57974050
19, 57974050
20, 57974050
18, 57974050
20, 57974050
19, 57974050
19, 57974050
19, 57974050
20, 57974050
20, 57974050
18, 57974050
19, 57974050
19, 58062718
19, 58062718
20, 58062718
20, 58062718
19, 58062718
21, 58062718
20, 58062718
21, 58062718
19, 58062718
19, 58062718
18, 58062718
18, 58062718
20, 58062718
21, 58062718
18, 58062718
19, 58062718
21, 58062718
19, 58062718
21, 58062718
20, 58062718
18, 58062718
20, 58062718
19, 58062718
21, 58062718
19, 58062718
20, 58062718
20, 58062718
19, 58062718
21, 58062718
20, 58062718
18, 58062718
21, 58062718
19, 58079978
19, 58079978
21, 58079978
21, 58079978
19, 58079978
19, 58079978
20, 58079978
20, 58079978
19, 58079978
21, 58079978
18, 58079978
19, 58079978
18, 58079978
19, 58079978
21, 58079978
19, 58079978
20, 58079978
20, 58079978
20, 58079978
17, 58079978
19, 58079978
20, 58079978
19, 58079978
20, 58079978
19, 58079978
18, 58079978
21, 58079978
19, 58079978
20, 58079978
20, 58079978
20, 58079978
20, 58079978
20, 58148285
20, 58148285
19, 58148285
20, 58148285
20, 58148285
21, 58148285
21, 58148285
19, 58148285
21, 58148285
20, 58148285
19, 58148285
19, 58148285
18, 58148285
19, 58148285
19, 58148285
21, 58148285
20, 58148285
19, 58148285
19, 58148285
20, 58148285
20, 58148285
21, 58148285
18, 58148285
20, 58148285
20, 58148285
19, 58148285
17, 58148285
19, 58148285
20, 58148285
19, 58148285
20, 58148285
18, 58148285
20, 58206651
21, 58206651
18, 58206651
17, 58206651
19, 58206651
19, 58206651
20, 58206651
19, 58206651
18, 58206651
20, 58206651
19, 58206651
20, 58206651
20, 58206651
21, 58206651
19, 58206651
20, 58206651
20, 58206651
19, 58206651
21, 58206651
19, 58206651
20, 58206651
20, 58206651
21, 58206651
21, 58206651
20, 58206651
20, 58206651
21, 58206651
20, 58206651
19, 58206651
20, 58206651
20, 58206651
20, 58206651
18, 58224335
18, 58224335
20, 58224335
17, 58224335
21, 58224335
21, 58224335
18, 58224335
21, 58224335
21, 58224335
20, 58224335
19, 58224335
20, 58224335
20, 58224335
21, 58224335
19, 58224335
21, 58224335
20, 58224335
20, 58224335
21, 58224335
17, 58224335
19, 58224335
20, 58224335
18, 58224335
21, 58224335
20, 58224335
18, 58224335
21, 58224335
21, 58224335
19, 58224335
20, 58224335
21, 58224335
20, 58224335
20, 58221954
19, 58221954
20, 58221954
21, 58221954
21, 58221954
19, 58221954
20, 58221954
20, 58221954
21, 58221954
18, 58221954
19, 58221954
20, 58221954
18, 58221954
21, 58221954
21, 58221954
21, 58221954
20, 58221954
20, 58221954
19, 58221954
19, 58221954
21, 58221954
19, 58221954
21, 58221954
21, 58221954
20, 58221954
18, 58221954
19, 58221954
21, 58221954
19, 58221954
18, 58221954
19, 58221954
19, 58221954
19, 58371396
21, 58371396
20, 58371396
21, 58371396
19, 58371396
18, 58371396
21, 58371396
20, 58371396
19, 58371396
19, 58371396
21, 58371396
20, 58371396
21, 58371396
19, 58371396
19, 58371396
20, 58371396
19, 58371396
20, 58371396
19, 58371396
20, 58371396
20, 58371396
20, 58371396
19, 58371396
19, 58371396
18, 58371396
20, 58371396
20, 58371396
20, 58371396
19, 58371396
21, 58371396
19, 58371396
21, 58371396
19, 58408659
20, 58408659
18, 58408659
20, 58408659
20, 58408659
19, 58408659
20, 58408659
18, 58408659
18, 58408659
19, 58408659
20, 58408659
18, 58408659
21, 58408659
19, 58408659
19, 58408659
19, 58408659
18, 58408659
19, 58408659
21, 58408659
19, 58408659
19, 58408659
20, 58408659
19, 58408659
21, 58408659
19, 58408659
21, 58408659
21, 58408659
20, 58408659
20, 58408659
18, 58408659
21, 58408659
20, 58408659
18, 58523194
21, 58523194
21, 58523194
20, 58523194
20, 58523194
18, 58523194
19, 58523194
21, 58523194
21, 58523194
20, 58523194
20, 58523194
21, 58523194
19, 58523194
20, 58523194
21, 58523194
20, 58523194
20, 58523194
18, 58523194
19, 58523194
18, 58523194
20, 58523194
18, 58523194
20, 58523194
21, 58523194
19, 58523194
19, 58523194
20, 58523194
20, 58523194
18, 58523194
20, 58523194
20, 58523194
21, 58523194
19, 58571100
19, 58571100
19, 58571100
20, 58571100
19, 58571100
19, 58571100
20, 58571100
19, 58571100
20, 58571100
20, 58571100
19, 58571100
20, 58571100
20, 58571100
20, 58571100
20, 58571100
21, 58571100
19, 58571100
21, 58571100
20, 58571100
18, 58571100
20, 58571100
18, 58571100
21, 58571100
19, 58571100
19, 58571100
21, 58571100
19, 58571100
19, 58571100
20, 58571100
20, 58571100
20, 58571100
19, 58571100
20, 58627519
21, 58627519
21, 58627519
21, 58627519
21, 58627519
19, 58627519
19, 58627519
20, 58627519
20, 58627519
21, 58627519
19, 58627519
19, 58627519
20, 58627519
19, 58627519
19, 58627519
20, 58627519
21, 58627519
19, 58627519
19, 58627519
18, 58627519
18, 58627519
21, 58627519
21, 58627519
19, 58627519
20, 58627519
20, 58627519
19, 58627519
20, 58627519
20, 58627519
21, 58627519
21, 58627519
21, 58627519
19, 58719647
21, 58719647
20, 58719647
20, 58719647
20, 58719647
19, 58719647
20, 58719647
18, 58719647
18, 58719647
20, 58719647
21, 58719647
20, 58719647
19, 58719647
20, 58719647
19, 58719647
17, 58719647
20, 58719647
21, 58719647
19, 58719647
21, 58719647
21, 58719647
20, 58719647
20, 58719647
19, 58719647
18, 58719647
19, 58719647
19, 58719647
21, 58719647
19, 58719647
20, 58719647
19, 58719647
20, 58719647
21, 58863135
19, 58863135
21, 58863135
21, 58863135
21, 58863135
20, 58863135
21, 58863135
18, 58863135
19, 58863135
20, 58863135
21, 58863135
19, 58863135
19, 58863135
21, 58863135
19, 58863135
17, 58863135
19, 58863135
20, 58863135
21, 58863135
19, 58863135
21, 58863135
19, 58863135
20, 58863135
21, 58863135
18, 58863135
20, 58863135
21, 58863135
19, 58863135
20, 58863135
20, 58863135
20, 58863135
20, 58863135
19, 58907237
20, 58907237
20, 58907237
21, 58907237
21, 58907237
20, 58907237
19, 58907237
20, 58907237
20, 58907237
21, 58907237
19, 58907237
19, 58907237
20, 58907237
20, 58907237
20, 58907237
19, 58907237
21, 58907237
20, 58907237
19, 58907237
20, 58907237
20, 58907237
20, 58907237
19, 58907237
20, 58907237
19, 58907237
20, 58907237
21, 58907237
20, 58907237
20, 58907237
17, 58907237
18, 58907237
18, 58907237
21, 58977712
19, 58977712
18, 58977712
20, 58977712
21, 58977712
20, 58977712
21, 58977712
20, 58977712
20, 58977712
19, 58977712
21, 58977712
20, 58977712
21, 58977712
20, 58977712
21, 58977712
21, 58977712
20, 58977712
21, 58977712
20, 58977712
19, 58977712
18, 58977712
19, 58977712
18, 58977712
20, 58977712
21, 58977712
19, 58977712
18, 58977712
19, 58977712
20, 58977712
18, 58977712
18, 58977712
21, 58977712
19, 58995176
20, 58995176
21, 58995176
21, 58995176
20, 58995176
17, 58995176
18, 58995176
20, 58995176
19, 58995176
19, 58995176
20, 58995176
20, 58995176
21, 58995176
19, 58995176
21, 58995176
20, 58995176
21, 58995176
20, 58995176
19, 58995176
21, 58995176
20, 58995176
18, 58995176
20, 58995176
20, 58995176
21, 58995176
21, 58995176
20, 58995176
19, 58995176
18, 58995176
20, 58995176
20, 58995176
21, 58995176
19, 58998649
21, 58998649
21, 58998649
19, 58998649
19, 58998649
21, 58998649
20, 58998649
20, 58998649
20, 58998649
20, 58998649
20, 58998649
18, 58998649
19, 58998649
20, 58998649
21, 58998649
19, 58998649
19, 58998649
20, 58998649
20, 58998649
20, 58998649
20, 58998649
19, 58998649
19, 58998649
19, 58998649
20, 58998649
21, 58998649
20, 58998649
21, 58998649
19, 58998649
20, 58998649
18, 58998649
19, 58998649
21, 59022485
20, 59022485
20, 59022485
21, 59022485
18, 59022485
21, 59022485
20, 59022485
21, 59022485
21, 59022485
21, 59022485
18, 59022485
20, 59022485
20, 59022485
20, 59022485
21, 59022485
20, 59022485
20, 59022485
20, 59022485
19, 59022485
19, 59022485
21, 59022485
19, 59022485
20, 59022485
20, 59022485
19, 59022485
19, 59022485
19, 59022485
19, 59022485
18, 59022485
18, 59022485
21, 59022485
21, 59022485
20, 59074562
21, 59074562
21, 59074562
20, 59074562
20, 59074562
18, 59074562
19, 59074562
18, 59074562
19, 59074562
19, 59074562
18, 59074562
19, 59074562
20, 59074562
20, 59074562
18, 59074562
20, 59074562
20, 59074562
20, 59074562
21, 59074562
19, 59074562
19, 59074562
19, 59074562
21, 59074562
21, 59074562
19, 59074562
20, 59074562
18, 59074562
21, 59074562
18, 59074562
19, 59074562
18, 59074562
19, 59074562
19, 59106497
18, 59106497
21, 59106497
19, 59106497
21, 59106497
20, 59106497
20, 59106497
20, 59106497
19, 59106497
21, 59106497
20, 59106497
20, 59106497
19, 59106497
19, 59106497
18, 59106497
21, 59106497
18, 59106497
18, 59106497
19, 59106497
20, 59106497
20, 59106497
19, 59106497
20, 59106497
18, 59106497
21, 59106497
19, 59106497
19, 59106497
21, 59106497
20, 59106497
21, 59106497
19, 59106497
20, 59106497
19, 59259755
21, 59259755
20, 59259755
21, 59259755
18, 59259755
21, 59259755
19, 59259755
19, 59259755
18, 59259755
21, 59259755
21, 59259755
19, 59259755
18, 59259755
21, 59259755
18, 59259755
18, 59259755
21, 59259755
19, 59259755
20, 59259755
20, 59259755
21, 59259755
18, 59259755
20, 59259755
20, 59259755
21, 59259755
20, 59259755
20, 59259755
21, 59259755
20, 59259755
20, 59259755
19, 59259755
19, 59259755
21, 59328870
20, 59328870
21, 59328870
21, 59328870
18, 59328870
17, 59328870
18, 59328870
20, 59328870
20, 59328870
21, 59328870
19, 59328870
21, 59328870
20, 59328870
20, 59328870
19, 59328870
21, 59328870
19, 59328870
19, 59328870
21, 59328870
20, 59328870
18, 59328870
19, 59328870
19, 59328870
19, 59328870
20, 59328870
20, 59328870
19, 59328870
18, 59328870
19, 59328870
20, 59328870
18, 59328870
18, 59328870
21, 59373534
18, 59373534
19, 59373534
20, 59373534
20, 59373534
19, 59373534
20, 59373534
19, 59373534
20, 59373534
20, 59373534
19, 59373534
18, 59373534
20, 59373534
21, 59373534
19, 59373534
20, 59373534
19, 59373534
21, 59373534
20, 59373534
20, 59373534
20, 59373534
21, 59373534
20, 59373534
17, 59373534
20, 59373534
17, 59373534
21, 59373534
18, 59373534
21, 59373534
18, 59373534
20, 59373534
19, 59373534
20, 59529827
19, 59529827
21, 59529827
21, 59529827
20, 59529827
20, 59529827
21, 59529827
21, 59529827
21, 59529827
20, 59529827
21, 59529827
20, 59529827
21, 59529827
18, 59529827
21, 59529827
20, 59529827
19, 59529827
19, 59529827
17, 59529827
21, 59529827
20, 59529827
20, 59529827
20, 59529827
21, 59529827
20, 59529827
19, 59529827
20, 59529827
19, 59529827
21, 59529827
18, 59529827
20, 59529827
20, 59529827
20, 59595773
19, 59595773
18, 59595773
21, 59595773
20, 59595773
20, 59595773
21, 59595773
20, 59595773
19, 59595773
21, 59595773
20, 59595773
20, 59595773
20, 59595773
20, 59595773
20, 59595773
21, 59595773
19, 59595773
19, 59595773
18, 59595773
20, 59595773
19, 59595773
19, 59595773
20, 59595773
21, 59595773
19, 59595773
19, 59595773
19, 59595773
20, 59595773
20, 59595773
20, 59595773
18, 59595773
21, 59595773
19, 59832927
20, 59832927
20, 59832927
20, 59832927
20, 59832927
20, 59832927
20, 59832927
21, 59832927
17, 59832927
20, 59832927
18, 59832927
20, 59832927
21, 59832927
20, 59832927
20, 59832927
20, 59832927
21, 59832927
20, 59832927
20, 59832927
20, 59832927
21, 59832927
20, 59832927
19, 59832927
20, 59832927
18, 59832927
20, 59832927
19, 59832927
19, 59832927
18, 59832927
20, 59832927
18, 59832927
21, 59832927
20, 60035351
20, 60035351
20, 60035351
20, 60035351
19, 60035351
20, 60035351
21, 60035351
18, 60035351
20, 60035351
19, 60035351
20, 60035351
20, 60035351
19, 60035351
20, 60035351
21, 60035351
20, 60035351
20, 60035351
21, 60035351
19, 60035351
18, 60035351
19, 60035351
20, 60035351
18, 60035351
18, 60035351
19, 60035351
19, 60035351
19, 60035351
19, 60035351
19, 60035351
21, 60035351
20, 60035351
20, 60035351
18, 60350560
20, 60350560
19, 60350560
20, 60350560
19, 60350560
19, 60350560
18, 60350560
19, 60350560
18, 60350560
20, 60350560
20, 60350560
18, 60350560
18, 60350560
18, 60350560
20, 60350560
21, 60350560
20, 60350560
19, 60350560
18, 60350560
21, 60350560
20, 60350560
20, 60350560
21, 60350560
18, 60350560
20, 60350560
20, 60350560
20, 60350560
21, 60350560
20, 60350560
20, 60350560
18, 60350560
19, 60350560
17, 60356748
18, 60356748
21, 60356748
19, 60356748
20, 60356748
21, 60356748
21, 60356748
21, 60356748
20, 60356748
21, 60356748
20, 60356748
20, 60356748
20, 60356748
19, 60356748
19, 60356748
21, 60356748
20, 60356748
18, 60356748
19, 60356748
20, 60356748
19, 60356748
21, 60356748
21, 60356748
21, 60356748
20, 60356748
19, 60356748
21, 60356748
20, 60356748
21, 60356748
20, 60356748
21, 60356748
18, 60356748
21, 60408207
18, 60408207
17, 60408207
18, 60408207
19, 60408207
21, 60408207
20, 60408207
20, 60408207
19, 60408207
21, 60408207
20, 60408207
21, 60408207
19, 60408207
19, 60408207
19, 60408207
20, 60408207
20, 60408207
20, 60408207
19, 60408207
20, 60408207
20, 60408207
21, 60408207
20, 60408207
21, 60408207
20, 60408207
19, 60408207
21, 60408207
19, 60408207
19, 60408207
21, 60408207
20, 60408207
20, 60408207
20, 60454573
20, 60454573
20, 60454573
20, 60454573
19, 60454573
19, 60454573
20, 60454573
21, 60454573
21, 60454573
17, 60454573
21, 60454573
18, 60454573
21, 60454573
21, 60454573
19, 60454573
19, 60454573
19, 60454573
18, 60454573
19, 60454573
20, 60454573
19, 60454573
20, 60454573
21, 60454573
19, 60454573
19, 60454573
20, 60454573
20, 60454573
18, 60454573
20, 60454573
21, 60454573
19, 60454573
20, 60454573
20, 60536353
21, 60536353
18, 60536353
20, 60536353
19, 60536353
19, 60536353
18, 60536353
18, 60536353
19, 60536353
19, 60536353
19, 60536353
20, 60536353
21, 60536353
20, 60536353
20, 60536353
20, 60536353
19, 60536353
20, 60536353
20, 60536353
21, 60536353
19, 60536353
20, 60536353
20, 60536353
19, 60536353
21, 60536353
18, 60536353
20, 60536353
20, 60536353
20, 60536353
18, 60536353
19, 60536353
21, 60536353
20, 60585428
21, 60585428
19, 60585428
20, 60585428
18, 60585428
21, 60585428
20, 60585428
21, 60585428
21, 60585428
19, 60585428
20, 60585428
18, 60585428
19, 60585428
19, 60585428
21, 60585428
19, 60585428
19, 60585428
18, 60585428
21, 60585428
21, 60585428
20, 60585428
20, 60585428
19, 60585428
21, 60585428
20, 60585428
20, 60585428
18, 60585428
19, 60585428
18, 60585428
20, 60585428
20, 60585428
21, 60585428
19, 60597659
19, 60597659
21, 60597659
18, 60597659
20, 60597659
20, 60597659
19, 60597659
20, 60597659
20, 60597659
19, 60597659
19, 60597659
19, 60597659
18, 60597659
20, 60597659
19, 60597659
19, 60597659
19, 60597659
20, 60597659
17, 60597659
19, 60597659
20, 60597659
20, 60597659
19, 60597659
19, 60597659
20, 60597659
20, 60597659
20, 60597659
20, 60597659
21, 60597659
20, 60597659
20, 60597659
19, 60597659
18, 60605369
21, 60605369
19, 60605369
19, 60605369
20, 60605369
21, 60605369
18, 60605369
18, 60605369
21, 60605369
21, 60605369
20, 60605369
19, 60605369
20, 60605369
21, 60605369
19, 60605369
21, 60605369
20, 60605369
18, 60605369
19, 60605369
20, 60605369
19, 60605369
17, 60605369
21, 60605369
18, 60605369
20, 60605369
18, 60605369
20, 60605369
20, 60605369
19, 60605369
21, 60605369
20, 60605369
21, 60605369
21, 60640662
20, 60640662
21, 60640662
21, 60640662
20, 60640662
18, 60640662
20, 60640662
19, 60640662
20, 60640662
20, 60640662
19, 60640662
20, 60640662
19, 60640662
19, 60640662
17, 60640662
19, 60640662
18, 60640662
18, 60640662
20, 60640662
20, 60640662
20, 60640662
20, 60640662
21, 60640662
19, 60640662
19, 60640662
21, 60640662
18, 60640662
20, 60640662
20, 60640662
19, 60640662
20, 60640662
19, 60640662
19, 60681641
18, 60681641
19, 60681641
21, 60681641
20, 60681641
20, 60681641
20, 60681641
20, 60681641
20, 60681641
19, 60681641
20, 60681641
19, 60681641
19, 60681641
18, 60681641
20, 60681641
19, 60681641
21, 60681641
19, 60681641
20, 60681641
21, 60681641
18, 60681641
19, 60681641
18, 60681641
18, 60681641
21, 60681641
20, 60681641
21, 60681641
19, 60681641
21, 60681641
18, 60681641
18, 60681641
19, 60681641
18, 60715470
19, 60715470
20, 60715470
18, 60715470
19, 60715470
19, 60715470
20, 60715470
19, 60715470
19, 60715470
18, 60715470
19, 60715470
18, 60715470
17, 60715470
19, 60715470
21, 60715470
19, 60715470
18, 60715470
20, 60715470
18, 60715470
20, 60715470
20, 60715470
21, 60715470
18, 60715470
19, 60715470
20, 60715470
20, 60715470
20, 60715470
21, 60715470
19, 60715470
19, 60715470
21, 60715470
20, 60715470
21, 60773947
19, 60773947
21, 60773947
20, 60773947
19, 60773947
18, 60773947
20, 60773947
20, 60773947
18, 60773947
20, 60773947
20, 60773947
18, 60773947
20, 60773947
20, 60773947
18, 60773947
18, 60773947
18, 60773947
20, 60773947
21, 60773947
20, 60773947
18, 60773947
20, 60773947
21, 60773947
19, 60773947
18, 60773947
20, 60773947
21, 60773947
19, 60773947
20, 60773947
21, 60773947
20, 60773947
20, 60773947
19, 60815238
21, 60815238
18, 60815238
20, 60815238
21, 60815238
19, 60815238
20, 60815238
21, 60815238
19, 60815238
20, 60815238
20, 60815238
20, 60815238
19, 60815238
20, 60815238
18, 60815238
19, 60815238
21, 60815238
19, 60815238
21, 60815238
20, 60815238
18, 60815238
20, 60815238
19, 60815238
18, 60815238
20, 60815238
19, 60815238
19, 60815238
19, 60815238
19, 60815238
20, 60815238
19, 60815238
20, 60815238
20, 61055914
18, 61055914
21, 61055914
21, 61055914
19, 61055914
18, 61055914
20, 61055914
21, 61055914
20, 61055914
18, 61055914
20, 61055914
20, 61055914
20, 61055914
21, 61055914
20, 61055914
21, 61055914
20, 61055914
21, 61055914
20, 61055914
21, 61055914
20, 61055914
19, 61055914
20, 61055914
20, 61055914
21, 61055914
21, 61055914
20, 61055914
21, 61055914
19, 61055914
19, 61055914
20, 61055914
21, 61055914
20, 61064789
20, 61064789
20, 61064789
20, 61064789
18, 61064789
19, 61064789
20, 61064789
21, 61064789
20, 61064789
19, 61064789
18, 61064789
21, 61064789
20, 61064789
21, 61064789
20, 61064789
20, 61064789
20, 61064789
18, 61064789
20, 61064789
19, 61064789
21, 61064789
19, 61064789
20, 61064789
18, 61064789
19, 61064789
20, 61064789
20, 61064789
18, 61064789
18, 61064789
19, 61064789
20, 61064789
19, 61064789
18, 61061234
20, 61061234
21, 61061234
20, 61061234
21, 61061234
20, 61061234
21, 61061234
21, 61061234
18, 61061234
20, 61061234
19, 61061234
20, 61061234
21, 61061234
20, 61061234
20, 61061234
20, 61061234
20, 61061234
19, 61061234
19, 61061234
20, 61061234
20, 61061234
20, 61061234
20, 61061234
21, 61061234
19, 61061234
20, 61061234
20, 61061234
18, 61061234
19, 61061234
19, 61061234
18, 61061234
18, 61061234
19, 61076838
20, 61076838
20, 61076838
19, 61076838
19, 61076838
20, 61076838
20, 61076838
19, 61076838
18, 61076838
20, 61076838
21, 61076838
19, 61076838
19, 61076838
21, 61076838
21, 61076838
18, 61076838
19, 61076838
21, 61076838
18, 61076838
19, 61076838
18, 61076838
20, 61076838
21, 61076838
20, 61076838
19, 61076838
19, 61076838
20, 61076838
20, 61076838
21, 61076838
20, 61076838
20, 61076838
20, 61076838
19, 61154660
19, 61154660
20, 61154660
19, 61154660
21, 61154660
20, 61154660
20, 61154660
21, 61154660
18, 61154660
21, 61154660
20, 61154660
18, 61154660
20, 61154660
21, 61154660
20, 61154660
20, 61154660
21, 61154660
20, 61154660
17, 61154660
19, 61154660
20, 61154660
20, 61154660
17, 61154660
19, 61154660
19, 61154660
19, 61154660
21, 61154660
20, 61154660
20, 61154660
20, 61154660
19, 61154660
20, 61154660
20, 61181030
21, 61181030
20, 61181030
19, 61181030
21, 61181030
18, 61181030
21, 61181030
19, 61181030
18, 61181030
19, 61181030
20, 61181030
19, 61181030
18, 61181030
21, 61181030
20, 61181030
20, 61181030
21, 61181030
21, 61181030
20, 61181030
20, 61181030
18, 61181030
19, 61181030
20, 61181030
20, 61181030
20, 61181030
20, 61181030
19, 61181030
21, 61181030
19, 61181030
19, 61181030
18, 61181030
18, 61181030
18, 61235980
21, 61235980
19, 61235980
20, 61235980
19, 61235980
19, 61235980
20, 61235980
21, 61235980
18, 61235980
20, 61235980
20, 61235980
18, 61235980
19, 61235980
20, 61235980
21, 61235980
20, 61235980
21, 61235980
19, 61235980
19, 61235980
20, 61235980
19, 61235980
20, 61235980
20, 61235980
19, 61235980
20, 61235980
20, 61235980
19, 61235980
19, 61235980
19, 61235980
20, 61235980
21, 61235980
21, 61235980
20, 61264103
20, 61264103
20, 61264103
20, 61264103
20, 61264103
21, 61264103
19, 61264103
20, 61264103
19, 61264103
20, 61264103
21, 61264103
19, 61264103
20, 61264103
21, 61264103
20, 61264103
20, 61264103
20, 61264103
20, 61264103
17, 61264103
21, 61264103
20, 61264103
20, 61264103
21, 61264103
21, 61264103
17, 61264103
20, 61264103
18, 61264103
20, 61264103
19, 61264103
20, 61264103
19, 61264103
20, 61264103
19, 61372369
20, 61372369
18, 61372369
21, 61372369
20, 61372369
21, 61372369
19, 61372369
19, 61372369
20, 61372369
19, 61372369
20, 61372369
21, 61372369
20, 61372369
20, 61372369
20, 61372369
21, 61372369
19, 61372369
18, 61372369
19, 61372369
21, 61372369
20, 61372369
19, 61372369
20, 61372369
21, 61372369
19, 61372369
21, 61372369
21, 61372369
19, 61372369
17, 61372369
19, 61372369
20, 61372369
19, 61372369
21, 61386533
18, 61386533
21, 61386533
20, 61386533
20, 61386533
21, 61386533
18, 61386533
20, 61386533
19, 61386533
21, 61386533
19, 61386533
21, 61386533
19, 61386533
19, 61386533
18, 61386533
20, 61386533
19, 61386533
18, 61386533
20, 61386533
20, 61386533
21, 61386533
18, 61386533
20, 61386533
19, 61386533
20, 61386533
19, 61386533
19, 61386533
20, 61386533
21, 61386533
18, 61386533
20, 61386533
21, 61386533
20, 61439431
20, 61439431
21, 61439431
19, 61439431
19, 61439431
20, 61439431
17, 61439431
21, 61439431
21, 61439431
21, 61439431
20, 61439431
20, 61439431
21, 61439431
18, 61439431
19, 61439431
20, 61439431
20, 61439431
19, 61439431
21, 61439431
21, 61439431
21, 61439431
18, 61439431
20, 61439431
19, 61439431
20, 61439431
20, 61439431
19, 61439431
18, 61439431
20, 61439431
20, 61439431
18, 61439431
18, 61439431
20, 61449099
19, 61449099
20, 61449099
20, 61449099
19, 61449099
19, 61449099
20, 61449099
21, 61449099
20, 61449099
18, 61449099
21, 61449099
21, 61449099
18, 61449099
21, 61449099
20, 61449099
20, 61449099
19, 61449099
20, 61449099
20, 61449099
20, 61449099
18, 61449099
21, 61449099
20, 61449099
18, 61449099
21, 61449099
19, 61449099
19, 61449099
21, 61449099
20, 61449099
21, 61449099
20, 61449099
21, 61449099
19, 61464144
20, 61464144
20, 61464144
18, 61464144
20, 61464144
20, 61464144
21, 61464144
20, 61464144
20, 61464144
21, 61464144
18, 61464144
21, 61464144
19, 61464144
18, 61464144
20, 61464144
19, 61464144
21, 61464144
19, 61464144
20, 61464144
20, 61464144
19, 61464144
21, 61464144
20, 61464144
21, 61464144
18, 61464144
18, 61464144
19, 61464144
20, 61464144
21, 61464144
20, 61464144
20, 61464144
20, 61464144
19, 61496026
19, 61496026
19, 61496026
21, 61496026
20, 61496026
20, 61496026
20, 61496026
21, 61496026
19, 61496026
18, 61496026
20, 61496026
19, 61496026
21, 61496026
21, 61496026
21, 61496026
20, 61496026
21, 61496026
20, 61496026
20, 61496026
19, 61496026
19, 61496026
21, 61496026
20, 61496026
20, 61496026
20, 61496026
18, 61496026
20, 61496026
18, 61496026
20, 61496026
20, 61496026
20, 61496026
20, 61496026
18, 61566664
19, 61566664
19, 61566664
19, 61566664
20, 61566664
18, 61566664
20, 61566664
19, 61566664
20, 61566664
20, 61566664
19, 61566664
20, 61566664
19, 61566664
20, 61566664
19, 61566664
19, 61566664
19, 61566664
20, 61566664
20, 61566664
20, 61566664
20, 61566664
21, 61566664
20, 61566664
19, 61566664
19, 61566664
18, 61566664
18, 61566664
21, 61566664
21, 61566664
20, 61566664
21, 61566664
20, 61566664
21, 62013152
19, 62013152
20, 62013152
19, 62013152
19, 62013152
19, 62013152
20, 62013152
19, 62013152
19, 62013152
20, 62013152
20, 62013152
21, 62013152
20, 62013152
19, 62013152
20, 62013152
21, 62013152
19, 62013152
18, 62013152
20, 62013152
19, 62013152
21, 62013152
20, 62013152
18, 62013152
21, 62013152
20, 62013152
20, 62013152
21, 62013152
20, 62013152
20, 62013152
20, 62013152
20, 62013152
20, 62013152
20, 62126882
20, 62126882
18, 62126882
19, 62126882
18, 62126882
21, 62126882
19, 62126882
20, 62126882
19, 62126882
19, 62126882
20, 62126882
20, 62126882
19, 62126882
21, 62126882
20, 62126882
19, 62126882
19, 62126882
18, 62126882
19, 62126882
18, 62126882
19, 62126882
20, 62126882
21, 62126882
19, 62126882
20, 62126882
18, 62126882
20, 62126882
18, 62126882
19, 62126882
19, 62126882
20, 62126882
19, 62126882
19, 62179762
20, 62179762
20, 62179762
20, 62179762
19, 62179762
20, 62179762
20, 62179762
19, 62179762
20, 62179762
19, 62179762
20, 62179762
21, 62179762
19, 62179762
19, 62179762
21, 62179762
19, 62179762
20, 62179762
18, 62179762
17, 62179762
20, 62179762
20, 62179762
20, 62179762
19, 62179762
18, 62179762
21, 62179762
19, 62179762
20, 62179762
19, 62179762
20, 62179762
21, 62179762
21, 62179762
21, 62179762
20, 62266676
19, 62266676
21, 62266676
19, 62266676
19, 62266676
20, 62266676
20, 62266676
20, 62266676
21, 62266676
21, 62266676
21, 62266676
19, 62266676
20, 62266676
20, 62266676
18, 62266676
20, 62266676
21, 62266676
19, 62266676
19, 62266676
19, 62266676
20, 62266676
18, 62266676
20, 62266676
19, 62266676
18, 62266676
21, 62266676
21, 62266676
19, 62266676
18, 62266676
20, 62266676
17, 62266676
19, 62266676
20, 62271340
19, 62271340
19, 62271340
21, 62271340
19, 62271340
21, 62271340
20, 62271340
21, 62271340
18, 62271340
20, 62271340
20, 62271340
19, 62271340
21, 62271340
21, 62271340
20, 62271340
20, 62271340
20, 62271340
19, 62271340
20, 62271340
20, 62271340
20, 62271340
20, 62271340
20, 62271340
21, 62271340
20, 62271340
21, 62271340
19, 62271340
20, 62271340
20, 62271340
21, 62271340
18, 62271340
20, 62271340
18, 62318916
20, 62318916
19, 62318916
18, 62318916
18, 62318916
19, 62318916
20, 62318916
21, 62318916
21, 62318916
20, 62318916
20, 62318916
19, 62318916
19, 62318916
21, 62318916
19, 62318916
20, 62318916
20, 62318916
20, 62318916
20, 62318916
19, 62318916
20, 62318916
21, 62318916
20, 62318916
18, 62318916
21, 62318916
20, 62318916
20, 62318916
20, 62318916
20, 62318916
20, 62318916
21, 62318916
19, 62318916
18, 62351269
19, 62351269
17, 62351269
19, 62351269
21, 62351269
19, 62351269
20, 62351269
19, 62351269
19, 62351269
20, 62351269
21, 62351269
20, 62351269
21, 62351269
20, 62351269
21, 62351269
20, 62351269
19, 62351269
20, 62351269
18, 62351269
20, 62351269
20, 62351269
20, 62351269
19, 62351269
20, 62351269
21, 62351269
20, 62351269
20, 62351269
20, 62351269
19, 62351269
19, 62351269
21, 62351269
21, 62351269
20, 62345558
20, 62345558
21, 62345558
19, 62345558
20, 62345558
20, 62345558
19, 62345558
18, 62345558
20, 62345558
21, 62345558
20, 62345558
21, 62345558
20, 62345558
20, 62345558
21, 62345558
21, 62345558
21, 62345558
20, 62345558
20, 62345558
18, 62345558
20, 62345558
21, 62345558
20, 62345558
19, 62345558
20, 62345558
18, 62345558
18, 62345558
19, 62345558
20, 62345558
20, 62345558
20, 62345558
20, 62345558
19, 62583752
20, 62583752
20, 62583752
20, 62583752
19, 62583752
18, 62583752
18, 62583752
19, 62583752
20, 62583752
21, 62583752
21, 62583752
20, 62583752
20, 62583752
20, 62583752
21, 62583752
21, 62583752
20, 62583752
18, 62583752
19, 62583752
20, 62583752
20, 62583752
20, 62583752
19, 62583752
20, 62583752
20, 62583752
21, 62583752
20, 62583752
20, 62583752
21, 62583752
20, 62583752
20, 62583752
19, 62583752
19, 62592690
19, 62592690
19, 62592690
20, 62592690
21, 62592690
20, 62592690
20, 62592690
19, 62592690
21, 62592690
21, 62592690
19, 62592690
19, 62592690
19, 62592690
20, 62592690
20, 62592690
21, 62592690
21, 62592690
21, 62592690
20, 62592690
21, 62592690
20, 62592690
20, 62592690
21, 62592690
19, 62592690
18, 62592690
19, 62592690
20, 62592690
20, 62592690
20, 62592690
20, 62592690
20, 62592690
18, 62592690
19, 62629594
19, 62629594
21, 62629594
20, 62629594
19, 62629594
20, 62629594
21, 62629594
21, 62629594
20, 62629594
20, 62629594
18, 62629594
19, 62629594
20, 62629594
20, 62629594
21, 62629594
20, 62629594
20, 62629594
18, 62629594
20, 62629594
20, 62629594
19, 62629594
19, 62629594
18, 62629594
19, 62629594
20, 62629594
21, 62629594
19, 62629594
20, 62629594
21, 62629594
18, 62629594
19, 62629594
20, 62629594
20, 62655787
20, 62655787
20, 62655787
19, 62655787
18, 62655787
20, 62655787
20, 62655787
20, 62655787
19, 62655787
19, 62655787
21, 62655787
20, 62655787
19, 62655787
19, 62655787
20, 62655787
21, 62655787
20, 62655787
21, 62655787
19, 62655787
21, 62655787
20, 62655787
19, 62655787
21, 62655787
20, 62655787
18, 62655787
19, 62655787
20, 62655787
20, 62655787
18, 62655787
20, 62655787
20, 62655787
21, 62655787
18, 62709351
18, 62709351
18, 62709351
18, 62709351
20, 62709351
19, 62709351
19, 62709351
17, 62709351
19, 62709351
20, 62709351
19, 62709351
19, 62709351
20, 62709351
20, 62709351
20, 62709351
20, 62709351
20, 62709351
19, 62709351
19, 62709351
21, 62709351
21, 62709351
20, 62709351
19, 62709351
21, 62709351
21, 62709351
20, 62709351
20, 62709351
20, 62709351
19, 62709351
18, 62709351
20, 62709351
20, 62709351
20, 62759769
19, 62759769
20, 62759769
18, 62759769
18, 62759769
20, 62759769
20, 62759769
20, 62759769
21, 62759769
19, 62759769
21, 62759769
20, 62759769
19, 62759769
18, 62759769
19, 62759769
20, 62759769
21, 62759769
20, 62759769
21, 62759769
19, 62759769
21, 62759769
19, 62759769
20, 62759769
20, 62759769
18, 62759769
21, 62759769
20, 62759769
20, 62759769
18, 62759769
19, 62759769
19, 62759769
18, 62759769
18, 62769946
21, 62769946
20, 62769946
20, 62769946
21, 62769946
20, 62769946
19, 62769946
19, 62769946
19, 62769946
19, 62769946
19, 62769946
19, 62769946
20, 62769946
20, 62769946
20, 62769946
20, 62769946
19, 62769946
19, 62769946
20, 62769946
20, 62769946
20, 62769946
20, 62769946
20, 62769946
21, 62769946
21, 62769946
21, 62769946
20, 62769946
19, 62769946
21, 62769946
19, 62769946
19, 62769946
20, 62769946
21, 62783548
20, 62783548
19, 62783548
19, 62783548
20, 62783548
19, 62783548
19, 62783548
21, 62783548
19, 62783548
19, 62783548
20, 62783548
20, 62783548
20, 62783548
20, 62783548
21, 62783548
19, 62783548
19, 62783548
21, 62783548
20, 62783548
20, 62783548
18, 62783548
19, 62783548
21, 62783548
19, 62783548
18, 62783548
18, 62783548
19, 62783548
20, 62783548
21, 62783548
21, 62783548
21, 62783548
21, 62783548
21, 62854656
19, 62854656
18, 62854656
20, 62854656
19, 62854656
20, 62854656
21, 62854656
19, 62854656
21, 62854656
19, 62854656
18, 62854656
18, 62854656
21, 62854656
20, 62854656
20, 62854656
20, 62854656
20, 62854656
20, 62854656
20, 62854656
19, 62854656
21, 62854656
20, 62854656
19, 62854656
20, 62854656
21, 62854656
20, 62854656
21, 62854656
21, 62854656
21, 62854656
20, 62854656
19, 62854656
21, 62854656
21, 62940281
19, 62940281
18, 62940281
20, 62940281
20, 62940281
20, 62940281
19, 62940281
19, 62940281
20, 62940281
20, 62940281
21, 62940281
18, 62940281
21, 62940281
21, 62940281
18, 62940281
21, 62940281
17, 62940281
18, 62940281
21, 62940281
18, 62940281
20, 62940281
20, 62940281
19, 62940281
20, 62940281
21, 62940281
20, 62940281
21, 62940281
20, 62940281
21, 62940281
19, 62940281
20, 62940281
20, 62940281
21, 62973270
20, 62973270
20, 62973270
19, 62973270
20, 62973270
20, 62973270
19, 62973270
20, 62973270
19, 62973270
20, 62973270
19, 62973270
19, 62973270
21, 62973270
21, 62973270
19, 62973270
19, 62973270
20, 62973270
20, 62973270
20, 62973270
20, 62973270
20, 62973270
20, 62973270
19, 62973270
21, 62973270
19, 62973270
19, 62973270
21, 62973270
18, 62973270
21, 62973270
20, 62973270
19, 62973270
20, 62973270
20, 62980844
20, 62980844
20, 62980844
20, 62980844
21, 62980844
19, 62980844
17, 62980844
21, 62980844
20, 62980844
20, 62980844
21, 62980844
20, 62980844
21, 62980844
20, 62980844
20, 62980844
21, 62980844
20, 62980844
21, 62980844
19, 62980844
20, 62980844
19, 62980844
21, 62980844
18, 62980844
19, 62980844
17, 62980844
19, 62980844
20, 62980844
19, 62980844
21, 62980844
21, 62980844
20, 62980844
20, 62980844
20, 62997735
19, 62997735
21, 62997735
20, 62997735
19, 62997735
19, 62997735
19, 62997735
20, 62997735
19, 62997735
20, 62997735
19, 62997735
19, 62997735
19, 62997735
20, 62997735
21, 62997735
20, 62997735
19, 62997735
20, 62997735
19, 62997735
18, 62997735
20, 62997735
20, 62997735
21, 62997735
19, 62997735
19, 62997735
21, 62997735
21, 62997735
18, 62997735
19, 62997735
20, 62997735
18, 62997735
20, 62997735
19, 63034524
21, 63034524
19, 63034524
19, 63034524
20, 63034524
20, 63034524
20, 63034524
21, 63034524
21, 63034524
21, 63034524
21, 63034524
20, 63034524
19, 63034524
18, 63034524
21, 63034524
19, 63034524
17, 63034524
20, 63034524
18, 63034524
20, 63034524
20, 63034524
20, 63034524
21, 63034524
21, 63034524
21, 63034524
20, 63034524
20, 63034524
20, 63034524
18, 63034524
20, 63034524
21, 63034524
19, 63034524
20, 63112694
20, 63112694
21, 63112694
19, 63112694
19, 63112694
19, 63112694
20, 63112694
19, 63112694
18, 63112694
20, 63112694
20, 63112694
21, 63112694
20, 63112694
19, 63112694
18, 63112694
20, 63112694
19, 63112694
20, 63112694
19, 63112694
19, 63112694
20, 63112694
21, 63112694
20, 63112694
19, 63112694
19, 63112694
17, 63112694
20, 63112694
20, 63112694
19, 63112694
21, 63112694
21, 63112694
17, 63112694
21, 63170301
21, 63170301
20, 63170301
20, 63170301
18, 63170301
18, 63170301
21, 63170301
20, 63170301
21, 63170301
21, 63170301
20, 63170301
19, 63170301
18, 63170301
21, 63170301
20, 63170301
19, 63170301
19, 63170301
21, 63170301
20, 63170301
19, 63170301
21, 63170301
21, 63170301
21, 63170301
20, 63170301
20, 63170301
20, 63170301
19, 63170301
19, 63170301
20, 63170301
20, 63170301
21, 63170301
20, 63170301
17, 63211794
20, 63211794
20, 63211794
20, 63211794
19, 63211794
21, 63211794
19, 63211794
19, 63211794
21, 63211794
18, 63211794
20, 63211794
21, 63211794
21, 63211794
20, 63211794
21, 63211794
21, 63211794
20, 63211794
20, 63211794
21, 63211794
20, 63211794
19, 63211794
20, 63211794
20, 63211794
19, 63211794
21, 63211794
19, 63211794
19, 63211794
19, 63211794
20, 63211794
19, 63211794
20, 63211794
21, 63211794
19, 63220966
21, 63220966
20, 63220966
17, 63220966
19, 63220966
18, 63220966
21, 63220966
20, 63220966
19, 63220966
21, 63220966
20, 63220966
21, 63220966
20, 63220966
19, 63220966
20, 63220966
20, 63220966
21, 63220966
21, 63220966
21, 63220966
20, 63220966
21, 63220966
20, 63220966
20, 63220966
19, 63220966
21, 63220966
17, 63220966
19, 63220966
19, 63220966
19, 63220966
19, 63220966
20, 63220966
19, 63220966
20, 63218844
21, 63218844
18, 63218844
20, 63218844
20, 63218844
19, 63218844
20, 63218844
20, 63218844
20, 63218844
19, 63218844
19, 63218844
19, 63218844
19, 63218844
19, 63218844
21, 63218844
20, 63218844
19, 63218844
20, 63218844
21, 63218844
20, 63218844
20, 63218844
20, 63218844
19, 63218844
18, 63218844
20, 63218844
21, 63218844
20, 63218844
20, 63218844
19, 63218844
17, 63218844
20, 63218844
19, 63218844
17, 63238481
20, 63238481
18, 63238481
19, 63238481
20, 63238481
19, 63238481
19, 63238481
18, 63238481
21, 63238481
20, 63238481
20, 63238481
21, 63238481
19, 63238481
21, 63238481
20, 63238481
20, 63238481
19, 63238481
19, 63238481
20, 63238481
19, 63238481
21, 63238481
19, 63238481
20, 63238481
19, 63238481
18, 63238481
20, 63238481
19, 63238481
19, 63238481
20, 63238481
21, 63238481
20, 63238481
20, 63238481
20, 63364782
20, 63364782
21, 63364782
18, 63364782
20, 63364782
20, 63364782
19, 63364782
20, 63364782
20, 63364782
19, 63364782
21, 63364782
19, 63364782
20, 63364782
19, 63364782
21, 63364782
19, 63364782
19, 63364782
20, 63364782
20, 63364782
20, 63364782
21, 63364782
19, 63364782
21, 63364782
19, 63364782
17, 63364782
20, 63364782
20, 63364782
21, 63364782
21, 63364782
21, 63364782
20, 63364782
20, 63364782
19, 63381414
18, 63381414
20, 63381414
21, 63381414
20, 63381414
21, 63381414
20, 63381414
20, 63381414
21, 63381414
20, 63381414
20, 63381414
20, 63381414
19, 63381414
19, 63381414
17, 63381414
20, 63381414
20, 63381414
20, 63381414
21, 63381414
19, 63381414
21, 63381414
20, 63381414
19, 63381414
17, 63381414
19, 63381414
19, 63381414
20, 63381414
20, 63381414
18, 63381414
19, 63381414
20, 63381414
19, 63381414
19, 63382834
20, 63382834
20, 63382834
21, 63382834
18, 63382834
20, 63382834
18, 63382834
20, 63382834
18, 63382834
21, 63382834
21, 63382834
21, 63382834
20, 63382834
19, 63382834
20, 63382834
21, 63382834
21, 63382834
21, 63382834
20, 63382834
19, 63382834
20, 63382834
20, 63382834
19, 63382834
21, 63382834
20, 63382834
20, 63382834
19, 63382834
20, 63382834
19, 63382834
20, 63382834
20, 63382834
19, 63382834
19, 63445980
20, 63445980
21, 63445980
20, 63445980
20, 63445980
19, 63445980
21, 63445980
18, 63445980
20, 63445980
19, 63445980
17, 63445980
20, 63445980
21, 63445980
20, 63445980
20, 63445980
20, 63445980
21, 63445980
19, 63445980
20, 63445980
21, 63445980
20, 63445980
21, 63445980
20, 63445980
20, 63445980
20, 63445980
19, 63445980
21, 63445980
21, 63445980
20, 63445980
21, 63445980
18, 63445980
20, 63445980
21, 63489160
19, 63489160
18, 63489160
21, 63489160
21, 63489160
19, 63489160
21, 63489160
19, 63489160
20, 63489160
19, 63489160
19, 63489160
18, 63489160
19, 63489160
18, 63489160
19, 63489160
20, 63489160
19, 63489160
20, 63489160
21, 63489160
19, 63489160
19, 63489160
19, 63489160
20, 63489160
20, 63489160
20, 63489160
21, 63489160
21, 63489160
20, 63489160
20, 63489160
19, 63489160
19, 63489160
20, 63489160
18, 63551002
20, 63551002
20, 63551002
21, 63551002
20, 63551002
20, 63551002
20, 63551002
20, 63551002
20, 63551002
19, 63551002
20, 63551002
20, 63551002
18, 63551002
21, 63551002
21, 63551002
18, 63551002
20, 63551002
19, 63551002
18, 63551002
19, 63551002
19, 63551002
20, 63551002
19, 63551002
20, 63551002
21, 63551002
18, 63551002
19, 63551002
19, 63551002
20, 63551002
19, 63551002
20, 63551002
18, 63551002
19, 63555670
20, 63555670
19, 63555670
18, 63555670
18, 63555670
18, 63555670
19, 63555670
19, 63555670
18, 63555670
20, 63555670
20, 63555670
21, 63555670
18, 63555670
21, 63555670
20, 63555670
20, 63555670
20, 63555670
20, 63555670
19, 63555670
20, 63555670
20, 63555670
19, 63555670
20, 63555670
21, 63555670
20, 63555670
17, 63555670
20, 63555670
19, 63555670
18, 63555670
20, 63555670
21, 63555670
17, 63555670
19, 63620839
20, 63620839
18, 63620839
20, 63620839
18, 63620839
20, 63620839
20, 63620839
20, 63620839
20, 63620839
20, 63620839
21, 63620839
21, 63620839
19, 63620839
19, 63620839
20, 63620839
21, 63620839
21, 63620839
21, 63620839
21, 63620839
21, 63620839
18, 63620839
20, 63620839
20, 63620839
21, 63620839
19, 63620839
19, 63620839
20, 63620839
19, 63620839
20, 63620839
19, 63620839
18, 63620839
20, 63620839
20, 63798513
21, 63798513
19, 63798513
19, 63798513
21, 63798513
19, 63798513
19, 63798513
21, 63798513
19, 63798513
19, 63798513
19, 63798513
21, 63798513
20, 63798513
19, 63798513
20, 63798513
20, 63798513
20, 63798513
19, 63798513
21, 63798513
20, 63798513
21, 63798513
20, 63798513
20, 63798513
20, 63798513
19, 63798513
20, 63798513
20, 63798513
19, 63798513
21, 63798513
19, 63798513
21, 63798513
18, 63798513
20, 63864319
18, 63864319
21, 63864319
19, 63864319
19, 63864319
19, 63864319
20, 63864319
19, 63864319
21, 63864319
20, 63864319
20, 63864319
20, 63864319
21, 63864319
20, 63864319
19, 63864319
19, 63864319
20, 63864319
19, 63864319
21, 63864319
19, 63864319
20, 63864319
20, 63864319
20, 63864319
20, 63864319
20, 63864319
19, 63864319
17, 63864319
20, 63864319
19, 63864319
20, 63864319
20, 63864319
19, 63864319
18, 63928610
19, 63928610
20, 63928610
18, 63928610
20, 63928610
20, 63928610
18, 63928610
19, 63928610
19, 63928610
20, 63928610
19, 63928610
20, 63928610
20, 63928610
19, 63928610
19, 63928610
20, 63928610
20, 63928610
21, 63928610
20, 63928610
20, 63928610
19, 63928610
19, 63928610
21, 63928610
19, 63928610
19, 63928610
17, 63928610
19, 63928610
20, 63928610
20, 63928610
19, 63928610
20, 63928610
20, 63928610
20, 64009141
20, 64009141
21, 64009141
20, 64009141
20, 64009141
20, 64009141
21, 64009141
20, 64009141
20, 64009141
20, 64009141
21, 64009141
18, 64009141
20, 64009141
20, 64009141
20, 64009141
20, 64009141
19, 64009141
18, 64009141
20, 64009141
20, 64009141
21, 64009141
21, 64009141
20, 64009141
19, 64009141
21, 64009141
20, 64009141
20, 64009141
19, 64009141
19, 64009141
18, 64009141
20, 64009141
19, 64009141
21, 64012815
21, 64012815
21, 64012815
19, 64012815
19, 64012815
18, 64012815
20, 64012815
20, 64012815
17, 64012815
19, 64012815
19, 64012815
20, 64012815
21, 64012815
20, 64012815
18, 64012815
19, 64012815
19, 64012815
19, 64012815
19, 64012815
20, 64012815
19, 64012815
20, 64012815
20, 64012815
20, 64012815
20, 64012815
20, 64012815
21, 64012815
20, 64012815
19, 64012815
20, 64012815
20, 64012815
19, 64012815
19, 64023472
19, 64023472
21, 64023472
19, 64023472
17, 64023472
21, 64023472
19, 64023472
18, 64023472
19, 64023472
20, 64023472
20, 64023472
20, 64023472
21, 64023472
18, 64023472
19, 64023472
19, 64023472
19, 64023472
19, 64023472
19, 64023472
21, 64023472
20, 64023472
21, 64023472
19, 64023472
18, 64023472
19, 64023472
20, 64023472
19, 64023472
18, 64023472
20, 64023472
20, 64023472
20, 64023472
20, 64023472
18, 64071415
20, 64071415
20, 64071415
21, 64071415
20, 64071415
19, 64071415
20, 64071415
19, 64071415
20, 64071415
21, 64071415
19, 64071415
21, 64071415
18, 64071415
19, 64071415
20, 64071415
20, 64071415
19, 64071415
20, 64071415
21, 64071415
19, 64071415
20, 64071415
19, 64071415
20, 64071415
20, 64071415
21, 64071415
19, 64071415
20, 64071415
21, 64071415
20, 64071415
21, 64071415
18, 64071415
18, 64071415
20, 64078993
20, 64078993
20, 64078993
21, 64078993
20, 64078993
19, 64078993
20, 64078993
21, 64078993
20, 64078993
19, 64078993
19, 64078993
19, 64078993
21, 64078993
20, 64078993
20, 64078993
20, 64078993
17, 64078993
20, 64078993
21, 64078993
20, 64078993
19, 64078993
18, 64078993
20, 64078993
20, 64078993
18, 64078993
19, 64078993
19, 64078993
21, 64078993
19, 64078993
19, 64078993
19, 64078993
20, 64078993
19, 64120067
20, 64120067
21, 64120067
20, 64120067
20, 64120067
19, 64120067
21, 64120067
20, 64120067
20, 64120067
21, 64120067
20, 64120067
20, 64120067
20, 64120067
19, 64120067
20, 64120067
21, 64120067
20, 64120067
20, 64120067
21, 64120067
21, 64120067
21, 64120067
20, 64120067
21, 64120067
19, 64120067
21, 64120067
19, 64120067
18, 64120067
21, 64120067
17, 64120067
19, 64120067
20, 64120067
18, 64120067
21, 64167914
21, 64167914
20, 64167914
19, 64167914
19, 64167914
20, 64167914
21, 64167914
20, 64167914
19, 64167914
21, 64167914
21, 64167914
20, 64167914
20, 64167914
19, 64167914
18, 64167914
18, 64167914
20, 64167914
20, 64167914
21, 64167914
19, 64167914
20, 64167914
19, 64167914
21, 64167914
20, 64167914
20, 64167914
20, 64167914
19, 64167914
21, 64167914
20, 64167914
21, 64167914
19, 64167914
21, 64167914
18, 64178987
20, 64178987
20, 64178987
18, 64178987
21, 64178987
21, 64178987
19, 64178987
20, 64178987
18, 64178987
18, 64178987
19, 64178987
21, 64178987
21, 64178987
20, 64178987
19, 64178987
21, 64178987
19, 64178987
21, 64178987
19, 64178987
20, 64178987
20, 64178987
19, 64178987
19, 64178987
21, 64178987
19, 64178987
18, 64178987
21, 64178987
19, 64178987
20, 64178987
20, 64178987
21, 64178987
20, 64178987
20, 64188112
19, 64188112
17, 64188112
19, 64188112
19, 64188112
18, 64188112
18, 64188112
20, 64188112
21, 64188112
19, 64188112
19, 64188112
19, 64188112
20, 64188112
20, 64188112
21, 64188112
19, 64188112
19, 64188112
21, 64188112
18, 64188112
19, 64188112
19, 64188112
20, 64188112
19, 64188112
18, 64188112
20, 64188112
19, 64188112
21, 64188112
20, 64188112
18, 64188112
18, 64188112
21, 64188112
21, 64188112
19, 64201466
18, 64201466
19, 64201466
21, 64201466
21, 64201466
19, 64201466
17, 64201466
20, 64201466
20, 64201466
20, 64201466
20, 64201466
18, 64201466
21, 64201466
20, 64201466
21, 64201466
19, 64201466
18, 64201466
20, 64201466
20, 64201466
20, 64201466
20, 64201466
20, 64201466
21, 64201466
21, 64201466
19, 64201466
20, 64201466
20, 64201466
20, 64201466
18, 64201466
19, 64201466
20, 64201466
19, 64201466
20, 64213961
21, 64213961
17, 64213961
18, 64213961
19, 64213961
20, 64213961
21, 64213961
18, 64213961
20, 64213961
20, 64213961
20, 64213961
19, 64213961
21, 64213961
19, 64213961
19, 64213961
19, 64213961
20, 64213961
19, 64213961
21, 64213961
19, 64213961
19, 64213961
20, 64213961
20, 64213961
20, 64213961
20, 64213961
21, 64213961
21, 64213961
20, 64213961
19, 64213961
21, 64213961
19, 64213961
19, 64213961
19, 64245944
18, 64245944
21, 64245944
19, 64245944
20, 64245944
20, 64245944
20, 64245944
20, 64245944
18, 64245944
20, 64245944
20, 64245944
20, 64245944
19, 64245944
18, 64245944
21, 64245944
20, 64245944
18, 64245944
20, 64245944
19, 64245944
18, 64245944
20, 64245944
19, 64245944
19, 64245944
19, 64245944
20, 64245944
20, 64245944
19, 64245944
20, 64245944
20, 64245944
20, 64245944
21, 64245944
20, 64245944
20, 64255835
20, 64255835
21, 64255835
21, 64255835
20, 64255835
20, 64255835
18, 64255835
19, 64255835
18, 64255835
21, 64255835
18, 64255835
19, 64255835
21, 64255835
19, 64255835
20, 64255835
19, 64255835
20, 64255835
19, 64255835
19, 64255835
18, 64255835
21, 64255835
20, 64255835
19, 64255835
21, 64255835
20, 64255835
21, 64255835
18, 64255835
20, 64255835
19, 64255835
19, 64255835
19, 64255835
18, 64255835
21, 64278059
21, 64278059
19, 64278059
20, 64278059
21, 64278059
19, 64278059
19, 64278059
19, 64278059
20, 64278059
20, 64278059
19, 64278059
21, 64278059
18, 64278059
19, 64278059
18, 64278059
21, 64278059
18, 64278059
20, 64278059
20, 64278059
17, 64278059
21, 64278059
18, 64278059
20, 64278059
20, 64278059
20, 64278059
20, 64278059
20, 64278059
20, 64278059
19, 64278059
20, 64278059
19, 64278059
20, 64278059
18, 64361897
19, 64361897
21, 64361897
20, 64361897
20, 64361897
21, 64361897
19, 64361897
20, 64361897
19, 64361897
21, 64361897
18, 64361897
19, 64361897
21, 64361897
21, 64361897
21, 64361897
19, 64361897
20, 64361897
20, 64361897
20, 64361897
20, 64361897
20, 64361897
19, 64361897
21, 64361897
21, 64361897
21, 64361897
20, 64361897
18, 64361897
19, 64361897
20, 64361897
21, 64361897
21, 64361897
19, 64361897
20, 64370968
19, 64370968
20, 64370968
19, 64370968
20, 64370968
21, 64370968
21, 64370968
18, 64370968
20, 64370968
20, 64370968
21, 64370968
20, 64370968
19, 64370968
19, 64370968
18, 64370968
21, 64370968
20, 64370968
20, 64370968
19, 64370968
21, 64370968
18, 64370968
19, 64370968
20, 64370968
21, 64370968
20, 64370968
21, 64370968
19, 64370968
20, 64370968
20, 64370968
19, 64370968
21, 64370968
21, 64370968
20, 64385863
19, 64385863
19, 64385863
20, 64385863
20, 64385863
19, 64385863
20, 64385863
19, 64385863
19, 64385863
17, 64385863
20, 64385863
20, 64385863
18, 64385863
20, 64385863
20, 64385863
20, 64385863
20, 64385863
21, 64385863
20, 64385863
19, 64385863
20, 64385863
20, 64385863
19, 64385863
19, 64385863
19, 64385863
21, 64385863
20, 64385863
19, 64385863
18, 64385863
19, 64385863
20, 64385863
21, 64385863
20, 64438570
19, 64438570
20, 64438570
20, 64438570
19, 64438570
20, 64438570
21, 64438570
19, 64438570
21, 64438570
20, 64438570
20, 64438570
19, 64438570
19, 64438570
19, 64438570
19, 64438570
21, 64438570
20, 64438570
20, 64438570
20, 64438570
20, 64438570
21, 64438570
19, 64438570
21, 64438570
20, 64438570
21, 64438570
21, 64438570
21, 64438570
19, 64438570
19, 64438570
18, 64438570
20, 64438570
20, 64438570
18, 64492446
18, 64492446
21, 64492446
20, 64492446
20, 64492446
19, 64492446
21, 64492446
21, 64492446
20, 64492446
18, 64492446
18, 64492446
20, 64492446
20, 64492446
19, 64492446
20, 64492446
21, 64492446
20, 64492446
20, 64492446
20, 64492446
19, 64492446
20, 64492446
20, 64492446
18, 64492446
20, 64492446
18, 64492446
20, 64492446
21, 64492446
20, 64492446
18, 64492446
19, 64492446
20, 64492446
20, 64492446
19, 64569749
20, 64569749
19, 64569749
19, 64569749
20, 64569749
21, 64569749
20, 64569749
19, 64569749
19, 64569749
18, 64569749
19, 64569749
19, 64569749
18, 64569749
19, 64569749
20, 64569749
20, 64569749
19, 64569749
19, 64569749
19, 64569749
20, 64569749
20, 64569749
18, 64569749
20, 64569749
18, 64569749
19, 64569749
20, 64569749
18, 64569749
20, 64569749
18, 64569749
21, 64569749
20, 64569749
21, 64569749
19, 64605290
20, 64605290
21, 64605290
18, 64605290
20, 64605290
18, 64605290
19, 64605290
19, 64605290
20, 64605290
18, 64605290
20, 64605290
21, 64605290
17, 64605290
20, 64605290
19, 64605290
20, 64605290
18, 64605290
19, 64605290
21, 64605290
19, 64605290
19, 64605290
21, 64605290
19, 64605290
21, 64605290
20, 64605290
19, 64605290
21, 64605290
20, 64605290
20, 64605290
20, 64605290
21, 64605290
18, 64605290
19, 64694383
19, 64694383
17, 64694383
19, 64694383
21, 64694383
19, 64694383
21, 64694383
21, 64694383
18, 64694383
21, 64694383
20, 64694383
19, 64694383
20, 64694383
18, 64694383
18, 64694383
20, 64694383
19, 64694383
19, 64694383
19, 64694383
18, 64694383
21, 64694383
21, 64694383
18, 64694383
19, 64694383
20, 64694383
18, 64694383
18, 64694383
20, 64694383
19, 64694383
19, 64694383
20, 64694383
20, 64694383
20, 64782096
19, 64782096
20, 64782096
20, 64782096
20, 64782096
21, 64782096
19, 64782096
21, 64782096
21, 64782096
19, 64782096
20, 64782096
21, 64782096
19, 64782096
21, 64782096
20, 64782096
19, 64782096
21, 64782096
18, 64782096
20, 64782096
19, 64782096
20, 64782096
19, 64782096
20, 64782096
19, 64782096
20, 64782096
18, 64782096
20, 64782096
18, 64782096
19, 64782096
19, 64782096
20, 64782096
19, 64782096
21, 64829328
20, 64829328
21, 64829328
19, 64829328
19, 64829328
19, 64829328
21, 64829328
20, 64829328
20, 64829328
18, 64829328
18, 64829328
21, 64829328
20, 64829328
19, 64829328
20, 64829328
21, 64829328
21, 64829328
20, 64829328
20, 64829328
19, 64829328
20, 64829328
21, 64829328
20, 64829328
19, 64829328
19, 64829328
21, 64829328
20, 64829328
19, 64829328
21, 64829328
18, 64829328
20, 64829328
20, 64829328
20, 64919716
19, 64919716
21, 64919716
18, 64919716
19, 64919716
18, 64919716
20, 64919716
20, 64919716
20, 64919716
19, 64919716
19, 64919716
19, 64919716
19, 64919716
20, 64919716
18, 64919716
20, 64919716
20, 64919716
20, 64919716
21, 64919716
21, 64919716
20, 64919716
19, 64919716
20, 64919716
20, 64919716
21, 64919716
20, 64919716
19, 64919716
21, 64919716
19, 64919716
18, 64919716
19, 64919716
18, 64919716
20, 64923694
20, 64923694
21, 64923694
21, 64923694
21, 64923694
18, 64923694
19, 64923694
19, 64923694
20, 64923694
19, 64923694
21, 64923694
20, 64923694
20, 64923694
20, 64923694
20, 64923694
20, 64923694
20, 64923694
19, 64923694
21, 64923694
21, 64923694
20, 64923694
20, 64923694
19, 64923694
20, 64923694
20, 64923694
19, 64923694
21, 64923694
20, 64923694
20, 64923694
20, 64923694
20, 64923694
20, 64923694
20, 64934507
20, 64934507
18, 64934507
20, 64934507
18, 64934507
20, 64934507
18, 64934507
21, 64934507
21, 64934507
21, 64934507
21, 64934507
19, 64934507
21, 64934507
20, 64934507
20, 64934507
21, 64934507
20, 64934507
20, 64934507
20, 64934507
20, 64934507
18, 64934507
21, 64934507
20, 64934507
20, 64934507
19, 64934507
20, 64934507
18, 64934507
20, 64934507
21, 64934507
17, 64934507
20, 64934507
20, 64934507
21, 64949924
19, 64949924
21, 64949924
18, 64949924
21, 64949924
18, 64949924
21, 64949924
19, 64949924
20, 64949924
20, 64949924
20, 64949924
21, 64949924
20, 64949924
20, 64949924
20, 64949924
19, 64949924
19, 64949924
20, 64949924
20, 64949924
20, 64949924
19, 64949924
21, 64949924
20, 64949924
20, 64949924
19, 64949924
20, 64949924
18, 64949924
19, 64949924
21, 64949924
20, 64949924
19, 64949924
20, 64949924
19, 64996343
19, 64996343
18, 64996343
19, 64996343
21, 64996343
19, 64996343
19, 64996343
21, 64996343
19, 64996343
21, 64996343
19, 64996343
18, 64996343
20, 64996343
21, 64996343
20, 64996343
20, 64996343
21, 64996343
21, 64996343
19, 64996343
20, 64996343
18, 64996343
20, 64996343
20, 64996343
20, 64996343
19, 64996343
20, 64996343
19, 64996343
19, 64996343
21, 64996343
19, 64996343
19, 64996343
20, 64996343
18, 65039447
20, 65039447
19, 65039447
20, 65039447
19, 65039447
21, 65039447
18, 65039447
19, 65039447
19, 65039447
18, 65039447
20, 65039447
20, 65039447
21, 65039447
19, 65039447
20, 65039447
20, 65039447
19, 65039447
20, 65039447
21, 65039447
18, 65039447
20, 65039447
20, 65039447
21, 65039447
19, 65039447
20, 65039447
20, 65039447
19, 65039447
21, 65039447
21, 65039447
19, 65039447
20, 65039447
20, 65039447
18, 65078402
19, 65078402
19, 65078402
20, 65078402
20, 65078402
18, 65078402
21, 65078402
21, 65078402
19, 65078402
21, 65078402
19, 65078402
20, 65078402
20, 65078402
20, 65078402
20, 65078402
20, 65078402
20, 65078402
19, 65078402
20, 65078402
21, 65078402
19, 65078402
20, 65078402
18, 65078402
20, 65078402
21, 65078402
21, 65078402
21, 65078402
18, 65078402
21, 65078402
20, 65078402
20, 65078402
21, 65078402
20, 65080185
18, 65080185
21, 65080185
21, 65080185
20, 65080185
20, 65080185
21, 65080185
20, 65080185
20, 65080185
21, 65080185
18, 65080185
17, 65080185
19, 65080185
20, 65080185
18, 65080185
19, 65080185
19, 65080185
18, 65080185
21, 65080185
19, 65080185
19, 65080185
19, 65080185
19, 65080185
19, 65080185
21, 65080185
18, 65080185
20, 65080185
18, 65080185
19, 65080185
20, 65080185
21, 65080185
20, 65080185
20, 65118550
21, 65118550
19, 65118550
21, 65118550
21, 65118550
21, 65118550
20, 65118550
19, 65118550
20, 65118550
19, 65118550
19, 65118550
21, 65118550
18, 65118550
19, 65118550
20, 65118550
20, 65118550
19, 65118550
21, 65118550
19, 65118550
19, 65118550
20, 65118550
21, 65118550
21, 65118550
19, 65118550
20, 65118550
18, 65118550
21, 65118550
20, 65118550
19, 65118550
18, 65118550
19, 65118550
19, 65118550
19, 65183295
20, 65183295
19, 65183295
19, 65183295
21, 65183295
20, 65183295
20, 65183295
21, 65183295
20, 65183295
21, 65183295
19, 65183295
21, 65183295
18, 65183295
19, 65183295
21, 65183295
20, 65183295
20, 65183295
21, 65183295
20, 65183295
21, 65183295
19, 65183295
21, 65183295
20, 65183295
20, 65183295
21, 65183295
21, 65183295
21, 65183295
20, 65183295
19, 65183295
21, 65183295
21, 65183295
20, 65183295
20, 65237871
19, 65237871
20, 65237871
20, 65237871
20, 65237871
18, 65237871
19, 65237871
19, 65237871
20, 65237871
20, 65237871
19, 65237871
20, 65237871
20, 65237871
19, 65237871
20, 65237871
21, 65237871
19, 65237871
18, 65237871
19, 65237871
21, 65237871
21, 65237871
18, 65237871
21, 65237871
20, 65237871
17, 65237871
19, 65237871
20, 65237871
19, 65237871
21, 65237871
20, 65237871
20, 65237871
19, 65237871
19, 65338116
20, 65338116
19, 65338116
19, 65338116
19, 65338116
19, 65338116
18, 65338116
19, 65338116
19, 65338116
20, 65338116
20, 65338116
21, 65338116
21, 65338116
20, 65338116
19, 65338116
19, 65338116
20, 65338116
20, 65338116
20, 65338116
20, 65338116
21, 65338116
21, 65338116
19, 65338116
19, 65338116
21, 65338116
20, 65338116
20, 65338116
20, 65338116
20, 65338116
18, 65338116
19, 65338116
20, 65338116
21, 65343676
20, 65343676
20, 65343676
20, 65343676
20, 65343676
20, 65343676
21, 65343676
18, 65343676
20, 65343676
20, 65343676
18, 65343676
20, 65343676
20, 65343676
21, 65343676
19, 65343676
19, 65343676
20, 65343676
19, 65343676
21, 65343676
20, 65343676
19, 65343676
19, 65343676
20, 65343676
20, 65343676
20, 65343676
19, 65343676
21, 65343676
18, 65343676
18, 65343676
19, 65343676
19, 65343676
20, 65343676
19, 65390179
19, 65390179
21, 65390179
20, 65390179
21, 65390179
19, 65390179
21, 65390179
19, 65390179
17, 65390179
18, 65390179
21, 65390179
18, 65390179
21, 65390179
20, 65390179
20, 65390179
20, 65390179
20, 65390179
21, 65390179
20, 65390179
20, 65390179
19, 65390179
20, 65390179
21, 65390179
21, 65390179
19, 65390179
19, 65390179
20, 65390179
18, 65390179
19, 65390179
20, 65390179
21, 65390179
21, 65390179
21, 65428501
18, 65428501
20, 65428501
20, 65428501
20, 65428501
18, 65428501
20, 65428501
19, 65428501
20, 65428501
20, 65428501
18, 65428501
21, 65428501
19, 65428501
18, 65428501
21, 65428501
21, 65428501
18, 65428501
20, 65428501
21, 65428501
19, 65428501
20, 65428501
19, 65428501
20, 65428501
19, 65428501
18, 65428501
19, 65428501
19, 65428501
20, 65428501
20, 65428501
20, 65428501
20, 65428501
18, 65428501
20, 65433248
19, 65433248
21, 65433248
19, 65433248
20, 65433248
19, 65433248
18, 65433248
18, 65433248
18, 65433248
21, 65433248
19, 65433248
20, 65433248
21, 65433248
20, 65433248
19, 65433248
19, 65433248
20, 65433248
19, 65433248
20, 65433248
21, 65433248
19, 65433248
19, 65433248
20, 65433248
20, 65433248
20, 65433248
19, 65433248
19, 65433248
20, 65433248
19, 65433248
21, 65433248
21, 65433248
19, 65433248
19, 65461410
20, 65461410
19, 65461410
20, 65461410
19, 65461410
19, 65461410
19, 65461410
18, 65461410
20, 65461410
21, 65461410
20, 65461410
19, 65461410
19, 65461410
21, 65461410
18, 65461410
19, 65461410
21, 65461410
19, 65461410
21, 65461410
20, 65461410
19, 65461410
19, 65461410
20, 65461410
21, 65461410
18, 65461410
20, 65461410
19, 65461410
21, 65461410
21, 65461410
20, 65461410
20, 65461410
19, 65461410
21, 65516662
21, 65516662
21, 65516662
21, 65516662
19, 65516662
20, 65516662
18, 65516662
20, 65516662
20, 65516662
21, 65516662
17, 65516662
18, 65516662
20, 65516662
19, 65516662
21, 65516662
21, 65516662
21, 65516662
21, 65516662
19, 65516662
19, 65516662
20, 65516662
19, 65516662
19, 65516662
19, 65516662
20, 65516662
18, 65516662
20, 65516662
20, 65516662
21, 65516662
21, 65516662
20, 65516662
19, 65516662
20, 65534260
21, 65534260
20, 65534260
18, 65534260
19, 65534260
21, 65534260
21, 65534260
21, 65534260
20, 65534260
20, 65534260
20, 65534260
19, 65534260
19, 65534260
20, 65534260
20, 65534260
21, 65534260
19, 65534260
21, 65534260
21, 65534260
20, 65534260
19, 65534260
21, 65534260
20, 65534260
21, 65534260
20, 65534260
17, 65534260
20, 65534260
21, 65534260
19, 65534260
21, 65534260
18, 65534260
20, 65534260
18, 65561876
20, 65561876
20, 65561876
19, 65561876
21, 65561876
19, 65561876
20, 65561876
18, 65561876
19, 65561876
21, 65561876
19, 65561876
20, 65561876
18, 65561876
20, 65561876
17, 65561876
21, 65561876
21, 65561876
17, 65561876
20, 65561876
18, 65561876
20, 65561876
18, 65561876
20, 65561876
20, 65561876
19, 65561876
18, 65561876
20, 65561876
20, 65561876
18, 65561876
21, 65561876
20, 65561876
20, 65561876
20, 65563967
21, 65563967
19, 65563967
17, 65563967
20, 65563967
19, 65563967
18, 65563967
18, 65563967
21, 65563967
19, 65563967
18, 65563967
19, 65563967
20, 65563967
20, 65563967
20, 65563967
20, 65563967
21, 65563967
19, 65563967
21, 65563967
19, 65563967
19, 65563967
20, 65563967
20, 65563967
21, 65563967
19, 65563967
20, 65563967
19, 65563967
20, 65563967
20, 65563967
19, 65563967
18, 65563967
19, 65563967
19, 65587062
21, 65587062
20, 65587062
20, 65587062
20, 65587062
19, 65587062
20, 65587062
20, 65587062
20, 65587062
19, 65587062
20, 65587062
19, 65587062
21, 65587062
19, 65587062
19, 65587062
20, 65587062
21, 65587062
21, 65587062
20, 65587062
21, 65587062
18, 65587062
21, 65587062
20, 65587062
21, 65587062
21, 65587062
18, 65587062
21, 65587062
20, 65587062
21, 65587062
18, 65587062
20, 65587062
19, 65587062
20, 65685881
19, 65685881
20, 65685881
21, 65685881
19, 65685881
18, 65685881
19, 65685881
17, 65685881
20, 65685881
21, 65685881
19, 65685881
20, 65685881
19, 65685881
19, 65685881
19, 65685881
21, 65685881
21, 65685881
19, 65685881
20, 65685881
19, 65685881
21, 65685881
19, 65685881
20, 65685881
18, 65685881
17, 65685881
18, 65685881
20, 65685881
21, 65685881
18, 65685881
21, 65685881
19, 65685881
20, 65685881
19, 65716647
20, 65716647
21, 65716647
19, 65716647
19, 65716647
19, 65716647
20, 65716647
20, 65716647
20, 65716647
21, 65716647
20, 65716647
19, 65716647
21, 65716647
20, 65716647
20, 65716647
19, 65716647
20, 65716647
19, 65716647
21, 65716647
19, 65716647
21, 65716647
18, 65716647
20, 65716647
21, 65716647
21, 65716647
20, 65716647
21, 65716647
18, 65716647
20, 65716647
19, 65716647
20, 65716647
19, 65716647
20, 65765950
18, 65765950
21, 65765950
19, 65765950
19, 65765950
20, 65765950
20, 65765950
18, 65765950
20, 65765950
20, 65765950
20, 65765950
18, 65765950
21, 65765950
21, 65765950
21, 65765950
20, 65765950
20, 65765950
19, 65765950
19, 65765950
20, 65765950
19, 65765950
18, 65765950
19, 65765950
20, 65765950
20, 65765950
21, 65765950
20, 65765950
19, 65765950
21, 65765950
20, 65765950
20, 65765950
21, 65765950
20, 65825292
21, 65825292
20, 65825292
21, 65825292
20, 65825292
20, 65825292
20, 65825292
19, 65825292
17, 65825292
19, 65825292
21, 65825292
20, 65825292
20, 65825292
21, 65825292
18, 65825292
21, 65825292
18, 65825292
18, 65825292
20, 65825292
20, 65825292
20, 65825292
20, 65825292
20, 65825292
19, 65825292
19, 65825292
21, 65825292
21, 65825292
18, 65825292
19, 65825292
19, 65825292
18, 65825292
21, 65825292
18, 65871514
21, 65871514
21, 65871514
19, 65871514
20, 65871514
20, 65871514
19, 65871514
19, 65871514
20, 65871514
20, 65871514
20, 65871514
19, 65871514
21, 65871514
20, 65871514
20, 65871514
19, 65871514
20, 65871514
20, 65871514
21, 65871514
19, 65871514
20, 65871514
19, 65871514
20, 65871514
20, 65871514
17, 65871514
19, 65871514
20, 65871514
20, 65871514
20, 65871514
19, 65871514
20, 65871514
21, 65871514
20, 65870423
18, 65870423
19, 65870423
20, 65870423
21, 65870423
19, 65870423
18, 65870423
17, 65870423
20, 65870423
18, 65870423
21, 65870423
19, 65870423
20, 65870423
19, 65870423
19, 65870423
21, 65870423
20, 65870423
20, 65870423
20, 65870423
19, 65870423
20, 65870423
21, 65870423
20, 65870423
21, 65870423
20, 65870423
18, 65870423
20, 65870423
19, 65870423
21, 65870423
19, 65870423
20, 65870423
20, 65870423
19, 68068911
20, 68068911
18, 68068911
19, 68068911
17, 68068911
21, 68068911
18, 68068911
18, 68068911
18, 68068911
21, 68068911
18, 68068911
19, 68068911
21, 68068911
19, 68068911
19, 68068911
17, 68068911
19, 68068911
20, 68068911
21, 68068911
20, 68068911
17, 68068911
20, 68068911
20, 68068911
19, 68068911
19, 68068911
21, 68068911
21, 68068911
21, 68068911
19, 68068911
20, 68068911
20, 68068911
20, 68068911
20, 68075225
21, 68075225
20, 68075225
18, 68075225
20, 68075225
19, 68075225
18, 68075225
18, 68075225
20, 68075225
21, 68075225
19, 68075225
19, 68075225
21, 68075225
20, 68075225
20, 68075225
19, 68075225
19, 68075225
20, 68075225
19, 68075225
21, 68075225
19, 68075225
21, 68075225
20, 68075225
20, 68075225
18, 68075225
20, 68075225
18, 68075225
19, 68075225
20, 68075225
20, 68075225
17, 68075225
20, 68075225
20, 68136139
20, 68136139
19, 68136139
20, 68136139
18, 68136139
21, 68136139
18, 68136139
21, 68136139
19, 68136139
19, 68136139
21, 68136139
19, 68136139
20, 68136139
21, 68136139
21, 68136139
19, 68136139
21, 68136139
20, 68136139
21, 68136139
18, 68136139
19, 68136139
21, 68136139
20, 68136139
20, 68136139
20, 68136139
19, 68136139
20, 68136139
20, 68136139
20, 68136139
20, 68136139
21, 68136139
19, 68136139
21, 68177898
18, 68177898
20, 68177898
19, 68177898
19, 68177898
19, 68177898
20, 68177898
21, 68177898
19, 68177898
20, 68177898
20, 68177898
20, 68177898
21, 68177898
19, 68177898
19, 68177898
20, 68177898
20, 68177898
21, 68177898
19, 68177898
21, 68177898
20, 68177898
20, 68177898
20, 68177898
20, 68177898
18, 68177898
19, 68177898
21, 68177898
20, 68177898
21, 68177898
20, 68177898
19, 68177898
18, 68177898
20, 68450063
21, 68450063
19, 68450063
20, 68450063
20, 68450063
20, 68450063
18, 68450063
19, 68450063
21, 68450063
20, 68450063
19, 68450063
18, 68450063
19, 68450063
21, 68450063
21, 68450063
19, 68450063
18, 68450063
20, 68450063
19, 68450063
20, 68450063
20, 68450063
21, 68450063
19, 68450063
20, 68450063
20, 68450063
20, 68450063
19, 68450063
20, 68450063
20, 68450063
19, 68450063
21, 68450063
20, 68450063
20, 68500300
20, 68500300
20, 68500300
20, 68500300
18, 68500300
20, 68500300
21, 68500300
21, 68500300
20, 68500300
19, 68500300
18, 68500300
19, 68500300
19, 68500300
19, 68500300
21, 68500300
20, 68500300
18, 68500300
19, 68500300
20, 68500300
20, 68500300
20, 68500300
20, 68500300
19, 68500300
20, 68500300
20, 68500300
21, 68500300
19, 68500300
20, 68500300
20, 68500300
20, 68500300
19, 68500300
19, 68500300
INFO: Time (ms) for KF track fitting on device 0 : 140.049465
INFO: Total Wall clock time (ms) for KF track fitting: 140.122437
------------------------  ending  -----------------------
