INFO: float precision operand used.

Device : Tesla T4
maxThreadsPerMultiProcessor : 1024
maxGridSize : (2147483647, 65535, 65535)
maxThreadsPerBlock : 1024
maxThreadsDim : (1024, 1024, 64)
regsPerMultiprocessor : 65536
regsPerBlock : 65536
Cuda driver version: 11040
Cuda rt version: 11030
INFO: Warp Occupancy with block size 64 : 25%
INFO: Estimated max occupancy with block size =  256, min grid size = 40

INFO: grid size = 5120 x 1, block size =  8 x 8
INFO: Creating 10 boundless plane surfaces
Warning! Generated particle rejected!
Warning! Generated particle rejected!
Warning! Generated particle rejected!
Warning! Generated particle rejected!
Warning! Generated particle rejected!
Warning! Generated particle rejected!
Warning! Generated particle rejected!
Warning! Generated particle rejected!

INFO: Time (ms) to run simulation: 2209.57
20, 56964358
21, 56964358
21, 56964358
21, 56964358
21, 56964358
19, 56964358
19, 56964358
20, 56964358
20, 56964358
21, 56964358
19, 56964358
19, 56964358
20, 56964358
19, 56964358
19, 56964358
20, 56964358
21, 56964358
19, 56964358
19, 56964358
18, 56964358
18, 56964358
21, 56964358
21, 56964358
19, 56964358
20, 56964358
20, 56964358
19, 56964358
20, 56964358
20, 56964358
21, 56964358
21, 56964358
21, 56964358
20, 56963207
20, 56963207
19, 56963207
20, 56963207
21, 56963207
19, 56963207
18, 56963207
19, 56963207
18, 56963207
20, 56963207
19, 56963207
21, 56963207
20, 56963207
18, 56963207
20, 56963207
20, 56963207
21, 56963207
18, 56963207
19, 56963207
20, 56963207
18, 56963207
21, 56963207
19, 56963207
19, 56963207
19, 56963207
20, 56963207
19, 56963207
21, 56963207
18, 56963207
21, 56963207
18, 56963207
21, 56963207
18, 57027419
19, 57027419
20, 57027419
19, 57027419
19, 57027419
21, 57027419
19, 57027419
19, 57027419
18, 57027419
20, 57027419
19, 57027419
20, 57027419
19, 57027419
19, 57027419
20, 57027419
20, 57027419
19, 57027419
20, 57027419
19, 57027419
19, 57027419
21, 57027419
20, 57027419
21, 57027419
20, 57027419
20, 57027419
21, 57027419
20, 57027419
19, 57027419
18, 57027419
19, 57027419
21, 57027419
20, 57027419
19, 57185779
18, 57185779
19, 57185779
21, 57185779
21, 57185779
19, 57185779
17, 57185779
20, 57185779
20, 57185779
20, 57185779
20, 57185779
18, 57185779
21, 57185779
20, 57185779
21, 57185779
19, 57185779
18, 57185779
20, 57185779
20, 57185779
20, 57185779
20, 57185779
20, 57185779
21, 57185779
21, 57185779
19, 57185779
20, 57185779
20, 57185779
20, 57185779
18, 57185779
19, 57185779
20, 57185779
19, 57185779
19, 57186218
21, 57186218
20, 57186218
21, 57186218
19, 57186218
18, 57186218
21, 57186218
20, 57186218
19, 57186218
19, 57186218
21, 57186218
20, 57186218
21, 57186218
19, 57186218
19, 57186218
20, 57186218
19, 57186218
20, 57186218
19, 57186218
20, 57186218
20, 57186218
20, 57186218
19, 57186218
19, 57186218
18, 57186218
20, 57186218
20, 57186218
20, 57186218
19, 57186218
21, 57186218
19, 57186218
21, 57186218
17, 57261255
18, 57261255
21, 57261255
19, 57261255
20, 57261255
21, 57261255
21, 57261255
21, 57261255
20, 57261255
21, 57261255
20, 57261255
20, 57261255
20, 57261255
19, 57261255
19, 57261255
21, 57261255
20, 57261255
18, 57261255
19, 57261255
20, 57261255
19, 57261255
21, 57261255
21, 57261255
21, 57261255
20, 57261255
19, 57261255
21, 57261255
20, 57261255
21, 57261255
20, 57261255
21, 57261255
18, 57261255
20, 57306585
20, 57306585
20, 57306585
20, 57306585
21, 57306585
21, 57306585
20, 57306585
21, 57306585
18, 57306585
19, 57306585
20, 57306585
20, 57306585
20, 57306585
19, 57306585
20, 57306585
20, 57306585
19, 57306585
20, 57306585
21, 57306585
20, 57306585
21, 57306585
19, 57306585
20, 57306585
19, 57306585
19, 57306585
19, 57306585
18, 57306585
19, 57306585
19, 57306585
20, 57306585
20, 57306585
19, 57306585
18, 57317821
21, 57317821
21, 57317821
21, 57317821
19, 57317821
18, 57317821
20, 57317821
21, 57317821
18, 57317821
20, 57317821
20, 57317821
21, 57317821
21, 57317821
19, 57317821
19, 57317821
21, 57317821
19, 57317821
20, 57317821
19, 57317821
21, 57317821
20, 57317821
19, 57317821
18, 57317821
21, 57317821
21, 57317821
21, 57317821
20, 57317821
20, 57317821
20, 57317821
18, 57317821
19, 57317821
18, 57317821
21, 57368326
20, 57368326
20, 57368326
19, 57368326
19, 57368326
20, 57368326
20, 57368326
18, 57368326
18, 57368326
18, 57368326
19, 57368326
20, 57368326
20, 57368326
21, 57368326
18, 57368326
19, 57368326
18, 57368326
21, 57368326
19, 57368326
20, 57368326
21, 57368326
19, 57368326
20, 57368326
18, 57368326
20, 57368326
21, 57368326
20, 57368326
19, 57368326
18, 57368326
20, 57368326
21, 57368326
20, 57368326
19, 57432981
20, 57432981
21, 57432981
18, 57432981
20, 57432981
18, 57432981
19, 57432981
19, 57432981
20, 57432981
18, 57432981
20, 57432981
21, 57432981
17, 57432981
20, 57432981
19, 57432981
20, 57432981
18, 57432981
19, 57432981
21, 57432981
19, 57432981
19, 57432981
21, 57432981
19, 57432981
21, 57432981
20, 57432981
19, 57432981
21, 57432981
20, 57432981
20, 57432981
20, 57432981
21, 57432981
18, 57432981
21, 57483496
20, 57483496
19, 57483496
20, 57483496
19, 57483496
21, 57483496
19, 57483496
20, 57483496
20, 57483496
19, 57483496
19, 57483496
21, 57483496
20, 57483496
20, 57483496
20, 57483496
20, 57483496
20, 57483496
19, 57483496
21, 57483496
19, 57483496
20, 57483496
19, 57483496
17, 57483496
18, 57483496
19, 57483496
20, 57483496
19, 57483496
19, 57483496
20, 57483496
21, 57483496
21, 57483496
19, 57483496
20, 57486532
20, 57486532
19, 57486532
20, 57486532
20, 57486532
19, 57486532
20, 57486532
18, 57486532
20, 57486532
20, 57486532
20, 57486532
20, 57486532
21, 57486532
20, 57486532
20, 57486532
21, 57486532
20, 57486532
21, 57486532
21, 57486532
20, 57486532
19, 57486532
20, 57486532
21, 57486532
21, 57486532
18, 57486532
19, 57486532
18, 57486532
19, 57486532
19, 57486532
20, 57486532
18, 57486532
18, 57486532
19, 57656635
18, 57656635
19, 57656635
21, 57656635
19, 57656635
20, 57656635
20, 57656635
20, 57656635
20, 57656635
19, 57656635
21, 57656635
21, 57656635
19, 57656635
21, 57656635
19, 57656635
19, 57656635
18, 57656635
20, 57656635
20, 57656635
19, 57656635
20, 57656635
21, 57656635
21, 57656635
17, 57656635
18, 57656635
21, 57656635
18, 57656635
19, 57656635
19, 57656635
19, 57656635
21, 57656635
19, 57656635
21, 57671706
21, 57671706
20, 57671706
20, 57671706
18, 57671706
18, 57671706
21, 57671706
20, 57671706
21, 57671706
21, 57671706
20, 57671706
19, 57671706
18, 57671706
21, 57671706
20, 57671706
19, 57671706
19, 57671706
21, 57671706
20, 57671706
19, 57671706
21, 57671706
21, 57671706
21, 57671706
20, 57671706
20, 57671706
20, 57671706
19, 57671706
19, 57671706
20, 57671706
20, 57671706
21, 57671706
20, 57671706
20, 57795851
20, 57795851
19, 57795851
18, 57795851
20, 57795851
19, 57795851
19, 57795851
17, 57795851
21, 57795851
21, 57795851
19, 57795851
21, 57795851
18, 57795851
21, 57795851
21, 57795851
19, 57795851
20, 57795851
20, 57795851
19, 57795851
19, 57795851
20, 57795851
19, 57795851
19, 57795851
19, 57795851
21, 57795851
20, 57795851
20, 57795851
20, 57795851
19, 57795851
18, 57795851
20, 57795851
20, 57795851
19, 57795685
20, 57795685
20, 57795685
18, 57795685
20, 57795685
20, 57795685
21, 57795685
20, 57795685
20, 57795685
21, 57795685
18, 57795685
21, 57795685
19, 57795685
18, 57795685
20, 57795685
19, 57795685
21, 57795685
19, 57795685
20, 57795685
20, 57795685
19, 57795685
21, 57795685
20, 57795685
21, 57795685
18, 57795685
18, 57795685
19, 57795685
20, 57795685
21, 57795685
20, 57795685
20, 57795685
20, 57795685
19, 57875671
20, 57875671
17, 57875671
20, 57875671
19, 57875671
20, 57875671
20, 57875671
20, 57875671
21, 57875671
19, 57875671
20, 57875671
18, 57875671
19, 57875671
20, 57875671
20, 57875671
21, 57875671
21, 57875671
20, 57875671
19, 57875671
19, 57875671
20, 57875671
18, 57875671
19, 57875671
20, 57875671
19, 57875671
20, 57875671
20, 57875671
20, 57875671
21, 57875671
21, 57875671
20, 57875671
20, 57875671
21, 57871818
20, 57871818
19, 57871818
21, 57871818
19, 57871818
21, 57871818
17, 57871818
20, 57871818
21, 57871818
20, 57871818
18, 57871818
18, 57871818
19, 57871818
21, 57871818
20, 57871818
18, 57871818
20, 57871818
19, 57871818
20, 57871818
19, 57871818
19, 57871818
21, 57871818
20, 57871818
19, 57871818
18, 57871818
20, 57871818
20, 57871818
20, 57871818
20, 57871818
20, 57871818
21, 57871818
19, 57871818
19, 57888680
20, 57888680
18, 57888680
20, 57888680
18, 57888680
20, 57888680
20, 57888680
20, 57888680
20, 57888680
20, 57888680
21, 57888680
21, 57888680
19, 57888680
19, 57888680
20, 57888680
21, 57888680
21, 57888680
21, 57888680
21, 57888680
21, 57888680
18, 57888680
20, 57888680
20, 57888680
21, 57888680
19, 57888680
19, 57888680
20, 57888680
19, 57888680
20, 57888680
19, 57888680
18, 57888680
20, 57888680
20, 57901205
21, 57901205
18, 57901205
20, 57901205
19, 57901205
19, 57901205
18, 57901205
18, 57901205
19, 57901205
19, 57901205
19, 57901205
20, 57901205
21, 57901205
20, 57901205
20, 57901205
20, 57901205
19, 57901205
20, 57901205
20, 57901205
21, 57901205
19, 57901205
20, 57901205
20, 57901205
19, 57901205
21, 57901205
18, 57901205
20, 57901205
20, 57901205
20, 57901205
18, 57901205
19, 57901205
21, 57901205
17, 57919409
20, 57919409
20, 57919409
20, 57919409
19, 57919409
21, 57919409
19, 57919409
19, 57919409
21, 57919409
18, 57919409
20, 57919409
21, 57919409
21, 57919409
20, 57919409
21, 57919409
21, 57919409
20, 57919409
20, 57919409
21, 57919409
20, 57919409
19, 57919409
20, 57919409
20, 57919409
19, 57919409
21, 57919409
19, 57919409
19, 57919409
19, 57919409
20, 57919409
19, 57919409
20, 57919409
21, 57919409
19, 58040377
20, 58040377
20, 58040377
19, 58040377
18, 58040377
19, 58040377
18, 58040377
19, 58040377
21, 58040377
20, 58040377
19, 58040377
20, 58040377
20, 58040377
20, 58040377
21, 58040377
20, 58040377
20, 58040377
20, 58040377
18, 58040377
21, 58040377
19, 58040377
20, 58040377
18, 58040377
21, 58040377
21, 58040377
20, 58040377
19, 58040377
20, 58040377
19, 58040377
21, 58040377
20, 58040377
20, 58040377
18, 58046978
19, 58046978
19, 58046978
20, 58046978
20, 58046978
18, 58046978
21, 58046978
21, 58046978
19, 58046978
21, 58046978
19, 58046978
20, 58046978
20, 58046978
20, 58046978
20, 58046978
20, 58046978
20, 58046978
19, 58046978
20, 58046978
21, 58046978
19, 58046978
20, 58046978
18, 58046978
20, 58046978
21, 58046978
21, 58046978
21, 58046978
18, 58046978
21, 58046978
20, 58046978
20, 58046978
21, 58046978
18, 58082263
19, 58082263
20, 58082263
18, 58082263
20, 58082263
20, 58082263
18, 58082263
19, 58082263
19, 58082263
20, 58082263
19, 58082263
20, 58082263
20, 58082263
19, 58082263
19, 58082263
20, 58082263
20, 58082263
21, 58082263
20, 58082263
20, 58082263
19, 58082263
19, 58082263
21, 58082263
19, 58082263
19, 58082263
17, 58082263
19, 58082263
20, 58082263
20, 58082263
19, 58082263
20, 58082263
20, 58082263
18, 58082695
20, 58082695
19, 58082695
18, 58082695
18, 58082695
19, 58082695
20, 58082695
21, 58082695
21, 58082695
20, 58082695
20, 58082695
19, 58082695
19, 58082695
21, 58082695
19, 58082695
20, 58082695
20, 58082695
20, 58082695
20, 58082695
19, 58082695
20, 58082695
21, 58082695
20, 58082695
18, 58082695
21, 58082695
20, 58082695
20, 58082695
20, 58082695
20, 58082695
20, 58082695
21, 58082695
19, 58082695
19, 58220257
20, 58220257
19, 58220257
19, 58220257
20, 58220257
18, 58220257
21, 58220257
17, 58220257
20, 58220257
20, 58220257
20, 58220257
21, 58220257
20, 58220257
20, 58220257
20, 58220257
18, 58220257
18, 58220257
18, 58220257
19, 58220257
19, 58220257
20, 58220257
19, 58220257
20, 58220257
19, 58220257
18, 58220257
20, 58220257
20, 58220257
20, 58220257
20, 58220257
20, 58220257
20, 58220257
21, 58220257
20, 58224057
19, 58224057
20, 58224057
19, 58224057
20, 58224057
20, 58224057
20, 58224057
21, 58224057
20, 58224057
21, 58224057
18, 58224057
20, 58224057
20, 58224057
21, 58224057
20, 58224057
21, 58224057
21, 58224057
21, 58224057
20, 58224057
20, 58224057
20, 58224057
20, 58224057
21, 58224057
20, 58224057
20, 58224057
20, 58224057
19, 58224057
20, 58224057
19, 58224057
19, 58224057
20, 58224057
19, 58224057
18, 58274772
19, 58274772
21, 58274772
19, 58274772
19, 58274772
18, 58274772
19, 58274772
20, 58274772
20, 58274772
19, 58274772
19, 58274772
21, 58274772
20, 58274772
19, 58274772
19, 58274772
20, 58274772
21, 58274772
20, 58274772
20, 58274772
18, 58274772
19, 58274772
20, 58274772
19, 58274772
19, 58274772
20, 58274772
21, 58274772
19, 58274772
21, 58274772
20, 58274772
18, 58274772
20, 58274772
21, 58274772
20, 58437827
21, 58437827
19, 58437827
19, 58437827
20, 58437827
21, 58437827
18, 58437827
21, 58437827
20, 58437827
19, 58437827
20, 58437827
20, 58437827
19, 58437827
20, 58437827
19, 58437827
20, 58437827
20, 58437827
19, 58437827
21, 58437827
20, 58437827
21, 58437827
19, 58437827
20, 58437827
19, 58437827
19, 58437827
20, 58437827
21, 58437827
19, 58437827
20, 58437827
20, 58437827
20, 58437827
18, 58437827
19, 58501535
20, 58501535
20, 58501535
18, 58501535
20, 58501535
19, 58501535
21, 58501535
19, 58501535
20, 58501535
20, 58501535
19, 58501535
19, 58501535
18, 58501535
20, 58501535
21, 58501535
20, 58501535
21, 58501535
18, 58501535
20, 58501535
21, 58501535
20, 58501535
20, 58501535
20, 58501535
19, 58501535
21, 58501535
18, 58501535
20, 58501535
18, 58501535
21, 58501535
21, 58501535
20, 58501535
18, 58501535
20, 58581175
20, 58581175
19, 58581175
20, 58581175
18, 58581175
21, 58581175
18, 58581175
21, 58581175
19, 58581175
19, 58581175
21, 58581175
19, 58581175
20, 58581175
21, 58581175
21, 58581175
19, 58581175
21, 58581175
20, 58581175
21, 58581175
18, 58581175
19, 58581175
21, 58581175
20, 58581175
20, 58581175
20, 58581175
19, 58581175
20, 58581175
20, 58581175
20, 58581175
20, 58581175
21, 58581175
19, 58581175
19, 58620467
18, 58620467
20, 58620467
21, 58620467
20, 58620467
21, 58620467
20, 58620467
20, 58620467
21, 58620467
20, 58620467
20, 58620467
20, 58620467
19, 58620467
19, 58620467
17, 58620467
20, 58620467
20, 58620467
20, 58620467
21, 58620467
19, 58620467
21, 58620467
20, 58620467
19, 58620467
17, 58620467
19, 58620467
19, 58620467
20, 58620467
20, 58620467
18, 58620467
19, 58620467
20, 58620467
19, 58620467
21, 58625544
20, 58625544
20, 58625544
20, 58625544
20, 58625544
20, 58625544
21, 58625544
18, 58625544
20, 58625544
20, 58625544
18, 58625544
20, 58625544
20, 58625544
21, 58625544
19, 58625544
19, 58625544
20, 58625544
19, 58625544
21, 58625544
20, 58625544
19, 58625544
19, 58625544
20, 58625544
20, 58625544
20, 58625544
19, 58625544
21, 58625544
18, 58625544
18, 58625544
19, 58625544
19, 58625544
20, 58625544
21, 58897671
18, 58897671
21, 58897671
21, 58897671
20, 58897671
20, 58897671
20, 58897671
21, 58897671
20, 58897671
20, 58897671
19, 58897671
19, 58897671
19, 58897671
21, 58897671
20, 58897671
19, 58897671
20, 58897671
17, 58897671
20, 58897671
20, 58897671
20, 58897671
19, 58897671
20, 58897671
21, 58897671
20, 58897671
20, 58897671
18, 58897671
20, 58897671
19, 58897671
21, 58897671
18, 58897671
18, 58897671
18, 58940014
18, 58940014
18, 58940014
21, 58940014
20, 58940014
20, 58940014
19, 58940014
20, 58940014
21, 58940014
20, 58940014
21, 58940014
19, 58940014
20, 58940014
19, 58940014
21, 58940014
19, 58940014
20, 58940014
17, 58940014
19, 58940014
20, 58940014
20, 58940014
18, 58940014
20, 58940014
18, 58940014
18, 58940014
20, 58940014
20, 58940014
20, 58940014
18, 58940014
20, 58940014
20, 58940014
19, 58940014
20, 58937984
19, 58937984
20, 58937984
19, 58937984
20, 58937984
19, 58937984
20, 58937984
18, 58937984
19, 58937984
18, 58937984
19, 58937984
18, 58937984
21, 58937984
21, 58937984
21, 58937984
20, 58937984
19, 58937984
19, 58937984
19, 58937984
18, 58937984
19, 58937984
19, 58937984
19, 58937984
19, 58937984
18, 58937984
18, 58937984
19, 58937984
20, 58937984
18, 58937984
20, 58937984
19, 58937984
21, 58937984
19, 58992352
20, 58992352
19, 58992352
20, 58992352
21, 58992352
21, 58992352
20, 58992352
20, 58992352
20, 58992352
21, 58992352
18, 58992352
21, 58992352
21, 58992352
18, 58992352
18, 58992352
21, 58992352
18, 58992352
21, 58992352
18, 58992352
19, 58992352
19, 58992352
20, 58992352
20, 58992352
21, 58992352
19, 58992352
20, 58992352
20, 58992352
20, 58992352
20, 58992352
20, 58992352
19, 58992352
21, 58992352
19, 59101716
18, 59101716
20, 59101716
20, 59101716
20, 59101716
18, 59101716
19, 59101716
19, 59101716
20, 59101716
20, 59101716
18, 59101716
18, 59101716
17, 59101716
20, 59101716
19, 59101716
20, 59101716
20, 59101716
21, 59101716
19, 59101716
19, 59101716
20, 59101716
19, 59101716
20, 59101716
19, 59101716
21, 59101716
18, 59101716
20, 59101716
19, 59101716
21, 59101716
19, 59101716
19, 59101716
19, 59101716
18, 59178093
19, 59178093
20, 59178093
20, 59178093
21, 59178093
21, 59178093
17, 59178093
20, 59178093
20, 59178093
20, 59178093
18, 59178093
18, 59178093
20, 59178093
20, 59178093
19, 59178093
19, 59178093
21, 59178093
19, 59178093
21, 59178093
20, 59178093
21, 59178093
20, 59178093
18, 59178093
21, 59178093
19, 59178093
20, 59178093
19, 59178093
21, 59178093
19, 59178093
21, 59178093
20, 59178093
20, 59178093
20, 59185428
20, 59185428
20, 59185428
20, 59185428
21, 59185428
19, 59185428
17, 59185428
21, 59185428
20, 59185428
20, 59185428
21, 59185428
20, 59185428
21, 59185428
20, 59185428
20, 59185428
21, 59185428
20, 59185428
21, 59185428
19, 59185428
20, 59185428
19, 59185428
21, 59185428
18, 59185428
19, 59185428
17, 59185428
19, 59185428
20, 59185428
19, 59185428
21, 59185428
21, 59185428
20, 59185428
20, 59185428
20, 59193164
19, 59193164
20, 59193164
21, 59193164
19, 59193164
20, 59193164
20, 59193164
18, 59193164
21, 59193164
19, 59193164
21, 59193164
20, 59193164
20, 59193164
20, 59193164
19, 59193164
21, 59193164
19, 59193164
19, 59193164
19, 59193164
21, 59193164
19, 59193164
19, 59193164
21, 59193164
19, 59193164
18, 59193164
19, 59193164
20, 59193164
21, 59193164
20, 59193164
19, 59193164
20, 59193164
19, 59193164
19, 59208014
19, 59208014
21, 59208014
20, 59208014
21, 59208014
19, 59208014
21, 59208014
19, 59208014
17, 59208014
18, 59208014
21, 59208014
18, 59208014
21, 59208014
20, 59208014
20, 59208014
20, 59208014
20, 59208014
21, 59208014
20, 59208014
20, 59208014
19, 59208014
20, 59208014
21, 59208014
21, 59208014
19, 59208014
19, 59208014
20, 59208014
18, 59208014
19, 59208014
20, 59208014
21, 59208014
21, 59208014
20, 59337646
20, 59337646
20, 59337646
20, 59337646
18, 59337646
20, 59337646
21, 59337646
21, 59337646
20, 59337646
19, 59337646
18, 59337646
19, 59337646
19, 59337646
19, 59337646
21, 59337646
20, 59337646
18, 59337646
19, 59337646
20, 59337646
20, 59337646
20, 59337646
20, 59337646
19, 59337646
20, 59337646
20, 59337646
21, 59337646
19, 59337646
20, 59337646
20, 59337646
20, 59337646
19, 59337646
19, 59337646
19, 59347835
20, 59347835
18, 59347835
20, 59347835
20, 59347835
19, 59347835
20, 59347835
18, 59347835
18, 59347835
19, 59347835
20, 59347835
18, 59347835
21, 59347835
19, 59347835
19, 59347835
19, 59347835
18, 59347835
19, 59347835
21, 59347835
19, 59347835
19, 59347835
20, 59347835
19, 59347835
21, 59347835
19, 59347835
21, 59347835
21, 59347835
20, 59347835
20, 59347835
18, 59347835
21, 59347835
20, 59347835
19, 59426664
20, 59426664
19, 59426664
19, 59426664
19, 59426664
19, 59426664
18, 59426664
19, 59426664
19, 59426664
20, 59426664
20, 59426664
21, 59426664
21, 59426664
20, 59426664
19, 59426664
19, 59426664
20, 59426664
20, 59426664
20, 59426664
20, 59426664
21, 59426664
21, 59426664
19, 59426664
19, 59426664
21, 59426664
20, 59426664
20, 59426664
20, 59426664
20, 59426664
18, 59426664
19, 59426664
20, 59426664
19, 59478372
21, 59478372
21, 59478372
21, 59478372
20, 59478372
21, 59478372
20, 59478372
19, 59478372
19, 59478372
19, 59478372
20, 59478372
19, 59478372
20, 59478372
18, 59478372
18, 59478372
19, 59478372
17, 59478372
21, 59478372
20, 59478372
20, 59478372
19, 59478372
20, 59478372
19, 59478372
19, 59478372
19, 59478372
21, 59478372
20, 59478372
19, 59478372
21, 59478372
19, 59478372
20, 59478372
20, 59478372
18, 59503071
21, 59503071
21, 59503071
19, 59503071
20, 59503071
20, 59503071
19, 59503071
19, 59503071
20, 59503071
20, 59503071
20, 59503071
19, 59503071
21, 59503071
20, 59503071
20, 59503071
19, 59503071
20, 59503071
20, 59503071
21, 59503071
19, 59503071
20, 59503071
19, 59503071
20, 59503071
20, 59503071
17, 59503071
19, 59503071
20, 59503071
20, 59503071
20, 59503071
19, 59503071
20, 59503071
21, 59503071
20, 59502715
20, 59502715
20, 59502715
19, 59502715
18, 59502715
19, 59502715
19, 59502715
19, 59502715
19, 59502715
20, 59502715
19, 59502715
19, 59502715
21, 59502715
19, 59502715
20, 59502715
19, 59502715
20, 59502715
20, 59502715
18, 59502715
18, 59502715
18, 59502715
20, 59502715
19, 59502715
21, 59502715
20, 59502715
19, 59502715
18, 59502715
21, 59502715
21, 59502715
19, 59502715
17, 59502715
19, 59502715
18, 59558673
21, 59558673
19, 59558673
20, 59558673
19, 59558673
19, 59558673
20, 59558673
21, 59558673
18, 59558673
20, 59558673
20, 59558673
18, 59558673
19, 59558673
20, 59558673
21, 59558673
20, 59558673
21, 59558673
19, 59558673
19, 59558673
20, 59558673
19, 59558673
20, 59558673
20, 59558673
19, 59558673
20, 59558673
20, 59558673
19, 59558673
19, 59558673
19, 59558673
20, 59558673
21, 59558673
21, 59558673
18, 59603042
20, 59603042
20, 59603042
20, 59603042
19, 59603042
19, 59603042
21, 59603042
20, 59603042
19, 59603042
21, 59603042
20, 59603042
21, 59603042
20, 59603042
20, 59603042
19, 59603042
18, 59603042
19, 59603042
20, 59603042
21, 59603042
20, 59603042
20, 59603042
19, 59603042
18, 59603042
20, 59603042
20, 59603042
21, 59603042
20, 59603042
18, 59603042
20, 59603042
19, 59603042
21, 59603042
19, 59603042
20, 59632905
20, 59632905
19, 59632905
19, 59632905
21, 59632905
19, 59632905
21, 59632905
20, 59632905
18, 59632905
21, 59632905
20, 59632905
20, 59632905
21, 59632905
19, 59632905
21, 59632905
21, 59632905
19, 59632905
21, 59632905
21, 59632905
19, 59632905
20, 59632905
21, 59632905
19, 59632905
18, 59632905
20, 59632905
21, 59632905
21, 59632905
20, 59632905
19, 59632905
19, 59632905
18, 59632905
21, 59632905
20, 59664597
19, 59664597
19, 59664597
19, 59664597
19, 59664597
17, 59664597
19, 59664597
20, 59664597
19, 59664597
20, 59664597
21, 59664597
21, 59664597
18, 59664597
20, 59664597
20, 59664597
19, 59664597
20, 59664597
20, 59664597
21, 59664597
20, 59664597
19, 59664597
20, 59664597
20, 59664597
21, 59664597
20, 59664597
20, 59664597
20, 59664597
19, 59664597
20, 59664597
20, 59664597
19, 59664597
19, 59664597
20, 59674229
20, 59674229
19, 59674229
20, 59674229
19, 59674229
20, 59674229
20, 59674229
21, 59674229
18, 59674229
20, 59674229
19, 59674229
19, 59674229
20, 59674229
20, 59674229
21, 59674229
20, 59674229
21, 59674229
21, 59674229
19, 59674229
20, 59674229
21, 59674229
21, 59674229
19, 59674229
21, 59674229
20, 59674229
19, 59674229
19, 59674229
19, 59674229
18, 59674229
21, 59674229
19, 59674229
20, 59674229
20, 59746078
18, 59746078
21, 59746078
19, 59746078
21, 59746078
21, 59746078
20, 59746078
18, 59746078
21, 59746078
19, 59746078
19, 59746078
19, 59746078
20, 59746078
20, 59746078
19, 59746078
18, 59746078
20, 59746078
20, 59746078
18, 59746078
19, 59746078
19, 59746078
18, 59746078
20, 59746078
17, 59746078
18, 59746078
18, 59746078
18, 59746078
20, 59746078
20, 59746078
19, 59746078
21, 59746078
20, 59746078
19, 59801115
21, 59801115
20, 59801115
20, 59801115
20, 59801115
19, 59801115
20, 59801115
20, 59801115
20, 59801115
19, 59801115
20, 59801115
19, 59801115
21, 59801115
19, 59801115
19, 59801115
20, 59801115
21, 59801115
21, 59801115
20, 59801115
21, 59801115
18, 59801115
21, 59801115
20, 59801115
21, 59801115
21, 59801115
18, 59801115
21, 59801115
20, 59801115
21, 59801115
18, 59801115
20, 59801115
19, 59801115
19, 59800604
20, 59800604
19, 59800604
19, 59800604
20, 59800604
21, 59800604
20, 59800604
19, 59800604
19, 59800604
18, 59800604
19, 59800604
19, 59800604
18, 59800604
19, 59800604
20, 59800604
20, 59800604
19, 59800604
19, 59800604
19, 59800604
20, 59800604
20, 59800604
18, 59800604
20, 59800604
18, 59800604
19, 59800604
20, 59800604
18, 59800604
20, 59800604
18, 59800604
21, 59800604
20, 59800604
21, 59800604
20, 59836826
20, 59836826
20, 59836826
20, 59836826
19, 59836826
19, 59836826
20, 59836826
20, 59836826
21, 59836826
20, 59836826
18, 59836826
19, 59836826
21, 59836826
17, 59836826
20, 59836826
21, 59836826
20, 59836826
21, 59836826
19, 59836826
20, 59836826
20, 59836826
20, 59836826
20, 59836826
19, 59836826
21, 59836826
21, 59836826
17, 59836826
19, 59836826
20, 59836826
20, 59836826
20, 59836826
21, 59836826
21, 59984735
19, 59984735
20, 59984735
20, 59984735
19, 59984735
18, 59984735
20, 59984735
19, 59984735
21, 59984735
20, 59984735
21, 59984735
21, 59984735
20, 59984735
18, 59984735
19, 59984735
21, 59984735
21, 59984735
21, 59984735
17, 59984735
20, 59984735
21, 59984735
19, 59984735
19, 59984735
20, 59984735
20, 59984735
19, 59984735
20, 59984735
17, 59984735
19, 59984735
19, 59984735
20, 59984735
20, 59984735
19, 60020916
19, 60020916
19, 60020916
20, 60020916
19, 60020916
19, 60020916
20, 60020916
19, 60020916
20, 60020916
20, 60020916
19, 60020916
20, 60020916
20, 60020916
20, 60020916
20, 60020916
21, 60020916
19, 60020916
21, 60020916
20, 60020916
18, 60020916
20, 60020916
18, 60020916
21, 60020916
19, 60020916
19, 60020916
21, 60020916
19, 60020916
19, 60020916
20, 60020916
20, 60020916
20, 60020916
19, 60020916
20, 60064484
21, 60064484
18, 60064484
20, 60064484
20, 60064484
19, 60064484
20, 60064484
20, 60064484
20, 60064484
19, 60064484
19, 60064484
19, 60064484
19, 60064484
19, 60064484
21, 60064484
20, 60064484
19, 60064484
20, 60064484
21, 60064484
20, 60064484
20, 60064484
20, 60064484
19, 60064484
18, 60064484
20, 60064484
21, 60064484
20, 60064484
20, 60064484
19, 60064484
17, 60064484
20, 60064484
19, 60064484
19, 60133602
19, 60133602
19, 60133602
20, 60133602
20, 60133602
18, 60133602
19, 60133602
19, 60133602
21, 60133602
18, 60133602
19, 60133602
18, 60133602
19, 60133602
20, 60133602
19, 60133602
18, 60133602
19, 60133602
21, 60133602
18, 60133602
21, 60133602
19, 60133602
21, 60133602
21, 60133602
20, 60133602
19, 60133602
20, 60133602
20, 60133602
20, 60133602
20, 60133602
20, 60133602
20, 60133602
20, 60133602
20, 60151671
19, 60151671
19, 60151671
20, 60151671
20, 60151671
19, 60151671
20, 60151671
19, 60151671
19, 60151671
17, 60151671
20, 60151671
20, 60151671
18, 60151671
20, 60151671
20, 60151671
20, 60151671
20, 60151671
21, 60151671
20, 60151671
19, 60151671
20, 60151671
20, 60151671
19, 60151671
19, 60151671
19, 60151671
21, 60151671
20, 60151671
19, 60151671
18, 60151671
19, 60151671
20, 60151671
21, 60151671
20, 60183308
21, 60183308
19, 60183308
17, 60183308
20, 60183308
19, 60183308
18, 60183308
18, 60183308
21, 60183308
19, 60183308
18, 60183308
19, 60183308
20, 60183308
20, 60183308
20, 60183308
20, 60183308
21, 60183308
19, 60183308
21, 60183308
19, 60183308
19, 60183308
20, 60183308
20, 60183308
21, 60183308
19, 60183308
20, 60183308
19, 60183308
20, 60183308
20, 60183308
19, 60183308
18, 60183308
19, 60183308
19, 60195362
19, 60195362
21, 60195362
20, 60195362
21, 60195362
19, 60195362
20, 60195362
20, 60195362
19, 60195362
20, 60195362
18, 60195362
20, 60195362
19, 60195362
21, 60195362
20, 60195362
21, 60195362
21, 60195362
19, 60195362
20, 60195362
20, 60195362
21, 60195362
20, 60195362
20, 60195362
20, 60195362
19, 60195362
20, 60195362
19, 60195362
20, 60195362
18, 60195362
20, 60195362
19, 60195362
19, 60195362
21, 60210262
19, 60210262
20, 60210262
21, 60210262
20, 60210262
21, 60210262
19, 60210262
20, 60210262
21, 60210262
21, 60210262
21, 60210262
20, 60210262
20, 60210262
21, 60210262
18, 60210262
18, 60210262
20, 60210262
20, 60210262
19, 60210262
20, 60210262
20, 60210262
17, 60210262
19, 60210262
19, 60210262
20, 60210262
19, 60210262
21, 60210262
21, 60210262
20, 60210262
20, 60210262
20, 60210262
19, 60210262
19, 60264924
19, 60264924
19, 60264924
20, 60264924
20, 60264924
18, 60264924
20, 60264924
20, 60264924
17, 60264924
20, 60264924
20, 60264924
18, 60264924
18, 60264924
20, 60264924
19, 60264924
19, 60264924
19, 60264924
21, 60264924
21, 60264924
19, 60264924
20, 60264924
18, 60264924
20, 60264924
20, 60264924
19, 60264924
20, 60264924
20, 60264924
21, 60264924
19, 60264924
19, 60264924
17, 60264924
19, 60264924
19, 60313776
20, 60313776
20, 60313776
20, 60313776
19, 60313776
18, 60313776
18, 60313776
19, 60313776
20, 60313776
21, 60313776
21, 60313776
20, 60313776
20, 60313776
20, 60313776
21, 60313776
21, 60313776
20, 60313776
18, 60313776
19, 60313776
20, 60313776
20, 60313776
20, 60313776
19, 60313776
20, 60313776
20, 60313776
21, 60313776
20, 60313776
20, 60313776
21, 60313776
20, 60313776
20, 60313776
19, 60313776
19, 60350219
21, 60350219
20, 60350219
19, 60350219
20, 60350219
21, 60350219
21, 60350219
21, 60350219
20, 60350219
18, 60350219
20, 60350219
18, 60350219
19, 60350219
20, 60350219
21, 60350219
20, 60350219
20, 60350219
20, 60350219
21, 60350219
20, 60350219
19, 60350219
20, 60350219
20, 60350219
20, 60350219
19, 60350219
19, 60350219
20, 60350219
21, 60350219
21, 60350219
20, 60350219
20, 60350219
18, 60350219
19, 60382658
19, 60382658
19, 60382658
21, 60382658
19, 60382658
19, 60382658
19, 60382658
18, 60382658
18, 60382658
19, 60382658
20, 60382658
17, 60382658
20, 60382658
20, 60382658
18, 60382658
21, 60382658
18, 60382658
19, 60382658
21, 60382658
20, 60382658
19, 60382658
20, 60382658
20, 60382658
20, 60382658
21, 60382658
20, 60382658
19, 60382658
21, 60382658
19, 60382658
20, 60382658
19, 60382658
20, 60382658
20, 60400014
19, 60400014
20, 60400014
19, 60400014
20, 60400014
19, 60400014
19, 60400014
21, 60400014
21, 60400014
18, 60400014
20, 60400014
21, 60400014
18, 60400014
21, 60400014
18, 60400014
20, 60400014
20, 60400014
17, 60400014
18, 60400014
21, 60400014
20, 60400014
20, 60400014
21, 60400014
19, 60400014
20, 60400014
20, 60400014
18, 60400014
19, 60400014
20, 60400014
18, 60400014
19, 60400014
18, 60400014
19, 60435948
19, 60435948
17, 60435948
19, 60435948
21, 60435948
19, 60435948
21, 60435948
21, 60435948
18, 60435948
21, 60435948
20, 60435948
19, 60435948
20, 60435948
18, 60435948
18, 60435948
20, 60435948
19, 60435948
19, 60435948
19, 60435948
18, 60435948
21, 60435948
21, 60435948
18, 60435948
19, 60435948
20, 60435948
18, 60435948
18, 60435948
20, 60435948
19, 60435948
19, 60435948
20, 60435948
20, 60435948
19, 60513589
20, 60513589
21, 60513589
19, 60513589
19, 60513589
20, 60513589
18, 60513589
21, 60513589
21, 60513589
19, 60513589
21, 60513589
21, 60513589
20, 60513589
20, 60513589
19, 60513589
20, 60513589
18, 60513589
19, 60513589
19, 60513589
19, 60513589
21, 60513589
21, 60513589
19, 60513589
20, 60513589
19, 60513589
18, 60513589
19, 60513589
21, 60513589
18, 60513589
20, 60513589
21, 60513589
19, 60513589
21, 60668880
19, 60668880
19, 60668880
18, 60668880
20, 60668880
21, 60668880
21, 60668880
21, 60668880
19, 60668880
20, 60668880
19, 60668880
21, 60668880
20, 60668880
20, 60668880
20, 60668880
20, 60668880
20, 60668880
19, 60668880
21, 60668880
19, 60668880
19, 60668880
20, 60668880
20, 60668880
20, 60668880
20, 60668880
20, 60668880
20, 60668880
20, 60668880
20, 60668880
19, 60668880
19, 60668880
18, 60668880
21, 60709980
19, 60709980
18, 60709980
20, 60709980
19, 60709980
17, 60709980
19, 60709980
20, 60709980
20, 60709980
21, 60709980
21, 60709980
18, 60709980
20, 60709980
20, 60709980
19, 60709980
21, 60709980
19, 60709980
18, 60709980
20, 60709980
20, 60709980
20, 60709980
20, 60709980
19, 60709980
19, 60709980
20, 60709980
19, 60709980
19, 60709980
20, 60709980
18, 60709980
18, 60709980
18, 60709980
20, 60709980
21, 60776683
19, 60776683
18, 60776683
20, 60776683
19, 60776683
20, 60776683
21, 60776683
19, 60776683
21, 60776683
19, 60776683
18, 60776683
18, 60776683
21, 60776683
20, 60776683
20, 60776683
20, 60776683
20, 60776683
20, 60776683
20, 60776683
19, 60776683
21, 60776683
20, 60776683
19, 60776683
20, 60776683
21, 60776683
20, 60776683
21, 60776683
21, 60776683
21, 60776683
20, 60776683
19, 60776683
21, 60776683
19, 61022974
19, 61022974
19, 61022974
19, 61022974
17, 61022974
19, 61022974
20, 61022974
21, 61022974
19, 61022974
19, 61022974
21, 61022974
19, 61022974
20, 61022974
18, 61022974
20, 61022974
20, 61022974
21, 61022974
20, 61022974
20, 61022974
18, 61022974
20, 61022974
19, 61022974
21, 61022974
20, 61022974
20, 61022974
19, 61022974
19, 61022974
19, 61022974
20, 61022974
20, 61022974
20, 61022974
21, 61022974
21, 61031042
20, 61031042
19, 61031042
20, 61031042
18, 61031042
19, 61031042
19, 61031042
19, 61031042
17, 61031042
19, 61031042
19, 61031042
19, 61031042
19, 61031042
19, 61031042
19, 61031042
19, 61031042
21, 61031042
21, 61031042
19, 61031042
20, 61031042
20, 61031042
21, 61031042
21, 61031042
19, 61031042
20, 61031042
20, 61031042
18, 61031042
19, 61031042
18, 61031042
21, 61031042
20, 61031042
19, 61031042
20, 61098941
18, 61098941
21, 61098941
19, 61098941
19, 61098941
19, 61098941
20, 61098941
19, 61098941
21, 61098941
20, 61098941
20, 61098941
20, 61098941
21, 61098941
20, 61098941
19, 61098941
19, 61098941
20, 61098941
19, 61098941
21, 61098941
19, 61098941
20, 61098941
20, 61098941
20, 61098941
20, 61098941
20, 61098941
19, 61098941
17, 61098941
20, 61098941
19, 61098941
20, 61098941
20, 61098941
19, 61098941
21, 61140204
20, 61140204
20, 61140204
21, 61140204
18, 61140204
21, 61140204
20, 61140204
21, 61140204
21, 61140204
21, 61140204
18, 61140204
20, 61140204
20, 61140204
20, 61140204
21, 61140204
20, 61140204
20, 61140204
20, 61140204
19, 61140204
19, 61140204
21, 61140204
19, 61140204
20, 61140204
20, 61140204
19, 61140204
19, 61140204
19, 61140204
19, 61140204
18, 61140204
18, 61140204
21, 61140204
21, 61140204
19, 61163358
20, 61163358
18, 61163358
19, 61163358
17, 61163358
21, 61163358
18, 61163358
18, 61163358
18, 61163358
21, 61163358
18, 61163358
19, 61163358
21, 61163358
19, 61163358
19, 61163358
17, 61163358
19, 61163358
20, 61163358
21, 61163358
20, 61163358
17, 61163358
20, 61163358
20, 61163358
19, 61163358
19, 61163358
21, 61163358
21, 61163358
21, 61163358
19, 61163358
20, 61163358
20, 61163358
20, 61163358
20, 61198237
21, 61198237
20, 61198237
18, 61198237
19, 61198237
21, 61198237
21, 61198237
21, 61198237
20, 61198237
20, 61198237
20, 61198237
19, 61198237
19, 61198237
20, 61198237
20, 61198237
21, 61198237
19, 61198237
21, 61198237
21, 61198237
20, 61198237
19, 61198237
21, 61198237
20, 61198237
21, 61198237
20, 61198237
17, 61198237
20, 61198237
21, 61198237
19, 61198237
21, 61198237
18, 61198237
20, 61198237
19, 61291763
21, 61291763
21, 61291763
21, 61291763
19, 61291763
20, 61291763
19, 61291763
20, 61291763
18, 61291763
20, 61291763
20, 61291763
20, 61291763
19, 61291763
21, 61291763
18, 61291763
18, 61291763
20, 61291763
18, 61291763
18, 61291763
19, 61291763
20, 61291763
21, 61291763
20, 61291763
20, 61291763
20, 61291763
18, 61291763
19, 61291763
19, 61291763
20, 61291763
21, 61291763
21, 61291763
19, 61291763
19, 61313254
19, 61313254
21, 61313254
17, 61313254
19, 61313254
19, 61313254
19, 61313254
20, 61313254
20, 61313254
20, 61313254
19, 61313254
20, 61313254
20, 61313254
20, 61313254
20, 61313254
20, 61313254
21, 61313254
19, 61313254
20, 61313254
21, 61313254
18, 61313254
19, 61313254
20, 61313254
20, 61313254
19, 61313254
20, 61313254
20, 61313254
20, 61313254
19, 61313254
18, 61313254
20, 61313254
20, 61313254
20, 61352161
19, 61352161
20, 61352161
20, 61352161
20, 61352161
21, 61352161
19, 61352161
21, 61352161
21, 61352161
19, 61352161
20, 61352161
21, 61352161
19, 61352161
21, 61352161
20, 61352161
19, 61352161
21, 61352161
18, 61352161
20, 61352161
19, 61352161
20, 61352161
19, 61352161
20, 61352161
19, 61352161
20, 61352161
18, 61352161
20, 61352161
18, 61352161
19, 61352161
19, 61352161
20, 61352161
19, 61352161
19, 61368466
20, 61368466
19, 61368466
18, 61368466
18, 61368466
18, 61368466
19, 61368466
19, 61368466
18, 61368466
20, 61368466
20, 61368466
21, 61368466
18, 61368466
21, 61368466
20, 61368466
20, 61368466
20, 61368466
20, 61368466
19, 61368466
20, 61368466
20, 61368466
19, 61368466
20, 61368466
21, 61368466
20, 61368466
17, 61368466
20, 61368466
19, 61368466
18, 61368466
20, 61368466
21, 61368466
17, 61368466
19, 61416879
19, 61416879
19, 61416879
21, 61416879
20, 61416879
20, 61416879
20, 61416879
21, 61416879
19, 61416879
18, 61416879
20, 61416879
19, 61416879
21, 61416879
21, 61416879
21, 61416879
20, 61416879
21, 61416879
20, 61416879
20, 61416879
19, 61416879
19, 61416879
21, 61416879
20, 61416879
20, 61416879
20, 61416879
18, 61416879
20, 61416879
18, 61416879
20, 61416879
20, 61416879
20, 61416879
20, 61416879
19, 61440445
19, 61440445
21, 61440445
21, 61440445
19, 61440445
19, 61440445
20, 61440445
20, 61440445
19, 61440445
21, 61440445
18, 61440445
19, 61440445
18, 61440445
19, 61440445
21, 61440445
19, 61440445
20, 61440445
20, 61440445
20, 61440445
17, 61440445
19, 61440445
20, 61440445
19, 61440445
20, 61440445
19, 61440445
18, 61440445
21, 61440445
19, 61440445
20, 61440445
20, 61440445
20, 61440445
20, 61440445
21, 61473871
20, 61473871
21, 61473871
19, 61473871
19, 61473871
19, 61473871
21, 61473871
20, 61473871
20, 61473871
18, 61473871
18, 61473871
21, 61473871
20, 61473871
19, 61473871
20, 61473871
21, 61473871
21, 61473871
20, 61473871
20, 61473871
19, 61473871
20, 61473871
21, 61473871
20, 61473871
19, 61473871
19, 61473871
21, 61473871
20, 61473871
19, 61473871
21, 61473871
18, 61473871
20, 61473871
20, 61473871
20, 61593193
20, 61593193
20, 61593193
20, 61593193
19, 61593193
20, 61593193
21, 61593193
18, 61593193
20, 61593193
19, 61593193
20, 61593193
20, 61593193
19, 61593193
20, 61593193
21, 61593193
20, 61593193
20, 61593193
21, 61593193
19, 61593193
18, 61593193
19, 61593193
20, 61593193
18, 61593193
18, 61593193
19, 61593193
19, 61593193
19, 61593193
19, 61593193
19, 61593193
21, 61593193
20, 61593193
20, 61593193
20, 61589662
20, 61589662
18, 61589662
21, 61589662
20, 61589662
20, 61589662
18, 61589662
20, 61589662
21, 61589662
19, 61589662
19, 61589662
20, 61589662
20, 61589662
18, 61589662
21, 61589662
17, 61589662
20, 61589662
20, 61589662
21, 61589662
18, 61589662
18, 61589662
19, 61589662
20, 61589662
21, 61589662
20, 61589662
19, 61589662
18, 61589662
20, 61589662
20, 61589662
20, 61589662
20, 61589662
19, 61589662
20, 61608475
19, 61608475
20, 61608475
21, 61608475
20, 61608475
20, 61608475
21, 61608475
19, 61608475
20, 61608475
20, 61608475
21, 61608475
20, 61608475
20, 61608475
19, 61608475
20, 61608475
20, 61608475
20, 61608475
20, 61608475
19, 61608475
19, 61608475
19, 61608475
20, 61608475
19, 61608475
21, 61608475
21, 61608475
20, 61608475
20, 61608475
21, 61608475
18, 61608475
19, 61608475
20, 61608475
18, 61608475
18, 61617654
18, 61617654
21, 61617654
20, 61617654
20, 61617654
19, 61617654
21, 61617654
21, 61617654
20, 61617654
18, 61617654
18, 61617654
20, 61617654
20, 61617654
19, 61617654
20, 61617654
21, 61617654
20, 61617654
20, 61617654
20, 61617654
19, 61617654
20, 61617654
20, 61617654
18, 61617654
20, 61617654
18, 61617654
20, 61617654
21, 61617654
20, 61617654
18, 61617654
19, 61617654
20, 61617654
20, 61617654
20, 61678837
20, 61678837
20, 61678837
20, 61678837
19, 61678837
19, 61678837
20, 61678837
21, 61678837
21, 61678837
17, 61678837
21, 61678837
18, 61678837
21, 61678837
21, 61678837
19, 61678837
19, 61678837
19, 61678837
18, 61678837
19, 61678837
20, 61678837
19, 61678837
20, 61678837
21, 61678837
19, 61678837
19, 61678837
20, 61678837
20, 61678837
18, 61678837
20, 61678837
21, 61678837
19, 61678837
20, 61678837
18, 61704449
21, 61704449
21, 61704449
18, 61704449
19, 61704449
19, 61704449
19, 61704449
19, 61704449
20, 61704449
19, 61704449
20, 61704449
19, 61704449
20, 61704449
18, 61704449
20, 61704449
20, 61704449
21, 61704449
20, 61704449
18, 61704449
19, 61704449
19, 61704449
20, 61704449
18, 61704449
20, 61704449
20, 61704449
21, 61704449
21, 61704449
20, 61704449
20, 61704449
21, 61704449
21, 61704449
21, 61704449
20, 61701646
18, 61701646
21, 61701646
19, 61701646
19, 61701646
20, 61701646
20, 61701646
18, 61701646
20, 61701646
20, 61701646
20, 61701646
18, 61701646
21, 61701646
21, 61701646
21, 61701646
20, 61701646
20, 61701646
19, 61701646
19, 61701646
20, 61701646
19, 61701646
18, 61701646
19, 61701646
20, 61701646
20, 61701646
21, 61701646
20, 61701646
19, 61701646
21, 61701646
20, 61701646
20, 61701646
21, 61701646
21, 61724012
21, 61724012
20, 61724012
21, 61724012
20, 61724012
18, 61724012
19, 61724012
19, 61724012
17, 61724012
20, 61724012
20, 61724012
20, 61724012
20, 61724012
20, 61724012
20, 61724012
18, 61724012
20, 61724012
19, 61724012
20, 61724012
20, 61724012
19, 61724012
20, 61724012
21, 61724012
18, 61724012
19, 61724012
18, 61724012
20, 61724012
19, 61724012
18, 61724012
20, 61724012
21, 61724012
20, 61724012
20, 61766460
18, 61766460
18, 61766460
18, 61766460
19, 61766460
20, 61766460
21, 61766460
21, 61766460
18, 61766460
19, 61766460
20, 61766460
21, 61766460
21, 61766460
21, 61766460
20, 61766460
21, 61766460
19, 61766460
20, 61766460
18, 61766460
20, 61766460
19, 61766460
19, 61766460
21, 61766460
18, 61766460
19, 61766460
21, 61766460
19, 61766460
18, 61766460
20, 61766460
20, 61766460
19, 61766460
19, 61766460
20, 61764783
18, 61764783
21, 61764783
21, 61764783
20, 61764783
20, 61764783
21, 61764783
20, 61764783
20, 61764783
21, 61764783
18, 61764783
17, 61764783
19, 61764783
20, 61764783
18, 61764783
19, 61764783
19, 61764783
18, 61764783
21, 61764783
19, 61764783
19, 61764783
19, 61764783
19, 61764783
19, 61764783
21, 61764783
18, 61764783
20, 61764783
18, 61764783
19, 61764783
20, 61764783
21, 61764783
20, 61764783
19, 61780540
21, 61780540
18, 61780540
20, 61780540
21, 61780540
19, 61780540
20, 61780540
21, 61780540
19, 61780540
20, 61780540
20, 61780540
20, 61780540
19, 61780540
20, 61780540
18, 61780540
19, 61780540
21, 61780540
19, 61780540
21, 61780540
20, 61780540
18, 61780540
20, 61780540
19, 61780540
18, 61780540
20, 61780540
19, 61780540
19, 61780540
19, 61780540
19, 61780540
20, 61780540
19, 61780540
20, 61780540
19, 61838885
19, 61838885
20, 61838885
19, 61838885
21, 61838885
20, 61838885
20, 61838885
21, 61838885
18, 61838885
21, 61838885
20, 61838885
18, 61838885
20, 61838885
21, 61838885
20, 61838885
20, 61838885
21, 61838885
20, 61838885
17, 61838885
19, 61838885
20, 61838885
20, 61838885
17, 61838885
19, 61838885
19, 61838885
19, 61838885
21, 61838885
20, 61838885
20, 61838885
20, 61838885
19, 61838885
20, 61838885
19, 61920552
18, 61920552
21, 61920552
19, 61920552
21, 61920552
20, 61920552
20, 61920552
20, 61920552
19, 61920552
21, 61920552
20, 61920552
20, 61920552
19, 61920552
19, 61920552
18, 61920552
21, 61920552
18, 61920552
18, 61920552
19, 61920552
20, 61920552
20, 61920552
19, 61920552
20, 61920552
18, 61920552
21, 61920552
19, 61920552
19, 61920552
21, 61920552
20, 61920552
21, 61920552
19, 61920552
20, 61920552
19, 62061126
20, 62061126
21, 62061126
19, 62061126
19, 62061126
19, 62061126
20, 62061126
20, 62061126
20, 62061126
21, 62061126
20, 62061126
19, 62061126
21, 62061126
20, 62061126
20, 62061126
19, 62061126
20, 62061126
19, 62061126
21, 62061126
19, 62061126
21, 62061126
18, 62061126
20, 62061126
21, 62061126
21, 62061126
20, 62061126
21, 62061126
18, 62061126
20, 62061126
19, 62061126
20, 62061126
19, 62061126
19, 62235406
20, 62235406
21, 62235406
19, 62235406
18, 62235406
18, 62235406
19, 62235406
20, 62235406
18, 62235406
21, 62235406
20, 62235406
21, 62235406
18, 62235406
19, 62235406
20, 62235406
19, 62235406
20, 62235406
19, 62235406
19, 62235406
20, 62235406
19, 62235406
19, 62235406
19, 62235406
18, 62235406
19, 62235406
18, 62235406
19, 62235406
19, 62235406
18, 62235406
19, 62235406
21, 62235406
21, 62235406
19, 62239214
21, 62239214
20, 62239214
20, 62239214
20, 62239214
19, 62239214
20, 62239214
18, 62239214
18, 62239214
20, 62239214
21, 62239214
20, 62239214
19, 62239214
20, 62239214
19, 62239214
17, 62239214
20, 62239214
21, 62239214
19, 62239214
21, 62239214
21, 62239214
20, 62239214
20, 62239214
19, 62239214
18, 62239214
19, 62239214
19, 62239214
21, 62239214
19, 62239214
20, 62239214
19, 62239214
20, 62239214
20, 62241871
21, 62241871
20, 62241871
19, 62241871
21, 62241871
18, 62241871
21, 62241871
19, 62241871
18, 62241871
19, 62241871
20, 62241871
19, 62241871
18, 62241871
21, 62241871
20, 62241871
20, 62241871
21, 62241871
21, 62241871
20, 62241871
20, 62241871
18, 62241871
19, 62241871
20, 62241871
20, 62241871
20, 62241871
20, 62241871
19, 62241871
21, 62241871
19, 62241871
19, 62241871
18, 62241871
18, 62241871
20, 62271739
21, 62271739
19, 62271739
19, 62271739
20, 62271739
20, 62271739
20, 62271739
20, 62271739
20, 62271739
19, 62271739
19, 62271739
17, 62271739
19, 62271739
19, 62271739
20, 62271739
20, 62271739
20, 62271739
21, 62271739
21, 62271739
20, 62271739
21, 62271739
19, 62271739
19, 62271739
18, 62271739
20, 62271739
20, 62271739
19, 62271739
21, 62271739
19, 62271739
18, 62271739
19, 62271739
20, 62271739
21, 62379485
20, 62379485
20, 62379485
20, 62379485
19, 62379485
18, 62379485
19, 62379485
21, 62379485
20, 62379485
19, 62379485
19, 62379485
18, 62379485
19, 62379485
20, 62379485
19, 62379485
20, 62379485
17, 62379485
21, 62379485
20, 62379485
20, 62379485
20, 62379485
19, 62379485
20, 62379485
18, 62379485
20, 62379485
19, 62379485
19, 62379485
19, 62379485
20, 62379485
20, 62379485
18, 62379485
19, 62379485
21, 62390476
19, 62390476
20, 62390476
18, 62390476
18, 62390476
19, 62390476
19, 62390476
20, 62390476
18, 62390476
20, 62390476
20, 62390476
21, 62390476
21, 62390476
20, 62390476
19, 62390476
18, 62390476
20, 62390476
21, 62390476
20, 62390476
20, 62390476
19, 62390476
21, 62390476
19, 62390476
19, 62390476
18, 62390476
20, 62390476
18, 62390476
21, 62390476
20, 62390476
19, 62390476
20, 62390476
18, 62390476
21, 62404990
21, 62404990
21, 62404990
21, 62404990
19, 62404990
20, 62404990
18, 62404990
20, 62404990
20, 62404990
21, 62404990
17, 62404990
18, 62404990
20, 62404990
19, 62404990
21, 62404990
21, 62404990
21, 62404990
21, 62404990
19, 62404990
19, 62404990
20, 62404990
19, 62404990
19, 62404990
19, 62404990
20, 62404990
18, 62404990
20, 62404990
20, 62404990
21, 62404990
21, 62404990
20, 62404990
19, 62404990
20, 62458663
18, 62458663
21, 62458663
21, 62458663
19, 62458663
18, 62458663
20, 62458663
21, 62458663
20, 62458663
18, 62458663
20, 62458663
20, 62458663
20, 62458663
21, 62458663
20, 62458663
21, 62458663
20, 62458663
21, 62458663
20, 62458663
21, 62458663
20, 62458663
19, 62458663
20, 62458663
20, 62458663
21, 62458663
21, 62458663
20, 62458663
21, 62458663
19, 62458663
19, 62458663
20, 62458663
21, 62458663
18, 62521041
19, 62521041
21, 62521041
19, 62521041
20, 62521041
21, 62521041
21, 62521041
19, 62521041
19, 62521041
21, 62521041
20, 62521041
21, 62521041
20, 62521041
21, 62521041
21, 62521041
21, 62521041
20, 62521041
18, 62521041
19, 62521041
20, 62521041
21, 62521041
19, 62521041
21, 62521041
20, 62521041
20, 62521041
19, 62521041
20, 62521041
19, 62521041
20, 62521041
20, 62521041
20, 62521041
20, 62521041
20, 62589019
20, 62589019
20, 62589019
20, 62589019
20, 62589019
20, 62589019
18, 62589019
21, 62589019
21, 62589019
19, 62589019
20, 62589019
20, 62589019
20, 62589019
19, 62589019
21, 62589019
19, 62589019
19, 62589019
19, 62589019
21, 62589019
19, 62589019
18, 62589019
18, 62589019
19, 62589019
21, 62589019
21, 62589019
21, 62589019
19, 62589019
19, 62589019
20, 62589019
19, 62589019
19, 62589019
19, 62589019
21, 62589845
19, 62589845
21, 62589845
21, 62589845
21, 62589845
20, 62589845
21, 62589845
18, 62589845
19, 62589845
20, 62589845
21, 62589845
19, 62589845
19, 62589845
21, 62589845
19, 62589845
17, 62589845
19, 62589845
20, 62589845
21, 62589845
19, 62589845
21, 62589845
19, 62589845
20, 62589845
21, 62589845
18, 62589845
20, 62589845
21, 62589845
19, 62589845
20, 62589845
20, 62589845
20, 62589845
20, 62589845
19, 62617157
20, 62617157
19, 62617157
21, 62617157
18, 62617157
20, 62617157
19, 62617157
19, 62617157
18, 62617157
18, 62617157
20, 62617157
20, 62617157
21, 62617157
20, 62617157
20, 62617157
19, 62617157
20, 62617157
18, 62617157
20, 62617157
20, 62617157
20, 62617157
19, 62617157
20, 62617157
20, 62617157
20, 62617157
18, 62617157
20, 62617157
20, 62617157
19, 62617157
19, 62617157
20, 62617157
21, 62617157
20, 62657436
19, 62657436
20, 62657436
20, 62657436
20, 62657436
18, 62657436
19, 62657436
19, 62657436
20, 62657436
20, 62657436
19, 62657436
20, 62657436
20, 62657436
19, 62657436
20, 62657436
21, 62657436
19, 62657436
18, 62657436
19, 62657436
21, 62657436
21, 62657436
18, 62657436
21, 62657436
20, 62657436
17, 62657436
19, 62657436
20, 62657436
19, 62657436
21, 62657436
20, 62657436
20, 62657436
19, 62657436
18, 62685303
20, 62685303
20, 62685303
21, 62685303
20, 62685303
19, 62685303
20, 62685303
19, 62685303
20, 62685303
21, 62685303
19, 62685303
21, 62685303
18, 62685303
19, 62685303
20, 62685303
20, 62685303
19, 62685303
20, 62685303
21, 62685303
19, 62685303
20, 62685303
19, 62685303
20, 62685303
20, 62685303
21, 62685303
19, 62685303
20, 62685303
21, 62685303
20, 62685303
21, 62685303
18, 62685303
18, 62685303
18, 62704080
21, 62704080
21, 62704080
20, 62704080
20, 62704080
18, 62704080
19, 62704080
21, 62704080
21, 62704080
20, 62704080
20, 62704080
21, 62704080
19, 62704080
20, 62704080
21, 62704080
20, 62704080
20, 62704080
18, 62704080
19, 62704080
18, 62704080
20, 62704080
18, 62704080
20, 62704080
21, 62704080
19, 62704080
19, 62704080
20, 62704080
20, 62704080
18, 62704080
20, 62704080
20, 62704080
21, 62704080
19, 62754392
21, 62754392
21, 62754392
19, 62754392
20, 62754392
21, 62754392
21, 62754392
20, 62754392
20, 62754392
19, 62754392
19, 62754392
20, 62754392
20, 62754392
20, 62754392
21, 62754392
20, 62754392
20, 62754392
19, 62754392
18, 62754392
20, 62754392
20, 62754392
19, 62754392
18, 62754392
20, 62754392
20, 62754392
19, 62754392
20, 62754392
19, 62754392
21, 62754392
19, 62754392
20, 62754392
21, 62754392
20, 62767061
20, 62767061
21, 62767061
21, 62767061
20, 62767061
20, 62767061
18, 62767061
19, 62767061
18, 62767061
21, 62767061
18, 62767061
19, 62767061
21, 62767061
19, 62767061
20, 62767061
19, 62767061
20, 62767061
19, 62767061
19, 62767061
18, 62767061
21, 62767061
20, 62767061
19, 62767061
21, 62767061
20, 62767061
21, 62767061
18, 62767061
20, 62767061
19, 62767061
19, 62767061
19, 62767061
18, 62767061
20, 62805679
20, 62805679
20, 62805679
21, 62805679
20, 62805679
19, 62805679
21, 62805679
20, 62805679
18, 62805679
19, 62805679
21, 62805679
21, 62805679
18, 62805679
19, 62805679
21, 62805679
20, 62805679
20, 62805679
20, 62805679
20, 62805679
17, 62805679
20, 62805679
20, 62805679
20, 62805679
20, 62805679
20, 62805679
20, 62805679
19, 62805679
18, 62805679
21, 62805679
20, 62805679
17, 62805679
18, 62805679
20, 62823729
21, 62823729
20, 62823729
20, 62823729
20, 62823729
18, 62823729
20, 62823729
20, 62823729
19, 62823729
19, 62823729
18, 62823729
18, 62823729
18, 62823729
19, 62823729
20, 62823729
17, 62823729
21, 62823729
20, 62823729
19, 62823729
21, 62823729
20, 62823729
19, 62823729
19, 62823729
21, 62823729
19, 62823729
20, 62823729
19, 62823729
20, 62823729
20, 62823729
20, 62823729
20, 62823729
18, 62823729
21, 62966068
19, 62966068
18, 62966068
20, 62966068
21, 62966068
20, 62966068
21, 62966068
20, 62966068
20, 62966068
19, 62966068
21, 62966068
20, 62966068
21, 62966068
20, 62966068
21, 62966068
21, 62966068
20, 62966068
21, 62966068
20, 62966068
19, 62966068
18, 62966068
19, 62966068
18, 62966068
20, 62966068
21, 62966068
19, 62966068
18, 62966068
19, 62966068
20, 62966068
18, 62966068
18, 62966068
21, 62966068
20, 63077360
21, 63077360
19, 63077360
21, 63077360
21, 63077360
21, 63077360
20, 63077360
19, 63077360
20, 63077360
19, 63077360
19, 63077360
21, 63077360
18, 63077360
19, 63077360
20, 63077360
20, 63077360
19, 63077360
21, 63077360
19, 63077360
19, 63077360
20, 63077360
21, 63077360
21, 63077360
19, 63077360
20, 63077360
18, 63077360
21, 63077360
20, 63077360
19, 63077360
18, 63077360
19, 63077360
19, 63077360
20, 63127757
20, 63127757
21, 63127757
19, 63127757
19, 63127757
19, 63127757
20, 63127757
19, 63127757
18, 63127757
20, 63127757
20, 63127757
21, 63127757
20, 63127757
19, 63127757
18, 63127757
20, 63127757
19, 63127757
20, 63127757
19, 63127757
19, 63127757
20, 63127757
21, 63127757
20, 63127757
19, 63127757
19, 63127757
17, 63127757
20, 63127757
20, 63127757
19, 63127757
21, 63127757
21, 63127757
17, 63127757
20, 63160574
20, 63160574
21, 63160574
21, 63160574
21, 63160574
18, 63160574
19, 63160574
19, 63160574
20, 63160574
19, 63160574
21, 63160574
20, 63160574
20, 63160574
20, 63160574
20, 63160574
20, 63160574
20, 63160574
19, 63160574
21, 63160574
21, 63160574
20, 63160574
20, 63160574
19, 63160574
20, 63160574
20, 63160574
19, 63160574
21, 63160574
20, 63160574
20, 63160574
20, 63160574
20, 63160574
20, 63160574
19, 63165568
20, 63165568
20, 63165568
20, 63165568
19, 63165568
20, 63165568
20, 63165568
19, 63165568
20, 63165568
19, 63165568
20, 63165568
21, 63165568
19, 63165568
19, 63165568
21, 63165568
19, 63165568
20, 63165568
18, 63165568
17, 63165568
20, 63165568
20, 63165568
20, 63165568
19, 63165568
18, 63165568
21, 63165568
19, 63165568
20, 63165568
19, 63165568
20, 63165568
21, 63165568
21, 63165568
21, 63165568
19, 63166762
20, 63166762
21, 63166762
21, 63166762
20, 63166762
17, 63166762
18, 63166762
20, 63166762
19, 63166762
19, 63166762
20, 63166762
20, 63166762
21, 63166762
19, 63166762
21, 63166762
20, 63166762
21, 63166762
20, 63166762
19, 63166762
21, 63166762
20, 63166762
18, 63166762
20, 63166762
20, 63166762
21, 63166762
21, 63166762
20, 63166762
19, 63166762
18, 63166762
20, 63166762
20, 63166762
21, 63166762
20, 63175713
19, 63175713
18, 63175713
21, 63175713
20, 63175713
20, 63175713
21, 63175713
20, 63175713
19, 63175713
21, 63175713
20, 63175713
20, 63175713
20, 63175713
20, 63175713
20, 63175713
21, 63175713
19, 63175713
19, 63175713
18, 63175713
20, 63175713
19, 63175713
19, 63175713
20, 63175713
21, 63175713
19, 63175713
19, 63175713
19, 63175713
20, 63175713
20, 63175713
20, 63175713
18, 63175713
21, 63175713
19, 63238778
20, 63238778
18, 63238778
21, 63238778
20, 63238778
21, 63238778
19, 63238778
19, 63238778
20, 63238778
19, 63238778
20, 63238778
21, 63238778
20, 63238778
20, 63238778
20, 63238778
21, 63238778
19, 63238778
18, 63238778
19, 63238778
21, 63238778
20, 63238778
19, 63238778
20, 63238778
21, 63238778
19, 63238778
21, 63238778
21, 63238778
19, 63238778
17, 63238778
19, 63238778
20, 63238778
19, 63238778
20, 63327561
20, 63327561
20, 63327561
20, 63327561
18, 63327561
19, 63327561
20, 63327561
21, 63327561
20, 63327561
19, 63327561
18, 63327561
21, 63327561
20, 63327561
21, 63327561
20, 63327561
20, 63327561
20, 63327561
18, 63327561
20, 63327561
19, 63327561
21, 63327561
19, 63327561
20, 63327561
18, 63327561
19, 63327561
20, 63327561
20, 63327561
18, 63327561
18, 63327561
19, 63327561
20, 63327561
19, 63327561
20, 63338526
19, 63338526
20, 63338526
21, 63338526
21, 63338526
19, 63338526
20, 63338526
20, 63338526
21, 63338526
18, 63338526
19, 63338526
20, 63338526
18, 63338526
21, 63338526
21, 63338526
21, 63338526
20, 63338526
20, 63338526
19, 63338526
19, 63338526
21, 63338526
19, 63338526
21, 63338526
21, 63338526
20, 63338526
18, 63338526
19, 63338526
21, 63338526
19, 63338526
18, 63338526
19, 63338526
19, 63338526
19, 63423397
21, 63423397
19, 63423397
20, 63423397
18, 63423397
19, 63423397
20, 63423397
20, 63423397
21, 63423397
20, 63423397
20, 63423397
20, 63423397
18, 63423397
21, 63423397
20, 63423397
21, 63423397
18, 63423397
20, 63423397
20, 63423397
19, 63423397
21, 63423397
19, 63423397
20, 63423397
20, 63423397
20, 63423397
21, 63423397
21, 63423397
19, 63423397
19, 63423397
19, 63423397
19, 63423397
19, 63423397
20, 63438154
20, 63438154
19, 63438154
21, 63438154
20, 63438154
19, 63438154
19, 63438154
20, 63438154
21, 63438154
21, 63438154
19, 63438154
20, 63438154
20, 63438154
21, 63438154
17, 63438154
19, 63438154
21, 63438154
19, 63438154
19, 63438154
20, 63438154
21, 63438154
21, 63438154
21, 63438154
19, 63438154
19, 63438154
19, 63438154
18, 63438154
18, 63438154
18, 63438154
18, 63438154
21, 63438154
20, 63438154
21, 63481368
19, 63481368
21, 63481368
18, 63481368
21, 63481368
18, 63481368
21, 63481368
19, 63481368
20, 63481368
20, 63481368
20, 63481368
21, 63481368
20, 63481368
20, 63481368
20, 63481368
19, 63481368
19, 63481368
20, 63481368
20, 63481368
20, 63481368
19, 63481368
21, 63481368
20, 63481368
20, 63481368
19, 63481368
20, 63481368
18, 63481368
19, 63481368
21, 63481368
20, 63481368
19, 63481368
20, 63481368
19, 63482688
20, 63482688
19, 63482688
20, 63482688
19, 63482688
19, 63482688
19, 63482688
18, 63482688
20, 63482688
21, 63482688
20, 63482688
19, 63482688
19, 63482688
21, 63482688
18, 63482688
19, 63482688
21, 63482688
19, 63482688
21, 63482688
20, 63482688
19, 63482688
19, 63482688
20, 63482688
21, 63482688
18, 63482688
20, 63482688
19, 63482688
21, 63482688
21, 63482688
20, 63482688
20, 63482688
19, 63482688
19, 63527623
19, 63527623
20, 63527623
21, 63527623
20, 63527623
19, 63527623
21, 63527623
21, 63527623
20, 63527623
19, 63527623
20, 63527623
20, 63527623
19, 63527623
20, 63527623
19, 63527623
19, 63527623
20, 63527623
19, 63527623
18, 63527623
18, 63527623
19, 63527623
21, 63527623
19, 63527623
19, 63527623
18, 63527623
21, 63527623
21, 63527623
19, 63527623
20, 63527623
19, 63527623
19, 63527623
19, 63527623
19, 63558040
20, 63558040
19, 63558040
19, 63558040
21, 63558040
20, 63558040
20, 63558040
21, 63558040
20, 63558040
21, 63558040
19, 63558040
21, 63558040
18, 63558040
19, 63558040
21, 63558040
20, 63558040
20, 63558040
21, 63558040
20, 63558040
21, 63558040
19, 63558040
21, 63558040
20, 63558040
20, 63558040
21, 63558040
21, 63558040
21, 63558040
20, 63558040
19, 63558040
21, 63558040
21, 63558040
20, 63558040
19, 63557385
20, 63557385
19, 63557385
20, 63557385
20, 63557385
21, 63557385
19, 63557385
20, 63557385
19, 63557385
20, 63557385
20, 63557385
18, 63557385
21, 63557385
20, 63557385
19, 63557385
18, 63557385
21, 63557385
21, 63557385
20, 63557385
19, 63557385
19, 63557385
19, 63557385
18, 63557385
19, 63557385
18, 63557385
20, 63557385
21, 63557385
20, 63557385
21, 63557385
19, 63557385
19, 63557385
20, 63557385
19, 63565718
21, 63565718
19, 63565718
19, 63565718
20, 63565718
20, 63565718
20, 63565718
21, 63565718
21, 63565718
21, 63565718
21, 63565718
20, 63565718
19, 63565718
18, 63565718
21, 63565718
19, 63565718
17, 63565718
20, 63565718
18, 63565718
20, 63565718
20, 63565718
20, 63565718
21, 63565718
21, 63565718
21, 63565718
20, 63565718
20, 63565718
20, 63565718
18, 63565718
20, 63565718
21, 63565718
19, 63565718
21, 63627472
20, 63627472
21, 63627472
21, 63627472
20, 63627472
18, 63627472
20, 63627472
19, 63627472
20, 63627472
20, 63627472
19, 63627472
20, 63627472
19, 63627472
19, 63627472
17, 63627472
19, 63627472
18, 63627472
18, 63627472
20, 63627472
20, 63627472
20, 63627472
20, 63627472
21, 63627472
19, 63627472
19, 63627472
21, 63627472
18, 63627472
20, 63627472
20, 63627472
19, 63627472
20, 63627472
19, 63627472
21, 63723104
18, 63723104
19, 63723104
20, 63723104
21, 63723104
21, 63723104
19, 63723104
21, 63723104
17, 63723104
21, 63723104
19, 63723104
17, 63723104
20, 63723104
19, 63723104
19, 63723104
19, 63723104
20, 63723104
19, 63723104
19, 63723104
18, 63723104
20, 63723104
21, 63723104
19, 63723104
20, 63723104
20, 63723104
20, 63723104
19, 63723104
20, 63723104
21, 63723104
20, 63723104
20, 63723104
20, 63723104
20, 63725104
19, 63725104
20, 63725104
20, 63725104
19, 63725104
20, 63725104
19, 63725104
20, 63725104
19, 63725104
20, 63725104
20, 63725104
20, 63725104
20, 63725104
21, 63725104
18, 63725104
20, 63725104
19, 63725104
20, 63725104
20, 63725104
20, 63725104
19, 63725104
19, 63725104
19, 63725104
19, 63725104
21, 63725104
20, 63725104
21, 63725104
18, 63725104
19, 63725104
20, 63725104
20, 63725104
19, 63725104
20, 63784512
20, 63784512
19, 63784512
19, 63784512
20, 63784512
18, 63784512
21, 63784512
20, 63784512
19, 63784512
19, 63784512
21, 63784512
19, 63784512
19, 63784512
20, 63784512
19, 63784512
19, 63784512
20, 63784512
21, 63784512
19, 63784512
20, 63784512
20, 63784512
19, 63784512
19, 63784512
21, 63784512
18, 63784512
21, 63784512
21, 63784512
18, 63784512
19, 63784512
17, 63784512
21, 63784512
19, 63784512
20, 63837046
21, 63837046
17, 63837046
18, 63837046
19, 63837046
20, 63837046
21, 63837046
18, 63837046
20, 63837046
20, 63837046
20, 63837046
19, 63837046
21, 63837046
19, 63837046
19, 63837046
19, 63837046
20, 63837046
19, 63837046
21, 63837046
19, 63837046
19, 63837046
20, 63837046
20, 63837046
20, 63837046
20, 63837046
21, 63837046
21, 63837046
20, 63837046
19, 63837046
21, 63837046
19, 63837046
19, 63837046
20, 63935717
20, 63935717
21, 63935717
18, 63935717
20, 63935717
20, 63935717
19, 63935717
20, 63935717
20, 63935717
19, 63935717
21, 63935717
19, 63935717
20, 63935717
19, 63935717
21, 63935717
19, 63935717
19, 63935717
20, 63935717
20, 63935717
20, 63935717
21, 63935717
19, 63935717
21, 63935717
19, 63935717
17, 63935717
20, 63935717
20, 63935717
21, 63935717
21, 63935717
21, 63935717
20, 63935717
20, 63935717
18, 63997932
21, 63997932
20, 63997932
20, 63997932
21, 63997932
20, 63997932
19, 63997932
19, 63997932
19, 63997932
19, 63997932
19, 63997932
19, 63997932
20, 63997932
20, 63997932
20, 63997932
20, 63997932
19, 63997932
19, 63997932
20, 63997932
20, 63997932
20, 63997932
20, 63997932
20, 63997932
21, 63997932
21, 63997932
21, 63997932
20, 63997932
19, 63997932
21, 63997932
19, 63997932
19, 63997932
20, 63997932
19, 63994815
20, 63994815
19, 63994815
19, 63994815
21, 63994815
19, 63994815
21, 63994815
18, 63994815
21, 63994815
18, 63994815
18, 63994815
20, 63994815
20, 63994815
20, 63994815
19, 63994815
19, 63994815
20, 63994815
20, 63994815
20, 63994815
20, 63994815
18, 63994815
20, 63994815
19, 63994815
20, 63994815
20, 63994815
20, 63994815
21, 63994815
20, 63994815
19, 63994815
19, 63994815
21, 63994815
19, 63994815
18, 64190938
20, 64190938
20, 64190938
19, 64190938
20, 64190938
19, 64190938
20, 64190938
18, 64190938
19, 64190938
20, 64190938
21, 64190938
19, 64190938
19, 64190938
20, 64190938
18, 64190938
19, 64190938
20, 64190938
18, 64190938
19, 64190938
21, 64190938
21, 64190938
19, 64190938
20, 64190938
21, 64190938
21, 64190938
19, 64190938
20, 64190938
19, 64190938
21, 64190938
21, 64190938
18, 64190938
19, 64190938
20, 64317093
20, 64317093
18, 64317093
20, 64317093
18, 64317093
20, 64317093
18, 64317093
21, 64317093
21, 64317093
21, 64317093
21, 64317093
19, 64317093
21, 64317093
20, 64317093
20, 64317093
21, 64317093
20, 64317093
20, 64317093
20, 64317093
20, 64317093
18, 64317093
21, 64317093
20, 64317093
20, 64317093
19, 64317093
20, 64317093
18, 64317093
20, 64317093
21, 64317093
17, 64317093
20, 64317093
20, 64317093
19, 64334294
19, 64334294
19, 64334294
20, 64334294
21, 64334294
20, 64334294
20, 64334294
19, 64334294
21, 64334294
21, 64334294
19, 64334294
19, 64334294
19, 64334294
20, 64334294
20, 64334294
21, 64334294
21, 64334294
21, 64334294
20, 64334294
21, 64334294
20, 64334294
20, 64334294
21, 64334294
19, 64334294
18, 64334294
19, 64334294
20, 64334294
20, 64334294
20, 64334294
20, 64334294
20, 64334294
18, 64334294
19, 64409482
20, 64409482
21, 64409482
20, 64409482
20, 64409482
19, 64409482
21, 64409482
18, 64409482
20, 64409482
19, 64409482
17, 64409482
20, 64409482
21, 64409482
20, 64409482
20, 64409482
20, 64409482
21, 64409482
19, 64409482
20, 64409482
21, 64409482
20, 64409482
21, 64409482
20, 64409482
20, 64409482
20, 64409482
19, 64409482
21, 64409482
21, 64409482
20, 64409482
21, 64409482
18, 64409482
20, 64409482
20, 64480304
20, 64480304
21, 64480304
19, 64480304
19, 64480304
20, 64480304
17, 64480304
21, 64480304
21, 64480304
21, 64480304
20, 64480304
20, 64480304
21, 64480304
18, 64480304
19, 64480304
20, 64480304
20, 64480304
19, 64480304
21, 64480304
21, 64480304
21, 64480304
18, 64480304
20, 64480304
19, 64480304
20, 64480304
20, 64480304
19, 64480304
18, 64480304
20, 64480304
20, 64480304
18, 64480304
18, 64480304
20, 64682404
19, 64682404
20, 64682404
21, 64682404
19, 64682404
18, 64682404
19, 64682404
17, 64682404
20, 64682404
21, 64682404
19, 64682404
20, 64682404
19, 64682404
19, 64682404
19, 64682404
21, 64682404
21, 64682404
19, 64682404
20, 64682404
19, 64682404
21, 64682404
19, 64682404
20, 64682404
18, 64682404
17, 64682404
18, 64682404
20, 64682404
21, 64682404
18, 64682404
21, 64682404
19, 64682404
20, 64682404
18, 64713436
20, 64713436
20, 64713436
18, 64713436
21, 64713436
21, 64713436
19, 64713436
20, 64713436
18, 64713436
18, 64713436
19, 64713436
21, 64713436
21, 64713436
20, 64713436
19, 64713436
21, 64713436
19, 64713436
21, 64713436
19, 64713436
20, 64713436
20, 64713436
19, 64713436
19, 64713436
21, 64713436
19, 64713436
18, 64713436
21, 64713436
19, 64713436
20, 64713436
20, 64713436
21, 64713436
20, 64713436
21, 64720957
18, 64720957
20, 64720957
19, 64720957
19, 64720957
19, 64720957
20, 64720957
21, 64720957
19, 64720957
20, 64720957
20, 64720957
20, 64720957
21, 64720957
19, 64720957
19, 64720957
20, 64720957
20, 64720957
21, 64720957
19, 64720957
21, 64720957
20, 64720957
20, 64720957
20, 64720957
20, 64720957
18, 64720957
19, 64720957
21, 64720957
20, 64720957
21, 64720957
20, 64720957
19, 64720957
18, 64720957
19, 67327240
19, 67327240
20, 67327240
20, 67327240
19, 67327240
21, 67327240
20, 67327240
20, 67327240
21, 67327240
19, 67327240
19, 67327240
19, 67327240
20, 67327240
20, 67327240
19, 67327240
20, 67327240
17, 67327240
20, 67327240
20, 67327240
21, 67327240
20, 67327240
19, 67327240
21, 67327240
19, 67327240
21, 67327240
20, 67327240
18, 67327240
20, 67327240
18, 67327240
19, 67327240
20, 67327240
20, 67327240
21, 67326774
20, 67326774
20, 67326774
20, 67326774
20, 67326774
20, 67326774
19, 67326774
20, 67326774
19, 67326774
21, 67326774
20, 67326774
21, 67326774
19, 67326774
18, 67326774
19, 67326774
20, 67326774
19, 67326774
20, 67326774
21, 67326774
20, 67326774
19, 67326774
21, 67326774
19, 67326774
21, 67326774
19, 67326774
21, 67326774
21, 67326774
20, 67326774
19, 67326774
20, 67326774
20, 67326774
21, 67326774
21, 67392677
19, 67392677
21, 67392677
20, 67392677
19, 67392677
18, 67392677
20, 67392677
20, 67392677
18, 67392677
20, 67392677
20, 67392677
18, 67392677
20, 67392677
20, 67392677
18, 67392677
18, 67392677
18, 67392677
20, 67392677
21, 67392677
20, 67392677
18, 67392677
20, 67392677
21, 67392677
19, 67392677
18, 67392677
20, 67392677
21, 67392677
19, 67392677
20, 67392677
21, 67392677
20, 67392677
20, 67392677
20, 67404302
18, 67404302
19, 67404302
20, 67404302
21, 67404302
19, 67404302
18, 67404302
17, 67404302
20, 67404302
18, 67404302
21, 67404302
19, 67404302
20, 67404302
19, 67404302
19, 67404302
21, 67404302
20, 67404302
20, 67404302
20, 67404302
19, 67404302
20, 67404302
21, 67404302
20, 67404302
21, 67404302
20, 67404302
18, 67404302
20, 67404302
19, 67404302
21, 67404302
19, 67404302
20, 67404302
20, 67404302
19, 67673001
21, 67673001
20, 67673001
18, 67673001
21, 67673001
20, 67673001
21, 67673001
20, 67673001
18, 67673001
19, 67673001
20, 67673001
17, 67673001
20, 67673001
19, 67673001
19, 67673001
18, 67673001
21, 67673001
20, 67673001
19, 67673001
21, 67673001
21, 67673001
20, 67673001
18, 67673001
19, 67673001
20, 67673001
20, 67673001
21, 67673001
19, 67673001
19, 67673001
20, 67673001
19, 67673001
21, 67673001
INFO: Time (ms) for KF track fitting on device 0 : 140.241351
INFO: Total Wall clock time (ms) for KF track fitting: 140.328751
------------------------  ending  -----------------------
