INFO: float precision operand used.

Device : Tesla T4
maxThreadsPerMultiProcessor : 1024
maxGridSize : (2147483647, 65535, 65535)
maxThreadsPerBlock : 1024
maxThreadsDim : (1024, 1024, 64)
regsPerMultiprocessor : 65536
regsPerBlock : 65536
Cuda driver version: 11040
Cuda rt version: 11030
INFO: Warp Occupancy with block size 64 : 25%
INFO: Estimated max occupancy with block size =  256, min grid size = 40

INFO: grid size = 5120 x 1, block size =  8 x 8
INFO: Creating 10 boundless plane surfaces
Warning! Generated particle rejected!
Warning! Generated particle rejected!
Warning! Generated particle rejected!
Warning! Generated particle rejected!
Warning! Generated particle rejected!
Warning! Generated particle rejected!
Warning! Generated particle rejected!
Warning! Generated particle rejected!

INFO: Time (ms) to run simulation: 2278.81
20, 25626974
19, 25626974
17, 25626974
19, 25626974
21, 25626974
20, 25626974
21, 25626974
21, 25626974
20, 25626974
17, 25626974
20, 25626974
21, 25626974
19, 25626974
20, 25626974
20, 25626974
18, 25626974
19, 25626974
19, 25626974
20, 25626974
20, 25626974
20, 25626974
20, 25626974
18, 25626974
21, 25626974
21, 25626974
18, 25626974
21, 25626974
20, 25626974
20, 25626974
21, 25626974
18, 25626974
19, 25626974
20, 25798067
21, 25798067
20, 25798067
18, 25798067
20, 25798067
19, 25798067
18, 25798067
18, 25798067
20, 25798067
21, 25798067
19, 25798067
19, 25798067
21, 25798067
20, 25798067
20, 25798067
19, 25798067
19, 25798067
20, 25798067
19, 25798067
21, 25798067
19, 25798067
21, 25798067
20, 25798067
20, 25798067
18, 25798067
20, 25798067
18, 25798067
19, 25798067
20, 25798067
20, 25798067
17, 25798067
20, 25798067
18, 25837428
20, 25837428
20, 25837428
20, 25837428
19, 25837428
21, 25837428
19, 25837428
20, 25837428
20, 25837428
21, 25837428
20, 25837428
19, 25837428
19, 25837428
18, 25837428
20, 25837428
21, 25837428
20, 25837428
21, 25837428
20, 25837428
20, 25837428
20, 25837428
21, 25837428
19, 25837428
20, 25837428
19, 25837428
19, 25837428
18, 25837428
20, 25837428
19, 25837428
19, 25837428
20, 25837428
20, 25837428
21, 27244528
21, 27244528
21, 27244528
19, 27244528
19, 27244528
18, 27244528
20, 27244528
20, 27244528
17, 27244528
19, 27244528
19, 27244528
20, 27244528
21, 27244528
20, 27244528
18, 27244528
19, 27244528
19, 27244528
19, 27244528
19, 27244528
20, 27244528
19, 27244528
20, 27244528
20, 27244528
20, 27244528
20, 27244528
20, 27244528
21, 27244528
20, 27244528
19, 27244528
20, 27244528
20, 27244528
19, 27244528
18, 29161297
20, 29161297
18, 29161297
20, 29161297
19, 29161297
21, 29161297
20, 29161297
20, 29161297
20, 29161297
19, 29161297
21, 29161297
20, 29161297
19, 29161297
21, 29161297
20, 29161297
18, 29161297
17, 32973186
21, 32973186
21, 32973186
18, 32973186
19, 32973186
20, 32973186
20, 32973186
19, 32973186
19, 32973186
20, 32973186
20, 32973186
19, 32973186
20, 32973186
19, 32973186
20, 32973186
19, 32973186
19, 32973186
20, 32973186
20, 32973186
20, 32973186
20, 32973186
21, 32973186
20, 32973186
20, 32973186
21, 32973186
19, 32973186
20, 32973186
20, 32973186
21, 32973186
19, 32973186
20, 32973186
18, 32973186
20, 33094561
21, 33094561
21, 33094561
21, 33094561
20, 33094561
19, 33094561
18, 33094561
19, 33094561
21, 33094561
20, 33094561
19, 33094561
19, 33094561
19, 33094561
21, 33094561
19, 33094561
19, 33094561
20, 33094561
21, 33094561
19, 33094561
21, 33094561
21, 33094561
19, 33094561
19, 33094561
19, 33094561
20, 33094561
18, 33094561
20, 33094561
21, 33094561
19, 33094561
19, 33094561
17, 33094561
21, 33094561
21, 34726615
19, 34726615
20, 34726615
20, 34726615
18, 34726615
21, 34726615
21, 34726615
21, 34726615
21, 34726615
19, 34726615
21, 34726615
19, 34726615
19, 34726615
19, 34726615
19, 34726615
20, 34726615
20, 34726615
20, 34726615
19, 34726615
19, 34726615
21, 34726615
18, 34726615
19, 34726615
18, 34726615
20, 34726615
21, 34726615
20, 34726615
20, 34726615
20, 34726615
19, 34726615
18, 34726615
21, 34726615
19, 36880792
18, 36880792
21, 36880792
19, 36880792
20, 36880792
20, 36880792
20, 36880792
20, 36880792
18, 36880792
20, 36880792
20, 36880792
20, 36880792
19, 36880792
18, 36880792
21, 36880792
20, 36880792
18, 36880792
20, 36880792
19, 36880792
18, 36880792
20, 36880792
19, 36880792
19, 36880792
19, 36880792
20, 36880792
20, 36880792
19, 36880792
20, 36880792
20, 36880792
20, 36880792
21, 36880792
20, 36880792
19, 38341561
21, 38341561
21, 38341561
19, 38341561
19, 38341561
21, 38341561
20, 38341561
20, 38341561
20, 38341561
20, 38341561
20, 38341561
18, 38341561
19, 38341561
20, 38341561
21, 38341561
19, 38341561
19, 38341561
20, 38341561
20, 38341561
20, 38341561
20, 38341561
19, 38341561
19, 38341561
19, 38341561
20, 38341561
21, 38341561
20, 38341561
21, 38341561
19, 38341561
20, 38341561
18, 38341561
19, 38341561
19, -4238656118
21, -4238656118
20, -4238656118
19, -4238656118
20, -4238656118
21, -4238656118
21, -4238656118
21, -4238656118
20, -4238656118
18, -4238656118
20, -4238656118
18, -4238656118
19, -4238656118
20, -4238656118
21, -4238656118
20, -4238656118
20, -4238656118
20, -4238656118
21, -4238656118
20, -4238656118
19, -4238656118
20, -4238656118
20, -4238656118
20, -4238656118
19, -4238656118
19, -4238656118
20, -4238656118
21, -4238656118
21, -4238656118
20, -4238656118
20, -4238656118
18, -4238656118
18, -4238654659
21, -4238654659
21, -4238654659
19, -4238654659
20, -4238654659
20, -4238654659
19, -4238654659
19, -4238654659
20, -4238654659
20, -4238654659
20, -4238654659
19, -4238654659
21, -4238654659
20, -4238654659
20, -4238654659
19, -4238654659
20, -4238654659
20, -4238654659
21, -4238654659
19, -4238654659
20, -4238654659
19, -4238654659
20, -4238654659
20, -4238654659
17, -4238654659
19, -4238654659
20, -4238654659
20, -4238654659
20, -4238654659
19, -4238654659
20, -4238654659
21, -4238654659
18, 56321371
19, 56321371
19, 56321371
20, 56321371
20, 56321371
18, 56321371
21, 56321371
21, 56321371
19, 56321371
21, 56321371
19, 56321371
20, 56321371
20, 56321371
20, 56321371
20, 56321371
20, 56321371
20, 56321371
19, 56321371
20, 56321371
21, 56321371
19, 56321371
20, 56321371
18, 56321371
20, 56321371
21, 56321371
21, 56321371
21, 56321371
18, 56321371
21, 56321371
20, 56321371
20, 56321371
21, 56321371
19, 56474892
20, 56474892
21, 56474892
21, 56474892
20, 56474892
17, 56474892
18, 56474892
20, 56474892
19, 56474892
19, 56474892
20, 56474892
20, 56474892
21, 56474892
19, 56474892
21, 56474892
20, 56474892
21, 56474892
20, 56474892
19, 56474892
21, 56474892
20, 56474892
18, 56474892
20, 56474892
20, 56474892
21, 56474892
21, 56474892
20, 56474892
19, 56474892
18, 56474892
20, 56474892
20, 56474892
21, 56474892
21, 56509259
20, 56509259
21, 56509259
20, 56509259
21, 56509259
19, 56509259
20, 56509259
20, 56509259
19, 56509259
19, 56509259
17, 56509259
20, 56509259
20, 56509259
19, 56509259
21, 56509259
20, 56509259
20, 56509259
20, 56509259
19, 56509259
18, 56509259
19, 56509259
19, 56509259
19, 56509259
18, 56509259
19, 56509259
20, 56509259
18, 56509259
20, 56509259
21, 56509259
20, 56509259
19, 56509259
21, 56509259
20, 56525784
19, 56525784
19, 56525784
21, 56525784
19, 56525784
21, 56525784
20, 56525784
21, 56525784
18, 56525784
20, 56525784
20, 56525784
19, 56525784
21, 56525784
21, 56525784
20, 56525784
20, 56525784
20, 56525784
19, 56525784
20, 56525784
20, 56525784
20, 56525784
20, 56525784
20, 56525784
21, 56525784
20, 56525784
21, 56525784
19, 56525784
20, 56525784
20, 56525784
21, 56525784
18, 56525784
20, 56525784
19, -4238344678
19, -4238344678
21, -4238344678
20, -4238344678
21, -4238344678
19, -4238344678
21, -4238344678
19, -4238344678
17, -4238344678
18, -4238344678
21, -4238344678
18, -4238344678
21, -4238344678
20, -4238344678
20, -4238344678
20, -4238344678
20, -4238344678
21, -4238344678
20, -4238344678
20, -4238344678
19, -4238344678
20, -4238344678
21, -4238344678
21, -4238344678
19, -4238344678
19, -4238344678
20, -4238344678
18, -4238344678
19, -4238344678
20, -4238344678
21, -4238344678
21, -4238344678
20, 56671919
20, 56671919
21, 56671919
19, 56671919
20, 56671919
20, 56671919
19, 56671919
18, 56671919
20, 56671919
21, 56671919
20, 56671919
21, 56671919
20, 56671919
20, 56671919
21, 56671919
21, 56671919
21, 56671919
20, 56671919
20, 56671919
18, 56671919
20, 56671919
21, 56671919
20, 56671919
19, 56671919
20, 56671919
18, 56671919
18, 56671919
19, 56671919
20, 56671919
20, 56671919
20, 56671919
20, 56671919
21, 56756347
20, 56756347
19, 56756347
20, 56756347
19, 56756347
21, 56756347
19, 56756347
20, 56756347
20, 56756347
19, 56756347
19, 56756347
21, 56756347
20, 56756347
20, 56756347
20, 56756347
20, 56756347
20, 56756347
19, 56756347
21, 56756347
19, 56756347
20, 56756347
19, 56756347
17, 56756347
18, 56756347
19, 56756347
20, 56756347
19, 56756347
19, 56756347
20, 56756347
21, 56756347
21, 56756347
19, 56756347
19, -4238146202
20, -4238146202
18, -4238146202
20, -4238146202
18, -4238146202
20, -4238146202
20, -4238146202
20, -4238146202
20, -4238146202
20, -4238146202
21, -4238146202
21, -4238146202
19, -4238146202
19, -4238146202
20, -4238146202
21, -4238146202
21, -4238146202
21, -4238146202
21, -4238146202
21, -4238146202
18, -4238146202
20, -4238146202
20, -4238146202
21, -4238146202
19, -4238146202
19, -4238146202
20, -4238146202
19, -4238146202
20, -4238146202
19, -4238146202
18, -4238146202
20, -4238146202
21, 57073059
18, 57073059
18, 57073059
20, 57073059
21, 57073059
20, 57073059
20, 57073059
17, 57073059
19, 57073059
21, 57073059
20, 57073059
21, 57073059
18, 57073059
18, 57073059
18, 57073059
21, 57073059
20, 57073059
20, 57073059
18, 57073059
19, 57073059
19, 57073059
18, 57073059
19, 57073059
20, 57073059
17, 57073059
21, 57073059
19, 57073059
20, 57073059
20, 57073059
21, 57073059
20, 57073059
20, 57073059
18, 57071358
20, 57071358
20, 57071358
19, 57071358
21, 57071358
19, 57071358
20, 57071358
18, 57071358
19, 57071358
21, 57071358
19, 57071358
20, 57071358
18, 57071358
20, 57071358
17, 57071358
21, 57071358
21, 57071358
17, 57071358
20, 57071358
18, 57071358
20, 57071358
18, 57071358
20, 57071358
20, 57071358
19, 57071358
18, 57071358
20, 57071358
20, 57071358
18, 57071358
21, 57071358
20, 57071358
20, 57071358
19, 57073972
20, 57073972
21, 57073972
19, 57073972
20, 57073972
19, 57073972
20, 57073972
21, 57073972
20, 57073972
20, 57073972
20, 57073972
20, 57073972
19, 57073972
19, 57073972
21, 57073972
20, 57073972
20, 57073972
20, 57073972
20, 57073972
20, 57073972
20, 57073972
19, 57073972
20, 57073972
18, 57073972
21, 57073972
18, 57073972
18, 57073972
20, 57073972
20, 57073972
20, 57073972
21, 57073972
20, 57073972
20, -4237791327
19, -4237791327
21, -4237791327
19, -4237791327
18, -4237791327
19, -4237791327
20, -4237791327
18, -4237791327
19, -4237791327
18, -4237791327
19, -4237791327
20, -4237791327
19, -4237791327
18, -4237791327
18, -4237791327
20, -4237791327
21, -4237791327
21, -4237791327
21, -4237791327
19, -4237791327
21, -4237791327
20, -4237791327
20, -4237791327
20, -4237791327
18, -4237791327
20, -4237791327
19, -4237791327
20, -4237791327
19, -4237791327
19, -4237791327
21, -4237791327
21, -4237791327
21, 57228551
18, 57228551
19, 57228551
20, 57228551
20, 57228551
19, 57228551
20, 57228551
19, 57228551
20, 57228551
20, 57228551
19, 57228551
18, 57228551
20, 57228551
21, 57228551
19, 57228551
20, 57228551
19, 57228551
21, 57228551
20, 57228551
20, 57228551
20, 57228551
21, 57228551
20, 57228551
17, 57228551
20, 57228551
17, 57228551
21, 57228551
18, 57228551
21, 57228551
18, 57228551
20, 57228551
19, 57228551
20, 57316162
19, 57316162
20, 57316162
20, 57316162
19, 57316162
19, 57316162
20, 57316162
21, 57316162
20, 57316162
18, 57316162
21, 57316162
21, 57316162
18, 57316162
21, 57316162
20, 57316162
20, 57316162
19, 57316162
20, 57316162
20, 57316162
20, 57316162
18, 57316162
21, 57316162
20, 57316162
18, 57316162
21, 57316162
19, 57316162
19, 57316162
21, 57316162
20, 57316162
21, 57316162
20, 57316162
21, 57316162
20, 57678049
18, 57678049
21, 57678049
21, 57678049
20, 57678049
20, 57678049
21, 57678049
20, 57678049
20, 57678049
21, 57678049
18, 57678049
17, 57678049
19, 57678049
20, 57678049
18, 57678049
19, 57678049
19, 57678049
18, 57678049
21, 57678049
19, 57678049
19, 57678049
19, 57678049
19, 57678049
19, 57678049
21, 57678049
18, 57678049
20, 57678049
18, 57678049
19, 57678049
20, 57678049
21, 57678049
20, 57678049
19, 57737396
20, 57737396
20, 57737396
21, 57737396
21, 57737396
20, 57737396
19, 57737396
20, 57737396
20, 57737396
21, 57737396
19, 57737396
19, 57737396
20, 57737396
20, 57737396
20, 57737396
19, 57737396
21, 57737396
20, 57737396
19, 57737396
20, 57737396
20, 57737396
20, 57737396
19, 57737396
20, 57737396
19, 57737396
20, 57737396
21, 57737396
20, 57737396
20, 57737396
17, 57737396
18, 57737396
18, 57737396
18, -4237210409
18, -4237210409
21, -4237210409
20, -4237210409
20, -4237210409
19, -4237210409
19, -4237210409
20, -4237210409
19, -4237210409
19, -4237210409
20, -4237210409
19, -4237210409
18, -4237210409
20, -4237210409
21, -4237210409
19, -4237210409
19, -4237210409
20, -4237210409
18, -4237210409
19, -4237210409
20, -4237210409
19, -4237210409
19, -4237210409
21, -4237210409
21, -4237210409
19, -4237210409
19, -4237210409
17, -4237210409
20, -4237210409
20, -4237210409
18, -4237210409
20, -4237210409
18, -4237171818
20, -4237171818
19, -4237171818
18, -4237171818
18, -4237171818
19, -4237171818
20, -4237171818
21, -4237171818
21, -4237171818
20, -4237171818
20, -4237171818
19, -4237171818
19, -4237171818
21, -4237171818
19, -4237171818
20, -4237171818
20, -4237171818
20, -4237171818
20, -4237171818
19, -4237171818
20, -4237171818
21, -4237171818
20, -4237171818
18, -4237171818
21, -4237171818
20, -4237171818
20, -4237171818
20, -4237171818
20, -4237171818
20, -4237171818
21, -4237171818
19, -4237171818
18, 57928197
19, 57928197
20, 57928197
20, 57928197
21, 57928197
21, 57928197
17, 57928197
20, 57928197
20, 57928197
20, 57928197
18, 57928197
18, 57928197
20, 57928197
20, 57928197
19, 57928197
19, 57928197
21, 57928197
19, 57928197
21, 57928197
20, 57928197
21, 57928197
20, 57928197
18, 57928197
21, 57928197
19, 57928197
20, 57928197
19, 57928197
21, 57928197
19, 57928197
21, 57928197
20, 57928197
20, 57928197
20, -4237011168
21, -4237011168
21, -4237011168
21, -4237011168
21, -4237011168
19, -4237011168
19, -4237011168
20, -4237011168
20, -4237011168
21, -4237011168
19, -4237011168
19, -4237011168
20, -4237011168
19, -4237011168
19, -4237011168
20, -4237011168
21, -4237011168
19, -4237011168
19, -4237011168
18, -4237011168
18, -4237011168
21, -4237011168
21, -4237011168
19, -4237011168
20, -4237011168
20, -4237011168
19, -4237011168
20, -4237011168
20, -4237011168
21, -4237011168
21, -4237011168
21, -4237011168
21, 57970365
18, 57970365
20, 57970365
20, 57970365
20, 57970365
18, 57970365
20, 57970365
19, 57970365
20, 57970365
20, 57970365
18, 57970365
21, 57970365
19, 57970365
18, 57970365
21, 57970365
21, 57970365
18, 57970365
20, 57970365
21, 57970365
19, 57970365
20, 57970365
19, 57970365
20, 57970365
19, 57970365
18, 57970365
19, 57970365
19, 57970365
20, 57970365
20, 57970365
20, 57970365
20, 57970365
18, 57970365
18, -4236991719
17, -4236991719
18, -4236991719
20, -4236991719
19, -4236991719
19, -4236991719
19, -4236991719
18, -4236991719
18, -4236991719
20, -4236991719
19, -4236991719
20, -4236991719
20, -4236991719
20, -4236991719
20, -4236991719
20, -4236991719
18, -4236991719
19, -4236991719
18, -4236991719
21, -4236991719
21, -4236991719
20, -4236991719
21, -4236991719
18, -4236991719
20, -4236991719
19, -4236991719
20, -4236991719
19, -4236991719
19, -4236991719
20, -4236991719
17, -4236991719
19, -4236991719
19, 58047697
18, 58047697
20, 58047697
21, 58047697
20, 58047697
21, 58047697
20, 58047697
20, 58047697
21, 58047697
20, 58047697
20, 58047697
20, 58047697
19, 58047697
19, 58047697
17, 58047697
20, 58047697
20, 58047697
20, 58047697
21, 58047697
19, 58047697
21, 58047697
20, 58047697
19, 58047697
17, 58047697
19, 58047697
19, 58047697
20, 58047697
20, 58047697
18, 58047697
19, 58047697
20, 58047697
19, 58047697
20, -4236891459
20, -4236891459
19, -4236891459
20, -4236891459
21, -4236891459
19, -4236891459
18, -4236891459
19, -4236891459
18, -4236891459
20, -4236891459
19, -4236891459
21, -4236891459
20, -4236891459
18, -4236891459
20, -4236891459
20, -4236891459
21, -4236891459
18, -4236891459
19, -4236891459
20, -4236891459
18, -4236891459
21, -4236891459
19, -4236891459
19, -4236891459
19, -4236891459
20, -4236891459
19, -4236891459
21, -4236891459
18, -4236891459
21, -4236891459
18, -4236891459
21, -4236891459
18, 58123572
20, 58123572
20, 58123572
20, 58123572
19, 58123572
19, 58123572
21, 58123572
20, 58123572
19, 58123572
21, 58123572
20, 58123572
21, 58123572
20, 58123572
20, 58123572
19, 58123572
18, 58123572
19, 58123572
20, 58123572
21, 58123572
20, 58123572
20, 58123572
19, 58123572
18, 58123572
20, 58123572
20, 58123572
21, 58123572
20, 58123572
18, 58123572
20, 58123572
19, 58123572
21, 58123572
19, 58123572
17, 58134019
20, 58134019
20, 58134019
20, 58134019
19, 58134019
21, 58134019
19, 58134019
19, 58134019
21, 58134019
18, 58134019
20, 58134019
21, 58134019
21, 58134019
20, 58134019
21, 58134019
21, 58134019
20, 58134019
20, 58134019
21, 58134019
20, 58134019
19, 58134019
20, 58134019
20, 58134019
19, 58134019
21, 58134019
19, 58134019
19, 58134019
19, 58134019
20, 58134019
19, 58134019
20, 58134019
21, 58134019
19, 58152803
20, 58152803
20, 58152803
19, 58152803
18, 58152803
19, 58152803
18, 58152803
19, 58152803
21, 58152803
20, 58152803
19, 58152803
20, 58152803
20, 58152803
20, 58152803
21, 58152803
20, 58152803
20, 58152803
20, 58152803
18, 58152803
21, 58152803
19, 58152803
20, 58152803
18, 58152803
21, 58152803
21, 58152803
20, 58152803
19, 58152803
20, 58152803
19, 58152803
21, 58152803
20, 58152803
20, 58152803
20, 58178409
20, 58178409
21, 58178409
20, 58178409
20, 58178409
20, 58178409
21, 58178409
20, 58178409
20, 58178409
20, 58178409
21, 58178409
18, 58178409
20, 58178409
20, 58178409
20, 58178409
20, 58178409
19, 58178409
18, 58178409
20, 58178409
20, 58178409
21, 58178409
21, 58178409
20, 58178409
19, 58178409
21, 58178409
20, 58178409
20, 58178409
19, 58178409
19, 58178409
18, 58178409
20, 58178409
19, 58178409
19, 58264942
21, 58264942
21, 58264942
19, 58264942
20, 58264942
21, 58264942
21, 58264942
20, 58264942
20, 58264942
19, 58264942
19, 58264942
20, 58264942
20, 58264942
20, 58264942
21, 58264942
20, 58264942
20, 58264942
19, 58264942
18, 58264942
20, 58264942
20, 58264942
19, 58264942
18, 58264942
20, 58264942
20, 58264942
19, 58264942
20, 58264942
19, 58264942
21, 58264942
19, 58264942
20, 58264942
21, 58264942
20, 58296615
21, 58296615
21, 58296615
20, 58296615
20, 58296615
18, 58296615
19, 58296615
18, 58296615
19, 58296615
19, 58296615
18, 58296615
19, 58296615
20, 58296615
20, 58296615
18, 58296615
20, 58296615
20, 58296615
20, 58296615
21, 58296615
19, 58296615
19, 58296615
19, 58296615
21, 58296615
21, 58296615
19, 58296615
20, 58296615
18, 58296615
21, 58296615
18, 58296615
19, 58296615
18, 58296615
19, 58296615
20, 58319031
19, 58319031
20, 58319031
19, 58319031
20, 58319031
20, 58319031
20, 58319031
21, 58319031
20, 58319031
21, 58319031
18, 58319031
20, 58319031
20, 58319031
21, 58319031
20, 58319031
21, 58319031
21, 58319031
21, 58319031
20, 58319031
20, 58319031
20, 58319031
20, 58319031
21, 58319031
20, 58319031
20, 58319031
20, 58319031
19, 58319031
20, 58319031
19, 58319031
19, 58319031
20, 58319031
19, 58319031
20, 58362238
18, 58362238
18, 58362238
18, 58362238
19, 58362238
20, 58362238
21, 58362238
21, 58362238
18, 58362238
19, 58362238
20, 58362238
21, 58362238
21, 58362238
21, 58362238
20, 58362238
21, 58362238
19, 58362238
20, 58362238
18, 58362238
20, 58362238
19, 58362238
19, 58362238
21, 58362238
18, 58362238
19, 58362238
21, 58362238
19, 58362238
18, 58362238
20, 58362238
20, 58362238
19, 58362238
19, 58362238
19, 58545821
20, 58545821
21, 58545821
18, 58545821
20, 58545821
18, 58545821
19, 58545821
19, 58545821
20, 58545821
18, 58545821
20, 58545821
21, 58545821
17, 58545821
20, 58545821
19, 58545821
20, 58545821
18, 58545821
19, 58545821
21, 58545821
19, 58545821
19, 58545821
21, 58545821
19, 58545821
21, 58545821
20, 58545821
19, 58545821
21, 58545821
20, 58545821
20, 58545821
20, 58545821
21, 58545821
18, 58545821
19, 58621425
18, 58621425
19, 58621425
21, 58621425
21, 58621425
19, 58621425
17, 58621425
20, 58621425
20, 58621425
20, 58621425
20, 58621425
18, 58621425
21, 58621425
20, 58621425
21, 58621425
19, 58621425
18, 58621425
20, 58621425
20, 58621425
20, 58621425
20, 58621425
20, 58621425
21, 58621425
21, 58621425
19, 58621425
20, 58621425
20, 58621425
20, 58621425
18, 58621425
19, 58621425
20, 58621425
19, 58621425
19, 58641717
21, 58641717
20, 58641717
20, 58641717
20, 58641717
19, 58641717
20, 58641717
20, 58641717
20, 58641717
19, 58641717
20, 58641717
19, 58641717
21, 58641717
19, 58641717
19, 58641717
20, 58641717
21, 58641717
21, 58641717
20, 58641717
21, 58641717
18, 58641717
21, 58641717
20, 58641717
21, 58641717
21, 58641717
18, 58641717
21, 58641717
20, 58641717
21, 58641717
18, 58641717
20, 58641717
19, 58641717
20, 58678449
19, 58678449
20, 58678449
20, 58678449
20, 58678449
18, 58678449
19, 58678449
19, 58678449
20, 58678449
20, 58678449
19, 58678449
20, 58678449
20, 58678449
19, 58678449
20, 58678449
21, 58678449
19, 58678449
18, 58678449
19, 58678449
21, 58678449
21, 58678449
18, 58678449
21, 58678449
20, 58678449
17, 58678449
19, 58678449
20, 58678449
19, 58678449
21, 58678449
20, 58678449
20, 58678449
19, 58678449
19, -4236192937
18, -4236192937
20, -4236192937
20, -4236192937
20, -4236192937
18, -4236192937
19, -4236192937
19, -4236192937
20, -4236192937
20, -4236192937
18, -4236192937
18, -4236192937
17, -4236192937
20, -4236192937
19, -4236192937
20, -4236192937
20, -4236192937
21, -4236192937
19, -4236192937
19, -4236192937
20, -4236192937
19, -4236192937
20, -4236192937
19, -4236192937
21, -4236192937
18, -4236192937
20, -4236192937
19, -4236192937
21, -4236192937
19, -4236192937
19, -4236192937
19, -4236192937
20, 58850071
20, 58850071
19, 58850071
20, 58850071
18, 58850071
21, 58850071
18, 58850071
21, 58850071
19, 58850071
19, 58850071
21, 58850071
19, 58850071
20, 58850071
21, 58850071
21, 58850071
19, 58850071
21, 58850071
20, 58850071
21, 58850071
18, 58850071
19, 58850071
21, 58850071
20, 58850071
20, 58850071
20, 58850071
19, 58850071
20, 58850071
20, 58850071
20, 58850071
20, 58850071
21, 58850071
19, 58850071
17, 58957539
20, 58957539
18, 58957539
19, 58957539
20, 58957539
19, 58957539
19, 58957539
18, 58957539
21, 58957539
20, 58957539
20, 58957539
21, 58957539
19, 58957539
21, 58957539
20, 58957539
20, 58957539
19, 58957539
19, 58957539
20, 58957539
19, 58957539
21, 58957539
19, 58957539
20, 58957539
19, 58957539
18, 58957539
20, 58957539
19, 58957539
19, 58957539
20, 58957539
21, 58957539
20, 58957539
20, 58957539
19, 59120044
19, 59120044
19, 59120044
21, 59120044
19, 59120044
19, 59120044
19, 59120044
18, 59120044
18, 59120044
19, 59120044
20, 59120044
17, 59120044
20, 59120044
20, 59120044
18, 59120044
21, 59120044
18, 59120044
19, 59120044
21, 59120044
20, 59120044
19, 59120044
20, 59120044
20, 59120044
20, 59120044
21, 59120044
20, 59120044
19, 59120044
21, 59120044
19, 59120044
20, 59120044
19, 59120044
20, 59120044
19, 59169801
20, 59169801
19, 59169801
19, 59169801
19, 59169801
19, 59169801
18, 59169801
19, 59169801
19, 59169801
20, 59169801
20, 59169801
21, 59169801
21, 59169801
20, 59169801
19, 59169801
19, 59169801
20, 59169801
20, 59169801
20, 59169801
20, 59169801
21, 59169801
21, 59169801
19, 59169801
19, 59169801
21, 59169801
20, 59169801
20, 59169801
20, 59169801
20, 59169801
18, 59169801
19, 59169801
20, 59169801
20, 59197565
20, 59197565
19, 59197565
19, 59197565
21, 59197565
19, 59197565
21, 59197565
20, 59197565
18, 59197565
21, 59197565
20, 59197565
20, 59197565
21, 59197565
19, 59197565
21, 59197565
21, 59197565
19, 59197565
21, 59197565
21, 59197565
19, 59197565
20, 59197565
21, 59197565
19, 59197565
18, 59197565
20, 59197565
21, 59197565
21, 59197565
20, 59197565
19, 59197565
19, 59197565
18, 59197565
21, 59197565
19, -4235726051
20, -4235726051
19, -4235726051
19, -4235726051
20, -4235726051
18, -4235726051
21, -4235726051
17, -4235726051
20, -4235726051
20, -4235726051
20, -4235726051
21, -4235726051
20, -4235726051
20, -4235726051
20, -4235726051
18, -4235726051
18, -4235726051
18, -4235726051
19, -4235726051
19, -4235726051
20, -4235726051
19, -4235726051
20, -4235726051
19, -4235726051
18, -4235726051
20, -4235726051
20, -4235726051
20, -4235726051
20, -4235726051
20, -4235726051
20, -4235726051
21, -4235726051
20, -4235618872
20, -4235618872
19, -4235618872
20, -4235618872
20, -4235618872
19, -4235618872
20, -4235618872
18, -4235618872
20, -4235618872
20, -4235618872
20, -4235618872
20, -4235618872
21, -4235618872
20, -4235618872
20, -4235618872
21, -4235618872
20, -4235618872
21, -4235618872
21, -4235618872
20, -4235618872
19, -4235618872
20, -4235618872
21, -4235618872
21, -4235618872
18, -4235618872
19, -4235618872
18, -4235618872
19, -4235618872
19, -4235618872
20, -4235618872
18, -4235618872
18, -4235618872
20, 59349978
21, 59349978
19, 59349978
20, 59349978
20, 59349978
20, 59349978
18, 59349978
19, 59349978
21, 59349978
20, 59349978
19, 59349978
18, 59349978
19, 59349978
21, 59349978
21, 59349978
19, 59349978
18, 59349978
20, 59349978
19, 59349978
20, 59349978
20, 59349978
21, 59349978
19, 59349978
20, 59349978
20, 59349978
20, 59349978
19, 59349978
20, 59349978
20, 59349978
19, 59349978
21, 59349978
20, 59349978
20, 59410225
19, 59410225
21, 59410225
19, 59410225
20, 59410225
19, 59410225
18, 59410225
18, 59410225
18, 59410225
21, 59410225
19, 59410225
20, 59410225
21, 59410225
20, 59410225
19, 59410225
19, 59410225
20, 59410225
19, 59410225
20, 59410225
21, 59410225
19, 59410225
19, 59410225
20, 59410225
20, 59410225
20, 59410225
19, 59410225
19, 59410225
20, 59410225
19, 59410225
21, 59410225
21, 59410225
19, 59410225
19, 59497486
20, 59497486
18, 59497486
21, 59497486
20, 59497486
21, 59497486
19, 59497486
19, 59497486
20, 59497486
19, 59497486
20, 59497486
21, 59497486
20, 59497486
20, 59497486
20, 59497486
21, 59497486
19, 59497486
18, 59497486
19, 59497486
21, 59497486
20, 59497486
19, 59497486
20, 59497486
21, 59497486
19, 59497486
21, 59497486
21, 59497486
19, 59497486
17, 59497486
19, 59497486
20, 59497486
19, 59497486
19, -4235470930
21, -4235470930
18, -4235470930
20, -4235470930
21, -4235470930
19, -4235470930
20, -4235470930
21, -4235470930
19, -4235470930
20, -4235470930
20, -4235470930
20, -4235470930
19, -4235470930
20, -4235470930
18, -4235470930
19, -4235470930
21, -4235470930
19, -4235470930
21, -4235470930
20, -4235470930
18, -4235470930
20, -4235470930
19, -4235470930
18, -4235470930
20, -4235470930
19, -4235470930
19, -4235470930
19, -4235470930
19, -4235470930
20, -4235470930
19, -4235470930
20, -4235470930
19, 59571359
19, 59571359
19, 59571359
20, 59571359
20, 59571359
18, 59571359
19, 59571359
19, 59571359
21, 59571359
18, 59571359
19, 59571359
18, 59571359
19, 59571359
20, 59571359
19, 59571359
18, 59571359
19, 59571359
21, 59571359
18, 59571359
21, 59571359
19, 59571359
21, 59571359
21, 59571359
20, 59571359
19, 59571359
20, 59571359
20, 59571359
20, 59571359
20, 59571359
20, 59571359
20, 59571359
20, 59571359
21, 59654226
20, 59654226
20, 59654226
19, 59654226
19, 59654226
20, 59654226
20, 59654226
18, 59654226
18, 59654226
18, 59654226
19, 59654226
20, 59654226
20, 59654226
21, 59654226
18, 59654226
19, 59654226
18, 59654226
21, 59654226
19, 59654226
20, 59654226
21, 59654226
19, 59654226
20, 59654226
18, 59654226
20, 59654226
21, 59654226
20, 59654226
19, 59654226
18, 59654226
20, 59654226
21, 59654226
20, 59654226
21, 59653101
21, 59653101
20, 59653101
21, 59653101
20, 59653101
18, 59653101
19, 59653101
19, 59653101
17, 59653101
20, 59653101
20, 59653101
20, 59653101
20, 59653101
20, 59653101
20, 59653101
18, 59653101
20, 59653101
19, 59653101
20, 59653101
20, 59653101
19, 59653101
20, 59653101
21, 59653101
18, 59653101
19, 59653101
18, 59653101
20, 59653101
19, 59653101
18, 59653101
20, 59653101
21, 59653101
20, 59653101
19, 59673599
19, 59673599
21, 59673599
17, 59673599
19, 59673599
19, 59673599
19, 59673599
20, 59673599
20, 59673599
20, 59673599
19, 59673599
20, 59673599
20, 59673599
20, 59673599
20, 59673599
20, 59673599
21, 59673599
19, 59673599
20, 59673599
21, 59673599
18, 59673599
19, 59673599
20, 59673599
20, 59673599
19, 59673599
20, 59673599
20, 59673599
20, 59673599
19, 59673599
18, 59673599
20, 59673599
20, 59673599
19, 59769991
20, 59769991
21, 59769991
19, 59769991
18, 59769991
18, 59769991
19, 59769991
20, 59769991
18, 59769991
21, 59769991
20, 59769991
21, 59769991
18, 59769991
19, 59769991
20, 59769991
19, 59769991
20, 59769991
19, 59769991
19, 59769991
20, 59769991
19, 59769991
19, 59769991
19, 59769991
18, 59769991
19, 59769991
18, 59769991
19, 59769991
19, 59769991
18, 59769991
19, 59769991
21, 59769991
21, 59769991
18, -4235182641
20, -4235182641
20, -4235182641
19, -4235182641
20, -4235182641
19, -4235182641
20, -4235182641
18, -4235182641
19, -4235182641
20, -4235182641
21, -4235182641
19, -4235182641
19, -4235182641
20, -4235182641
18, -4235182641
19, -4235182641
20, -4235182641
18, -4235182641
19, -4235182641
21, -4235182641
21, -4235182641
19, -4235182641
20, -4235182641
21, -4235182641
21, -4235182641
19, -4235182641
20, -4235182641
19, -4235182641
21, -4235182641
21, -4235182641
18, -4235182641
19, -4235182641
20, -4235144226
20, -4235144226
19, -4235144226
21, -4235144226
21, -4235144226
21, -4235144226
19, -4235144226
19, -4235144226
20, -4235144226
19, -4235144226
19, -4235144226
18, -4235144226
19, -4235144226
19, -4235144226
20, -4235144226
20, -4235144226
18, -4235144226
19, -4235144226
20, -4235144226
20, -4235144226
20, -4235144226
20, -4235144226
18, -4235144226
21, -4235144226
18, -4235144226
20, -4235144226
19, -4235144226
20, -4235144226
21, -4235144226
20, -4235144226
21, -4235144226
19, -4235144226
21, -4235056999
19, -4235056999
20, -4235056999
21, -4235056999
20, -4235056999
21, -4235056999
19, -4235056999
20, -4235056999
21, -4235056999
21, -4235056999
21, -4235056999
20, -4235056999
20, -4235056999
21, -4235056999
18, -4235056999
18, -4235056999
20, -4235056999
20, -4235056999
19, -4235056999
20, -4235056999
20, -4235056999
17, -4235056999
19, -4235056999
19, -4235056999
20, -4235056999
19, -4235056999
21, -4235056999
21, -4235056999
20, -4235056999
20, -4235056999
20, -4235056999
19, -4235056999
21, 59921748
20, 59921748
20, 59921748
20, 59921748
19, 59921748
18, 59921748
19, 59921748
21, 59921748
20, 59921748
19, 59921748
19, 59921748
18, 59921748
19, 59921748
20, 59921748
19, 59921748
20, 59921748
17, 59921748
21, 59921748
20, 59921748
20, 59921748
20, 59921748
19, 59921748
20, 59921748
18, 59921748
20, 59921748
19, 59921748
19, 59921748
19, 59921748
20, 59921748
20, 59921748
18, 59921748
19, 59921748
20, -4235036655
20, -4235036655
19, -4235036655
18, -4235036655
20, -4235036655
19, -4235036655
19, -4235036655
17, -4235036655
21, -4235036655
21, -4235036655
19, -4235036655
21, -4235036655
18, -4235036655
21, -4235036655
21, -4235036655
19, -4235036655
20, -4235036655
20, -4235036655
19, -4235036655
19, -4235036655
20, -4235036655
19, -4235036655
19, -4235036655
19, -4235036655
21, -4235036655
20, -4235036655
20, -4235036655
20, -4235036655
19, -4235036655
18, -4235036655
20, -4235036655
20, -4235036655
19, 59942050
20, 59942050
19, 59942050
20, 59942050
21, 59942050
21, 59942050
20, 59942050
20, 59942050
20, 59942050
21, 59942050
18, 59942050
21, 59942050
21, 59942050
18, 59942050
18, 59942050
21, 59942050
18, 59942050
21, 59942050
18, 59942050
19, 59942050
19, 59942050
20, 59942050
20, 59942050
21, 59942050
19, 59942050
20, 59942050
20, 59942050
20, 59942050
20, 59942050
20, 59942050
19, 59942050
21, 59942050
19, 59943698
19, 59943698
21, 59943698
21, 59943698
19, 59943698
19, 59943698
20, 59943698
20, 59943698
19, 59943698
21, 59943698
18, 59943698
19, 59943698
18, 59943698
19, 59943698
21, 59943698
19, 59943698
20, 59943698
20, 59943698
20, 59943698
17, 59943698
19, 59943698
20, 59943698
19, 59943698
20, 59943698
19, 59943698
18, 59943698
21, 59943698
19, 59943698
20, 59943698
20, 59943698
20, 59943698
20, 59943698
20, 59972580
20, 59972580
18, 59972580
21, 59972580
20, 59972580
20, 59972580
18, 59972580
20, 59972580
21, 59972580
19, 59972580
19, 59972580
20, 59972580
20, 59972580
18, 59972580
21, 59972580
17, 59972580
20, 59972580
20, 59972580
21, 59972580
18, 59972580
18, 59972580
19, 59972580
20, 59972580
21, 59972580
20, 59972580
19, 59972580
18, 59972580
20, 59972580
20, 59972580
20, 59972580
20, 59972580
19, 59972580
20, -4234970391
19, -4234970391
19, -4234970391
20, -4234970391
20, -4234970391
19, -4234970391
20, -4234970391
19, -4234970391
19, -4234970391
17, -4234970391
20, -4234970391
20, -4234970391
18, -4234970391
20, -4234970391
20, -4234970391
20, -4234970391
20, -4234970391
21, -4234970391
20, -4234970391
19, -4234970391
20, -4234970391
20, -4234970391
19, -4234970391
19, -4234970391
19, -4234970391
21, -4234970391
20, -4234970391
19, -4234970391
18, -4234970391
19, -4234970391
20, -4234970391
21, -4234970391
18, 60039229
21, 60039229
21, 60039229
18, 60039229
19, 60039229
19, 60039229
19, 60039229
19, 60039229
20, 60039229
19, 60039229
20, 60039229
19, 60039229
20, 60039229
18, 60039229
20, 60039229
20, 60039229
21, 60039229
20, 60039229
18, 60039229
19, 60039229
19, 60039229
20, 60039229
18, 60039229
20, 60039229
20, 60039229
21, 60039229
21, 60039229
20, 60039229
20, 60039229
21, 60039229
21, 60039229
21, 60039229
19, 60038762
19, 60038762
19, 60038762
21, 60038762
20, 60038762
20, 60038762
20, 60038762
21, 60038762
19, 60038762
18, 60038762
20, 60038762
19, 60038762
21, 60038762
21, 60038762
21, 60038762
20, 60038762
21, 60038762
20, 60038762
20, 60038762
19, 60038762
19, 60038762
21, 60038762
20, 60038762
20, 60038762
20, 60038762
18, 60038762
20, 60038762
18, 60038762
20, 60038762
20, 60038762
20, 60038762
20, 60038762
20, 60044293
20, 60044293
19, 60044293
20, 60044293
19, 60044293
20, 60044293
20, 60044293
21, 60044293
18, 60044293
20, 60044293
19, 60044293
19, 60044293
20, 60044293
20, 60044293
21, 60044293
20, 60044293
21, 60044293
21, 60044293
19, 60044293
20, 60044293
21, 60044293
21, 60044293
19, 60044293
21, 60044293
20, 60044293
19, 60044293
19, 60044293
19, 60044293
18, 60044293
21, 60044293
19, 60044293
20, 60044293
20, 60060466
21, 60060466
20, 60060466
18, 60060466
19, 60060466
21, 60060466
21, 60060466
21, 60060466
20, 60060466
20, 60060466
20, 60060466
19, 60060466
19, 60060466
20, 60060466
20, 60060466
21, 60060466
19, 60060466
21, 60060466
21, 60060466
20, 60060466
19, 60060466
21, 60060466
20, 60060466
21, 60060466
20, 60060466
17, 60060466
20, 60060466
21, 60060466
19, 60060466
21, 60060466
18, 60060466
20, 60060466
21, 60061663
19, 60061663
20, 60061663
20, 60061663
19, 60061663
18, 60061663
20, 60061663
19, 60061663
21, 60061663
20, 60061663
21, 60061663
21, 60061663
20, 60061663
18, 60061663
19, 60061663
21, 60061663
21, 60061663
21, 60061663
17, 60061663
20, 60061663
21, 60061663
19, 60061663
19, 60061663
20, 60061663
20, 60061663
19, 60061663
20, 60061663
17, 60061663
19, 60061663
19, 60061663
20, 60061663
20, 60061663
19, 60102849
19, 60102849
19, 60102849
20, 60102849
20, 60102849
18, 60102849
20, 60102849
20, 60102849
17, 60102849
20, 60102849
20, 60102849
18, 60102849
18, 60102849
20, 60102849
19, 60102849
19, 60102849
19, 60102849
21, 60102849
21, 60102849
19, 60102849
20, 60102849
18, 60102849
20, 60102849
20, 60102849
19, 60102849
20, 60102849
20, 60102849
21, 60102849
19, 60102849
19, 60102849
17, 60102849
19, 60102849
20, 60143578
18, 60143578
21, 60143578
19, 60143578
21, 60143578
21, 60143578
20, 60143578
18, 60143578
21, 60143578
19, 60143578
19, 60143578
19, 60143578
20, 60143578
20, 60143578
19, 60143578
18, 60143578
20, 60143578
20, 60143578
18, 60143578
19, 60143578
19, 60143578
18, 60143578
20, 60143578
17, 60143578
18, 60143578
18, 60143578
18, 60143578
20, 60143578
20, 60143578
19, 60143578
21, 60143578
20, 60143578
18, 60169613
21, 60169613
19, 60169613
20, 60169613
19, 60169613
19, 60169613
20, 60169613
21, 60169613
18, 60169613
20, 60169613
20, 60169613
18, 60169613
19, 60169613
20, 60169613
21, 60169613
20, 60169613
21, 60169613
19, 60169613
19, 60169613
20, 60169613
19, 60169613
20, 60169613
20, 60169613
19, 60169613
20, 60169613
20, 60169613
19, 60169613
19, 60169613
19, 60169613
20, 60169613
21, 60169613
21, 60169613
19, 60174758
20, 60174758
21, 60174758
19, 60174758
19, 60174758
19, 60174758
20, 60174758
20, 60174758
20, 60174758
21, 60174758
20, 60174758
19, 60174758
21, 60174758
20, 60174758
20, 60174758
19, 60174758
20, 60174758
19, 60174758
21, 60174758
19, 60174758
21, 60174758
18, 60174758
20, 60174758
21, 60174758
21, 60174758
20, 60174758
21, 60174758
18, 60174758
20, 60174758
19, 60174758
20, 60174758
19, 60174758
20, -4234761218
20, -4234761218
20, -4234761218
20, -4234761218
21, -4234761218
21, -4234761218
20, -4234761218
21, -4234761218
18, -4234761218
19, -4234761218
20, -4234761218
20, -4234761218
20, -4234761218
19, -4234761218
20, -4234761218
20, -4234761218
19, -4234761218
20, -4234761218
21, -4234761218
20, -4234761218
21, -4234761218
19, -4234761218
20, -4234761218
19, -4234761218
19, -4234761218
19, -4234761218
18, -4234761218
19, -4234761218
19, -4234761218
20, -4234761218
20, -4234761218
19, -4234761218
21, -4234762206
21, -4234762206
21, -4234762206
21, -4234762206
19, -4234762206
20, -4234762206
18, -4234762206
20, -4234762206
20, -4234762206
21, -4234762206
17, -4234762206
18, -4234762206
20, -4234762206
19, -4234762206
21, -4234762206
21, -4234762206
21, -4234762206
21, -4234762206
19, -4234762206
19, -4234762206
20, -4234762206
19, -4234762206
19, -4234762206
19, -4234762206
20, -4234762206
18, -4234762206
20, -4234762206
20, -4234762206
21, -4234762206
21, -4234762206
20, -4234762206
19, -4234762206
19, 60206353
20, 60206353
18, 60206353
19, 60206353
17, 60206353
21, 60206353
18, 60206353
18, 60206353
18, 60206353
21, 60206353
18, 60206353
19, 60206353
21, 60206353
19, 60206353
19, 60206353
17, 60206353
19, 60206353
20, 60206353
21, 60206353
20, 60206353
17, 60206353
20, 60206353
20, 60206353
19, 60206353
19, 60206353
21, 60206353
21, 60206353
21, 60206353
19, 60206353
20, 60206353
20, 60206353
20, 60206353
20, 60222081
21, 60222081
20, 60222081
20, 60222081
20, 60222081
18, 60222081
20, 60222081
20, 60222081
19, 60222081
19, 60222081
18, 60222081
18, 60222081
18, 60222081
19, 60222081
20, 60222081
17, 60222081
21, 60222081
20, 60222081
19, 60222081
21, 60222081
20, 60222081
19, 60222081
19, 60222081
21, 60222081
19, 60222081
20, 60222081
19, 60222081
20, 60222081
20, 60222081
20, 60222081
20, 60222081
18, 60222081
19, 60219031
20, 60219031
20, 60219031
20, 60219031
19, 60219031
20, 60219031
20, 60219031
19, 60219031
20, 60219031
19, 60219031
20, 60219031
21, 60219031
19, 60219031
19, 60219031
21, 60219031
19, 60219031
20, 60219031
18, 60219031
17, 60219031
20, 60219031
20, 60219031
20, 60219031
19, 60219031
18, 60219031
21, 60219031
19, 60219031
20, 60219031
19, 60219031
20, 60219031
21, 60219031
21, 60219031
21, 60219031
20, -4234717209
20, -4234717209
20, -4234717209
20, -4234717209
21, -4234717209
19, -4234717209
17, -4234717209
21, -4234717209
20, -4234717209
20, -4234717209
21, -4234717209
20, -4234717209
21, -4234717209
20, -4234717209
20, -4234717209
21, -4234717209
20, -4234717209
21, -4234717209
19, -4234717209
20, -4234717209
19, -4234717209
21, -4234717209
18, -4234717209
19, -4234717209
17, -4234717209
19, -4234717209
20, -4234717209
19, -4234717209
21, -4234717209
21, -4234717209
20, -4234717209
20, -4234717209
19, 60328229
19, 60328229
20, 60328229
19, 60328229
21, 60328229
20, 60328229
20, 60328229
21, 60328229
18, 60328229
21, 60328229
20, 60328229
18, 60328229
20, 60328229
21, 60328229
20, 60328229
20, 60328229
21, 60328229
20, 60328229
17, 60328229
19, 60328229
20, 60328229
20, 60328229
17, 60328229
19, 60328229
19, 60328229
19, 60328229
21, 60328229
20, 60328229
20, 60328229
20, 60328229
19, 60328229
20, 60328229
19, 60335707
20, 60335707
20, 60335707
20, 60335707
19, 60335707
18, 60335707
18, 60335707
19, 60335707
20, 60335707
21, 60335707
21, 60335707
20, 60335707
20, 60335707
20, 60335707
21, 60335707
21, 60335707
20, 60335707
18, 60335707
19, 60335707
20, 60335707
20, 60335707
20, 60335707
19, 60335707
20, 60335707
20, 60335707
21, 60335707
20, 60335707
20, 60335707
21, 60335707
20, 60335707
20, 60335707
19, 60335707
20, 60427198
20, 60427198
20, 60427198
20, 60427198
19, 60427198
19, 60427198
20, 60427198
21, 60427198
21, 60427198
17, 60427198
21, 60427198
18, 60427198
21, 60427198
21, 60427198
19, 60427198
19, 60427198
19, 60427198
18, 60427198
19, 60427198
20, 60427198
19, 60427198
20, 60427198
21, 60427198
19, 60427198
19, 60427198
20, 60427198
20, 60427198
18, 60427198
20, 60427198
21, 60427198
19, 60427198
20, 60427198
21, 60514199
18, 60514199
21, 60514199
21, 60514199
20, 60514199
20, 60514199
20, 60514199
21, 60514199
20, 60514199
20, 60514199
19, 60514199
19, 60514199
19, 60514199
21, 60514199
20, 60514199
19, 60514199
20, 60514199
17, 60514199
20, 60514199
20, 60514199
20, 60514199
19, 60514199
20, 60514199
21, 60514199
20, 60514199
20, 60514199
18, 60514199
20, 60514199
19, 60514199
21, 60514199
18, 60514199
18, 60514199
20, 60561426
19, 60561426
20, 60561426
21, 60561426
19, 60561426
20, 60561426
20, 60561426
18, 60561426
21, 60561426
19, 60561426
21, 60561426
20, 60561426
20, 60561426
20, 60561426
19, 60561426
21, 60561426
19, 60561426
19, 60561426
19, 60561426
21, 60561426
19, 60561426
19, 60561426
21, 60561426
19, 60561426
18, 60561426
19, 60561426
20, 60561426
21, 60561426
20, 60561426
19, 60561426
20, 60561426
19, 60561426
19, 60562959
21, 60562959
21, 60562959
21, 60562959
19, 60562959
20, 60562959
19, 60562959
20, 60562959
18, 60562959
20, 60562959
20, 60562959
20, 60562959
19, 60562959
21, 60562959
18, 60562959
18, 60562959
20, 60562959
18, 60562959
18, 60562959
19, 60562959
20, 60562959
21, 60562959
20, 60562959
20, 60562959
20, 60562959
18, 60562959
19, 60562959
19, 60562959
20, 60562959
21, 60562959
21, 60562959
19, 60562959
21, 60606610
19, 60606610
18, 60606610
20, 60606610
19, 60606610
17, 60606610
19, 60606610
20, 60606610
20, 60606610
21, 60606610
21, 60606610
18, 60606610
20, 60606610
20, 60606610
19, 60606610
21, 60606610
19, 60606610
18, 60606610
20, 60606610
20, 60606610
20, 60606610
20, 60606610
19, 60606610
19, 60606610
20, 60606610
19, 60606610
19, 60606610
20, 60606610
18, 60606610
18, 60606610
18, 60606610
20, 60606610
21, 60606896
19, 60606896
18, 60606896
20, 60606896
19, 60606896
20, 60606896
21, 60606896
19, 60606896
21, 60606896
19, 60606896
18, 60606896
18, 60606896
21, 60606896
20, 60606896
20, 60606896
20, 60606896
20, 60606896
20, 60606896
20, 60606896
19, 60606896
21, 60606896
20, 60606896
19, 60606896
20, 60606896
21, 60606896
20, 60606896
21, 60606896
21, 60606896
21, 60606896
20, 60606896
19, 60606896
21, 60606896
19, 60673049
19, 60673049
19, 60673049
20, 60673049
19, 60673049
19, 60673049
20, 60673049
19, 60673049
20, 60673049
20, 60673049
19, 60673049
20, 60673049
20, 60673049
20, 60673049
20, 60673049
21, 60673049
19, 60673049
21, 60673049
20, 60673049
18, 60673049
20, 60673049
18, 60673049
21, 60673049
19, 60673049
19, 60673049
21, 60673049
19, 60673049
19, 60673049
20, 60673049
20, 60673049
20, 60673049
19, 60673049
20, 60754812
21, 60754812
18, 60754812
20, 60754812
20, 60754812
19, 60754812
20, 60754812
20, 60754812
20, 60754812
19, 60754812
19, 60754812
19, 60754812
19, 60754812
19, 60754812
21, 60754812
20, 60754812
19, 60754812
20, 60754812
21, 60754812
20, 60754812
20, 60754812
20, 60754812
19, 60754812
18, 60754812
20, 60754812
21, 60754812
20, 60754812
20, 60754812
19, 60754812
17, 60754812
20, 60754812
19, 60754812
19, 60755387
19, 60755387
21, 60755387
20, 60755387
21, 60755387
19, 60755387
20, 60755387
20, 60755387
19, 60755387
20, 60755387
18, 60755387
20, 60755387
19, 60755387
21, 60755387
20, 60755387
21, 60755387
21, 60755387
19, 60755387
20, 60755387
20, 60755387
21, 60755387
20, 60755387
20, 60755387
20, 60755387
19, 60755387
20, 60755387
19, 60755387
20, 60755387
18, 60755387
20, 60755387
19, 60755387
19, 60755387
19, 60802593
19, 60802593
17, 60802593
19, 60802593
21, 60802593
19, 60802593
21, 60802593
21, 60802593
18, 60802593
21, 60802593
20, 60802593
19, 60802593
20, 60802593
18, 60802593
18, 60802593
20, 60802593
19, 60802593
19, 60802593
19, 60802593
18, 60802593
21, 60802593
21, 60802593
18, 60802593
19, 60802593
20, 60802593
18, 60802593
18, 60802593
20, 60802593
19, 60802593
19, 60802593
20, 60802593
20, 60802593
19, 60830117
21, 60830117
19, 60830117
20, 60830117
18, 60830117
19, 60830117
20, 60830117
20, 60830117
21, 60830117
20, 60830117
20, 60830117
20, 60830117
18, 60830117
21, 60830117
20, 60830117
21, 60830117
18, 60830117
20, 60830117
20, 60830117
19, 60830117
21, 60830117
19, 60830117
20, 60830117
20, 60830117
20, 60830117
21, 60830117
21, 60830117
19, 60830117
19, 60830117
19, 60830117
19, 60830117
19, 60830117
21, 60837045
20, 60837045
19, 60837045
21, 60837045
19, 60837045
21, 60837045
17, 60837045
20, 60837045
21, 60837045
20, 60837045
18, 60837045
18, 60837045
19, 60837045
21, 60837045
20, 60837045
18, 60837045
20, 60837045
19, 60837045
20, 60837045
19, 60837045
19, 60837045
21, 60837045
20, 60837045
19, 60837045
18, 60837045
20, 60837045
20, 60837045
20, 60837045
20, 60837045
20, 60837045
21, 60837045
19, 60837045
19, 60864507
19, 60864507
19, 60864507
19, 60864507
17, 60864507
19, 60864507
20, 60864507
21, 60864507
19, 60864507
19, 60864507
21, 60864507
19, 60864507
20, 60864507
18, 60864507
20, 60864507
20, 60864507
21, 60864507
20, 60864507
20, 60864507
18, 60864507
20, 60864507
19, 60864507
21, 60864507
20, 60864507
20, 60864507
19, 60864507
19, 60864507
19, 60864507
20, 60864507
20, 60864507
20, 60864507
21, 60864507
19, -4233990198
21, -4233990198
21, -4233990198
21, -4233990198
20, -4233990198
21, -4233990198
20, -4233990198
19, -4233990198
19, -4233990198
19, -4233990198
20, -4233990198
19, -4233990198
20, -4233990198
18, -4233990198
18, -4233990198
19, -4233990198
17, -4233990198
21, -4233990198
20, -4233990198
20, -4233990198
19, -4233990198
20, -4233990198
19, -4233990198
19, -4233990198
19, -4233990198
21, -4233990198
20, -4233990198
19, -4233990198
21, -4233990198
19, -4233990198
20, -4233990198
20, -4233990198
20, -4233954514
20, -4233954514
21, -4233954514
19, -4233954514
19, -4233954514
20, -4233954514
17, -4233954514
21, -4233954514
21, -4233954514
21, -4233954514
20, -4233954514
20, -4233954514
21, -4233954514
18, -4233954514
19, -4233954514
20, -4233954514
20, -4233954514
19, -4233954514
21, -4233954514
21, -4233954514
21, -4233954514
18, -4233954514
20, -4233954514
19, -4233954514
20, -4233954514
20, -4233954514
19, -4233954514
18, -4233954514
20, -4233954514
20, -4233954514
18, -4233954514
18, -4233954514
20, 61073527
19, 61073527
20, 61073527
21, 61073527
21, 61073527
19, 61073527
20, 61073527
20, 61073527
21, 61073527
18, 61073527
19, 61073527
20, 61073527
18, 61073527
21, 61073527
21, 61073527
21, 61073527
20, 61073527
20, 61073527
19, 61073527
19, 61073527
21, 61073527
19, 61073527
21, 61073527
21, 61073527
20, 61073527
18, 61073527
19, 61073527
21, 61073527
19, 61073527
18, 61073527
19, 61073527
19, 61073527
20, 61083099
19, 61083099
20, 61083099
20, 61083099
20, 61083099
21, 61083099
19, 61083099
21, 61083099
21, 61083099
19, 61083099
20, 61083099
21, 61083099
19, 61083099
21, 61083099
20, 61083099
19, 61083099
21, 61083099
18, 61083099
20, 61083099
19, 61083099
20, 61083099
19, 61083099
20, 61083099
19, 61083099
20, 61083099
18, 61083099
20, 61083099
18, 61083099
19, 61083099
19, 61083099
20, 61083099
19, 61083099
20, 61115551
20, 61115551
20, 61115551
20, 61115551
19, 61115551
19, 61115551
20, 61115551
20, 61115551
21, 61115551
20, 61115551
18, 61115551
19, 61115551
21, 61115551
17, 61115551
20, 61115551
21, 61115551
20, 61115551
21, 61115551
19, 61115551
20, 61115551
20, 61115551
20, 61115551
20, 61115551
19, 61115551
21, 61115551
21, 61115551
17, 61115551
19, 61115551
20, 61115551
20, 61115551
20, 61115551
21, 61115551
20, -4233791344
19, -4233791344
20, -4233791344
21, -4233791344
20, -4233791344
20, -4233791344
21, -4233791344
19, -4233791344
20, -4233791344
20, -4233791344
21, -4233791344
20, -4233791344
20, -4233791344
19, -4233791344
20, -4233791344
20, -4233791344
20, -4233791344
20, -4233791344
19, -4233791344
19, -4233791344
19, -4233791344
20, -4233791344
19, -4233791344
21, -4233791344
21, -4233791344
20, -4233791344
20, -4233791344
21, -4233791344
18, -4233791344
19, -4233791344
20, -4233791344
18, -4233791344
20, 61181178
20, 61181178
20, 61181178
20, 61181178
18, 61181178
20, 61181178
21, 61181178
21, 61181178
20, 61181178
19, 61181178
18, 61181178
19, 61181178
19, 61181178
19, 61181178
21, 61181178
20, 61181178
18, 61181178
19, 61181178
20, 61181178
20, 61181178
20, 61181178
20, 61181178
19, 61181178
20, 61181178
20, 61181178
21, 61181178
19, 61181178
20, 61181178
20, 61181178
20, 61181178
19, 61181178
19, 61181178
19, 61261303
21, 61261303
20, 61261303
20, 61261303
20, 61261303
19, 61261303
20, 61261303
18, 61261303
18, 61261303
20, 61261303
21, 61261303
20, 61261303
19, 61261303
20, 61261303
19, 61261303
17, 61261303
20, 61261303
21, 61261303
19, 61261303
21, 61261303
21, 61261303
20, 61261303
20, 61261303
19, 61261303
18, 61261303
19, 61261303
19, 61261303
21, 61261303
19, 61261303
20, 61261303
19, 61261303
20, 61261303
19, 61309739
18, 61309739
21, 61309739
19, 61309739
21, 61309739
20, 61309739
20, 61309739
20, 61309739
19, 61309739
21, 61309739
20, 61309739
20, 61309739
19, 61309739
19, 61309739
18, 61309739
21, 61309739
18, 61309739
18, 61309739
19, 61309739
20, 61309739
20, 61309739
19, 61309739
20, 61309739
18, 61309739
21, 61309739
19, 61309739
19, 61309739
21, 61309739
20, 61309739
21, 61309739
19, 61309739
20, 61309739
18, 61312181
19, 61312181
20, 61312181
18, 61312181
20, 61312181
20, 61312181
18, 61312181
19, 61312181
19, 61312181
20, 61312181
19, 61312181
20, 61312181
20, 61312181
19, 61312181
19, 61312181
20, 61312181
20, 61312181
21, 61312181
20, 61312181
20, 61312181
19, 61312181
19, 61312181
21, 61312181
19, 61312181
19, 61312181
17, 61312181
19, 61312181
20, 61312181
20, 61312181
19, 61312181
20, 61312181
20, 61312181
20, -4233510016
21, -4233510016
19, -4233510016
19, -4233510016
20, -4233510016
20, -4233510016
20, -4233510016
20, -4233510016
20, -4233510016
19, -4233510016
19, -4233510016
17, -4233510016
19, -4233510016
19, -4233510016
20, -4233510016
20, -4233510016
20, -4233510016
21, -4233510016
21, -4233510016
20, -4233510016
21, -4233510016
19, -4233510016
19, -4233510016
18, -4233510016
20, -4233510016
20, -4233510016
19, -4233510016
21, -4233510016
19, -4233510016
18, -4233510016
19, -4233510016
20, -4233510016
20, 61473184
18, 61473184
21, 61473184
19, 61473184
19, 61473184
19, 61473184
20, 61473184
19, 61473184
21, 61473184
20, 61473184
20, 61473184
20, 61473184
21, 61473184
20, 61473184
19, 61473184
19, 61473184
20, 61473184
19, 61473184
21, 61473184
19, 61473184
20, 61473184
20, 61473184
20, 61473184
20, 61473184
20, 61473184
19, 61473184
17, 61473184
20, 61473184
19, 61473184
20, 61473184
20, 61473184
19, 61473184
21, 61554895
19, 61554895
21, 61554895
18, 61554895
21, 61554895
18, 61554895
21, 61554895
19, 61554895
20, 61554895
20, 61554895
20, 61554895
21, 61554895
20, 61554895
20, 61554895
20, 61554895
19, 61554895
19, 61554895
20, 61554895
20, 61554895
20, 61554895
19, 61554895
21, 61554895
20, 61554895
20, 61554895
19, 61554895
20, 61554895
18, 61554895
19, 61554895
21, 61554895
20, 61554895
19, 61554895
20, 61554895
20, 61637333
21, 61637333
19, 61637333
17, 61637333
20, 61637333
19, 61637333
18, 61637333
18, 61637333
21, 61637333
19, 61637333
18, 61637333
19, 61637333
20, 61637333
20, 61637333
20, 61637333
20, 61637333
21, 61637333
19, 61637333
21, 61637333
19, 61637333
19, 61637333
20, 61637333
20, 61637333
21, 61637333
19, 61637333
20, 61637333
19, 61637333
20, 61637333
20, 61637333
19, 61637333
18, 61637333
19, 61637333
20, 61690307
20, 61690307
19, 61690307
21, 61690307
20, 61690307
19, 61690307
19, 61690307
20, 61690307
21, 61690307
21, 61690307
19, 61690307
20, 61690307
20, 61690307
21, 61690307
17, 61690307
19, 61690307
21, 61690307
19, 61690307
19, 61690307
20, 61690307
21, 61690307
21, 61690307
21, 61690307
19, 61690307
19, 61690307
19, 61690307
18, 61690307
18, 61690307
18, 61690307
18, 61690307
21, 61690307
20, 61690307
20, 61728065
20, 61728065
20, 61728065
20, 61728065
20, 61728065
20, 61728065
18, 61728065
21, 61728065
21, 61728065
19, 61728065
20, 61728065
20, 61728065
20, 61728065
19, 61728065
21, 61728065
19, 61728065
19, 61728065
19, 61728065
21, 61728065
19, 61728065
18, 61728065
18, 61728065
19, 61728065
21, 61728065
21, 61728065
21, 61728065
19, 61728065
19, 61728065
20, 61728065
19, 61728065
19, 61728065
19, 61728065
20, 61807624
19, 61807624
19, 61807624
19, 61807624
19, 61807624
17, 61807624
19, 61807624
20, 61807624
19, 61807624
20, 61807624
21, 61807624
21, 61807624
18, 61807624
20, 61807624
20, 61807624
19, 61807624
20, 61807624
20, 61807624
21, 61807624
20, 61807624
19, 61807624
20, 61807624
20, 61807624
21, 61807624
20, 61807624
20, 61807624
20, 61807624
19, 61807624
20, 61807624
20, 61807624
19, 61807624
19, 61807624
19, 61851637
20, 61851637
19, 61851637
19, 61851637
20, 61851637
21, 61851637
20, 61851637
19, 61851637
19, 61851637
18, 61851637
19, 61851637
19, 61851637
18, 61851637
19, 61851637
20, 61851637
20, 61851637
19, 61851637
19, 61851637
19, 61851637
20, 61851637
20, 61851637
18, 61851637
20, 61851637
18, 61851637
19, 61851637
20, 61851637
18, 61851637
20, 61851637
18, 61851637
21, 61851637
20, 61851637
21, 61851637
18, -4233076155
18, -4233076155
21, -4233076155
20, -4233076155
20, -4233076155
19, -4233076155
21, -4233076155
21, -4233076155
20, -4233076155
18, -4233076155
18, -4233076155
20, -4233076155
20, -4233076155
19, -4233076155
20, -4233076155
21, -4233076155
20, -4233076155
20, -4233076155
20, -4233076155
19, -4233076155
20, -4233076155
20, -4233076155
18, -4233076155
20, -4233076155
18, -4233076155
20, -4233076155
21, -4233076155
20, -4233076155
18, -4233076155
19, -4233076155
20, -4233076155
20, -4233076155
20, 61896287
20, 61896287
19, 61896287
19, 61896287
20, 61896287
18, 61896287
21, 61896287
20, 61896287
19, 61896287
19, 61896287
21, 61896287
19, 61896287
19, 61896287
20, 61896287
19, 61896287
19, 61896287
20, 61896287
21, 61896287
19, 61896287
20, 61896287
20, 61896287
19, 61896287
19, 61896287
21, 61896287
18, 61896287
21, 61896287
21, 61896287
18, 61896287
19, 61896287
17, 61896287
21, 61896287
19, 61896287
21, 61973652
18, 61973652
19, 61973652
20, 61973652
21, 61973652
21, 61973652
19, 61973652
21, 61973652
17, 61973652
21, 61973652
19, 61973652
17, 61973652
20, 61973652
19, 61973652
19, 61973652
19, 61973652
20, 61973652
19, 61973652
19, 61973652
18, 61973652
20, 61973652
21, 61973652
19, 61973652
20, 61973652
20, 61973652
20, 61973652
19, 61973652
20, 61973652
21, 61973652
20, 61973652
20, 61973652
20, 61973652
20, 61976589
18, 61976589
21, 61976589
19, 61976589
19, 61976589
20, 61976589
20, 61976589
18, 61976589
20, 61976589
20, 61976589
20, 61976589
18, 61976589
21, 61976589
21, 61976589
21, 61976589
20, 61976589
20, 61976589
19, 61976589
19, 61976589
20, 61976589
19, 61976589
18, 61976589
19, 61976589
20, 61976589
20, 61976589
21, 61976589
20, 61976589
19, 61976589
21, 61976589
20, 61976589
20, 61976589
21, 61976589
21, 62007400
19, 62007400
19, 62007400
18, 62007400
20, 62007400
21, 62007400
21, 62007400
21, 62007400
19, 62007400
20, 62007400
19, 62007400
21, 62007400
20, 62007400
20, 62007400
20, 62007400
20, 62007400
20, 62007400
19, 62007400
21, 62007400
19, 62007400
19, 62007400
20, 62007400
20, 62007400
20, 62007400
20, 62007400
20, 62007400
20, 62007400
20, 62007400
20, 62007400
19, 62007400
19, 62007400
18, 62007400
21, -4232939262
20, -4232939262
21, -4232939262
21, -4232939262
20, -4232939262
18, -4232939262
20, -4232939262
19, -4232939262
20, -4232939262
20, -4232939262
19, -4232939262
20, -4232939262
19, -4232939262
19, -4232939262
17, -4232939262
19, -4232939262
18, -4232939262
18, -4232939262
20, -4232939262
20, -4232939262
20, -4232939262
20, -4232939262
21, -4232939262
19, -4232939262
19, -4232939262
21, -4232939262
18, -4232939262
20, -4232939262
20, -4232939262
19, -4232939262
20, -4232939262
19, -4232939262
19, -4232907965
20, -4232907965
19, -4232907965
20, -4232907965
19, -4232907965
19, -4232907965
19, -4232907965
18, -4232907965
20, -4232907965
21, -4232907965
20, -4232907965
19, -4232907965
19, -4232907965
21, -4232907965
18, -4232907965
19, -4232907965
21, -4232907965
19, -4232907965
21, -4232907965
20, -4232907965
19, -4232907965
19, -4232907965
20, -4232907965
21, -4232907965
18, -4232907965
20, -4232907965
19, -4232907965
21, -4232907965
21, -4232907965
20, -4232907965
20, -4232907965
19, -4232907965
20, 62101809
19, 62101809
20, 62101809
20, 62101809
19, 62101809
20, 62101809
19, 62101809
20, 62101809
19, 62101809
20, 62101809
20, 62101809
20, 62101809
20, 62101809
21, 62101809
18, 62101809
20, 62101809
19, 62101809
20, 62101809
20, 62101809
20, 62101809
19, 62101809
19, 62101809
19, 62101809
19, 62101809
21, 62101809
20, 62101809
21, 62101809
18, 62101809
19, 62101809
20, 62101809
20, 62101809
19, 62101809
19, 62174176
20, 62174176
20, 62174176
18, 62174176
20, 62174176
20, 62174176
21, 62174176
20, 62174176
20, 62174176
21, 62174176
18, 62174176
21, 62174176
19, 62174176
18, 62174176
20, 62174176
19, 62174176
21, 62174176
19, 62174176
20, 62174176
20, 62174176
19, 62174176
21, 62174176
20, 62174176
21, 62174176
18, 62174176
18, 62174176
19, 62174176
20, 62174176
21, 62174176
20, 62174176
20, 62174176
20, 62174176
20, 62178337
20, 62178337
21, 62178337
21, 62178337
21, 62178337
18, 62178337
19, 62178337
19, 62178337
20, 62178337
19, 62178337
21, 62178337
20, 62178337
20, 62178337
20, 62178337
20, 62178337
20, 62178337
20, 62178337
19, 62178337
21, 62178337
21, 62178337
20, 62178337
20, 62178337
19, 62178337
20, 62178337
20, 62178337
19, 62178337
21, 62178337
20, 62178337
20, 62178337
20, 62178337
20, 62178337
20, 62178337
19, 62238700
20, 62238700
17, 62238700
20, 62238700
19, 62238700
20, 62238700
20, 62238700
20, 62238700
21, 62238700
19, 62238700
20, 62238700
18, 62238700
19, 62238700
20, 62238700
20, 62238700
21, 62238700
21, 62238700
20, 62238700
19, 62238700
19, 62238700
20, 62238700
18, 62238700
19, 62238700
20, 62238700
19, 62238700
20, 62238700
20, 62238700
20, 62238700
21, 62238700
21, 62238700
20, 62238700
20, 62238700
19, -4232720062
20, -4232720062
19, -4232720062
19, -4232720062
21, -4232720062
19, -4232720062
21, -4232720062
18, -4232720062
21, -4232720062
18, -4232720062
18, -4232720062
20, -4232720062
20, -4232720062
20, -4232720062
19, -4232720062
19, -4232720062
20, -4232720062
20, -4232720062
20, -4232720062
20, -4232720062
18, -4232720062
20, -4232720062
19, -4232720062
20, -4232720062
20, -4232720062
20, -4232720062
21, -4232720062
20, -4232720062
19, -4232720062
19, -4232720062
21, -4232720062
19, -4232720062
20, 62250540
21, 62250540
19, 62250540
21, 62250540
21, 62250540
21, 62250540
20, 62250540
19, 62250540
20, 62250540
19, 62250540
19, 62250540
21, 62250540
18, 62250540
19, 62250540
20, 62250540
20, 62250540
19, 62250540
21, 62250540
19, 62250540
19, 62250540
20, 62250540
21, 62250540
21, 62250540
19, 62250540
20, 62250540
18, 62250540
21, 62250540
20, 62250540
19, 62250540
18, 62250540
19, 62250540
19, 62250540
18, -4232704503
19, -4232704503
21, -4232704503
19, -4232704503
20, -4232704503
21, -4232704503
21, -4232704503
19, -4232704503
19, -4232704503
21, -4232704503
20, -4232704503
21, -4232704503
20, -4232704503
21, -4232704503
21, -4232704503
21, -4232704503
20, -4232704503
18, -4232704503
19, -4232704503
20, -4232704503
21, -4232704503
19, -4232704503
21, -4232704503
20, -4232704503
20, -4232704503
19, -4232704503
20, -4232704503
19, -4232704503
20, -4232704503
20, -4232704503
20, -4232704503
20, -4232704503
21, 62303878
19, 62303878
18, 62303878
20, 62303878
21, 62303878
20, 62303878
21, 62303878
20, 62303878
20, 62303878
19, 62303878
21, 62303878
20, 62303878
21, 62303878
20, 62303878
21, 62303878
21, 62303878
20, 62303878
21, 62303878
20, 62303878
19, 62303878
18, 62303878
19, 62303878
18, 62303878
20, 62303878
21, 62303878
19, 62303878
18, 62303878
19, 62303878
20, 62303878
18, 62303878
18, 62303878
21, 62303878
20, -4232597229
19, -4232597229
18, -4232597229
21, -4232597229
20, -4232597229
20, -4232597229
21, -4232597229
20, -4232597229
19, -4232597229
21, -4232597229
20, -4232597229
20, -4232597229
20, -4232597229
20, -4232597229
20, -4232597229
21, -4232597229
19, -4232597229
19, -4232597229
18, -4232597229
20, -4232597229
19, -4232597229
19, -4232597229
20, -4232597229
21, -4232597229
19, -4232597229
19, -4232597229
19, -4232597229
20, -4232597229
20, -4232597229
20, -4232597229
18, -4232597229
21, -4232597229
20, -4232594752
18, -4232594752
21, -4232594752
21, -4232594752
19, -4232594752
18, -4232594752
20, -4232594752
21, -4232594752
20, -4232594752
18, -4232594752
20, -4232594752
20, -4232594752
20, -4232594752
21, -4232594752
20, -4232594752
21, -4232594752
20, -4232594752
21, -4232594752
20, -4232594752
21, -4232594752
20, -4232594752
19, -4232594752
20, -4232594752
20, -4232594752
21, -4232594752
21, -4232594752
20, -4232594752
21, -4232594752
19, -4232594752
19, -4232594752
20, -4232594752
21, -4232594752
20, -4232560275
20, -4232560275
20, -4232560275
20, -4232560275
19, -4232560275
20, -4232560275
21, -4232560275
18, -4232560275
20, -4232560275
19, -4232560275
20, -4232560275
20, -4232560275
19, -4232560275
20, -4232560275
21, -4232560275
20, -4232560275
20, -4232560275
21, -4232560275
19, -4232560275
18, -4232560275
19, -4232560275
20, -4232560275
18, -4232560275
18, -4232560275
19, -4232560275
19, -4232560275
19, -4232560275
19, -4232560275
19, -4232560275
21, -4232560275
20, -4232560275
20, -4232560275
20, 62427738
20, 62427738
20, 62427738
20, 62427738
18, 62427738
19, 62427738
20, 62427738
21, 62427738
20, 62427738
19, 62427738
18, 62427738
21, 62427738
20, 62427738
21, 62427738
20, 62427738
20, 62427738
20, 62427738
18, 62427738
20, 62427738
19, 62427738
21, 62427738
19, 62427738
20, 62427738
18, 62427738
19, 62427738
20, 62427738
20, 62427738
18, 62427738
18, 62427738
19, 62427738
20, 62427738
19, 62427738
18, 62437032
20, 62437032
20, 62437032
21, 62437032
20, 62437032
19, 62437032
20, 62437032
19, 62437032
20, 62437032
21, 62437032
19, 62437032
21, 62437032
18, 62437032
19, 62437032
20, 62437032
20, 62437032
19, 62437032
20, 62437032
21, 62437032
19, 62437032
20, 62437032
19, 62437032
20, 62437032
20, 62437032
21, 62437032
19, 62437032
20, 62437032
21, 62437032
20, 62437032
21, 62437032
18, 62437032
18, 62437032
20, 62441105
20, 62441105
21, 62441105
18, 62441105
20, 62441105
20, 62441105
19, 62441105
20, 62441105
20, 62441105
19, 62441105
21, 62441105
19, 62441105
20, 62441105
19, 62441105
21, 62441105
19, 62441105
19, 62441105
20, 62441105
20, 62441105
20, 62441105
21, 62441105
19, 62441105
21, 62441105
19, 62441105
17, 62441105
20, 62441105
20, 62441105
21, 62441105
21, 62441105
21, 62441105
20, 62441105
20, 62441105
20, -4232364856
20, -4232364856
20, -4232364856
21, -4232364856
20, -4232364856
19, -4232364856
21, -4232364856
20, -4232364856
18, -4232364856
19, -4232364856
21, -4232364856
21, -4232364856
18, -4232364856
19, -4232364856
21, -4232364856
20, -4232364856
20, -4232364856
20, -4232364856
20, -4232364856
17, -4232364856
20, -4232364856
20, -4232364856
20, -4232364856
20, -4232364856
20, -4232364856
20, -4232364856
19, -4232364856
18, -4232364856
21, -4232364856
20, -4232364856
17, -4232364856
18, -4232364856
21, 62612033
20, 62612033
20, 62612033
21, 62612033
18, 62612033
21, 62612033
20, 62612033
21, 62612033
21, 62612033
21, 62612033
18, 62612033
20, 62612033
20, 62612033
20, 62612033
21, 62612033
20, 62612033
20, 62612033
20, 62612033
19, 62612033
19, 62612033
21, 62612033
19, 62612033
20, 62612033
20, 62612033
19, 62612033
19, 62612033
19, 62612033
19, 62612033
18, 62612033
18, 62612033
21, 62612033
21, 62612033
21, 62611923
19, 62611923
21, 62611923
21, 62611923
21, 62611923
20, 62611923
21, 62611923
18, 62611923
19, 62611923
20, 62611923
21, 62611923
19, 62611923
19, 62611923
21, 62611923
19, 62611923
17, 62611923
19, 62611923
20, 62611923
21, 62611923
19, 62611923
21, 62611923
19, 62611923
20, 62611923
21, 62611923
18, 62611923
20, 62611923
21, 62611923
19, 62611923
20, 62611923
20, 62611923
20, 62611923
20, 62611923
20, 62630013
20, 62630013
21, 62630013
19, 62630013
19, 62630013
19, 62630013
20, 62630013
19, 62630013
18, 62630013
20, 62630013
20, 62630013
21, 62630013
20, 62630013
19, 62630013
18, 62630013
20, 62630013
19, 62630013
20, 62630013
19, 62630013
19, 62630013
20, 62630013
21, 62630013
20, 62630013
19, 62630013
19, 62630013
17, 62630013
20, 62630013
20, 62630013
19, 62630013
21, 62630013
21, 62630013
17, 62630013
20, 62981339
20, 62981339
21, 62981339
21, 62981339
20, 62981339
20, 62981339
18, 62981339
19, 62981339
18, 62981339
21, 62981339
18, 62981339
19, 62981339
21, 62981339
19, 62981339
20, 62981339
19, 62981339
20, 62981339
19, 62981339
19, 62981339
18, 62981339
21, 62981339
20, 62981339
19, 62981339
21, 62981339
20, 62981339
21, 62981339
18, 62981339
20, 62981339
19, 62981339
19, 62981339
19, 62981339
18, 62981339
19, 63008137
20, 63008137
18, 63008137
20, 63008137
20, 63008137
19, 63008137
20, 63008137
18, 63008137
18, 63008137
19, 63008137
20, 63008137
18, 63008137
21, 63008137
19, 63008137
19, 63008137
19, 63008137
18, 63008137
19, 63008137
21, 63008137
19, 63008137
19, 63008137
20, 63008137
19, 63008137
21, 63008137
19, 63008137
21, 63008137
21, 63008137
20, 63008137
20, 63008137
18, 63008137
21, 63008137
20, 63008137
21, -4231874989
18, -4231874989
20, -4231874989
19, -4231874989
19, -4231874989
19, -4231874989
20, -4231874989
21, -4231874989
19, -4231874989
20, -4231874989
20, -4231874989
20, -4231874989
21, -4231874989
19, -4231874989
19, -4231874989
20, -4231874989
20, -4231874989
21, -4231874989
19, -4231874989
21, -4231874989
20, -4231874989
20, -4231874989
20, -4231874989
20, -4231874989
18, -4231874989
19, -4231874989
21, -4231874989
20, -4231874989
21, -4231874989
20, -4231874989
19, -4231874989
18, -4231874989
18, 63117740
20, 63117740
20, 63117740
18, 63117740
21, 63117740
21, 63117740
19, 63117740
20, 63117740
18, 63117740
18, 63117740
19, 63117740
21, 63117740
21, 63117740
20, 63117740
19, 63117740
21, 63117740
19, 63117740
21, 63117740
19, 63117740
20, 63117740
20, 63117740
19, 63117740
19, 63117740
21, 63117740
19, 63117740
18, 63117740
21, 63117740
19, 63117740
20, 63117740
20, 63117740
21, 63117740
20, 63117740
21, -4231772980
21, -4231772980
20, -4231772980
18, -4231772980
19, -4231772980
20, -4231772980
18, -4231772980
19, -4231772980
19, -4231772980
21, -4231772980
20, -4231772980
20, -4231772980
20, -4231772980
19, -4231772980
20, -4231772980
18, -4231772980
19, -4231772980
19, -4231772980
20, -4231772980
21, -4231772980
19, -4231772980
19, -4231772980
21, -4231772980
21, -4231772980
20, -4231772980
19, -4231772980
20, -4231772980
20, -4231772980
20, -4231772980
19, -4231772980
20, -4231772980
20, -4231772980
20, 63210633
21, 63210633
17, 63210633
18, 63210633
19, 63210633
20, 63210633
21, 63210633
18, 63210633
20, 63210633
20, 63210633
20, 63210633
19, 63210633
21, 63210633
19, 63210633
19, 63210633
19, 63210633
20, 63210633
19, 63210633
21, 63210633
19, 63210633
19, 63210633
20, 63210633
20, 63210633
20, 63210633
20, 63210633
21, 63210633
21, 63210633
20, 63210633
19, 63210633
21, 63210633
19, 63210633
19, 63210633
20, 63341098
19, 63341098
20, 63341098
21, 63341098
19, 63341098
18, 63341098
19, 63341098
17, 63341098
20, 63341098
21, 63341098
19, 63341098
20, 63341098
19, 63341098
19, 63341098
19, 63341098
21, 63341098
21, 63341098
19, 63341098
20, 63341098
19, 63341098
21, 63341098
19, 63341098
20, 63341098
18, 63341098
17, 63341098
18, 63341098
20, 63341098
21, 63341098
18, 63341098
21, 63341098
19, 63341098
20, 63341098
19, 63395550
20, 63395550
19, 63395550
20, 63395550
20, 63395550
21, 63395550
19, 63395550
20, 63395550
19, 63395550
20, 63395550
20, 63395550
18, 63395550
21, 63395550
20, 63395550
19, 63395550
18, 63395550
21, 63395550
21, 63395550
20, 63395550
19, 63395550
19, 63395550
19, 63395550
18, 63395550
19, 63395550
18, 63395550
20, 63395550
21, 63395550
20, 63395550
21, 63395550
19, 63395550
19, 63395550
20, 63395550
18, -4231515323
21, -4231515323
20, -4231515323
20, -4231515323
21, -4231515323
20, -4231515323
19, -4231515323
19, -4231515323
19, -4231515323
19, -4231515323
19, -4231515323
19, -4231515323
20, -4231515323
20, -4231515323
20, -4231515323
20, -4231515323
19, -4231515323
19, -4231515323
20, -4231515323
20, -4231515323
20, -4231515323
20, -4231515323
20, -4231515323
21, -4231515323
21, -4231515323
21, -4231515323
20, -4231515323
19, -4231515323
21, -4231515323
19, -4231515323
19, -4231515323
20, -4231515323
21, 63454214
19, 63454214
21, 63454214
20, 63454214
19, 63454214
18, 63454214
20, 63454214
20, 63454214
18, 63454214
20, 63454214
20, 63454214
18, 63454214
20, 63454214
20, 63454214
18, 63454214
18, 63454214
18, 63454214
20, 63454214
21, 63454214
20, 63454214
18, 63454214
20, 63454214
21, 63454214
19, 63454214
18, 63454214
20, 63454214
21, 63454214
19, 63454214
20, 63454214
21, 63454214
20, 63454214
20, 63454214
20, 63445936
18, 63445936
19, 63445936
20, 63445936
21, 63445936
19, 63445936
18, 63445936
17, 63445936
20, 63445936
18, 63445936
21, 63445936
19, 63445936
20, 63445936
19, 63445936
19, 63445936
21, 63445936
20, 63445936
20, 63445936
20, 63445936
19, 63445936
20, 63445936
21, 63445936
20, 63445936
21, 63445936
20, 63445936
18, 63445936
20, 63445936
19, 63445936
21, 63445936
19, 63445936
20, 63445936
20, 63445936
19, 63534711
20, 63534711
21, 63534711
20, 63534711
20, 63534711
19, 63534711
21, 63534711
18, 63534711
20, 63534711
19, 63534711
17, 63534711
20, 63534711
21, 63534711
20, 63534711
20, 63534711
20, 63534711
21, 63534711
19, 63534711
20, 63534711
21, 63534711
20, 63534711
21, 63534711
20, 63534711
20, 63534711
20, 63534711
19, 63534711
21, 63534711
21, 63534711
20, 63534711
21, 63534711
18, 63534711
20, 63534711
19, -4231396994
21, -4231396994
19, -4231396994
19, -4231396994
20, -4231396994
20, -4231396994
20, -4231396994
21, -4231396994
21, -4231396994
21, -4231396994
21, -4231396994
20, -4231396994
19, -4231396994
18, -4231396994
21, -4231396994
19, -4231396994
17, -4231396994
20, -4231396994
18, -4231396994
20, -4231396994
20, -4231396994
20, -4231396994
21, -4231396994
21, -4231396994
21, -4231396994
20, -4231396994
20, -4231396994
20, -4231396994
18, -4231396994
20, -4231396994
21, -4231396994
19, -4231396994
19, 63583467
20, 63583467
19, 63583467
19, 63583467
21, 63583467
20, 63583467
20, 63583467
21, 63583467
20, 63583467
21, 63583467
19, 63583467
21, 63583467
18, 63583467
19, 63583467
21, 63583467
20, 63583467
20, 63583467
21, 63583467
20, 63583467
21, 63583467
19, 63583467
21, 63583467
20, 63583467
20, 63583467
21, 63583467
21, 63583467
21, 63583467
20, 63583467
19, 63583467
21, 63583467
21, 63583467
20, 63583467
19, 63676750
19, 63676750
20, 63676750
20, 63676750
19, 63676750
21, 63676750
20, 63676750
20, 63676750
21, 63676750
19, 63676750
19, 63676750
19, 63676750
20, 63676750
20, 63676750
19, 63676750
20, 63676750
17, 63676750
20, 63676750
20, 63676750
21, 63676750
20, 63676750
19, 63676750
21, 63676750
19, 63676750
21, 63676750
20, 63676750
18, 63676750
20, 63676750
18, 63676750
19, 63676750
20, 63676750
20, 63676750
21, -4231169738
20, -4231169738
19, -4231169738
20, -4231169738
18, -4231169738
19, -4231169738
19, -4231169738
19, -4231169738
17, -4231169738
19, -4231169738
19, -4231169738
19, -4231169738
19, -4231169738
19, -4231169738
19, -4231169738
19, -4231169738
21, -4231169738
21, -4231169738
19, -4231169738
20, -4231169738
20, -4231169738
21, -4231169738
21, -4231169738
19, -4231169738
20, -4231169738
20, -4231169738
18, -4231169738
19, -4231169738
18, -4231169738
21, -4231169738
20, -4231169738
19, -4231169738
19, 63799109
21, 63799109
20, 63799109
18, 63799109
21, 63799109
20, 63799109
21, 63799109
20, 63799109
18, 63799109
19, 63799109
20, 63799109
17, 63799109
20, 63799109
19, 63799109
19, 63799109
18, 63799109
21, 63799109
20, 63799109
19, 63799109
21, 63799109
21, 63799109
20, 63799109
18, 63799109
19, 63799109
20, 63799109
20, 63799109
21, 63799109
19, 63799109
19, 63799109
20, 63799109
19, 63799109
21, 63799109
19, 63800168
20, 63800168
19, 63800168
21, 63800168
18, 63800168
20, 63800168
19, 63800168
19, 63800168
18, 63800168
18, 63800168
20, 63800168
20, 63800168
21, 63800168
20, 63800168
20, 63800168
19, 63800168
20, 63800168
18, 63800168
20, 63800168
20, 63800168
20, 63800168
19, 63800168
20, 63800168
20, 63800168
20, 63800168
18, 63800168
20, 63800168
20, 63800168
19, 63800168
19, 63800168
20, 63800168
21, 63800168
19, 66114181
19, 66114181
19, 66114181
20, 66114181
21, 66114181
20, 66114181
20, 66114181
19, 66114181
21, 66114181
21, 66114181
19, 66114181
19, 66114181
19, 66114181
20, 66114181
20, 66114181
21, 66114181
21, 66114181
21, 66114181
20, 66114181
21, 66114181
20, 66114181
20, 66114181
21, 66114181
19, 66114181
18, 66114181
19, 66114181
20, 66114181
20, 66114181
20, 66114181
20, 66114181
20, 66114181
18, 66114181
21, 66114483
20, 66114483
20, 66114483
20, 66114483
20, 66114483
20, 66114483
19, 66114483
20, 66114483
19, 66114483
21, 66114483
20, 66114483
21, 66114483
19, 66114483
18, 66114483
19, 66114483
20, 66114483
19, 66114483
20, 66114483
21, 66114483
20, 66114483
19, 66114483
21, 66114483
19, 66114483
21, 66114483
19, 66114483
21, 66114483
21, 66114483
20, 66114483
19, 66114483
20, 66114483
20, 66114483
21, 66114483
20, 66278841
20, 66278841
18, 66278841
20, 66278841
18, 66278841
20, 66278841
18, 66278841
21, 66278841
21, 66278841
21, 66278841
21, 66278841
19, 66278841
21, 66278841
20, 66278841
20, 66278841
21, 66278841
20, 66278841
20, 66278841
20, 66278841
20, 66278841
18, 66278841
21, 66278841
20, 66278841
20, 66278841
19, 66278841
20, 66278841
18, 66278841
20, 66278841
21, 66278841
17, 66278841
20, 66278841
20, 66278841
19, 66405027
19, 66405027
20, 66405027
21, 66405027
20, 66405027
19, 66405027
21, 66405027
21, 66405027
20, 66405027
19, 66405027
20, 66405027
20, 66405027
19, 66405027
20, 66405027
19, 66405027
19, 66405027
20, 66405027
19, 66405027
18, 66405027
18, 66405027
19, 66405027
21, 66405027
19, 66405027
19, 66405027
18, 66405027
21, 66405027
21, 66405027
19, 66405027
20, 66405027
19, 66405027
19, 66405027
19, 66405027
21, 66501149
20, 66501149
21, 66501149
19, 66501149
19, 66501149
19, 66501149
21, 66501149
20, 66501149
20, 66501149
18, 66501149
18, 66501149
21, 66501149
20, 66501149
19, 66501149
20, 66501149
21, 66501149
21, 66501149
20, 66501149
20, 66501149
19, 66501149
20, 66501149
21, 66501149
20, 66501149
19, 66501149
19, 66501149
21, 66501149
20, 66501149
19, 66501149
21, 66501149
18, 66501149
20, 66501149
20, 66501149
INFO: Time (ms) for KF track fitting on device 0 : 136.987472
INFO: Total Wall clock time (ms) for KF track fitting: 137.064072
------------------------  ending  -----------------------
