INFO: float precision operand used.

Device : Tesla T4
maxThreadsPerMultiProcessor : 1024
maxGridSize : (2147483647, 65535, 65535)
maxThreadsPerBlock : 1024
maxThreadsDim : (1024, 1024, 64)
regsPerMultiprocessor : 65536
regsPerBlock : 65536
Cuda driver version: 11040
Cuda rt version: 11030
INFO: Warp Occupancy with block size 64 : 25%
INFO: Estimated max occupancy with block size =  256, min grid size = 40

INFO: grid size = 5120 x 1, block size =  8 x 8
INFO: Creating 10 boundless plane surfaces
Warning! Generated particle rejected!
Warning! Generated particle rejected!
Warning! Generated particle rejected!
Warning! Generated particle rejected!
Warning! Generated particle rejected!
Warning! Generated particle rejected!
Warning! Generated particle rejected!
Warning! Generated particle rejected!

INFO: Time (ms) to run simulation: 2443.54
End Thread Id is 4864
End Thread Id is 4865
End Thread Id is 4866
End Thread Id is 4867
End Thread Id is 4868
End Thread Id is 4869
End Thread Id is 4870
End Thread Id is 4871
End Thread Id is 4872
End Thread Id is 4873
End Thread Id is 4874
End Thread Id is 4875
End Thread Id is 4876
End Thread Id is 4877
End Thread Id is 4878
End Thread Id is 4879
End Thread Id is 4880
End Thread Id is 4881
End Thread Id is 4882
End Thread Id is 4883
End Thread Id is 4884
End Thread Id is 4885
End Thread Id is 4886
End Thread Id is 4887
End Thread Id is 4888
End Thread Id is 4889
End Thread Id is 4890
End Thread Id is 4891
End Thread Id is 4892
End Thread Id is 4893
End Thread Id is 4894
End Thread Id is 4895
End Thread Id is 3133
End Thread Id is 3134
End Thread Id is 3135
18, 65641640
20, 65641640
20, 65641640
18, 65641640
21, 65641640
21, 65641640
19, 65641640
20, 65641640
18, 65641640
18, 65641640
19, 65641640
21, 65641640
21, 65641640
20, 65641640
19, 65641640
21, 65641640
19, 65641640
21, 65641640
19, 65641640
20, 65641640
20, 65641640
19, 65641640
19, 65641640
21, 65641640
19, 65641640
18, 65641640
21, 65641640
19, 65641640
20, 65641640
20, 65641640
21, 65641640
20, 65641640
End Thread Id is 64
End Thread Id is 65
End Thread Id is 66
End Thread Id is 67
End Thread Id is 68
End Thread Id is 69
End Thread Id is 70
End Thread Id is 71
End Thread Id is 72
End Thread Id is 73
End Thread Id is 74
End Thread Id is 75
End Thread Id is 76
End Thread Id is 77
End Thread Id is 78
End Thread Id is 79
End Thread Id is 80
End Thread Id is 81
End Thread Id is 82
End Thread Id is 83
End Thread Id is 84
End Thread Id is 85
End Thread Id is 86
End Thread Id is 87
End Thread Id is 88
End Thread Id is 89
End Thread Id is 90
End Thread Id is 91
End Thread Id is 92
End Thread Id is 93
End Thread Id is 94
End Thread Id is 95
20, 63652374
20, 63652374
19, 63652374
21, 63652374
20, 63652374
19, 63652374
19, 63652374
20, 63652374
21, 63652374
21, 63652374
19, 63652374
20, 63652374
20, 63652374
21, 63652374
17, 63652374
19, 63652374
21, 63652374
19, 63652374
19, 63652374
20, 63652374
21, 63652374
21, 63652374
21, 63652374
19, 63652374
19, 63652374
19, 63652374
18, 63652374
18, 63652374
18, 63652374
18, 63652374
21, 63652374
20, 63652374
20, 70479801
18, 70479801
21, 70479801
19, 70479801
19, 70479801
20, 70479801
20, 70479801
18, 70479801
20, 70479801
20, 70479801
20, 70479801
18, 70479801
21, 70479801
21, 70479801
21, 70479801
20, 70479801
20, 70479801
19, 70479801
19, 70479801
20, 70479801
19, 70479801
18, 70479801
19, 70479801
20, 70479801
20, 70479801
21, 70479801
20, 70479801
19, 70479801
21, 70479801
20, 70479801
20, 70479801
21, 70479801
End Thread Id is 8896
End Thread Id is 8897
End Thread Id is 8898
End Thread Id is 8899
End Thread Id is 8900
End Thread Id is 8901
End Thread Id is 8902
End Thread Id is 8903
End Thread Id is 8904
End Thread Id is 8905
End Thread Id is 8906
End Thread Id is 8907
End Thread Id is 8908
End Thread Id is 8909
End Thread Id is 8910
End Thread Id is 8911
End Thread Id is 8912
End Thread Id is 8913
End Thread Id is 8914
End Thread Id is 8915
End Thread Id is 8916
End Thread Id is 8917
End Thread Id is 8918
End Thread Id is 8919
End Thread Id is 8920
End Thread Id is 8921
End Thread Id is 8922
End Thread Id is 8923
End Thread Id is 8924
End Thread Id is 8925
End Thread Id is 8926
End Thread Id is 8927
20, 61657613
20, 61657613
18, 61657613
21, 61657613
20, 61657613
20, 61657613
18, 61657613
20, 61657613
21, 61657613
19, 61657613
19, 61657613
20, 61657613
20, 61657613
18, 61657613
21, 61657613
17, 61657613
20, 61657613
20, 61657613
21, 61657613
18, 61657613
18, 61657613
19, 61657613
20, 61657613
21, 61657613
20, 61657613
19, 61657613
18, 61657613
20, 61657613
20, 61657613
20, 61657613
20, 61657613
19, 61657613
21, 64810437
20, 64810437
20, 64810437
19, 64810437
19, 64810437
20, 64810437
20, 64810437
18, 64810437
18, 64810437
18, 64810437
19, 64810437
20, 64810437
20, 64810437
21, 64810437
18, 64810437
19, 64810437
18, 64810437
21, 64810437
19, 64810437
20, 64810437
21, 64810437
19, 64810437
20, 64810437
18, 64810437
20, 64810437
21, 64810437
20, 64810437
19, 64810437
18, 64810437
20, 64810437
21, 64810437
20, 64810437
End Thread Id is 768
End Thread Id is 769
End Thread Id is 770
End Thread Id is 771
End Thread Id is 772
End Thread Id is 773
End Thread Id is 774
End Thread Id is 775
End Thread Id is 776
End Thread Id is 777
End Thread Id is 778
End Thread Id is 779
End Thread Id is 780
End Thread Id is 781
End Thread Id is 782
End Thread Id is 783
End Thread Id is 784
End Thread Id is 785
End Thread Id is 786
End Thread Id is 787
End Thread Id is 788
End Thread Id is 789
End Thread Id is 790
End Thread Id is 791
End Thread Id is 792
End Thread Id is 793
End Thread Id is 794
End Thread Id is 795
End Thread Id is 796
End Thread Id is 797
End Thread Id is 798
End Thread Id is 799
End Thread Id is 3232
End Thread Id is 3233
End Thread Id is 3234
End Thread Id is 3235
End Thread Id is 3236
End Thread Id is 3237
End Thread Id is 3238
End Thread Id is 3239
End Thread Id is 3240
End Thread Id is 3241
End Thread Id is 3242
End Thread Id is 3243
End Thread Id is 3244
End Thread Id is 3245
End Thread Id is 3246
End Thread Id is 3247
End Thread Id is 3248
End Thread Id is 3249
End Thread Id is 3250
End Thread Id is 3251
End Thread Id is 3252
End Thread Id is 3253
End Thread Id is 3254
End Thread Id is 3255
End Thread Id is 3256
End Thread Id is 3257
End Thread Id is 3258
End Thread Id is 3259
End Thread Id is 3260
End Thread Id is 3261
End Thread Id is 3262
End Thread Id is 3263
End Thread Id is 3552
End Thread Id is 3553
End Thread Id is 3554
End Thread Id is 3555
End Thread Id is 3556
End Thread Id is 3557
End Thread Id is 3558
End Thread Id is 3559
End Thread Id is 3560
End Thread Id is 3561
End Thread Id is 3562
End Thread Id is 3563
End Thread Id is 3564
End Thread Id is 3565
End Thread Id is 3566
End Thread Id is 3567
End Thread Id is 3568
End Thread Id is 3569
End Thread Id is 3570
End Thread Id is 3571
End Thread Id is 3572
End Thread Id is 3573
End Thread Id is 3574
End Thread Id is 3575
End Thread Id is 3576
End Thread Id is 3577
End Thread Id is 3578
End Thread Id is 3579
End Thread Id is 3580
End Thread Id is 3581
End Thread Id is 3582
End Thread Id is 3583
19, 61709601
19, 61709601
20, 61709601
21, 61709601
20, 61709601
19, 61709601
21, 61709601
21, 61709601
20, 61709601
19, 61709601
20, 61709601
20, 61709601
19, 61709601
20, 61709601
19, 61709601
19, 61709601
20, 61709601
19, 61709601
18, 61709601
18, 61709601
19, 61709601
21, 61709601
19, 61709601
19, 61709601
18, 61709601
21, 61709601
21, 61709601
19, 61709601
20, 61709601
19, 61709601
19, 61709601
19, 61709601
End Thread Id is 7616
End Thread Id is 7617
End Thread Id is 7618
End Thread Id is 7619
End Thread Id is 7620
End Thread Id is 7621
End Thread Id is 7622
End Thread Id is 7623
End Thread Id is 7624
End Thread Id is 7625
End Thread Id is 7626
End Thread Id is 7627
End Thread Id is 7628
End Thread Id is 7629
End Thread Id is 7630
End Thread Id is 7631
End Thread Id is 7632
End Thread Id is 7633
End Thread Id is 7634
End Thread Id is 7635
End Thread Id is 7636
End Thread Id is 7637
End Thread Id is 7638
End Thread Id is 7639
End Thread Id is 7640
End Thread Id is 7641
End Thread Id is 7642
End Thread Id is 7643
End Thread Id is 7644
End Thread Id is 7645
End Thread Id is 7646
End Thread Id is 7647
19, 65574770
20, 65574770
21, 65574770
19, 65574770
19, 65574770
20, 65574770
18, 65574770
21, 65574770
21, 65574770
19, 65574770
21, 65574770
21, 65574770
20, 65574770
20, 65574770
19, 65574770
20, 65574770
18, 65574770
19, 65574770
19, 65574770
19, 65574770
21, 65574770
21, 65574770
19, 65574770
20, 65574770
19, 65574770
18, 65574770
19, 65574770
21, 65574770
18, 65574770
20, 65574770
21, 65574770
19, 65574770
End Thread Id is 6176
End Thread Id is 6177
End Thread Id is 6178
End Thread Id is 6179
End Thread Id is 6180
End Thread Id is 6181
End Thread Id is 6182
End Thread Id is 6183
End Thread Id is 6184
End Thread Id is 6185
End Thread Id is 6186
End Thread Id is 6187
End Thread Id is 6188
End Thread Id is 6189
End Thread Id is 6190
End Thread Id is 6191
End Thread Id is 6192
End Thread Id is 6193
End Thread Id is 6194
End Thread Id is 6195
End Thread Id is 6196
End Thread Id is 6197
End Thread Id is 6198
End Thread Id is 6199
End Thread Id is 6200
End Thread Id is 6201
End Thread Id is 6202
End Thread Id is 6203
End Thread Id is 6204
End Thread Id is 6205
End Thread Id is 6206
End Thread Id is 6207
20, 65952026
18, 65952026
21, 65952026
21, 65952026
19, 65952026
18, 65952026
20, 65952026
21, 65952026
20, 65952026
18, 65952026
20, 65952026
20, 65952026
20, 65952026
21, 65952026
20, 65952026
21, 65952026
20, 65952026
21, 65952026
20, 65952026
21, 65952026
20, 65952026
19, 65952026
20, 65952026
20, 65952026
21, 65952026
21, 65952026
20, 65952026
21, 65952026
19, 65952026
19, 65952026
20, 65952026
21, 65952026
20, 62081716
21, 62081716
19, 62081716
17, 62081716
20, 62081716
19, 62081716
18, 62081716
18, 62081716
21, 62081716
19, 62081716
18, 62081716
19, 62081716
20, 62081716
20, 62081716
20, 62081716
20, 62081716
21, 62081716
19, 62081716
21, 62081716
19, 62081716
19, 62081716
20, 62081716
20, 62081716
21, 62081716
19, 62081716
20, 62081716
19, 62081716
20, 62081716
20, 62081716
19, 62081716
18, 62081716
19, 62081716
20, 62053419
20, 62053419
18, 62053419
20, 62053419
18, 62053419
20, 62053419
18, 62053419
21, 62053419
21, 62053419
21, 62053419
21, 62053419
19, 62053419
21, 62053419
20, 62053419
20, 62053419
21, 62053419
20, 62053419
20, 62053419
20, 62053419
20, 62053419
18, 62053419
21, 62053419
20, 62053419
20, 62053419
19, 62053419
20, 62053419
18, 62053419
20, 62053419
21, 62053419
17, 62053419
20, 62053419
20, 62053419
End Thread Id is 2752
End Thread Id is 2753
End Thread Id is 2754
End Thread Id is 2755
End Thread Id is 2756
End Thread Id is 2757
End Thread Id is 2758
End Thread Id is 2759
End Thread Id is 2760
End Thread Id is 2761
End Thread Id is 2762
End Thread Id is 2763
End Thread Id is 2764
End Thread Id is 2765
End Thread Id is 2766
End Thread Id is 2767
End Thread Id is 2768
End Thread Id is 2769
End Thread Id is 2770
End Thread Id is 2771
End Thread Id is 2772
End Thread Id is 2773
End Thread Id is 2774
End Thread Id is 2775
End Thread Id is 2776
End Thread Id is 2777
End Thread Id is 2778
End Thread Id is 2779
End Thread Id is 2780
End Thread Id is 2781
End Thread Id is 2782
End Thread Id is 2783
End Thread Id is 6080
End Thread Id is 6081
End Thread Id is 6082
End Thread Id is 6083
End Thread Id is 6084
End Thread Id is 6085
End Thread Id is 6086
End Thread Id is 6087
End Thread Id is 6088
End Thread Id is 6089
End Thread Id is 6090
End Thread Id is 6091
End Thread Id is 6092
End Thread Id is 6093
End Thread Id is 6094
End Thread Id is 6095
End Thread Id is 6096
End Thread Id is 6097
End Thread Id is 6098
End Thread Id is 6099
End Thread Id is 6100
End Thread Id is 6101
End Thread Id is 6102
End Thread Id is 6103
End Thread Id is 6104
End Thread Id is 6105
End Thread Id is 6106
End Thread Id is 6107
End Thread Id is 6108
End Thread Id is 6109
End Thread Id is 6110
End Thread Id is 6111
End Thread Id is 5216
End Thread Id is 5217
End Thread Id is 5218
End Thread Id is 5219
End Thread Id is 5220
End Thread Id is 5221
End Thread Id is 5222
End Thread Id is 5223
End Thread Id is 5224
End Thread Id is 5225
End Thread Id is 5226
End Thread Id is 5227
End Thread Id is 5228
End Thread Id is 5229
End Thread Id is 5230
End Thread Id is 5231
End Thread Id is 5232
End Thread Id is 5233
End Thread Id is 5234
End Thread Id is 5235
End Thread Id is 5236
End Thread Id is 5237
End Thread Id is 5238
End Thread Id is 5239
End Thread Id is 5240
End Thread Id is 5241
End Thread Id is 5242
End Thread Id is 5243
End Thread Id is 5244
End Thread Id is 5245
End Thread Id is 5246
End Thread Id is 5247
21, 62157500
19, 62157500
21, 62157500
20, 62157500
19, 62157500
18, 62157500
20, 62157500
20, 62157500
18, 62157500
20, 62157500
20, 62157500
18, 62157500
20, 62157500
20, 62157500
18, 62157500
18, 62157500
18, 62157500
20, 62157500
21, 62157500
20, 62157500
18, 62157500
20, 62157500
21, 62157500
19, 62157500
18, 62157500
20, 62157500
21, 62157500
19, 62157500
20, 62157500
21, 62157500
20, 62157500
20, 62157500
20, 65558309
19, 65558309
20, 65558309
20, 65558309
20, 65558309
21, 65558309
19, 65558309
21, 65558309
21, 65558309
19, 65558309
20, 65558309
21, 65558309
19, 65558309
21, 65558309
20, 65558309
19, 65558309
21, 65558309
18, 65558309
20, 65558309
19, 65558309
20, 65558309
19, 65558309
20, 65558309
19, 65558309
20, 65558309
18, 65558309
20, 65558309
18, 65558309
19, 65558309
19, 65558309
20, 65558309
19, 65558309
19, 62297845
19, 62297845
19, 62297845
20, 62297845
20, 62297845
18, 62297845
20, 62297845
20, 62297845
17, 62297845
20, 62297845
20, 62297845
18, 62297845
18, 62297845
20, 62297845
19, 62297845
19, 62297845
19, 62297845
21, 62297845
21, 62297845
19, 62297845
20, 62297845
18, 62297845
20, 62297845
20, 62297845
19, 62297845
20, 62297845
20, 62297845
21, 62297845
19, 62297845
19, 62297845
17, 62297845
19, 62297845
End Thread Id is 7776
End Thread Id is 7777
End Thread Id is 7778
End Thread Id is 7779
End Thread Id is 7780
End Thread Id is 7781
End Thread Id is 7782
End Thread Id is 7783
End Thread Id is 7784
End Thread Id is 7785
End Thread Id is 7786
End Thread Id is 7787
End Thread Id is 7788
End Thread Id is 7789
End Thread Id is 7790
End Thread Id is 7791
End Thread Id is 7792
End Thread Id is 7793
End Thread Id is 7794
End Thread Id is 7795
End Thread Id is 7796
End Thread Id is 7797
End Thread Id is 7798
End Thread Id is 7799
End Thread Id is 7800
End Thread Id is 7801
End Thread Id is 7802
End Thread Id is 7803
End Thread Id is 7804
End Thread Id is 7805
End Thread Id is 7806
End Thread Id is 7807
End Thread Id is 960
End Thread Id is 961
End Thread Id is 962
End Thread Id is 963
End Thread Id is 964
End Thread Id is 965
End Thread Id is 966
End Thread Id is 967
End Thread Id is 968
End Thread Id is 969
End Thread Id is 970
End Thread Id is 971
End Thread Id is 972
End Thread Id is 973
End Thread Id is 974
End Thread Id is 975
End Thread Id is 976
End Thread Id is 977
End Thread Id is 978
End Thread Id is 979
End Thread Id is 980
End Thread Id is 981
End Thread Id is 982
End Thread Id is 983
End Thread Id is 984
End Thread Id is 985
End Thread Id is 986
End Thread Id is 987
End Thread Id is 988
End Thread Id is 989
End Thread Id is 990
End Thread Id is 991
End Thread Id is 6208
End Thread Id is 6209
End Thread Id is 6210
End Thread Id is 6211
End Thread Id is 6212
End Thread Id is 6213
End Thread Id is 6214
End Thread Id is 6215
End Thread Id is 6216
End Thread Id is 6217
End Thread Id is 6218
End Thread Id is 6219
End Thread Id is 6220
End Thread Id is 6221
End Thread Id is 6222
End Thread Id is 6223
End Thread Id is 6224
End Thread Id is 6225
End Thread Id is 6226
End Thread Id is 6227
End Thread Id is 6228
End Thread Id is 6229
End Thread Id is 6230
End Thread Id is 6231
End Thread Id is 6232
End Thread Id is 6233
End Thread Id is 6234
End Thread Id is 6235
End Thread Id is 6236
End Thread Id is 6237
End Thread Id is 6238
End Thread Id is 6239
18, 66082055
18, 66082055
21, 66082055
20, 66082055
20, 66082055
19, 66082055
21, 66082055
21, 66082055
20, 66082055
18, 66082055
18, 66082055
20, 66082055
20, 66082055
19, 66082055
20, 66082055
21, 66082055
20, 66082055
20, 66082055
20, 66082055
19, 66082055
20, 66082055
20, 66082055
18, 66082055
20, 66082055
18, 66082055
20, 66082055
21, 66082055
20, 66082055
18, 66082055
19, 66082055
20, 66082055
20, 66082055
19, 62416252
20, 62416252
19, 62416252
20, 62416252
19, 62416252
19, 62416252
19, 62416252
18, 62416252
20, 62416252
21, 62416252
20, 62416252
19, 62416252
19, 62416252
21, 62416252
18, 62416252
19, 62416252
21, 62416252
19, 62416252
21, 62416252
20, 62416252
19, 62416252
19, 62416252
20, 62416252
21, 62416252
18, 62416252
20, 62416252
19, 62416252
21, 62416252
21, 62416252
20, 62416252
20, 62416252
19, 62416252
End Thread Id is 928
End Thread Id is 929
End Thread Id is 930
End Thread Id is 931
End Thread Id is 932
End Thread Id is 933
End Thread Id is 934
End Thread Id is 935
End Thread Id is 936
End Thread Id is 937
End Thread Id is 938
End Thread Id is 939
End Thread Id is 940
End Thread Id is 941
End Thread Id is 942
End Thread Id is 943
End Thread Id is 944
End Thread Id is 945
End Thread Id is 946
End Thread Id is 947
End Thread Id is 948
End Thread Id is 949
End Thread Id is 950
End Thread Id is 951
End Thread Id is 952
End Thread Id is 953
End Thread Id is 954
End Thread Id is 955
End Thread Id is 956
End Thread Id is 957
End Thread Id is 958
End Thread Id is 959
20, 66091695
21, 66091695
20, 66091695
18, 66091695
19, 66091695
21, 66091695
21, 66091695
21, 66091695
20, 66091695
20, 66091695
20, 66091695
19, 66091695
19, 66091695
20, 66091695
20, 66091695
21, 66091695
19, 66091695
21, 66091695
21, 66091695
20, 66091695
19, 66091695
21, 66091695
20, 66091695
21, 66091695
20, 66091695
17, 66091695
20, 66091695
21, 66091695
19, 66091695
21, 66091695
18, 66091695
20, 66091695
End Thread Id is 640
End Thread Id is 641
End Thread Id is 642
End Thread Id is 643
End Thread Id is 644
End Thread Id is 645
End Thread Id is 646
End Thread Id is 647
End Thread Id is 648
End Thread Id is 649
End Thread Id is 650
End Thread Id is 651
End Thread Id is 652
End Thread Id is 653
End Thread Id is 654
End Thread Id is 655
End Thread Id is 656
End Thread Id is 657
End Thread Id is 658
End Thread Id is 659
End Thread Id is 660
End Thread Id is 661
End Thread Id is 662
End Thread Id is 663
End Thread Id is 664
End Thread Id is 665
End Thread Id is 666
End Thread Id is 667
End Thread Id is 668
End Thread Id is 669
End Thread Id is 670
End Thread Id is 671
End Thread Id is 5312
End Thread Id is 5313
End Thread Id is 5314
End Thread Id is 5315
End Thread Id is 5316
End Thread Id is 5317
End Thread Id is 5318
End Thread Id is 5319
End Thread Id is 5320
End Thread Id is 5321
End Thread Id is 5322
End Thread Id is 5323
End Thread Id is 5324
End Thread Id is 5325
End Thread Id is 5326
End Thread Id is 5327
End Thread Id is 5328
End Thread Id is 5329
End Thread Id is 5330
End Thread Id is 5331
End Thread Id is 5332
End Thread Id is 5333
End Thread Id is 5334
End Thread Id is 5335
End Thread Id is 5336
End Thread Id is 5337
End Thread Id is 5338
End Thread Id is 5339
End Thread Id is 5340
End Thread Id is 5341
End Thread Id is 5342
End Thread Id is 5343
19, 62484675
21, 62484675
20, 62484675
18, 62484675
21, 62484675
20, 62484675
21, 62484675
20, 62484675
18, 62484675
19, 62484675
20, 62484675
17, 62484675
20, 62484675
19, 62484675
19, 62484675
18, 62484675
21, 62484675
20, 62484675
19, 62484675
21, 62484675
21, 62484675
20, 62484675
18, 62484675
19, 62484675
20, 62484675
20, 62484675
21, 62484675
19, 62484675
19, 62484675
20, 62484675
19, 62484675
21, 62484675
19, 71904324
20, 71904324
21, 71904324
21, 71904324
20, 71904324
17, 71904324
18, 71904324
20, 71904324
19, 71904324
19, 71904324
20, 71904324
20, 71904324
21, 71904324
19, 71904324
21, 71904324
20, 71904324
21, 71904324
20, 71904324
19, 71904324
21, 71904324
20, 71904324
18, 71904324
20, 71904324
20, 71904324
21, 71904324
21, 71904324
20, 71904324
19, 71904324
18, 71904324
20, 71904324
20, 71904324
21, 71904324
20, 62547888
19, 62547888
20, 62547888
21, 62547888
19, 62547888
18, 62547888
19, 62547888
17, 62547888
20, 62547888
21, 62547888
19, 62547888
20, 62547888
19, 62547888
19, 62547888
19, 62547888
21, 62547888
21, 62547888
19, 62547888
20, 62547888
19, 62547888
21, 62547888
19, 62547888
20, 62547888
18, 62547888
17, 62547888
18, 62547888
20, 62547888
21, 62547888
18, 62547888
21, 62547888
19, 62547888
20, 62547888
End Thread Id is 5088
End Thread Id is 5089
End Thread Id is 5090
End Thread Id is 5091
End Thread Id is 5092
End Thread Id is 5093
End Thread Id is 5094
End Thread Id is 5095
End Thread Id is 5096
End Thread Id is 5097
End Thread Id is 5098
End Thread Id is 5099
End Thread Id is 5100
End Thread Id is 5101
End Thread Id is 5102
End Thread Id is 5103
End Thread Id is 5104
End Thread Id is 5105
End Thread Id is 5106
End Thread Id is 5107
End Thread Id is 5108
End Thread Id is 5109
End Thread Id is 5110
End Thread Id is 5111
End Thread Id is 5112
End Thread Id is 5113
End Thread Id is 5114
End Thread Id is 5115
End Thread Id is 5116
End Thread Id is 5117
End Thread Id is 5118
End Thread Id is 5119
End Thread Id is 3200
End Thread Id is 3201
End Thread Id is 3202
End Thread Id is 3203
End Thread Id is 3204
End Thread Id is 3205
End Thread Id is 3206
End Thread Id is 3207
End Thread Id is 3208
End Thread Id is 3209
End Thread Id is 3210
End Thread Id is 3211
End Thread Id is 3212
End Thread Id is 3213
End Thread Id is 3214
End Thread Id is 3215
End Thread Id is 3216
End Thread Id is 3217
End Thread Id is 3218
End Thread Id is 3219
End Thread Id is 3220
End Thread Id is 3221
End Thread Id is 3222
End Thread Id is 3223
End Thread Id is 3224
End Thread Id is 3225
End Thread Id is 3226
End Thread Id is 3227
End Thread Id is 3228
End Thread Id is 3229
End Thread Id is 3230
End Thread Id is 3231
End Thread Id is 5184
End Thread Id is 5185
End Thread Id is 5186
End Thread Id is 5187
End Thread Id is 5188
End Thread Id is 5189
End Thread Id is 5190
End Thread Id is 5191
End Thread Id is 5192
End Thread Id is 5193
End Thread Id is 5194
End Thread Id is 5195
End Thread Id is 5196
End Thread Id is 5197
End Thread Id is 5198
End Thread Id is 5199
End Thread Id is 5200
End Thread Id is 5201
End Thread Id is 5202
End Thread Id is 5203
End Thread Id is 5204
End Thread Id is 5205
End Thread Id is 5206
End Thread Id is 5207
End Thread Id is 5208
End Thread Id is 5209
End Thread Id is 5210
End Thread Id is 5211
End Thread Id is 5212
End Thread Id is 5213
End Thread Id is 5214
End Thread Id is 5215
19, 62707059
20, 62707059
21, 62707059
20, 62707059
20, 62707059
19, 62707059
21, 62707059
18, 62707059
20, 62707059
19, 62707059
17, 62707059
20, 62707059
21, 62707059
20, 62707059
20, 62707059
20, 62707059
21, 62707059
19, 62707059
20, 62707059
21, 62707059
20, 62707059
21, 62707059
20, 62707059
20, 62707059
20, 62707059
19, 62707059
21, 62707059
21, 62707059
20, 62707059
21, 62707059
18, 62707059
20, 62707059
End Thread Id is 2624
End Thread Id is 2625
End Thread Id is 2626
End Thread Id is 2627
End Thread Id is 2628
End Thread Id is 2629
End Thread Id is 2630
End Thread Id is 2631
End Thread Id is 2632
End Thread Id is 2633
End Thread Id is 2634
End Thread Id is 2635
End Thread Id is 2636
End Thread Id is 2637
End Thread Id is 2638
End Thread Id is 2639
End Thread Id is 2640
End Thread Id is 2641
End Thread Id is 2642
End Thread Id is 2643
End Thread Id is 2644
End Thread Id is 2645
End Thread Id is 2646
End Thread Id is 2647
End Thread Id is 2648
End Thread Id is 2649
End Thread Id is 2650
End Thread Id is 2651
End Thread Id is 2652
End Thread Id is 2653
End Thread Id is 2654
End Thread Id is 2655
19, 73089013
20, 73089013
18, 73089013
20, 73089013
20, 73089013
19, 73089013
20, 73089013
18, 73089013
18, 73089013
19, 73089013
20, 73089013
18, 73089013
21, 73089013
19, 73089013
19, 73089013
19, 73089013
18, 73089013
19, 73089013
21, 73089013
19, 73089013
19, 73089013
20, 73089013
19, 73089013
21, 73089013
19, 73089013
21, 73089013
21, 73089013
20, 73089013
20, 73089013
18, 73089013
21, 73089013
20, 73089013
21, 66524437
21, 66524437
21, 66524437
21, 66524437
19, 66524437
20, 66524437
18, 66524437
20, 66524437
20, 66524437
21, 66524437
17, 66524437
18, 66524437
20, 66524437
19, 66524437
21, 66524437
21, 66524437
21, 66524437
21, 66524437
19, 66524437
19, 66524437
20, 66524437
19, 66524437
19, 66524437
19, 66524437
20, 66524437
18, 66524437
20, 66524437
20, 66524437
21, 66524437
21, 66524437
20, 66524437
19, 66524437
20, 72000692
19, 72000692
20, 72000692
21, 72000692
20, 72000692
20, 72000692
21, 72000692
19, 72000692
20, 72000692
20, 72000692
21, 72000692
20, 72000692
20, 72000692
19, 72000692
20, 72000692
20, 72000692
20, 72000692
20, 72000692
19, 72000692
19, 72000692
19, 72000692
20, 72000692
19, 72000692
21, 72000692
21, 72000692
20, 72000692
20, 72000692
21, 72000692
18, 72000692
19, 72000692
20, 72000692
18, 72000692
End Thread Id is 384
End Thread Id is 385
End Thread Id is 386
End Thread Id is 387
End Thread Id is 388
End Thread Id is 389
End Thread Id is 390
End Thread Id is 391
End Thread Id is 392
End Thread Id is 393
End Thread Id is 394
End Thread Id is 395
End Thread Id is 396
End Thread Id is 397
End Thread Id is 398
End Thread Id is 399
End Thread Id is 400
End Thread Id is 401
End Thread Id is 402
End Thread Id is 403
End Thread Id is 404
End Thread Id is 405
End Thread Id is 406
End Thread Id is 407
End Thread Id is 408
End Thread Id is 409
End Thread Id is 410
End Thread Id is 411
End Thread Id is 412
End Thread Id is 413
End Thread Id is 414
End Thread Id is 415
21, 62841948
20, 62841948
21, 62841948
19, 62841948
19, 62841948
19, 62841948
21, 62841948
20, 62841948
20, 62841948
18, 62841948
18, 62841948
21, 62841948
20, 62841948
19, 62841948
20, 62841948
21, 62841948
21, 62841948
20, 62841948
20, 62841948
19, 62841948
20, 62841948
21, 62841948
20, 62841948
19, 62841948
19, 62841948
21, 62841948
20, 62841948
19, 62841948
21, 62841948
18, 62841948
20, 62841948
20, 62841948
19, 62827000
21, 62827000
19, 62827000
19, 62827000
20, 62827000
20, 62827000
20, 62827000
21, 62827000
21, 62827000
21, 62827000
21, 62827000
20, 62827000
19, 62827000
18, 62827000
21, 62827000
19, 62827000
17, 62827000
20, 62827000
18, 62827000
20, 62827000
20, 62827000
20, 62827000
21, 62827000
21, 62827000
21, 62827000
20, 62827000
20, 62827000
20, 62827000
18, 62827000
20, 62827000
21, 62827000
19, 62827000
End Thread Id is 6016
End Thread Id is 6017
End Thread Id is 6018
End Thread Id is 6019
End Thread Id is 6020
End Thread Id is 6021
End Thread Id is 6022
End Thread Id is 6023
End Thread Id is 6024
End Thread Id is 6025
End Thread Id is 6026
End Thread Id is 6027
End Thread Id is 6028
End Thread Id is 6029
End Thread Id is 6030
End Thread Id is 6031
End Thread Id is 6032
End Thread Id is 6033
End Thread Id is 6034
End Thread Id is 6035
End Thread Id is 6036
End Thread Id is 6037
End Thread Id is 6038
End Thread Id is 6039
End Thread Id is 6040
End Thread Id is 6041
End Thread Id is 6042
End Thread Id is 6043
End Thread Id is 6044
End Thread Id is 6045
End Thread Id is 6046
End Thread Id is 6047
End Thread Id is 6144
End Thread Id is 6145
End Thread Id is 6146
End Thread Id is 6147
End Thread Id is 6148
End Thread Id is 6149
End Thread Id is 6150
End Thread Id is 6151
End Thread Id is 6152
End Thread Id is 6153
End Thread Id is 6154
End Thread Id is 6155
End Thread Id is 6156
End Thread Id is 6157
End Thread Id is 6158
End Thread Id is 6159
End Thread Id is 6160
End Thread Id is 6161
End Thread Id is 6162
End Thread Id is 6163
End Thread Id is 6164
End Thread Id is 6165
End Thread Id is 6166
End Thread Id is 6167
End Thread Id is 6168
End Thread Id is 6169
End Thread Id is 6170
End Thread Id is 6171
End Thread Id is 6172
End Thread Id is 6173
End Thread Id is 6174
End Thread Id is 6175
20, 62905355
20, 62905355
21, 62905355
18, 62905355
20, 62905355
20, 62905355
19, 62905355
20, 62905355
20, 62905355
19, 62905355
21, 62905355
19, 62905355
20, 62905355
19, 62905355
21, 62905355
19, 62905355
19, 62905355
20, 62905355
20, 62905355
20, 62905355
21, 62905355
19, 62905355
21, 62905355
19, 62905355
17, 62905355
20, 62905355
20, 62905355
21, 62905355
21, 62905355
21, 62905355
20, 62905355
20, 62905355
End Thread Id is 7744
End Thread Id is 7745
End Thread Id is 7746
End Thread Id is 7747
End Thread Id is 7748
End Thread Id is 7749
End Thread Id is 7750
End Thread Id is 7751
End Thread Id is 7752
End Thread Id is 7753
End Thread Id is 7754
End Thread Id is 7755
End Thread Id is 7756
End Thread Id is 7757
End Thread Id is 7758
End Thread Id is 7759
End Thread Id is 7760
End Thread Id is 7761
End Thread Id is 7762
End Thread Id is 7763
End Thread Id is 7764
End Thread Id is 7765
End Thread Id is 7766
End Thread Id is 7767
End Thread Id is 7768
End Thread Id is 7769
End Thread Id is 7770
End Thread Id is 7771
End Thread Id is 7772
End Thread Id is 7773
End Thread Id is 7774
End Thread Id is 7775
End Thread Id is 8320
End Thread Id is 8321
End Thread Id is 8322
End Thread Id is 8323
End Thread Id is 8324
End Thread Id is 8325
End Thread Id is 8326
End Thread Id is 8327
End Thread Id is 8328
End Thread Id is 8329
End Thread Id is 8330
End Thread Id is 8331
End Thread Id is 8332
End Thread Id is 8333
End Thread Id is 8334
End Thread Id is 8335
End Thread Id is 8336
End Thread Id is 8337
End Thread Id is 8338
End Thread Id is 8339
End Thread Id is 8340
End Thread Id is 8341
End Thread Id is 8342
End Thread Id is 8343
End Thread Id is 8344
End Thread Id is 8345
End Thread Id is 8346
End Thread Id is 8347
End Thread Id is 8348
End Thread Id is 8349
End Thread Id is 8350
End Thread Id is 8351
21, 65197031
18, 65197031
19, 65197031
20, 65197031
21, 65197031
21, 65197031
19, 65197031
21, 65197031
17, 65197031
21, 65197031
19, 65197031
17, 65197031
20, 65197031
19, 65197031
19, 65197031
19, 65197031
20, 65197031
19, 65197031
19, 65197031
18, 65197031
20, 65197031
21, 65197031
19, 65197031
20, 65197031
20, 65197031
20, 65197031
19, 65197031
20, 65197031
21, 65197031
20, 65197031
20, 65197031
20, 65197031
End Thread Id is 7872
End Thread Id is 7873
End Thread Id is 7874
End Thread Id is 7875
End Thread Id is 7876
End Thread Id is 7877
End Thread Id is 7878
End Thread Id is 7879
End Thread Id is 7880
End Thread Id is 7881
End Thread Id is 7882
End Thread Id is 7883
End Thread Id is 7884
End Thread Id is 7885
End Thread Id is 7886
End Thread Id is 7887
End Thread Id is 7888
End Thread Id is 7889
End Thread Id is 7890
End Thread Id is 7891
End Thread Id is 7892
End Thread Id is 7893
End Thread Id is 7894
End Thread Id is 7895
End Thread Id is 7896
End Thread Id is 7897
End Thread Id is 7898
End Thread Id is 7899
End Thread Id is 7900
End Thread Id is 7901
End Thread Id is 7902
End Thread Id is 7903
21, 62999567
19, 62999567
19, 62999567
18, 62999567
20, 62999567
21, 62999567
21, 62999567
21, 62999567
19, 62999567
20, 62999567
19, 62999567
21, 62999567
20, 62999567
20, 62999567
20, 62999567
20, 62999567
20, 62999567
19, 62999567
21, 62999567
19, 62999567
19, 62999567
20, 62999567
20, 62999567
20, 62999567
20, 62999567
20, 62999567
20, 62999567
20, 62999567
20, 62999567
19, 62999567
19, 62999567
18, 62999567
End Thread Id is 6240
End Thread Id is 6241
End Thread Id is 6242
End Thread Id is 6243
End Thread Id is 6244
End Thread Id is 6245
End Thread Id is 6246
End Thread Id is 6247
End Thread Id is 6248
End Thread Id is 6249
End Thread Id is 6250
End Thread Id is 6251
End Thread Id is 6252
End Thread Id is 6253
End Thread Id is 6254
End Thread Id is 6255
End Thread Id is 6256
End Thread Id is 6257
End Thread Id is 6258
End Thread Id is 6259
End Thread Id is 6260
End Thread Id is 6261
End Thread Id is 6262
End Thread Id is 6263
End Thread Id is 6264
End Thread Id is 6265
End Thread Id is 6266
End Thread Id is 6267
End Thread Id is 6268
End Thread Id is 6269
End Thread Id is 6270
End Thread Id is 6271
End Thread Id is 8096
End Thread Id is 8097
End Thread Id is 8098
End Thread Id is 8099
End Thread Id is 8100
End Thread Id is 8101
End Thread Id is 8102
End Thread Id is 8103
End Thread Id is 8104
End Thread Id is 8105
End Thread Id is 8106
End Thread Id is 8107
End Thread Id is 8108
End Thread Id is 8109
End Thread Id is 8110
End Thread Id is 8111
End Thread Id is 8112
End Thread Id is 8113
End Thread Id is 8114
End Thread Id is 8115
End Thread Id is 8116
End Thread Id is 8117
End Thread Id is 8118
End Thread Id is 8119
End Thread Id is 8120
End Thread Id is 8121
End Thread Id is 8122
End Thread Id is 8123
End Thread Id is 8124
End Thread Id is 8125
End Thread Id is 8126
End Thread Id is 8127
20, 71680549
21, 71680549
19, 71680549
19, 71680549
20, 71680549
20, 71680549
20, 71680549
20, 71680549
20, 71680549
19, 71680549
19, 71680549
17, 71680549
19, 71680549
19, 71680549
20, 71680549
20, 71680549
20, 71680549
21, 71680549
21, 71680549
20, 71680549
21, 71680549
19, 71680549
19, 71680549
18, 71680549
20, 71680549
20, 71680549
19, 71680549
21, 71680549
19, 71680549
18, 71680549
19, 71680549
20, 71680549
19, 63154669
19, 63154669
20, 63154669
20, 63154669
19, 63154669
21, 63154669
20, 63154669
20, 63154669
21, 63154669
19, 63154669
19, 63154669
19, 63154669
20, 63154669
20, 63154669
19, 63154669
20, 63154669
17, 63154669
20, 63154669
20, 63154669
21, 63154669
20, 63154669
19, 63154669
21, 63154669
19, 63154669
21, 63154669
20, 63154669
18, 63154669
20, 63154669
18, 63154669
19, 63154669
20, 63154669
20, 63154669
20, 73739241
20, 73739241
21, 73739241
19, 73739241
19, 73739241
19, 73739241
20, 73739241
19, 73739241
18, 73739241
20, 73739241
20, 73739241
21, 73739241
20, 73739241
19, 73739241
18, 73739241
20, 73739241
19, 73739241
20, 73739241
19, 73739241
19, 73739241
20, 73739241
21, 73739241
20, 73739241
19, 73739241
19, 73739241
17, 73739241
20, 73739241
20, 73739241
19, 73739241
21, 73739241
21, 73739241
17, 73739241
End Thread Id is 1056
End Thread Id is 1057
End Thread Id is 1058
End Thread Id is 1059
End Thread Id is 1060
End Thread Id is 1061
End Thread Id is 1062
End Thread Id is 1063
End Thread Id is 1064
End Thread Id is 1065
End Thread Id is 1066
End Thread Id is 1067
End Thread Id is 1068
End Thread Id is 1069
End Thread Id is 1070
End Thread Id is 1071
End Thread Id is 1072
End Thread Id is 1073
End Thread Id is 1074
End Thread Id is 1075
End Thread Id is 1076
End Thread Id is 1077
End Thread Id is 1078
End Thread Id is 1079
End Thread Id is 1080
End Thread Id is 1081
End Thread Id is 1082
End Thread Id is 1083
End Thread Id is 1084
End Thread Id is 1085
End Thread Id is 1086
End Thread Id is 1087
End Thread Id is 7648
End Thread Id is 7649
End Thread Id is 7650
End Thread Id is 7651
End Thread Id is 7652
End Thread Id is 7653
End Thread Id is 7654
End Thread Id is 7655
End Thread Id is 7656
End Thread Id is 7657
End Thread Id is 7658
End Thread Id is 7659
End Thread Id is 7660
End Thread Id is 7661
End Thread Id is 7662
End Thread Id is 7663
End Thread Id is 7664
End Thread Id is 7665
End Thread Id is 7666
End Thread Id is 7667
End Thread Id is 7668
End Thread Id is 7669
End Thread Id is 7670
End Thread Id is 7671
End Thread Id is 7672
End Thread Id is 7673
End Thread Id is 7674
End Thread Id is 7675
End Thread Id is 7676
End Thread Id is 7677
End Thread Id is 7678
End Thread Id is 7679
20, 63327987
21, 63327987
20, 63327987
19, 63327987
21, 63327987
18, 63327987
21, 63327987
19, 63327987
18, 63327987
19, 63327987
20, 63327987
19, 63327987
18, 63327987
21, 63327987
20, 63327987
20, 63327987
21, 63327987
21, 63327987
20, 63327987
20, 63327987
18, 63327987
19, 63327987
20, 63327987
20, 63327987
20, 63327987
20, 63327987
19, 63327987
21, 63327987
19, 63327987
19, 63327987
18, 63327987
18, 63327987
20, 63333595
21, 63333595
19, 63333595
21, 63333595
21, 63333595
21, 63333595
20, 63333595
19, 63333595
20, 63333595
19, 63333595
19, 63333595
21, 63333595
18, 63333595
19, 63333595
20, 63333595
20, 63333595
19, 63333595
21, 63333595
19, 63333595
19, 63333595
20, 63333595
21, 63333595
21, 63333595
19, 63333595
20, 63333595
18, 63333595
21, 63333595
20, 63333595
19, 63333595
18, 63333595
19, 63333595
19, 63333595
End Thread Id is 5792
End Thread Id is 5793
End Thread Id is 5794
End Thread Id is 5795
End Thread Id is 5796
End Thread Id is 5797
End Thread Id is 5798
End Thread Id is 5799
End Thread Id is 5800
End Thread Id is 5801
End Thread Id is 5802
End Thread Id is 5803
End Thread Id is 5804
End Thread Id is 5805
End Thread Id is 5806
End Thread Id is 5807
End Thread Id is 5808
End Thread Id is 5809
End Thread Id is 5810
End Thread Id is 5811
End Thread Id is 5812
End Thread Id is 5813
End Thread Id is 5814
End Thread Id is 5815
End Thread Id is 5816
End Thread Id is 5817
End Thread Id is 5818
End Thread Id is 5819
End Thread Id is 5820
End Thread Id is 5821
End Thread Id is 5822
End Thread Id is 5823
19, 74620153
19, 74620153
19, 74620153
19, 74620153
17, 74620153
19, 74620153
20, 74620153
21, 74620153
19, 74620153
19, 74620153
21, 74620153
19, 74620153
20, 74620153
18, 74620153
20, 74620153
20, 74620153
21, 74620153
20, 74620153
20, 74620153
18, 74620153
20, 74620153
19, 74620153
21, 74620153
20, 74620153
20, 74620153
19, 74620153
19, 74620153
19, 74620153
20, 74620153
20, 74620153
20, 74620153
21, 74620153
End Thread Id is 5664
End Thread Id is 5665
End Thread Id is 5666
End Thread Id is 5667
End Thread Id is 5668
End Thread Id is 5669
End Thread Id is 5670
End Thread Id is 5671
End Thread Id is 5672
End Thread Id is 5673
End Thread Id is 5674
End Thread Id is 5675
End Thread Id is 5676
End Thread Id is 5677
End Thread Id is 5678
End Thread Id is 5679
End Thread Id is 5680
End Thread Id is 5681
End Thread Id is 5682
End Thread Id is 5683
End Thread Id is 5684
End Thread Id is 5685
End Thread Id is 5686
End Thread Id is 5687
End Thread Id is 5688
End Thread Id is 5689
End Thread Id is 5690
End Thread Id is 5691
End Thread Id is 5692
End Thread Id is 5693
End Thread Id is 5694
End Thread Id is 5695
21, 75443402
20, 75443402
20, 75443402
20, 75443402
20, 75443402
20, 75443402
19, 75443402
20, 75443402
19, 75443402
21, 75443402
20, 75443402
21, 75443402
19, 75443402
18, 75443402
19, 75443402
20, 75443402
19, 75443402
20, 75443402
21, 75443402
20, 75443402
19, 75443402
21, 75443402
19, 75443402
21, 75443402
19, 75443402
21, 75443402
21, 75443402
20, 75443402
19, 75443402
20, 75443402
20, 75443402
21, 75443402
End Thread Id is 0
End Thread Id is 1
End Thread Id is 2
End Thread Id is 3
End Thread Id is 4
End Thread Id is 5
End Thread Id is 6
End Thread Id is 7
End Thread Id is 8
End Thread Id is 9
End Thread Id is 10
End Thread Id is 11
End Thread Id is 12
End Thread Id is 13
End Thread Id is 14
End Thread Id is 15
End Thread Id is 16
End Thread Id is 17
End Thread Id is 18
End Thread Id is 19
End Thread Id is 20
End Thread Id is 21
End Thread Id is 22
End Thread Id is 23
End Thread Id is 24
End Thread Id is 25
End Thread Id is 26
End Thread Id is 27
End Thread Id is 28
End Thread Id is 29
End Thread Id is 30
End Thread Id is 31
End Thread Id is 1120
End Thread Id is 1121
End Thread Id is 1122
End Thread Id is 1123
End Thread Id is 1124
End Thread Id is 1125
End Thread Id is 1126
End Thread Id is 1127
End Thread Id is 1128
End Thread Id is 1129
End Thread Id is 1130
End Thread Id is 1131
End Thread Id is 1132
End Thread Id is 1133
End Thread Id is 1134
End Thread Id is 1135
End Thread Id is 1136
End Thread Id is 1137
End Thread Id is 1138
End Thread Id is 1139
End Thread Id is 1140
End Thread Id is 1141
End Thread Id is 1142
End Thread Id is 1143
End Thread Id is 1144
End Thread Id is 1145
End Thread Id is 1146
End Thread Id is 1147
End Thread Id is 1148
End Thread Id is 1149
End Thread Id is 1150
End Thread Id is 1151
19, 65434406
21, 65434406
19, 65434406
20, 65434406
18, 65434406
19, 65434406
20, 65434406
20, 65434406
21, 65434406
20, 65434406
20, 65434406
20, 65434406
18, 65434406
21, 65434406
20, 65434406
21, 65434406
18, 65434406
20, 65434406
20, 65434406
19, 65434406
21, 65434406
19, 65434406
20, 65434406
20, 65434406
20, 65434406
21, 65434406
21, 65434406
19, 65434406
19, 65434406
19, 65434406
19, 65434406
19, 65434406
21, 63501353
21, 63501353
20, 63501353
18, 63501353
19, 63501353
20, 63501353
18, 63501353
19, 63501353
19, 63501353
21, 63501353
20, 63501353
20, 63501353
20, 63501353
19, 63501353
20, 63501353
18, 63501353
19, 63501353
19, 63501353
20, 63501353
21, 63501353
19, 63501353
19, 63501353
21, 63501353
21, 63501353
20, 63501353
19, 63501353
20, 63501353
20, 63501353
20, 63501353
19, 63501353
20, 63501353
20, 63501353
End Thread Id is 2528
End Thread Id is 2529
End Thread Id is 2530
End Thread Id is 2531
End Thread Id is 2532
End Thread Id is 2533
End Thread Id is 2534
End Thread Id is 2535
End Thread Id is 2536
End Thread Id is 2537
End Thread Id is 2538
End Thread Id is 2539
End Thread Id is 2540
End Thread Id is 2541
End Thread Id is 2542
End Thread Id is 2543
End Thread Id is 2544
End Thread Id is 2545
End Thread Id is 2546
End Thread Id is 2547
End Thread Id is 2548
End Thread Id is 2549
End Thread Id is 2550
End Thread Id is 2551
End Thread Id is 2552
End Thread Id is 2553
End Thread Id is 2554
End Thread Id is 2555
End Thread Id is 2556
End Thread Id is 2557
End Thread Id is 2558
End Thread Id is 2559
18, 67402191
21, 67402191
20, 67402191
20, 67402191
21, 67402191
20, 67402191
19, 67402191
19, 67402191
19, 67402191
19, 67402191
19, 67402191
19, 67402191
20, 67402191
20, 67402191
20, 67402191
20, 67402191
19, 67402191
19, 67402191
20, 67402191
20, 67402191
20, 67402191
20, 67402191
20, 67402191
21, 67402191
21, 67402191
21, 67402191
20, 67402191
19, 67402191
21, 67402191
19, 67402191
19, 67402191
20, 67402191
21, 73840460
19, 73840460
21, 73840460
21, 73840460
21, 73840460
20, 73840460
21, 73840460
18, 73840460
19, 73840460
20, 73840460
21, 73840460
19, 73840460
19, 73840460
21, 73840460
19, 73840460
17, 73840460
19, 73840460
20, 73840460
21, 73840460
19, 73840460
21, 73840460
19, 73840460
20, 73840460
21, 73840460
18, 73840460
20, 73840460
21, 73840460
19, 73840460
20, 73840460
20, 73840460
20, 73840460
20, 73840460
End Thread Id is 8064
End Thread Id is 8065
End Thread Id is 8066
End Thread Id is 8067
End Thread Id is 8068
End Thread Id is 8069
End Thread Id is 8070
End Thread Id is 8071
End Thread Id is 8072
End Thread Id is 8073
End Thread Id is 8074
End Thread Id is 8075
End Thread Id is 8076
End Thread Id is 8077
End Thread Id is 8078
End Thread Id is 8079
End Thread Id is 8080
End Thread Id is 8081
End Thread Id is 8082
End Thread Id is 8083
End Thread Id is 8084
End Thread Id is 8085
End Thread Id is 8086
End Thread Id is 8087
End Thread Id is 8088
End Thread Id is 8089
End Thread Id is 8090
End Thread Id is 8091
End Thread Id is 8092
End Thread Id is 8093
End Thread Id is 8094
End Thread Id is 8095
21, 66099874
21, 66099874
20, 66099874
21, 66099874
20, 66099874
18, 66099874
19, 66099874
19, 66099874
17, 66099874
20, 66099874
20, 66099874
20, 66099874
20, 66099874
20, 66099874
20, 66099874
18, 66099874
20, 66099874
19, 66099874
20, 66099874
20, 66099874
19, 66099874
20, 66099874
21, 66099874
18, 66099874
19, 66099874
18, 66099874
20, 66099874
19, 66099874
18, 66099874
20, 66099874
21, 66099874
20, 66099874
End Thread Id is 2880
End Thread Id is 2881
End Thread Id is 2882
End Thread Id is 2883
End Thread Id is 2884
End Thread Id is 2885
End Thread Id is 2886
End Thread Id is 2887
End Thread Id is 2888
End Thread Id is 2889
End Thread Id is 2890
End Thread Id is 2891
End Thread Id is 2892
End Thread Id is 2893
End Thread Id is 2894
End Thread Id is 2895
End Thread Id is 2896
End Thread Id is 2897
End Thread Id is 2898
End Thread Id is 2899
End Thread Id is 2900
End Thread Id is 2901
End Thread Id is 2902
End Thread Id is 2903
End Thread Id is 2904
End Thread Id is 2905
End Thread Id is 2906
End Thread Id is 2907
End Thread Id is 2908
End Thread Id is 2909
End Thread Id is 2910
End Thread Id is 2911
End Thread Id is 416
End Thread Id is 417
End Thread Id is 418
End Thread Id is 419
End Thread Id is 420
End Thread Id is 421
End Thread Id is 422
End Thread Id is 423
End Thread Id is 424
End Thread Id is 425
End Thread Id is 426
End Thread Id is 427
End Thread Id is 428
End Thread Id is 429
End Thread Id is 430
End Thread Id is 431
End Thread Id is 432
End Thread Id is 433
End Thread Id is 434
End Thread Id is 435
End Thread Id is 436
End Thread Id is 437
End Thread Id is 438
End Thread Id is 439
End Thread Id is 440
End Thread Id is 441
End Thread Id is 442
End Thread Id is 443
End Thread Id is 444
End Thread Id is 445
End Thread Id is 446
End Thread Id is 447
End Thread Id is 7904
End Thread Id is 7905
End Thread Id is 7906
End Thread Id is 7907
End Thread Id is 7908
End Thread Id is 7909
End Thread Id is 7910
End Thread Id is 7911
End Thread Id is 7912
End Thread Id is 7913
End Thread Id is 7914
End Thread Id is 7915
End Thread Id is 7916
End Thread Id is 7917
End Thread Id is 7918
End Thread Id is 7919
End Thread Id is 7920
End Thread Id is 7921
End Thread Id is 7922
End Thread Id is 7923
End Thread Id is 7924
End Thread Id is 7925
End Thread Id is 7926
End Thread Id is 7927
End Thread Id is 7928
End Thread Id is 7929
End Thread Id is 7930
End Thread Id is 7931
End Thread Id is 7932
End Thread Id is 7933
End Thread Id is 7934
End Thread Id is 7935
20, 66130771
20, 66130771
20, 66130771
20, 66130771
20, 66130771
20, 66130771
18, 66130771
21, 66130771
21, 66130771
19, 66130771
20, 66130771
20, 66130771
20, 66130771
19, 66130771
21, 66130771
19, 66130771
19, 66130771
19, 66130771
21, 66130771
19, 66130771
18, 66130771
18, 66130771
19, 66130771
21, 66130771
21, 66130771
21, 66130771
19, 66130771
19, 66130771
20, 66130771
19, 66130771
19, 66130771
19, 66130771
19, 67499279
19, 67499279
19, 67499279
20, 67499279
21, 67499279
20, 67499279
20, 67499279
19, 67499279
21, 67499279
21, 67499279
19, 67499279
19, 67499279
19, 67499279
20, 67499279
20, 67499279
21, 67499279
21, 67499279
21, 67499279
20, 67499279
21, 67499279
20, 67499279
20, 67499279
21, 67499279
19, 67499279
18, 67499279
19, 67499279
20, 67499279
20, 67499279
20, 67499279
20, 67499279
20, 67499279
18, 67499279
End Thread Id is 2976
End Thread Id is 2977
End Thread Id is 2978
End Thread Id is 2979
End Thread Id is 2980
End Thread Id is 2981
End Thread Id is 2982
End Thread Id is 2983
End Thread Id is 2984
End Thread Id is 2985
End Thread Id is 2986
End Thread Id is 2987
End Thread Id is 2988
End Thread Id is 2989
End Thread Id is 2990
End Thread Id is 2991
End Thread Id is 2992
End Thread Id is 2993
End Thread Id is 2994
End Thread Id is 2995
End Thread Id is 2996
End Thread Id is 2997
End Thread Id is 2998
End Thread Id is 2999
End Thread Id is 3000
End Thread Id is 3001
End Thread Id is 3002
End Thread Id is 3003
End Thread Id is 3004
End Thread Id is 3005
End Thread Id is 3006
End Thread Id is 3007
End Thread Id is 2656
End Thread Id is 2657
End Thread Id is 2658
End Thread Id is 2659
End Thread Id is 2660
End Thread Id is 2661
End Thread Id is 2662
End Thread Id is 2663
End Thread Id is 2664
End Thread Id is 2665
End Thread Id is 2666
End Thread Id is 2667
End Thread Id is 2668
End Thread Id is 2669
End Thread Id is 2670
End Thread Id is 2671
End Thread Id is 2672
End Thread Id is 2673
End Thread Id is 2674
End Thread Id is 2675
End Thread Id is 2676
End Thread Id is 2677
End Thread Id is 2678
End Thread Id is 2679
End Thread Id is 2680
End Thread Id is 2681
End Thread Id is 2682
End Thread Id is 2683
End Thread Id is 2684
End Thread Id is 2685
End Thread Id is 2686
End Thread Id is 2687
End Thread Id is 2944
End Thread Id is 2945
End Thread Id is 2946
End Thread Id is 2947
End Thread Id is 2948
End Thread Id is 2949
End Thread Id is 2950
End Thread Id is 2951
End Thread Id is 2952
End Thread Id is 2953
End Thread Id is 2954
End Thread Id is 2955
End Thread Id is 2956
End Thread Id is 2957
End Thread Id is 2958
End Thread Id is 2959
End Thread Id is 2960
End Thread Id is 2961
End Thread Id is 2962
End Thread Id is 2963
End Thread Id is 2964
End Thread Id is 2965
End Thread Id is 2966
End Thread Id is 2967
End Thread Id is 2968
End Thread Id is 2969
End Thread Id is 2970
End Thread Id is 2971
End Thread Id is 2972
End Thread Id is 2973
End Thread Id is 2974
End Thread Id is 2975
18, 72464270
21, 72464270
21, 72464270
20, 72464270
20, 72464270
18, 72464270
19, 72464270
21, 72464270
21, 72464270
20, 72464270
20, 72464270
21, 72464270
19, 72464270
20, 72464270
21, 72464270
20, 72464270
20, 72464270
18, 72464270
19, 72464270
18, 72464270
20, 72464270
18, 72464270
20, 72464270
21, 72464270
19, 72464270
19, 72464270
20, 72464270
20, 72464270
18, 72464270
20, 72464270
20, 72464270
21, 72464270
20, 63817623
18, 63817623
19, 63817623
20, 63817623
21, 63817623
19, 63817623
18, 63817623
17, 63817623
20, 63817623
18, 63817623
21, 63817623
19, 63817623
20, 63817623
19, 63817623
19, 63817623
21, 63817623
20, 63817623
20, 63817623
20, 63817623
19, 63817623
20, 63817623
21, 63817623
20, 63817623
21, 63817623
20, 63817623
18, 63817623
20, 63817623
19, 63817623
21, 63817623
19, 63817623
20, 63817623
20, 63817623
19, 63786081
20, 63786081
19, 63786081
20, 63786081
20, 63786081
21, 63786081
19, 63786081
20, 63786081
19, 63786081
20, 63786081
20, 63786081
18, 63786081
21, 63786081
20, 63786081
19, 63786081
18, 63786081
21, 63786081
21, 63786081
20, 63786081
19, 63786081
19, 63786081
19, 63786081
18, 63786081
19, 63786081
18, 63786081
20, 63786081
21, 63786081
20, 63786081
21, 63786081
19, 63786081
19, 63786081
20, 63786081
End Thread Id is 352
End Thread Id is 353
End Thread Id is 354
End Thread Id is 355
End Thread Id is 356
End Thread Id is 357
End Thread Id is 358
End Thread Id is 359
End Thread Id is 360
End Thread Id is 361
End Thread Id is 362
End Thread Id is 363
End Thread Id is 364
End Thread Id is 365
End Thread Id is 366
End Thread Id is 367
End Thread Id is 368
End Thread Id is 369
End Thread Id is 370
End Thread Id is 371
End Thread Id is 372
End Thread Id is 373
End Thread Id is 374
End Thread Id is 375
End Thread Id is 376
End Thread Id is 377
End Thread Id is 378
End Thread Id is 379
End Thread Id is 380
End Thread Id is 381
End Thread Id is 382
End Thread Id is 383
19, 63867230
20, 63867230
19, 63867230
21, 63867230
18, 63867230
20, 63867230
19, 63867230
19, 63867230
18, 63867230
18, 63867230
20, 63867230
20, 63867230
21, 63867230
20, 63867230
20, 63867230
19, 63867230
20, 63867230
18, 63867230
20, 63867230
20, 63867230
20, 63867230
19, 63867230
20, 63867230
20, 63867230
20, 63867230
18, 63867230
20, 63867230
20, 63867230
19, 63867230
19, 63867230
20, 63867230
21, 63867230
End Thread Id is 2496
End Thread Id is 2497
End Thread Id is 2498
End Thread Id is 2499
End Thread Id is 2500
End Thread Id is 2501
End Thread Id is 2502
End Thread Id is 2503
End Thread Id is 2504
End Thread Id is 2505
End Thread Id is 2506
End Thread Id is 2507
End Thread Id is 2508
End Thread Id is 2509
End Thread Id is 2510
End Thread Id is 2511
End Thread Id is 2512
End Thread Id is 2513
End Thread Id is 2514
End Thread Id is 2515
End Thread Id is 2516
End Thread Id is 2517
End Thread Id is 2518
End Thread Id is 2519
End Thread Id is 2520
End Thread Id is 2521
End Thread Id is 2522
End Thread Id is 2523
End Thread Id is 2524
End Thread Id is 2525
End Thread Id is 2526
End Thread Id is 2527
End Thread Id is 5056
End Thread Id is 5057
End Thread Id is 5058
End Thread Id is 5059
End Thread Id is 5060
End Thread Id is 5061
End Thread Id is 5062
End Thread Id is 5063
End Thread Id is 5064
End Thread Id is 5065
End Thread Id is 5066
End Thread Id is 5067
End Thread Id is 5068
End Thread Id is 5069
End Thread Id is 5070
End Thread Id is 5071
End Thread Id is 5072
End Thread Id is 5073
End Thread Id is 5074
End Thread Id is 5075
End Thread Id is 5076
End Thread Id is 5077
End Thread Id is 5078
End Thread Id is 5079
End Thread Id is 5080
End Thread Id is 5081
End Thread Id is 5082
End Thread Id is 5083
End Thread Id is 5084
End Thread Id is 5085
End Thread Id is 5086
End Thread Id is 5087
End Thread Id is 32
End Thread Id is 33
End Thread Id is 34
End Thread Id is 35
End Thread Id is 36
End Thread Id is 37
End Thread Id is 38
End Thread Id is 39
End Thread Id is 40
End Thread Id is 41
End Thread Id is 42
End Thread Id is 43
End Thread Id is 44
End Thread Id is 45
End Thread Id is 46
End Thread Id is 47
End Thread Id is 48
End Thread Id is 49
End Thread Id is 50
End Thread Id is 51
End Thread Id is 52
End Thread Id is 53
End Thread Id is 54
End Thread Id is 55
End Thread Id is 56
End Thread Id is 57
End Thread Id is 58
End Thread Id is 59
End Thread Id is 60
End Thread Id is 61
End Thread Id is 62
End Thread Id is 63
20, 63949546
20, 63949546
20, 63949546
21, 63949546
20, 63949546
19, 63949546
21, 63949546
20, 63949546
18, 63949546
19, 63949546
21, 63949546
21, 63949546
18, 63949546
19, 63949546
21, 63949546
20, 63949546
20, 63949546
20, 63949546
20, 63949546
17, 63949546
20, 63949546
20, 63949546
20, 63949546
20, 63949546
20, 63949546
20, 63949546
19, 63949546
18, 63949546
21, 63949546
20, 63949546
17, 63949546
18, 63949546
20, 64035291
20, 64035291
20, 64035291
20, 64035291
19, 64035291
20, 64035291
21, 64035291
18, 64035291
20, 64035291
19, 64035291
20, 64035291
20, 64035291
19, 64035291
20, 64035291
21, 64035291
20, 64035291
20, 64035291
21, 64035291
19, 64035291
18, 64035291
19, 64035291
20, 64035291
18, 64035291
18, 64035291
19, 64035291
19, 64035291
19, 64035291
19, 64035291
19, 64035291
21, 64035291
20, 64035291
20, 64035291
19, 66539106
18, 66539106
21, 66539106
19, 66539106
21, 66539106
20, 66539106
20, 66539106
20, 66539106
19, 66539106
21, 66539106
20, 66539106
20, 66539106
19, 66539106
19, 66539106
18, 66539106
21, 66539106
18, 66539106
18, 66539106
19, 66539106
20, 66539106
20, 66539106
19, 66539106
20, 66539106
18, 66539106
21, 66539106
19, 66539106
19, 66539106
21, 66539106
20, 66539106
21, 66539106
19, 66539106
20, 66539106
20, 65965576
20, 65965576
20, 65965576
20, 65965576
18, 65965576
19, 65965576
20, 65965576
21, 65965576
20, 65965576
19, 65965576
18, 65965576
21, 65965576
20, 65965576
21, 65965576
20, 65965576
20, 65965576
20, 65965576
18, 65965576
20, 65965576
19, 65965576
21, 65965576
19, 65965576
20, 65965576
18, 65965576
19, 65965576
20, 65965576
20, 65965576
18, 65965576
18, 65965576
19, 65965576
20, 65965576
19, 65965576
End Thread Id is 3072
End Thread Id is 3073
End Thread Id is 3074
End Thread Id is 3075
End Thread Id is 3076
End Thread Id is 3077
End Thread Id is 3078
End Thread Id is 3079
End Thread Id is 3080
End Thread Id is 3081
End Thread Id is 3082
End Thread Id is 3083
End Thread Id is 3084
End Thread Id is 3085
End Thread Id is 3086
End Thread Id is 3087
End Thread Id is 3088
End Thread Id is 3089
End Thread Id is 3090
End Thread Id is 3091
End Thread Id is 3092
End Thread Id is 3093
End Thread Id is 3094
End Thread Id is 3095
End Thread Id is 3096
End Thread Id is 3097
End Thread Id is 3098
End Thread Id is 3099
End Thread Id is 3100
End Thread Id is 3101
End Thread Id is 3102
End Thread Id is 3103
End Thread Id is 320
End Thread Id is 321
End Thread Id is 322
End Thread Id is 323
End Thread Id is 324
End Thread Id is 325
End Thread Id is 326
End Thread Id is 327
End Thread Id is 328
End Thread Id is 329
End Thread Id is 330
End Thread Id is 331
End Thread Id is 332
End Thread Id is 333
End Thread Id is 334
End Thread Id is 335
End Thread Id is 336
End Thread Id is 337
End Thread Id is 338
End Thread Id is 339
End Thread Id is 340
End Thread Id is 341
End Thread Id is 342
End Thread Id is 343
End Thread Id is 344
End Thread Id is 345
End Thread Id is 346
End Thread Id is 347
End Thread Id is 348
End Thread Id is 349
End Thread Id is 350
End Thread Id is 351
End Thread Id is 8000
End Thread Id is 8001
End Thread Id is 8002
End Thread Id is 8003
End Thread Id is 8004
End Thread Id is 8005
End Thread Id is 8006
End Thread Id is 8007
End Thread Id is 8008
End Thread Id is 8009
End Thread Id is 8010
End Thread Id is 8011
End Thread Id is 8012
End Thread Id is 8013
End Thread Id is 8014
End Thread Id is 8015
End Thread Id is 8016
End Thread Id is 8017
End Thread Id is 8018
End Thread Id is 8019
End Thread Id is 8020
End Thread Id is 8021
End Thread Id is 8022
End Thread Id is 8023
End Thread Id is 8024
End Thread Id is 8025
End Thread Id is 8026
End Thread Id is 8027
End Thread Id is 8028
End Thread Id is 8029
End Thread Id is 8030
End Thread Id is 8031
End Thread Id is 5632
End Thread Id is 5633
End Thread Id is 5634
End Thread Id is 5635
End Thread Id is 5636
End Thread Id is 5637
End Thread Id is 5638
End Thread Id is 5639
End Thread Id is 5640
End Thread Id is 5641
End Thread Id is 5642
End Thread Id is 5643
End Thread Id is 5644
End Thread Id is 5645
End Thread Id is 5646
End Thread Id is 5647
End Thread Id is 5648
End Thread Id is 5649
End Thread Id is 5650
End Thread Id is 5651
End Thread Id is 5652
End Thread Id is 5653
End Thread Id is 5654
End Thread Id is 5655
End Thread Id is 5656
End Thread Id is 5657
End Thread Id is 5658
End Thread Id is 5659
End Thread Id is 5660
End Thread Id is 5661
End Thread Id is 5662
End Thread Id is 5663
20, 66764899
19, 66764899
20, 66764899
20, 66764899
20, 66764899
18, 66764899
19, 66764899
19, 66764899
20, 66764899
20, 66764899
19, 66764899
20, 66764899
20, 66764899
19, 66764899
20, 66764899
21, 66764899
19, 66764899
18, 66764899
19, 66764899
21, 66764899
21, 66764899
18, 66764899
21, 66764899
20, 66764899
17, 66764899
19, 66764899
20, 66764899
19, 66764899
21, 66764899
20, 66764899
20, 66764899
19, 66764899
End Thread Id is 512
End Thread Id is 513
End Thread Id is 514
End Thread Id is 515
End Thread Id is 516
End Thread Id is 517
End Thread Id is 518
End Thread Id is 519
End Thread Id is 520
End Thread Id is 521
End Thread Id is 522
End Thread Id is 523
End Thread Id is 524
End Thread Id is 525
End Thread Id is 526
End Thread Id is 527
End Thread Id is 528
End Thread Id is 529
End Thread Id is 530
End Thread Id is 531
End Thread Id is 532
End Thread Id is 533
End Thread Id is 534
End Thread Id is 535
End Thread Id is 536
End Thread Id is 537
End Thread Id is 538
End Thread Id is 539
End Thread Id is 540
End Thread Id is 541
End Thread Id is 542
End Thread Id is 543
18, 66509681
19, 66509681
21, 66509681
19, 66509681
20, 66509681
21, 66509681
21, 66509681
19, 66509681
19, 66509681
21, 66509681
20, 66509681
21, 66509681
20, 66509681
21, 66509681
21, 66509681
21, 66509681
20, 66509681
18, 66509681
19, 66509681
20, 66509681
21, 66509681
19, 66509681
21, 66509681
20, 66509681
20, 66509681
19, 66509681
20, 66509681
19, 66509681
20, 66509681
20, 66509681
20, 66509681
20, 66509681
20, 66501391
20, 66501391
21, 66501391
19, 66501391
19, 66501391
20, 66501391
17, 66501391
21, 66501391
21, 66501391
21, 66501391
20, 66501391
20, 66501391
21, 66501391
18, 66501391
19, 66501391
20, 66501391
20, 66501391
19, 66501391
21, 66501391
21, 66501391
21, 66501391
18, 66501391
20, 66501391
19, 66501391
20, 66501391
20, 66501391
19, 66501391
18, 66501391
20, 66501391
20, 66501391
18, 66501391
18, 66501391
19, 66490683
20, 66490683
19, 66490683
19, 66490683
21, 66490683
19, 66490683
21, 66490683
18, 66490683
21, 66490683
18, 66490683
18, 66490683
20, 66490683
20, 66490683
20, 66490683
19, 66490683
19, 66490683
20, 66490683
20, 66490683
20, 66490683
20, 66490683
18, 66490683
20, 66490683
19, 66490683
20, 66490683
20, 66490683
20, 66490683
21, 66490683
20, 66490683
19, 66490683
19, 66490683
21, 66490683
19, 66490683
18, 74992041
20, 74992041
20, 74992041
19, 74992041
20, 74992041
19, 74992041
20, 74992041
18, 74992041
19, 74992041
20, 74992041
21, 74992041
19, 74992041
19, 74992041
20, 74992041
18, 74992041
19, 74992041
20, 74992041
18, 74992041
19, 74992041
21, 74992041
21, 74992041
19, 74992041
20, 74992041
21, 74992041
21, 74992041
19, 74992041
20, 74992041
19, 74992041
21, 74992041
21, 74992041
18, 74992041
19, 74992041
19, 68717586
20, 68717586
20, 68717586
20, 68717586
19, 68717586
18, 68717586
18, 68717586
19, 68717586
20, 68717586
21, 68717586
21, 68717586
20, 68717586
20, 68717586
20, 68717586
21, 68717586
21, 68717586
20, 68717586
18, 68717586
19, 68717586
20, 68717586
20, 68717586
20, 68717586
19, 68717586
20, 68717586
20, 68717586
21, 68717586
20, 68717586
20, 68717586
21, 68717586
20, 68717586
20, 68717586
19, 68717586
18, 68628511
20, 68628511
20, 68628511
21, 68628511
20, 68628511
19, 68628511
20, 68628511
19, 68628511
20, 68628511
21, 68628511
19, 68628511
21, 68628511
18, 68628511
19, 68628511
20, 68628511
20, 68628511
19, 68628511
20, 68628511
21, 68628511
19, 68628511
20, 68628511
19, 68628511
20, 68628511
20, 68628511
21, 68628511
19, 68628511
20, 68628511
21, 68628511
20, 68628511
21, 68628511
18, 68628511
18, 68628511
21, 76810979
19, 76810979
18, 76810979
20, 76810979
21, 76810979
20, 76810979
21, 76810979
20, 76810979
20, 76810979
19, 76810979
21, 76810979
20, 76810979
21, 76810979
20, 76810979
21, 76810979
21, 76810979
20, 76810979
21, 76810979
20, 76810979
19, 76810979
18, 76810979
19, 76810979
18, 76810979
20, 76810979
21, 76810979
19, 76810979
18, 76810979
19, 76810979
20, 76810979
18, 76810979
18, 76810979
21, 76810979
19, 68887859
20, 68887859
18, 68887859
19, 68887859
17, 68887859
21, 68887859
18, 68887859
18, 68887859
18, 68887859
21, 68887859
18, 68887859
19, 68887859
21, 68887859
19, 68887859
19, 68887859
17, 68887859
19, 68887859
20, 68887859
21, 68887859
20, 68887859
17, 68887859
20, 68887859
20, 68887859
19, 68887859
19, 68887859
21, 68887859
21, 68887859
21, 68887859
19, 68887859
20, 68887859
20, 68887859
20, 68887859
End Thread Id is 5504
End Thread Id is 5505
End Thread Id is 5506
End Thread Id is 5507
End Thread Id is 5508
End Thread Id is 5509
End Thread Id is 5510
End Thread Id is 5511
End Thread Id is 5512
End Thread Id is 5513
End Thread Id is 5514
End Thread Id is 5515
End Thread Id is 5516
End Thread Id is 5517
End Thread Id is 5518
End Thread Id is 5519
End Thread Id is 5520
End Thread Id is 5521
End Thread Id is 5522
End Thread Id is 5523
End Thread Id is 5524
End Thread Id is 5525
End Thread Id is 5526
End Thread Id is 5527
End Thread Id is 5528
End Thread Id is 5529
End Thread Id is 5530
End Thread Id is 5531
End Thread Id is 5532
End Thread Id is 5533
End Thread Id is 5534
End Thread Id is 5535
End Thread Id is 544
End Thread Id is 545
End Thread Id is 546
End Thread Id is 547
End Thread Id is 548
End Thread Id is 549
End Thread Id is 550
End Thread Id is 551
End Thread Id is 552
End Thread Id is 553
End Thread Id is 554
End Thread Id is 555
End Thread Id is 556
End Thread Id is 557
End Thread Id is 558
End Thread Id is 559
End Thread Id is 560
End Thread Id is 561
End Thread Id is 562
End Thread Id is 563
End Thread Id is 564
End Thread Id is 565
End Thread Id is 566
End Thread Id is 567
End Thread Id is 568
End Thread Id is 569
End Thread Id is 570
End Thread Id is 571
End Thread Id is 572
End Thread Id is 573
End Thread Id is 574
End Thread Id is 575
End Thread Id is 8192
End Thread Id is 8193
End Thread Id is 8194
End Thread Id is 8195
End Thread Id is 8196
End Thread Id is 8197
End Thread Id is 8198
End Thread Id is 8199
End Thread Id is 8200
End Thread Id is 8201
End Thread Id is 8202
End Thread Id is 8203
End Thread Id is 8204
End Thread Id is 8205
End Thread Id is 8206
End Thread Id is 8207
End Thread Id is 8208
End Thread Id is 8209
End Thread Id is 8210
End Thread Id is 8211
End Thread Id is 8212
End Thread Id is 8213
End Thread Id is 8214
End Thread Id is 8215
End Thread Id is 8216
End Thread Id is 8217
End Thread Id is 8218
End Thread Id is 8219
End Thread Id is 8220
End Thread Id is 8221
End Thread Id is 8222
End Thread Id is 8223
End Thread Id is 8224
End Thread Id is 8225
End Thread Id is 8226
End Thread Id is 8227
End Thread Id is 8228
End Thread Id is 8229
End Thread Id is 8230
End Thread Id is 8231
End Thread Id is 8232
End Thread Id is 8233
End Thread Id is 8234
End Thread Id is 8235
End Thread Id is 8236
End Thread Id is 8237
End Thread Id is 8238
End Thread Id is 8239
End Thread Id is 8240
End Thread Id is 8241
End Thread Id is 8242
End Thread Id is 8243
End Thread Id is 8244
End Thread Id is 8245
End Thread Id is 8246
End Thread Id is 8247
End Thread Id is 8248
End Thread Id is 8249
End Thread Id is 8250
End Thread Id is 8251
End Thread Id is 8252
End Thread Id is 8253
End Thread Id is 8254
End Thread Id is 8255
End Thread Id is 5472
End Thread Id is 5473
End Thread Id is 5474
End Thread Id is 5475
End Thread Id is 5476
End Thread Id is 5477
End Thread Id is 5478
End Thread Id is 5479
End Thread Id is 5480
End Thread Id is 5481
End Thread Id is 5482
End Thread Id is 5483
End Thread Id is 5484
End Thread Id is 5485
End Thread Id is 5486
End Thread Id is 5487
End Thread Id is 5488
End Thread Id is 5489
End Thread Id is 5490
End Thread Id is 5491
End Thread Id is 5492
End Thread Id is 5493
End Thread Id is 5494
End Thread Id is 5495
End Thread Id is 5496
End Thread Id is 5497
End Thread Id is 5498
End Thread Id is 5499
End Thread Id is 5500
End Thread Id is 5501
End Thread Id is 5502
End Thread Id is 5503
End Thread Id is 2912
End Thread Id is 2913
End Thread Id is 2914
End Thread Id is 2915
End Thread Id is 2916
End Thread Id is 2917
End Thread Id is 2918
End Thread Id is 2919
End Thread Id is 2920
End Thread Id is 2921
End Thread Id is 2922
End Thread Id is 2923
End Thread Id is 2924
End Thread Id is 2925
End Thread Id is 2926
End Thread Id is 2927
End Thread Id is 2928
End Thread Id is 2929
End Thread Id is 2930
End Thread Id is 2931
End Thread Id is 2932
End Thread Id is 2933
End Thread Id is 2934
End Thread Id is 2935
End Thread Id is 2936
End Thread Id is 2937
End Thread Id is 2938
End Thread Id is 2939
End Thread Id is 2940
End Thread Id is 2941
End Thread Id is 2942
End Thread Id is 2943
End Thread Id is 2784
End Thread Id is 2785
End Thread Id is 2786
End Thread Id is 2787
End Thread Id is 2788
End Thread Id is 2789
End Thread Id is 2790
End Thread Id is 2791
End Thread Id is 2792
End Thread Id is 2793
End Thread Id is 2794
End Thread Id is 2795
End Thread Id is 2796
End Thread Id is 2797
End Thread Id is 2798
End Thread Id is 2799
End Thread Id is 2800
End Thread Id is 2801
End Thread Id is 2802
End Thread Id is 2803
End Thread Id is 2804
End Thread Id is 2805
End Thread Id is 2806
End Thread Id is 2807
End Thread Id is 2808
End Thread Id is 2809
End Thread Id is 2810
End Thread Id is 2811
End Thread Id is 2812
End Thread Id is 2813
End Thread Id is 2814
End Thread Id is 2815
End Thread Id is 5440
End Thread Id is 5441
End Thread Id is 5442
End Thread Id is 5443
End Thread Id is 5444
End Thread Id is 5445
End Thread Id is 5446
End Thread Id is 5447
End Thread Id is 5448
End Thread Id is 5449
End Thread Id is 5450
End Thread Id is 5451
End Thread Id is 5452
End Thread Id is 5453
End Thread Id is 5454
End Thread Id is 5455
End Thread Id is 5456
End Thread Id is 5457
End Thread Id is 5458
End Thread Id is 5459
End Thread Id is 5460
End Thread Id is 5461
End Thread Id is 5462
End Thread Id is 5463
End Thread Id is 5464
End Thread Id is 5465
End Thread Id is 5466
End Thread Id is 5467
End Thread Id is 5468
End Thread Id is 5469
End Thread Id is 5470
End Thread Id is 5471
20, 70796832
19, 70796832
18, 70796832
21, 70796832
20, 70796832
20, 70796832
21, 70796832
20, 70796832
19, 70796832
21, 70796832
20, 70796832
20, 70796832
20, 70796832
20, 70796832
20, 70796832
21, 70796832
19, 70796832
19, 70796832
18, 70796832
20, 70796832
19, 70796832
19, 70796832
20, 70796832
21, 70796832
19, 70796832
19, 70796832
19, 70796832
20, 70796832
20, 70796832
20, 70796832
18, 70796832
21, 70796832
End Thread Id is 288
End Thread Id is 289
End Thread Id is 290
End Thread Id is 291
End Thread Id is 292
End Thread Id is 293
End Thread Id is 294
End Thread Id is 295
End Thread Id is 296
End Thread Id is 297
End Thread Id is 298
End Thread Id is 299
End Thread Id is 300
End Thread Id is 301
End Thread Id is 302
End Thread Id is 303
End Thread Id is 304
End Thread Id is 305
End Thread Id is 306
End Thread Id is 307
End Thread Id is 308
End Thread Id is 309
End Thread Id is 310
End Thread Id is 311
End Thread Id is 312
End Thread Id is 313
End Thread Id is 314
End Thread Id is 315
End Thread Id is 316
End Thread Id is 317
End Thread Id is 318
End Thread Id is 319
21, 67756937
20, 67756937
19, 67756937
20, 67756937
18, 67756937
19, 67756937
19, 67756937
19, 67756937
17, 67756937
19, 67756937
19, 67756937
19, 67756937
19, 67756937
19, 67756937
19, 67756937
19, 67756937
21, 67756937
21, 67756937
19, 67756937
20, 67756937
20, 67756937
21, 67756937
21, 67756937
19, 67756937
20, 67756937
20, 67756937
18, 67756937
19, 67756937
18, 67756937
21, 67756937
20, 67756937
19, 67756937
End Thread Id is 8032
End Thread Id is 8033
End Thread Id is 8034
End Thread Id is 8035
End Thread Id is 8036
End Thread Id is 8037
End Thread Id is 8038
End Thread Id is 8039
End Thread Id is 8040
End Thread Id is 8041
End Thread Id is 8042
End Thread Id is 8043
End Thread Id is 8044
End Thread Id is 8045
End Thread Id is 8046
End Thread Id is 8047
End Thread Id is 8048
End Thread Id is 8049
End Thread Id is 8050
End Thread Id is 8051
End Thread Id is 8052
End Thread Id is 8053
End Thread Id is 8054
End Thread Id is 8055
End Thread Id is 8056
End Thread Id is 8057
End Thread Id is 8058
End Thread Id is 8059
End Thread Id is 8060
End Thread Id is 8061
End Thread Id is 8062
End Thread Id is 8063
INFO: Time (ms) for KF track fitting on device 0 : 168.575873
INFO: Total Wall clock time (ms) for KF track fitting: 168.657135
------------------------  ending  -----------------------
