INFO: float precision operand used.

Device : Tesla T4
maxThreadsPerMultiProcessor : 1024
maxGridSize : (2147483647, 65535, 65535)
maxThreadsPerBlock : 1024
maxThreadsDim : (1024, 1024, 64)
regsPerMultiprocessor : 65536
regsPerBlock : 65536
Cuda driver version: 11040
Cuda rt version: 11030
INFO: Warp Occupancy with block size 64 : 100%
INFO: Estimated max occupancy with block size =  1024, min grid size = 40

INFO: grid size = 5120 x 1, block size =  8 x 8
INFO: Creating 10 boundless plane surfaces
Warning! Generated particle rejected!
Warning! Generated particle rejected!
Warning! Generated particle rejected!
Warning! Generated particle rejected!
Warning! Generated particle rejected!
Warning! Generated particle rejected!
Warning! Generated particle rejected!
Warning! Generated particle rejected!

INFO: Time (ms) to run simulation: 2444.14
Start Thread Id is 3616
Start Thread Id is 3617
Start Thread Id is 3618
Start Thread Id is 3619
Start Thread Id is 3620
Start Thread Id is 3621
Start Thread Id is 3622
Start Thread Id is 3623
Start Thread Id is 3624
Start Thread Id is 3625
Start Thread Id is 3626
Start Thread Id is 3627
Start Thread Id is 3628
Start Thread Id is 3629
Start Thread Id is 3630
Start Thread Id is 3631
Start Thread Id is 3632
Start Thread Id is 3633
Start Thread Id is 3634
Start Thread Id is 3635
Start Thread Id is 3636
Start Thread Id is 3637
Start Thread Id is 3638
Start Thread Id is 3639
Start Thread Id is 3640
Start Thread Id is 3641
Start Thread Id is 3642
Start Thread Id is 3643
Start Thread Id is 3644
Start Thread Id is 3645
Start Thread Id is 3646
Start Thread Id is 3647
Start Thread Id is 5664
Start Thread Id is 5665
Start Thread Id is 5666
Start Thread Id is 5667
Start Thread Id is 5668
Start Thread Id is 5669
Start Thread Id is 5670
Start Thread Id is 5671
Start Thread Id is 5672
Start Thread Id is 5673
Start Thread Id is 5674
Start Thread Id is 5675
Start Thread Id is 5676
Start Thread Id is 5677
Start Thread Id is 5678
Start Thread Id is 5679
Start Thread Id is 5680
Start Thread Id is 5681
Start Thread Id is 5682
Start Thread Id is 5683
Start Thread Id is 5684
Start Thread Id is 5685
Start Thread Id is 5686
Start Thread Id is 5687
Start Thread Id is 5688
Start Thread Id is 5689
Start Thread Id is 5690
Start Thread Id is 5691
Start Thread Id is 5692
Start Thread Id is 5693
Start Thread Id is 5694
Start Thread Id is 5695
Start Thread Id is 6048
Start Thread Id is 6049
Start Thread Id is 6050
Start Thread Id is 6051
Start Thread Id is 6052
Start Thread Id is 6053
Start Thread Id is 6054
Start Thread Id is 6055
Start Thread Id is 6056
Start Thread Id is 6057
Start Thread Id is 6058
Start Thread Id is 6059
Start Thread Id is 6060
Start Thread Id is 6061
Start Thread Id is 6062
Start Thread Id is 6063
Start Thread Id is 6064
Start Thread Id is 6065
Start Thread Id is 6066
Start Thread Id is 6067
Start Thread Id is 6068
Start Thread Id is 6069
Start Thread Id is 6070
Start Thread Id is 6071
Start Thread Id is 6072
Start Thread Id is 6073
Start Thread Id is 6074
Start Thread Id is 6075
Start Thread Id is 6076
Start Thread Id is 6077
Start Thread Id is 6078
Start Thread Id is 6079
Start Thread Id is 6176
Start Thread Id is 6177
Start Thread Id is 6178
Start Thread Id is 6179
Start Thread Id is 6180
Start Thread Id is 6181
Start Thread Id is 6182
Start Thread Id is 6183
Start Thread Id is 6184
Start Thread Id is 6185
Start Thread Id is 6186
Start Thread Id is 6187
Start Thread Id is 6188
Start Thread Id is 6189
Start Thread Id is 6190
Start Thread Id is 6191
Start Thread Id is 6192
Start Thread Id is 6193
Start Thread Id is 6194
Start Thread Id is 6195
Start Thread Id is 6196
Start Thread Id is 6197
Start Thread Id is 6198
Start Thread Id is 6199
Start Thread Id is 6200
Start Thread Id is 6201
Start Thread Id is 6202
Start Thread Id is 6203
Start Thread Id is 6204
Start Thread Id is 6205
Start Thread Id is 6206
Start Thread Id is 6207
Start Thread Id is 704
Start Thread Id is 705
Start Thread Id is 706
Start Thread Id is 707
Start Thread Id is 708
Start Thread Id is 709
Start Thread Id is 710
Start Thread Id is 711
Start Thread Id is 712
Start Thread Id is 713
Start Thread Id is 714
Start Thread Id is 715
Start Thread Id is 716
Start Thread Id is 717
Start Thread Id is 718
Start Thread Id is 719
Start Thread Id is 720
Start Thread Id is 721
Start Thread Id is 722
Start Thread Id is 723
Start Thread Id is 724
Start Thread Id is 725
Start Thread Id is 726
Start Thread Id is 727
Start Thread Id is 728
Start Thread Id is 729
Start Thread Id is 730
Start Thread Id is 731
Start Thread Id is 732
Start Thread Id is 733
Start Thread Id is 734
Start Thread Id is 735
Start Thread Id is 8704
Start Thread Id is 8705
Start Thread Id is 8706
Start Thread Id is 8707
Start Thread Id is 8708
Start Thread Id is 8709
Start Thread Id is 8710
Start Thread Id is 8711
Start Thread Id is 8712
Start Thread Id is 8713
Start Thread Id is 8714
Start Thread Id is 8715
Start Thread Id is 8716
Start Thread Id is 8717
Start Thread Id is 8718
Start Thread Id is 8719
Start Thread Id is 8720
Start Thread Id is 8721
Start Thread Id is 8722
Start Thread Id is 8723
Start Thread Id is 8724
Start Thread Id is 8725
Start Thread Id is 8726
Start Thread Id is 8727
Start Thread Id is 8728
Start Thread Id is 8729
Start Thread Id is 8730
Start Thread Id is 8731
Start Thread Id is 8732
Start Thread Id is 8733
Start Thread Id is 8734
Start Thread Id is 8735
Start Thread Id is 8608
Start Thread Id is 8609
Start Thread Id is 8610
Start Thread Id is 8611
Start Thread Id is 8612
Start Thread Id is 8613
Start Thread Id is 8614
Start Thread Id is 8615
Start Thread Id is 8616
Start Thread Id is 8617
Start Thread Id is 8618
Start Thread Id is 8619
Start Thread Id is 8620
Start Thread Id is 8621
Start Thread Id is 8622
Start Thread Id is 8623
Start Thread Id is 8624
Start Thread Id is 8625
Start Thread Id is 8626
Start Thread Id is 8627
Start Thread Id is 8628
Start Thread Id is 8629
Start Thread Id is 8630
Start Thread Id is 8631
Start Thread Id is 8632
Start Thread Id is 8633
Start Thread Id is 8634
Start Thread Id is 8635
Start Thread Id is 8636
Start Thread Id is 8637
Start Thread Id is 8638
Start Thread Id is 8639
Start Thread Id is 5824
Start Thread Id is 5825
Start Thread Id is 5826
Start Thread Id is 5827
Start Thread Id is 5828
Start Thread Id is 5829
Start Thread Id is 5830
Start Thread Id is 5831
Start Thread Id is 5832
Start Thread Id is 5833
Start Thread Id is 5834
Start Thread Id is 5835
Start Thread Id is 5836
Start Thread Id is 5837
Start Thread Id is 5838
Start Thread Id is 5839
Start Thread Id is 5840
Start Thread Id is 5841
Start Thread Id is 5842
Start Thread Id is 5843
Start Thread Id is 5844
Start Thread Id is 5845
Start Thread Id is 5846
Start Thread Id is 5847
Start Thread Id is 5848
Start Thread Id is 5849
Start Thread Id is 5850
Start Thread Id is 5851
Start Thread Id is 5852
Start Thread Id is 5853
Start Thread Id is 5854
Start Thread Id is 5855
Start Thread Id is 3488
Start Thread Id is 3489
Start Thread Id is 3490
Start Thread Id is 3491
Start Thread Id is 3492
Start Thread Id is 3493
Start Thread Id is 3494
Start Thread Id is 3495
Start Thread Id is 3496
Start Thread Id is 3497
Start Thread Id is 3498
Start Thread Id is 3499
Start Thread Id is 3500
Start Thread Id is 3501
Start Thread Id is 3502
Start Thread Id is 3503
Start Thread Id is 3504
Start Thread Id is 3505
Start Thread Id is 3506
Start Thread Id is 3507
Start Thread Id is 3508
Start Thread Id is 3509
Start Thread Id is 3510
Start Thread Id is 3511
Start Thread Id is 3512
Start Thread Id is 3513
Start Thread Id is 3514
Start Thread Id is 3515
Start Thread Id is 3516
Start Thread Id is 3517
Start Thread Id is 3518
Start Thread Id is 3519
Start Thread Id is 3424
Start Thread Id is 3425
Start Thread Id is 3426
Start Thread Id is 3427
Start Thread Id is 3428
Start Thread Id is 3429
Start Thread Id is 3430
Start Thread Id is 3431
Start Thread Id is 3432
Start Thread Id is 3433
Start Thread Id is 3434
Start Thread Id is 3435
Start Thread Id is 3436
Start Thread Id is 3437
Start Thread Id is 3438
Start Thread Id is 3439
Start Thread Id is 3440
Start Thread Id is 3441
Start Thread Id is 3442
Start Thread Id is 3443
Start Thread Id is 3444
Start Thread Id is 3445
Start Thread Id is 3446
Start Thread Id is 3447
Start Thread Id is 3448
Start Thread Id is 3449
Start Thread Id is 3450
Start Thread Id is 3451
Start Thread Id is 3452
Start Thread Id is 3453
Start Thread Id is 3454
Start Thread Id is 3455
Start Thread Id is 8576
Start Thread Id is 8577
Start Thread Id is 8578
Start Thread Id is 8579
Start Thread Id is 8580
Start Thread Id is 8581
Start Thread Id is 8582
Start Thread Id is 8583
Start Thread Id is 8584
Start Thread Id is 8585
Start Thread Id is 8586
Start Thread Id is 8587
Start Thread Id is 8588
Start Thread Id is 8589
Start Thread Id is 8590
Start Thread Id is 8591
Start Thread Id is 8592
Start Thread Id is 8593
Start Thread Id is 8594
Start Thread Id is 8595
Start Thread Id is 8596
Start Thread Id is 8597
Start Thread Id is 8598
Start Thread Id is 8599
Start Thread Id is 8600
Start Thread Id is 8601
Start Thread Id is 8602
Start Thread Id is 8603
Start Thread Id is 8604
Start Thread Id is 8605
Start Thread Id is 8606
Start Thread Id is 8607
Start Thread Id is 864
Start Thread Id is 865
Start Thread Id is 866
Start Thread Id is 867
Start Thread Id is 868
Start Thread Id is 869
Start Thread Id is 870
Start Thread Id is 871
Start Thread Id is 872
Start Thread Id is 873
Start Thread Id is 874
Start Thread Id is 875
Start Thread Id is 876
Start Thread Id is 877
Start Thread Id is 878
Start Thread Id is 879
Start Thread Id is 880
Start Thread Id is 881
Start Thread Id is 882
Start Thread Id is 883
Start Thread Id is 884
Start Thread Id is 885
Start Thread Id is 886
Start Thread Id is 887
Start Thread Id is 888
Start Thread Id is 889
Start Thread Id is 890
Start Thread Id is 891
Start Thread Id is 892
Start Thread Id is 893
Start Thread Id is 894
Start Thread Id is 895
Start Thread Id is 2976
Start Thread Id is 2977
Start Thread Id is 2978
Start Thread Id is 2979
Start Thread Id is 2980
Start Thread Id is 2981
Start Thread Id is 2982
Start Thread Id is 2983
Start Thread Id is 2984
Start Thread Id is 2985
Start Thread Id is 2986
Start Thread Id is 2987
Start Thread Id is 2988
Start Thread Id is 2989
Start Thread Id is 2990
Start Thread Id is 2991
Start Thread Id is 2992
Start Thread Id is 2993
Start Thread Id is 2994
Start Thread Id is 2995
Start Thread Id is 2996
Start Thread Id is 2997
Start Thread Id is 2998
Start Thread Id is 2999
Start Thread Id is 3000
Start Thread Id is 3001
Start Thread Id is 3002
Start Thread Id is 3003
Start Thread Id is 3004
Start Thread Id is 3005
Start Thread Id is 3006
Start Thread Id is 3007
Start Thread Id is 7872
Start Thread Id is 7873
Start Thread Id is 7874
Start Thread Id is 7875
Start Thread Id is 7876
Start Thread Id is 7877
Start Thread Id is 7878
Start Thread Id is 7879
Start Thread Id is 7880
Start Thread Id is 7881
Start Thread Id is 7882
Start Thread Id is 7883
Start Thread Id is 7884
Start Thread Id is 7885
Start Thread Id is 7886
Start Thread Id is 7887
Start Thread Id is 7888
Start Thread Id is 7889
Start Thread Id is 7890
Start Thread Id is 7891
Start Thread Id is 7892
Start Thread Id is 7893
Start Thread Id is 7894
Start Thread Id is 7895
Start Thread Id is 7896
Start Thread Id is 7897
Start Thread Id is 7898
Start Thread Id is 7899
Start Thread Id is 7900
Start Thread Id is 7901
Start Thread Id is 7902
Start Thread Id is 7903
Start Thread Id is 8544
Start Thread Id is 8545
Start Thread Id is 8546
Start Thread Id is 8547
Start Thread Id is 8548
Start Thread Id is 8549
Start Thread Id is 8550
Start Thread Id is 8551
Start Thread Id is 8552
Start Thread Id is 8553
Start Thread Id is 8554
Start Thread Id is 8555
Start Thread Id is 8556
Start Thread Id is 8557
Start Thread Id is 8558
Start Thread Id is 8559
Start Thread Id is 8560
Start Thread Id is 8561
Start Thread Id is 8562
Start Thread Id is 8563
Start Thread Id is 8564
Start Thread Id is 8565
Start Thread Id is 8566
Start Thread Id is 8567
Start Thread Id is 8568
Start Thread Id is 8569
Start Thread Id is 8570
Start Thread Id is 8571
Start Thread Id is 8572
Start Thread Id is 8573
Start Thread Id is 8574
Start Thread Id is 8575
Start Thread Id is 3264
Start Thread Id is 3265
Start Thread Id is 3266
Start Thread Id is 3267
Start Thread Id is 3268
Start Thread Id is 3269
Start Thread Id is 3270
Start Thread Id is 3271
Start Thread Id is 3272
Start Thread Id is 3273
Start Thread Id is 3274
Start Thread Id is 3275
Start Thread Id is 3276
Start Thread Id is 3277
Start Thread Id is 3278
Start Thread Id is 3279
Start Thread Id is 3280
Start Thread Id is 3281
Start Thread Id is 3282
Start Thread Id is 3283
Start Thread Id is 3284
Start Thread Id is 3285
Start Thread Id is 3286
Start Thread Id is 3287
Start Thread Id is 3288
Start Thread Id is 3289
Start Thread Id is 3290
Start Thread Id is 3291
Start Thread Id is 3292
Start Thread Id is 3293
Start Thread Id is 3294
Start Thread Id is 3295
Start Thread Id is 3072
Start Thread Id is 3073
Start Thread Id is 3074
Start Thread Id is 3075
Start Thread Id is 3076
Start Thread Id is 3077
Start Thread Id is 3078
Start Thread Id is 3079
Start Thread Id is 3080
Start Thread Id is 3081
Start Thread Id is 3082
Start Thread Id is 3083
Start Thread Id is 3084
Start Thread Id is 3085
Start Thread Id is 3086
Start Thread Id is 3087
Start Thread Id is 3088
Start Thread Id is 3089
Start Thread Id is 3090
Start Thread Id is 3091
Start Thread Id is 3092
Start Thread Id is 3093
Start Thread Id is 3094
Start Thread Id is 3095
Start Thread Id is 3096
Start Thread Id is 3097
Start Thread Id is 3098
Start Thread Id is 3099
Start Thread Id is 3100
Start Thread Id is 3101
Start Thread Id is 3102
Start Thread Id is 3103
Start Thread Id is 3296
Start Thread Id is 3297
Start Thread Id is 3298
Start Thread Id is 3299
Start Thread Id is 3300
Start Thread Id is 3301
Start Thread Id is 3302
Start Thread Id is 3303
Start Thread Id is 3304
Start Thread Id is 3305
Start Thread Id is 3306
Start Thread Id is 3307
Start Thread Id is 3308
Start Thread Id is 3309
Start Thread Id is 3310
Start Thread Id is 3311
Start Thread Id is 3312
Start Thread Id is 3313
Start Thread Id is 3314
Start Thread Id is 3315
Start Thread Id is 3316
Start Thread Id is 3317
Start Thread Id is 3318
Start Thread Id is 3319
Start Thread Id is 3320
Start Thread Id is 3321
Start Thread Id is 3322
Start Thread Id is 3323
Start Thread Id is 3324
Start Thread Id is 3325
Start Thread Id is 3326
Start Thread Id is 3327
Start Thread Id is 320
Start Thread Id is 321
Start Thread Id is 322
Start Thread Id is 323
Start Thread Id is 324
Start Thread Id is 325
Start Thread Id is 326
Start Thread Id is 327
Start Thread Id is 328
Start Thread Id is 329
Start Thread Id is 330
Start Thread Id is 331
Start Thread Id is 332
Start Thread Id is 333
Start Thread Id is 334
Start Thread Id is 335
Start Thread Id is 336
Start Thread Id is 337
Start Thread Id is 338
Start Thread Id is 339
Start Thread Id is 340
Start Thread Id is 341
Start Thread Id is 342
Start Thread Id is 343
Start Thread Id is 344
Start Thread Id is 345
Start Thread Id is 346
Start Thread Id is 347
Start Thread Id is 348
Start Thread Id is 349
Start Thread Id is 350
Start Thread Id is 351
Start Thread Id is 544
Start Thread Id is 545
Start Thread Id is 546
Start Thread Id is 547
Start Thread Id is 548
Start Thread Id is 549
Start Thread Id is 550
Start Thread Id is 551
Start Thread Id is 552
Start Thread Id is 553
Start Thread Id is 554
Start Thread Id is 555
Start Thread Id is 556
Start Thread Id is 557
Start Thread Id is 558
Start Thread Id is 559
Start Thread Id is 560
Start Thread Id is 561
Start Thread Id is 562
Start Thread Id is 563
Start Thread Id is 564
Start Thread Id is 565
Start Thread Id is 566
Start Thread Id is 567
Start Thread Id is 568
Start Thread Id is 569
Start Thread Id is 570
Start Thread Id is 571
Start Thread Id is 572
Start Thread Id is 573
Start Thread Id is 574
Start Thread Id is 575
Start Thread Id is 5472
Start Thread Id is 5473
Start Thread Id is 5474
Start Thread Id is 5475
Start Thread Id is 5476
Start Thread Id is 5477
Start Thread Id is 5478
Start Thread Id is 5479
Start Thread Id is 5480
Start Thread Id is 5481
Start Thread Id is 5482
Start Thread Id is 5483
Start Thread Id is 5484
Start Thread Id is 5485
Start Thread Id is 5486
Start Thread Id is 5487
Start Thread Id is 5488
Start Thread Id is 5489
Start Thread Id is 5490
Start Thread Id is 5491
Start Thread Id is 5492
Start Thread Id is 5493
Start Thread Id is 5494
Start Thread Id is 5495
Start Thread Id is 5496
Start Thread Id is 5497
Start Thread Id is 5498
Start Thread Id is 5499
Start Thread Id is 5500
Start Thread Id is 5501
Start Thread Id is 5502
Start Thread Id is 5503
Start Thread Id is 512
Start Thread Id is 513
Start Thread Id is 514
Start Thread Id is 515
Start Thread Id is 516
Start Thread Id is 517
Start Thread Id is 518
Start Thread Id is 519
Start Thread Id is 520
Start Thread Id is 521
Start Thread Id is 522
Start Thread Id is 523
Start Thread Id is 524
Start Thread Id is 525
Start Thread Id is 526
Start Thread Id is 527
Start Thread Id is 528
Start Thread Id is 529
Start Thread Id is 530
Start Thread Id is 531
Start Thread Id is 532
Start Thread Id is 533
Start Thread Id is 534
Start Thread Id is 535
Start Thread Id is 536
Start Thread Id is 537
Start Thread Id is 538
Start Thread Id is 539
Start Thread Id is 540
Start Thread Id is 541
Start Thread Id is 542
Start Thread Id is 543
Start Thread Id is 256
Start Thread Id is 257
Start Thread Id is 258
Start Thread Id is 259
Start Thread Id is 260
Start Thread Id is 261
Start Thread Id is 262
Start Thread Id is 263
Start Thread Id is 264
Start Thread Id is 265
Start Thread Id is 266
Start Thread Id is 267
Start Thread Id is 268
Start Thread Id is 269
Start Thread Id is 270
Start Thread Id is 271
Start Thread Id is 272
Start Thread Id is 273
Start Thread Id is 274
Start Thread Id is 275
Start Thread Id is 276
Start Thread Id is 277
Start Thread Id is 278
Start Thread Id is 279
Start Thread Id is 280
Start Thread Id is 281
Start Thread Id is 282
Start Thread Id is 283
Start Thread Id is 284
Start Thread Id is 285
Start Thread Id is 286
Start Thread Id is 287
Start Thread Id is 5632
Start Thread Id is 5633
Start Thread Id is 5634
Start Thread Id is 5635
Start Thread Id is 5636
Start Thread Id is 5637
Start Thread Id is 5638
Start Thread Id is 5639
Start Thread Id is 5640
Start Thread Id is 5641
Start Thread Id is 5642
Start Thread Id is 5643
Start Thread Id is 5644
Start Thread Id is 5645
Start Thread Id is 5646
Start Thread Id is 5647
Start Thread Id is 5648
Start Thread Id is 5649
Start Thread Id is 5650
Start Thread Id is 5651
Start Thread Id is 5652
Start Thread Id is 5653
Start Thread Id is 5654
Start Thread Id is 5655
Start Thread Id is 5656
Start Thread Id is 5657
Start Thread Id is 5658
Start Thread Id is 5659
Start Thread Id is 5660
Start Thread Id is 5661
Start Thread Id is 5662
Start Thread Id is 5663
Start Thread Id is 5344
Start Thread Id is 5345
Start Thread Id is 5346
Start Thread Id is 5347
Start Thread Id is 5348
Start Thread Id is 5349
Start Thread Id is 5350
Start Thread Id is 5351
Start Thread Id is 5352
Start Thread Id is 5353
Start Thread Id is 5354
Start Thread Id is 5355
Start Thread Id is 5356
Start Thread Id is 5357
Start Thread Id is 5358
Start Thread Id is 5359
Start Thread Id is 5360
Start Thread Id is 5361
Start Thread Id is 5362
Start Thread Id is 5363
Start Thread Id is 5364
Start Thread Id is 5365
Start Thread Id is 5366
Start Thread Id is 5367
Start Thread Id is 5368
Start Thread Id is 5369
Start Thread Id is 5370
Start Thread Id is 5371
Start Thread Id is 5372
Start Thread Id is 5373
Start Thread Id is 5374
Start Thread Id is 5375
Start Thread Id is 5536
Start Thread Id is 5537
Start Thread Id is 5538
Start Thread Id is 5539
Start Thread Id is 5540
Start Thread Id is 5541
Start Thread Id is 5542
Start Thread Id is 5543
Start Thread Id is 5544
Start Thread Id is 5545
Start Thread Id is 5546
Start Thread Id is 5547
Start Thread Id is 5548
Start Thread Id is 5549
Start Thread Id is 5550
Start Thread Id is 5551
Start Thread Id is 5552
Start Thread Id is 5553
Start Thread Id is 5554
Start Thread Id is 5555
Start Thread Id is 5556
Start Thread Id is 5557
Start Thread Id is 5558
Start Thread Id is 5559
Start Thread Id is 5560
Start Thread Id is 5561
Start Thread Id is 5562
Start Thread Id is 5563
Start Thread Id is 5564
Start Thread Id is 5565
Start Thread Id is 5566
Start Thread Id is 5567
Start Thread Id is 384
Start Thread Id is 385
Start Thread Id is 386
Start Thread Id is 387
Start Thread Id is 388
Start Thread Id is 389
Start Thread Id is 390
Start Thread Id is 391
Start Thread Id is 392
Start Thread Id is 393
Start Thread Id is 394
Start Thread Id is 395
Start Thread Id is 396
Start Thread Id is 397
Start Thread Id is 398
Start Thread Id is 399
Start Thread Id is 400
Start Thread Id is 401
Start Thread Id is 402
Start Thread Id is 403
Start Thread Id is 404
Start Thread Id is 405
Start Thread Id is 406
Start Thread Id is 407
Start Thread Id is 408
Start Thread Id is 409
Start Thread Id is 410
Start Thread Id is 411
Start Thread Id is 412
Start Thread Id is 413
Start Thread Id is 414
Start Thread Id is 415
Start Thread Id is 416
Start Thread Id is 417
Start Thread Id is 418
Start Thread Id is 419
Start Thread Id is 420
Start Thread Id is 421
Start Thread Id is 422
Start Thread Id is 423
Start Thread Id is 424
Start Thread Id is 425
Start Thread Id is 426
Start Thread Id is 427
Start Thread Id is 428
Start Thread Id is 429
Start Thread Id is 430
Start Thread Id is 431
Start Thread Id is 432
Start Thread Id is 433
Start Thread Id is 434
Start Thread Id is 435
Start Thread Id is 436
Start Thread Id is 437
Start Thread Id is 438
Start Thread Id is 439
Start Thread Id is 440
Start Thread Id is 441
Start Thread Id is 442
Start Thread Id is 443
Start Thread Id is 444
Start Thread Id is 445
Start Thread Id is 446
Start Thread Id is 447
Start Thread Id is 3456
Start Thread Id is 3457
Start Thread Id is 3458
Start Thread Id is 3459
Start Thread Id is 3460
Start Thread Id is 3461
Start Thread Id is 3462
Start Thread Id is 3463
Start Thread Id is 3464
Start Thread Id is 3465
Start Thread Id is 3466
Start Thread Id is 3467
Start Thread Id is 3468
Start Thread Id is 3469
Start Thread Id is 3470
Start Thread Id is 3471
Start Thread Id is 3472
Start Thread Id is 3473
Start Thread Id is 3474
Start Thread Id is 3475
Start Thread Id is 3476
Start Thread Id is 3477
Start Thread Id is 3478
Start Thread Id is 3479
Start Thread Id is 3480
Start Thread Id is 3481
Start Thread Id is 3482
Start Thread Id is 3483
Start Thread Id is 3484
Start Thread Id is 3485
Start Thread Id is 3486
Start Thread Id is 3487
Start Thread Id is 5504
Start Thread Id is 5505
Start Thread Id is 5506
Start Thread Id is 5507
Start Thread Id is 5508
Start Thread Id is 5509
Start Thread Id is 5510
Start Thread Id is 5511
Start Thread Id is 5512
Start Thread Id is 5513
Start Thread Id is 5514
Start Thread Id is 5515
Start Thread Id is 5516
Start Thread Id is 5517
Start Thread Id is 5518
Start Thread Id is 5519
Start Thread Id is 5520
Start Thread Id is 5521
Start Thread Id is 5522
Start Thread Id is 5523
Start Thread Id is 5524
Start Thread Id is 5525
Start Thread Id is 5526
Start Thread Id is 5527
Start Thread Id is 5528
Start Thread Id is 5529
Start Thread Id is 5530
Start Thread Id is 5531
Start Thread Id is 5532
Start Thread Id is 5533
Start Thread Id is 5534
Start Thread Id is 5535
Start Thread Id is 288
Start Thread Id is 289
Start Thread Id is 290
Start Thread Id is 291
Start Thread Id is 292
Start Thread Id is 293
Start Thread Id is 294
Start Thread Id is 295
Start Thread Id is 296
Start Thread Id is 297
Start Thread Id is 298
Start Thread Id is 299
Start Thread Id is 300
Start Thread Id is 301
Start Thread Id is 302
Start Thread Id is 303
Start Thread Id is 304
Start Thread Id is 305
Start Thread Id is 306
Start Thread Id is 307
Start Thread Id is 308
Start Thread Id is 309
Start Thread Id is 310
Start Thread Id is 311
Start Thread Id is 312
Start Thread Id is 313
Start Thread Id is 314
Start Thread Id is 315
Start Thread Id is 316
Start Thread Id is 317
Start Thread Id is 318
Start Thread Id is 319
Start Thread Id is 5312
Start Thread Id is 5313
Start Thread Id is 5314
Start Thread Id is 5315
Start Thread Id is 5316
Start Thread Id is 5317
Start Thread Id is 5318
Start Thread Id is 5319
Start Thread Id is 5320
Start Thread Id is 5321
Start Thread Id is 5322
Start Thread Id is 5323
Start Thread Id is 5324
Start Thread Id is 5325
Start Thread Id is 5326
Start Thread Id is 5327
Start Thread Id is 5328
Start Thread Id is 5329
Start Thread Id is 5330
Start Thread Id is 5331
Start Thread Id is 5332
Start Thread Id is 5333
Start Thread Id is 5334
Start Thread Id is 5335
Start Thread Id is 5336
Start Thread Id is 5337
Start Thread Id is 5338
Start Thread Id is 5339
Start Thread Id is 5340
Start Thread Id is 5341
Start Thread Id is 5342
Start Thread Id is 5343
INFO: Time (ms) for KF track fitting on device 0 : 87.660844
INFO: Total Wall clock time (ms) for KF track fitting: 87.762527
------------------------  ending  -----------------------
