INFO: float precision operand used.
INFO: Creating 10 boundless plane surfaces
Warning! Generated particle rejected!
Warning! Generated particle rejected!
Warning! Generated particle rejected!
Warning! Generated particle rejected!
Warning! Generated particle rejected!
Warning! Generated particle rejected!
Warning! Generated particle rejected!
Warning! Generated particle rejected!
Warning! Generated particle rejected!
Warning! Generated particle rejected!
Warning! Generated particle rejected!
Warning! Generated particle rejected!
Warning! Generated particle rejected!
Warning! Generated particle rejected!
Warning! Generated particle rejected!
Warning! Generated particle rejected!
Warning! Generated particle rejected!
Warning! Generated particle rejected!
Warning! Generated particle rejected!
Warning! Generated particle rejected!
Warning! Generated particle rejected!
Warning! Generated particle rejected!
Warning! Generated particle rejected!
Warning! Generated particle rejected!
Warning! Generated particle rejected!
Warning! Generated particle rejected!
Warning! Generated particle rejected!
Warning! Generated particle rejected!
Warning! Generated particle rejected!
Warning! Generated particle rejected!
Warning! Generated particle rejected!
Warning! Generated particle rejected!
Warning! Generated particle rejected!
Warning! Generated particle rejected!
Warning! Generated particle rejected!
Warning! Generated particle rejected!
Warning! Generated particle rejected!
Warning! Generated particle rejected!
Warning! Generated particle rejected!
Warning! Generated particle rejected!
Warning! Generated particle rejected!
Warning! Generated particle rejected!
Warning! Generated particle rejected!
Warning! Generated particle rejected!
Warning! Generated particle rejected!
Warning! Generated particle rejected!
Warning! Generated particle rejected!
Warning! Generated particle rejected!
Warning! Generated particle rejected!
Warning! Generated particle rejected!
Warning! Generated particle rejected!
Warning! Generated particle rejected!
Warning! Generated particle rejected!
Warning! Generated particle rejected!
Warning! Generated particle rejected!
Warning! Generated particle rejected!
Warning! Generated particle rejected!
Warning! Generated particle rejected!
Warning! Generated particle rejected!
Warning! Generated particle rejected!
Warning! Generated particle rejected!
Warning! Generated particle rejected!
Warning! Generated particle rejected!
Warning! Generated particle rejected!
Warning! Generated particle rejected!
Warning! Generated particle rejected!
Warning! Generated particle rejected!
Warning! Generated particle rejected!
Warning! Generated particle rejected!
Warning! Generated particle rejected!
Warning! Generated particle rejected!

INFO: Time (ms) to run simulation: 17411
INFO: Time (ms) to run KF track fitting for 100000 with 104 OMP threads: 33271.8
------------------------  ending  -----------------------
