INFO: float precision operand used.

Device : NVIDIA A100 80GB PCIe
maxThreadsPerMultiProcessor : 2048
maxGridSize : (2147483647, 65535, 65535)
maxThreadsPerBlock : 1024
maxThreadsDim : (1024, 1024, 64)
regsPerMultiprocessor : 65536
regsPerBlock : 65536
Cuda driver version: 11040
Cuda rt version: 11030
INFO: Warp Occupancy with block size 64 : 12.5%
INFO: Estimated max occupancy with block size =  256, min grid size = 108

INFO: grid size = 5120 x 1, block size =  8 x 8
INFO: Creating 10 boundless plane surfaces
Warning! Generated particle rejected!
Warning! Generated particle rejected!
Warning! Generated particle rejected!
Warning! Generated particle rejected!
Warning! Generated particle rejected!
Warning! Generated particle rejected!
Warning! Generated particle rejected!
Warning! Generated particle rejected!

INFO: Time (ms) to run simulation: 2444.68
INFO: Time (ms) for KF track fitting on device 0 : 40.955720
INFO: Total Wall clock time (ms) for KF track fitting: 41.017502
------------------------  ending  -----------------------
