INFO: float precision operand used.

Device : Tesla T4
maxThreadsPerMultiProcessor : 1024
maxGridSize : (2147483647, 65535, 65535)
maxThreadsPerBlock : 1024
maxThreadsDim : (1024, 1024, 64)
regsPerMultiprocessor : 65536
regsPerBlock : 65536
Cuda driver version: 11040
Cuda rt version: 11030
INFO: Warp Occupancy with block size 64 : 25%
INFO: Estimated max occupancy with block size =  256, min grid size = 40

INFO: grid size = 5120 x 1, block size =  8 x 8
INFO: Creating 10 boundless plane surfaces
Warning! Generated particle rejected!
Warning! Generated particle rejected!
Warning! Generated particle rejected!
Warning! Generated particle rejected!
Warning! Generated particle rejected!
Warning! Generated particle rejected!
Warning! Generated particle rejected!
Warning! Generated particle rejected!

INFO: Time (ms) to run simulation: 1891.84
20, 22871957
19, 22871957
17, 22871957
19, 22871957
21, 22871957
20, 22871957
21, 22871957
21, 22871957
20, 22871957
17, 22871957
20, 22871957
21, 22871957
19, 22871957
20, 22871957
20, 22871957
18, 22871957
19, 22871957
19, 22871957
20, 22871957
20, 22871957
20, 22871957
20, 22871957
18, 22871957
21, 22871957
21, 22871957
18, 22871957
21, 22871957
20, 22871957
20, 22871957
21, 22871957
18, 22871957
19, 22871957
18, 23808920
20, 23808920
18, 23808920
20, 23808920
19, 23808920
21, 23808920
20, 23808920
20, 23808920
20, 23808920
19, 23808920
21, 23808920
20, 23808920
19, 23808920
21, 23808920
20, 23808920
18, 23808920
18, 26574401
20, 26574401
20, 26574401
20, 26574401
19, 26574401
21, 26574401
19, 26574401
20, 26574401
20, 26574401
21, 26574401
20, 26574401
19, 26574401
19, 26574401
18, 26574401
20, 26574401
21, 26574401
20, 26574401
21, 26574401
20, 26574401
20, 26574401
20, 26574401
21, 26574401
19, 26574401
20, 26574401
19, 26574401
19, 26574401
18, 26574401
20, 26574401
19, 26574401
19, 26574401
20, 26574401
20, 26574401
21, 26959896
21, 26959896
21, 26959896
19, 26959896
19, 26959896
18, 26959896
20, 26959896
20, 26959896
17, 26959896
19, 26959896
19, 26959896
20, 26959896
21, 26959896
20, 26959896
18, 26959896
19, 26959896
19, 26959896
19, 26959896
19, 26959896
20, 26959896
19, 26959896
20, 26959896
20, 26959896
20, 26959896
20, 26959896
20, 26959896
21, 26959896
20, 26959896
19, 26959896
20, 26959896
20, 26959896
19, 26959896
20, 27838795
21, 27838795
20, 27838795
18, 27838795
20, 27838795
19, 27838795
18, 27838795
18, 27838795
20, 27838795
21, 27838795
19, 27838795
19, 27838795
21, 27838795
20, 27838795
20, 27838795
19, 27838795
19, 27838795
20, 27838795
19, 27838795
21, 27838795
19, 27838795
21, 27838795
20, 27838795
20, 27838795
18, 27838795
20, 27838795
18, 27838795
19, 27838795
20, 27838795
20, 27838795
17, 27838795
20, 27838795
21, 31919224
19, 31919224
20, 31919224
20, 31919224
18, 31919224
21, 31919224
21, 31919224
21, 31919224
21, 31919224
19, 31919224
21, 31919224
19, 31919224
19, 31919224
19, 31919224
19, 31919224
20, 31919224
20, 31919224
20, 31919224
19, 31919224
19, 31919224
21, 31919224
18, 31919224
19, 31919224
18, 31919224
20, 31919224
21, 31919224
20, 31919224
20, 31919224
20, 31919224
19, 31919224
18, 31919224
21, 31919224
17, 33930396
21, 33930396
21, 33930396
18, 33930396
19, 33930396
20, 33930396
20, 33930396
19, 33930396
19, 33930396
20, 33930396
20, 33930396
19, 33930396
20, 33930396
19, 33930396
20, 33930396
19, 33930396
19, 33930396
20, 33930396
20, 33930396
20, 33930396
20, 33930396
21, 33930396
20, 33930396
20, 33930396
21, 33930396
19, 33930396
20, 33930396
20, 33930396
21, 33930396
19, 33930396
20, 33930396
18, 33930396
21, 34779397
20, 34779397
19, 34779397
21, 34779397
20, 34779397
19, 34779397
21, 34779397
19, 34779397
21, 34779397
18, 34779397
20, 34779397
18, 34779397
19, 34779397
21, 34779397
18, 34779397
21, 34779397
20, 34779397
19, 34779397
20, 34779397
20, 34779397
20, 34779397
19, 34779397
21, 34779397
19, 34779397
20, 34779397
20, 34779397
20, 34779397
19, 34779397
19, 34779397
21, 34779397
19, 34779397
18, 34779397
20, 36069612
21, 36069612
21, 36069612
21, 36069612
20, 36069612
19, 36069612
18, 36069612
19, 36069612
21, 36069612
20, 36069612
19, 36069612
19, 36069612
19, 36069612
21, 36069612
19, 36069612
19, 36069612
20, 36069612
21, 36069612
19, 36069612
21, 36069612
21, 36069612
19, 36069612
19, 36069612
19, 36069612
20, 36069612
18, 36069612
20, 36069612
21, 36069612
19, 36069612
19, 36069612
17, 36069612
21, 36069612
19, 36466601
18, 36466601
21, 36466601
19, 36466601
20, 36466601
20, 36466601
20, 36466601
20, 36466601
18, 36466601
20, 36466601
20, 36466601
20, 36466601
19, 36466601
18, 36466601
21, 36466601
20, 36466601
18, 36466601
20, 36466601
19, 36466601
18, 36466601
20, 36466601
19, 36466601
19, 36466601
19, 36466601
20, 36466601
20, 36466601
19, 36466601
20, 36466601
20, 36466601
20, 36466601
21, 36466601
20, 36466601
20, 56606078
19, 56606078
20, 56606078
19, 56606078
20, 56606078
19, 56606078
19, 56606078
21, 56606078
21, 56606078
18, 56606078
20, 56606078
21, 56606078
18, 56606078
21, 56606078
18, 56606078
20, 56606078
20, 56606078
17, 56606078
18, 56606078
21, 56606078
20, 56606078
20, 56606078
21, 56606078
19, 56606078
20, 56606078
20, 56606078
18, 56606078
19, 56606078
20, 56606078
18, 56606078
19, 56606078
18, 56606078
19, 56706673
20, 56706673
19, 56706673
19, 56706673
19, 56706673
19, 56706673
18, 56706673
19, 56706673
19, 56706673
20, 56706673
20, 56706673
21, 56706673
21, 56706673
20, 56706673
19, 56706673
19, 56706673
20, 56706673
20, 56706673
20, 56706673
20, 56706673
21, 56706673
21, 56706673
19, 56706673
19, 56706673
21, 56706673
20, 56706673
20, 56706673
20, 56706673
20, 56706673
18, 56706673
19, 56706673
20, 56706673
20, 56761351
20, 56761351
19, 56761351
19, 56761351
21, 56761351
19, 56761351
21, 56761351
20, 56761351
18, 56761351
21, 56761351
20, 56761351
20, 56761351
21, 56761351
19, 56761351
21, 56761351
21, 56761351
19, 56761351
21, 56761351
21, 56761351
19, 56761351
20, 56761351
21, 56761351
19, 56761351
18, 56761351
20, 56761351
21, 56761351
21, 56761351
20, 56761351
19, 56761351
19, 56761351
18, 56761351
21, 56761351
19, 56784095
21, 56784095
20, 56784095
20, 56784095
20, 56784095
19, 56784095
20, 56784095
18, 56784095
18, 56784095
20, 56784095
21, 56784095
20, 56784095
19, 56784095
20, 56784095
19, 56784095
17, 56784095
20, 56784095
21, 56784095
19, 56784095
21, 56784095
21, 56784095
20, 56784095
20, 56784095
19, 56784095
18, 56784095
19, 56784095
19, 56784095
21, 56784095
19, 56784095
20, 56784095
19, 56784095
20, 56784095
19, 56834551
18, 56834551
20, 56834551
20, 56834551
20, 56834551
18, 56834551
19, 56834551
19, 56834551
20, 56834551
20, 56834551
18, 56834551
18, 56834551
17, 56834551
20, 56834551
19, 56834551
20, 56834551
20, 56834551
21, 56834551
19, 56834551
19, 56834551
20, 56834551
19, 56834551
20, 56834551
19, 56834551
21, 56834551
18, 56834551
20, 56834551
19, 56834551
21, 56834551
19, 56834551
19, 56834551
19, 56834551
17, 56851040
18, 56851040
21, 56851040
19, 56851040
20, 56851040
21, 56851040
21, 56851040
21, 56851040
20, 56851040
21, 56851040
20, 56851040
20, 56851040
20, 56851040
19, 56851040
19, 56851040
21, 56851040
20, 56851040
18, 56851040
19, 56851040
20, 56851040
19, 56851040
21, 56851040
21, 56851040
21, 56851040
20, 56851040
19, 56851040
21, 56851040
20, 56851040
21, 56851040
20, 56851040
21, 56851040
18, 56851040
19, 56875528
20, 56875528
21, 56875528
19, 56875528
18, 56875528
18, 56875528
19, 56875528
20, 56875528
18, 56875528
21, 56875528
20, 56875528
21, 56875528
18, 56875528
19, 56875528
20, 56875528
19, 56875528
20, 56875528
19, 56875528
19, 56875528
20, 56875528
19, 56875528
19, 56875528
19, 56875528
18, 56875528
19, 56875528
18, 56875528
19, 56875528
19, 56875528
18, 56875528
19, 56875528
21, 56875528
21, 56875528
20, 56914115
20, 56914115
19, 56914115
20, 56914115
21, 56914115
19, 56914115
18, 56914115
19, 56914115
18, 56914115
20, 56914115
19, 56914115
21, 56914115
20, 56914115
18, 56914115
20, 56914115
20, 56914115
21, 56914115
18, 56914115
19, 56914115
20, 56914115
18, 56914115
21, 56914115
19, 56914115
19, 56914115
19, 56914115
20, 56914115
19, 56914115
21, 56914115
18, 56914115
21, 56914115
18, 56914115
21, 56914115
20, 56915255
20, 56915255
19, 56915255
18, 56915255
20, 56915255
19, 56915255
19, 56915255
17, 56915255
21, 56915255
21, 56915255
19, 56915255
21, 56915255
18, 56915255
21, 56915255
21, 56915255
19, 56915255
20, 56915255
20, 56915255
19, 56915255
19, 56915255
20, 56915255
19, 56915255
19, 56915255
19, 56915255
21, 56915255
20, 56915255
20, 56915255
20, 56915255
19, 56915255
18, 56915255
20, 56915255
20, 56915255
19, 56988591
19, 56988591
17, 56988591
19, 56988591
21, 56988591
19, 56988591
21, 56988591
21, 56988591
18, 56988591
21, 56988591
20, 56988591
19, 56988591
20, 56988591
18, 56988591
18, 56988591
20, 56988591
19, 56988591
19, 56988591
19, 56988591
18, 56988591
21, 56988591
21, 56988591
18, 56988591
19, 56988591
20, 56988591
18, 56988591
18, 56988591
20, 56988591
19, 56988591
19, 56988591
20, 56988591
20, 56988591
21, 56992007
21, 56992007
20, 56992007
18, 56992007
19, 56992007
20, 56992007
18, 56992007
19, 56992007
19, 56992007
21, 56992007
20, 56992007
20, 56992007
20, 56992007
19, 56992007
20, 56992007
18, 56992007
19, 56992007
19, 56992007
20, 56992007
21, 56992007
19, 56992007
19, 56992007
21, 56992007
21, 56992007
20, 56992007
19, 56992007
20, 56992007
20, 56992007
20, 56992007
19, 56992007
20, 56992007
20, 56992007
19, 56997632
19, 56997632
21, 56997632
17, 56997632
19, 56997632
19, 56997632
19, 56997632
20, 56997632
20, 56997632
20, 56997632
19, 56997632
20, 56997632
20, 56997632
20, 56997632
20, 56997632
20, 56997632
21, 56997632
19, 56997632
20, 56997632
21, 56997632
18, 56997632
19, 56997632
20, 56997632
20, 56997632
19, 56997632
20, 56997632
20, 56997632
20, 56997632
19, 56997632
18, 56997632
20, 56997632
20, 56997632
19, 57046519
20, 57046519
21, 57046519
18, 57046519
20, 57046519
18, 57046519
19, 57046519
19, 57046519
20, 57046519
18, 57046519
20, 57046519
21, 57046519
17, 57046519
20, 57046519
19, 57046519
20, 57046519
18, 57046519
19, 57046519
21, 57046519
19, 57046519
19, 57046519
21, 57046519
19, 57046519
21, 57046519
20, 57046519
19, 57046519
21, 57046519
20, 57046519
20, 57046519
20, 57046519
21, 57046519
18, 57046519
20, 57077747
21, 57077747
18, 57077747
20, 57077747
20, 57077747
19, 57077747
20, 57077747
20, 57077747
20, 57077747
19, 57077747
19, 57077747
19, 57077747
19, 57077747
19, 57077747
21, 57077747
20, 57077747
19, 57077747
20, 57077747
21, 57077747
20, 57077747
20, 57077747
20, 57077747
19, 57077747
18, 57077747
20, 57077747
21, 57077747
20, 57077747
20, 57077747
19, 57077747
17, 57077747
20, 57077747
19, 57077747
20, 57130626
20, 57130626
20, 57130626
20, 57130626
19, 57130626
19, 57130626
20, 57130626
21, 57130626
21, 57130626
17, 57130626
21, 57130626
18, 57130626
21, 57130626
21, 57130626
19, 57130626
19, 57130626
19, 57130626
18, 57130626
19, 57130626
20, 57130626
19, 57130626
20, 57130626
21, 57130626
19, 57130626
19, 57130626
20, 57130626
20, 57130626
18, 57130626
20, 57130626
21, 57130626
19, 57130626
20, 57130626
19, 57155383
21, 57155383
20, 57155383
19, 57155383
20, 57155383
21, 57155383
21, 57155383
21, 57155383
20, 57155383
18, 57155383
20, 57155383
18, 57155383
19, 57155383
20, 57155383
21, 57155383
20, 57155383
20, 57155383
20, 57155383
21, 57155383
20, 57155383
19, 57155383
20, 57155383
20, 57155383
20, 57155383
19, 57155383
19, 57155383
20, 57155383
21, 57155383
21, 57155383
20, 57155383
20, 57155383
18, 57155383
19, 57171675
18, 57171675
20, 57171675
21, 57171675
20, 57171675
21, 57171675
20, 57171675
20, 57171675
21, 57171675
20, 57171675
20, 57171675
20, 57171675
19, 57171675
19, 57171675
17, 57171675
20, 57171675
20, 57171675
20, 57171675
21, 57171675
19, 57171675
21, 57171675
20, 57171675
19, 57171675
17, 57171675
19, 57171675
19, 57171675
20, 57171675
20, 57171675
18, 57171675
19, 57171675
20, 57171675
19, 57171675
20, 57187780
21, 57187780
20, 57187780
20, 57187780
20, 57187780
18, 57187780
20, 57187780
20, 57187780
19, 57187780
19, 57187780
18, 57187780
18, 57187780
18, 57187780
19, 57187780
20, 57187780
17, 57187780
21, 57187780
20, 57187780
19, 57187780
21, 57187780
20, 57187780
19, 57187780
19, 57187780
21, 57187780
19, 57187780
20, 57187780
19, 57187780
20, 57187780
20, 57187780
20, 57187780
20, 57187780
18, 57187780
20, 57190939
20, 57190939
21, 57190939
19, 57190939
19, 57190939
20, 57190939
17, 57190939
21, 57190939
21, 57190939
21, 57190939
20, 57190939
20, 57190939
21, 57190939
18, 57190939
19, 57190939
20, 57190939
20, 57190939
19, 57190939
21, 57190939
21, 57190939
21, 57190939
18, 57190939
20, 57190939
19, 57190939
20, 57190939
20, 57190939
19, 57190939
18, 57190939
20, 57190939
20, 57190939
18, 57190939
18, 57190939
21, 57190938
18, 57190938
19, 57190938
20, 57190938
20, 57190938
19, 57190938
20, 57190938
19, 57190938
20, 57190938
20, 57190938
19, 57190938
18, 57190938
20, 57190938
21, 57190938
19, 57190938
20, 57190938
19, 57190938
21, 57190938
20, 57190938
20, 57190938
20, 57190938
21, 57190938
20, 57190938
17, 57190938
20, 57190938
17, 57190938
21, 57190938
18, 57190938
21, 57190938
18, 57190938
20, 57190938
19, 57190938
20, 57299444
19, 57299444
19, 57299444
21, 57299444
19, 57299444
21, 57299444
20, 57299444
21, 57299444
18, 57299444
20, 57299444
20, 57299444
19, 57299444
21, 57299444
21, 57299444
20, 57299444
20, 57299444
20, 57299444
19, 57299444
20, 57299444
20, 57299444
20, 57299444
20, 57299444
20, 57299444
21, 57299444
20, 57299444
21, 57299444
19, 57299444
20, 57299444
20, 57299444
21, 57299444
18, 57299444
20, 57299444
20, 57319783
20, 57319783
20, 57319783
20, 57319783
19, 57319783
19, 57319783
20, 57319783
20, 57319783
21, 57319783
20, 57319783
18, 57319783
19, 57319783
21, 57319783
17, 57319783
20, 57319783
21, 57319783
20, 57319783
21, 57319783
19, 57319783
20, 57319783
20, 57319783
20, 57319783
20, 57319783
19, 57319783
21, 57319783
21, 57319783
17, 57319783
19, 57319783
20, 57319783
20, 57319783
20, 57319783
21, 57319783
19, 57382083
20, 57382083
19, 57382083
19, 57382083
20, 57382083
18, 57382083
21, 57382083
17, 57382083
20, 57382083
20, 57382083
20, 57382083
21, 57382083
20, 57382083
20, 57382083
20, 57382083
18, 57382083
18, 57382083
18, 57382083
19, 57382083
19, 57382083
20, 57382083
19, 57382083
20, 57382083
19, 57382083
18, 57382083
20, 57382083
20, 57382083
20, 57382083
20, 57382083
20, 57382083
20, 57382083
21, 57382083
20, 57437943
20, 57437943
19, 57437943
20, 57437943
18, 57437943
21, 57437943
18, 57437943
21, 57437943
19, 57437943
19, 57437943
21, 57437943
19, 57437943
20, 57437943
21, 57437943
21, 57437943
19, 57437943
21, 57437943
20, 57437943
21, 57437943
18, 57437943
19, 57437943
21, 57437943
20, 57437943
20, 57437943
20, 57437943
19, 57437943
20, 57437943
20, 57437943
20, 57437943
20, 57437943
21, 57437943
19, 57437943
21, 57476039
21, 57476039
20, 57476039
19, 57476039
19, 57476039
20, 57476039
21, 57476039
20, 57476039
19, 57476039
21, 57476039
21, 57476039
20, 57476039
20, 57476039
19, 57476039
18, 57476039
18, 57476039
20, 57476039
20, 57476039
21, 57476039
19, 57476039
20, 57476039
19, 57476039
21, 57476039
20, 57476039
20, 57476039
20, 57476039
19, 57476039
21, 57476039
20, 57476039
21, 57476039
19, 57476039
21, 57476039
19, 57648569
20, 57648569
20, 57648569
20, 57648569
20, 57648569
21, 57648569
21, 57648569
20, 57648569
19, 57648569
19, 57648569
20, 57648569
21, 57648569
20, 57648569
19, 57648569
20, 57648569
21, 57648569
20, 57648569
20, 57648569
21, 57648569
19, 57648569
20, 57648569
19, 57648569
19, 57648569
19, 57648569
20, 57648569
20, 57648569
18, 57648569
21, 57648569
20, 57648569
20, 57648569
18, 57648569
20, 57648569
20, 57705866
20, 57705866
21, 57705866
20, 57705866
20, 57705866
20, 57705866
21, 57705866
20, 57705866
20, 57705866
20, 57705866
21, 57705866
18, 57705866
20, 57705866
20, 57705866
20, 57705866
20, 57705866
19, 57705866
18, 57705866
20, 57705866
20, 57705866
21, 57705866
21, 57705866
20, 57705866
19, 57705866
21, 57705866
20, 57705866
20, 57705866
19, 57705866
19, 57705866
18, 57705866
20, 57705866
19, 57705866
20, 57778710
20, 57778710
20, 57778710
20, 57778710
21, 57778710
21, 57778710
20, 57778710
21, 57778710
18, 57778710
19, 57778710
20, 57778710
20, 57778710
20, 57778710
19, 57778710
20, 57778710
20, 57778710
19, 57778710
20, 57778710
21, 57778710
20, 57778710
21, 57778710
19, 57778710
20, 57778710
19, 57778710
19, 57778710
19, 57778710
18, 57778710
19, 57778710
19, 57778710
20, 57778710
20, 57778710
19, 57778710
19, 57826224
19, 57826224
19, 57826224
21, 57826224
19, 57826224
19, 57826224
19, 57826224
18, 57826224
18, 57826224
19, 57826224
20, 57826224
17, 57826224
20, 57826224
20, 57826224
18, 57826224
21, 57826224
18, 57826224
19, 57826224
21, 57826224
20, 57826224
19, 57826224
20, 57826224
20, 57826224
20, 57826224
21, 57826224
20, 57826224
19, 57826224
21, 57826224
19, 57826224
20, 57826224
19, 57826224
20, 57826224
18, 57843817
21, 57843817
21, 57843817
21, 57843817
19, 57843817
18, 57843817
20, 57843817
21, 57843817
18, 57843817
20, 57843817
20, 57843817
21, 57843817
21, 57843817
19, 57843817
19, 57843817
21, 57843817
19, 57843817
20, 57843817
19, 57843817
21, 57843817
20, 57843817
19, 57843817
18, 57843817
21, 57843817
21, 57843817
21, 57843817
20, 57843817
20, 57843817
20, 57843817
18, 57843817
19, 57843817
18, 57843817
18, 57867693
17, 57867693
21, 57867693
17, 57867693
19, 57867693
20, 57867693
21, 57867693
20, 57867693
20, 57867693
20, 57867693
19, 57867693
20, 57867693
20, 57867693
20, 57867693
17, 57867693
17, 57867693
20, 57867693
20, 57867693
18, 57867693
19, 57867693
21, 57867693
18, 57867693
19, 57867693
20, 57867693
20, 57867693
21, 57867693
20, 57867693
19, 57867693
19, 57867693
21, 57867693
20, 57867693
20, 57867693
21, 57869991
20, 57869991
20, 57869991
20, 57869991
19, 57869991
18, 57869991
19, 57869991
21, 57869991
20, 57869991
19, 57869991
19, 57869991
18, 57869991
19, 57869991
20, 57869991
19, 57869991
20, 57869991
17, 57869991
21, 57869991
20, 57869991
20, 57869991
20, 57869991
19, 57869991
20, 57869991
18, 57869991
20, 57869991
19, 57869991
19, 57869991
19, 57869991
20, 57869991
20, 57869991
18, 57869991
19, 57869991
20, 57928541
18, 57928541
21, 57928541
19, 57928541
19, 57928541
19, 57928541
20, 57928541
19, 57928541
21, 57928541
20, 57928541
20, 57928541
20, 57928541
21, 57928541
20, 57928541
19, 57928541
19, 57928541
20, 57928541
19, 57928541
21, 57928541
19, 57928541
20, 57928541
20, 57928541
20, 57928541
20, 57928541
20, 57928541
19, 57928541
17, 57928541
20, 57928541
19, 57928541
20, 57928541
20, 57928541
19, 57928541
20, 58010530
21, 58010530
19, 58010530
19, 58010530
20, 58010530
21, 58010530
18, 58010530
21, 58010530
20, 58010530
19, 58010530
20, 58010530
20, 58010530
19, 58010530
20, 58010530
19, 58010530
20, 58010530
20, 58010530
19, 58010530
21, 58010530
20, 58010530
21, 58010530
19, 58010530
20, 58010530
19, 58010530
19, 58010530
20, 58010530
21, 58010530
19, 58010530
20, 58010530
20, 58010530
20, 58010530
18, 58010530
20, 58053327
19, 58053327
20, 58053327
21, 58053327
19, 58053327
20, 58053327
20, 58053327
18, 58053327
21, 58053327
19, 58053327
21, 58053327
20, 58053327
20, 58053327
20, 58053327
19, 58053327
21, 58053327
19, 58053327
19, 58053327
19, 58053327
21, 58053327
19, 58053327
19, 58053327
21, 58053327
19, 58053327
18, 58053327
19, 58053327
20, 58053327
21, 58053327
20, 58053327
19, 58053327
20, 58053327
19, 58053327
19, 58155259
20, 58155259
21, 58155259
19, 58155259
20, 58155259
19, 58155259
20, 58155259
21, 58155259
20, 58155259
20, 58155259
20, 58155259
20, 58155259
19, 58155259
19, 58155259
21, 58155259
20, 58155259
20, 58155259
20, 58155259
20, 58155259
20, 58155259
20, 58155259
19, 58155259
20, 58155259
18, 58155259
21, 58155259
18, 58155259
18, 58155259
20, 58155259
20, 58155259
20, 58155259
21, 58155259
20, 58155259
21, 58240687
19, 58240687
18, 58240687
20, 58240687
19, 58240687
17, 58240687
19, 58240687
20, 58240687
20, 58240687
21, 58240687
21, 58240687
18, 58240687
20, 58240687
20, 58240687
19, 58240687
21, 58240687
19, 58240687
18, 58240687
20, 58240687
20, 58240687
20, 58240687
20, 58240687
19, 58240687
19, 58240687
20, 58240687
19, 58240687
19, 58240687
20, 58240687
18, 58240687
18, 58240687
18, 58240687
20, 58240687
17, 58325317
20, 58325317
18, 58325317
19, 58325317
20, 58325317
19, 58325317
19, 58325317
18, 58325317
21, 58325317
20, 58325317
20, 58325317
21, 58325317
19, 58325317
21, 58325317
20, 58325317
20, 58325317
19, 58325317
19, 58325317
20, 58325317
19, 58325317
21, 58325317
19, 58325317
20, 58325317
19, 58325317
18, 58325317
20, 58325317
19, 58325317
19, 58325317
20, 58325317
21, 58325317
20, 58325317
20, 58325317
20, 58392866
20, 58392866
20, 58392866
19, 58392866
18, 58392866
19, 58392866
19, 58392866
19, 58392866
19, 58392866
20, 58392866
19, 58392866
19, 58392866
21, 58392866
19, 58392866
20, 58392866
19, 58392866
20, 58392866
20, 58392866
18, 58392866
18, 58392866
18, 58392866
20, 58392866
19, 58392866
21, 58392866
20, 58392866
19, 58392866
18, 58392866
21, 58392866
21, 58392866
19, 58392866
17, 58392866
19, 58392866
19, 58420587
21, 58420587
20, 58420587
21, 58420587
18, 58420587
21, 58420587
19, 58420587
19, 58420587
18, 58420587
21, 58420587
21, 58420587
19, 58420587
18, 58420587
21, 58420587
18, 58420587
18, 58420587
21, 58420587
19, 58420587
20, 58420587
20, 58420587
21, 58420587
18, 58420587
20, 58420587
20, 58420587
21, 58420587
20, 58420587
20, 58420587
21, 58420587
20, 58420587
20, 58420587
19, 58420587
19, 58420587
19, 58419781
21, 58419781
21, 58419781
21, 58419781
20, 58419781
21, 58419781
20, 58419781
19, 58419781
19, 58419781
19, 58419781
20, 58419781
19, 58419781
20, 58419781
18, 58419781
18, 58419781
19, 58419781
17, 58419781
21, 58419781
20, 58419781
20, 58419781
19, 58419781
20, 58419781
19, 58419781
19, 58419781
19, 58419781
21, 58419781
20, 58419781
19, 58419781
21, 58419781
19, 58419781
20, 58419781
20, 58419781
19, 58428627
20, 58428627
20, 58428627
19, 58428627
18, 58428627
19, 58428627
18, 58428627
19, 58428627
21, 58428627
20, 58428627
19, 58428627
20, 58428627
20, 58428627
20, 58428627
21, 58428627
20, 58428627
20, 58428627
20, 58428627
18, 58428627
21, 58428627
19, 58428627
20, 58428627
18, 58428627
21, 58428627
21, 58428627
20, 58428627
19, 58428627
20, 58428627
19, 58428627
21, 58428627
20, 58428627
20, 58428627
19, 58441775
20, 58441775
20, 58441775
21, 58441775
18, 58441775
20, 58441775
18, 58441775
20, 58441775
18, 58441775
21, 58441775
21, 58441775
21, 58441775
20, 58441775
19, 58441775
20, 58441775
21, 58441775
21, 58441775
21, 58441775
20, 58441775
19, 58441775
20, 58441775
20, 58441775
19, 58441775
21, 58441775
20, 58441775
20, 58441775
19, 58441775
20, 58441775
19, 58441775
20, 58441775
20, 58441775
19, 58441775
21, 58521536
19, 58521536
20, 58521536
18, 58521536
18, 58521536
19, 58521536
19, 58521536
20, 58521536
18, 58521536
20, 58521536
20, 58521536
21, 58521536
21, 58521536
20, 58521536
19, 58521536
18, 58521536
20, 58521536
21, 58521536
20, 58521536
20, 58521536
19, 58521536
21, 58521536
19, 58521536
19, 58521536
18, 58521536
20, 58521536
18, 58521536
21, 58521536
20, 58521536
19, 58521536
20, 58521536
18, 58521536
20, 58535184
20, 58535184
20, 58535184
20, 58535184
18, 58535184
19, 58535184
20, 58535184
21, 58535184
20, 58535184
19, 58535184
18, 58535184
21, 58535184
20, 58535184
21, 58535184
20, 58535184
20, 58535184
20, 58535184
18, 58535184
20, 58535184
19, 58535184
21, 58535184
19, 58535184
20, 58535184
18, 58535184
19, 58535184
20, 58535184
20, 58535184
18, 58535184
18, 58535184
19, 58535184
20, 58535184
19, 58535184
20, 58569312
19, 58569312
20, 58569312
20, 58569312
19, 58569312
20, 58569312
19, 58569312
20, 58569312
19, 58569312
20, 58569312
20, 58569312
20, 58569312
20, 58569312
21, 58569312
18, 58569312
20, 58569312
19, 58569312
20, 58569312
20, 58569312
20, 58569312
19, 58569312
19, 58569312
19, 58569312
19, 58569312
21, 58569312
20, 58569312
21, 58569312
18, 58569312
19, 58569312
20, 58569312
20, 58569312
19, 58569312
19, 58584937
20, 58584937
19, 58584937
19, 58584937
18, 58584937
18, 58584937
20, 58584937
18, 58584937
20, 58584937
21, 58584937
18, 58584937
20, 58584937
19, 58584937
18, 58584937
20, 58584937
21, 58584937
21, 58584937
19, 58584937
17, 58584937
18, 58584937
19, 58584937
19, 58584937
19, 58584937
19, 58584937
20, 58584937
18, 58584937
18, 58584937
19, 58584937
20, 58584937
20, 58584937
20, 58584937
21, 58584937
20, 58591381
21, 58591381
21, 58591381
21, 58591381
21, 58591381
19, 58591381
19, 58591381
20, 58591381
20, 58591381
21, 58591381
19, 58591381
19, 58591381
20, 58591381
19, 58591381
19, 58591381
20, 58591381
21, 58591381
19, 58591381
19, 58591381
18, 58591381
18, 58591381
21, 58591381
21, 58591381
19, 58591381
20, 58591381
20, 58591381
19, 58591381
20, 58591381
20, 58591381
21, 58591381
21, 58591381
21, 58591381
19, 58591304
20, 58591304
19, 58591304
19, 58591304
21, 58591304
19, 58591304
21, 58591304
18, 58591304
21, 58591304
18, 58591304
18, 58591304
20, 58591304
20, 58591304
20, 58591304
19, 58591304
19, 58591304
20, 58591304
20, 58591304
20, 58591304
20, 58591304
18, 58591304
20, 58591304
19, 58591304
20, 58591304
20, 58591304
20, 58591304
21, 58591304
20, 58591304
19, 58591304
19, 58591304
21, 58591304
19, 58591304
19, 58601076
21, 58601076
21, 58601076
21, 58601076
19, 58601076
20, 58601076
19, 58601076
20, 58601076
18, 58601076
20, 58601076
20, 58601076
20, 58601076
19, 58601076
21, 58601076
18, 58601076
18, 58601076
20, 58601076
18, 58601076
18, 58601076
19, 58601076
20, 58601076
21, 58601076
20, 58601076
20, 58601076
20, 58601076
18, 58601076
19, 58601076
19, 58601076
20, 58601076
21, 58601076
21, 58601076
19, 58601076
20, 58745568
19, 58745568
20, 58745568
21, 58745568
20, 58745568
20, 58745568
21, 58745568
19, 58745568
20, 58745568
20, 58745568
21, 58745568
20, 58745568
20, 58745568
19, 58745568
20, 58745568
20, 58745568
20, 58745568
20, 58745568
19, 58745568
19, 58745568
19, 58745568
20, 58745568
19, 58745568
21, 58745568
21, 58745568
20, 58745568
20, 58745568
21, 58745568
18, 58745568
19, 58745568
20, 58745568
18, 58745568
18, 58772009
20, 58772009
20, 58772009
20, 58772009
19, 58772009
19, 58772009
21, 58772009
20, 58772009
19, 58772009
21, 58772009
20, 58772009
21, 58772009
20, 58772009
20, 58772009
19, 58772009
18, 58772009
19, 58772009
20, 58772009
21, 58772009
20, 58772009
20, 58772009
19, 58772009
18, 58772009
20, 58772009
20, 58772009
21, 58772009
20, 58772009
18, 58772009
20, 58772009
19, 58772009
21, 58772009
19, 58772009
19, 58776566
21, 58776566
18, 58776566
21, 58776566
20, 58776566
20, 58776566
19, 58776566
20, 58776566
18, 58776566
20, 58776566
19, 58776566
19, 58776566
20, 58776566
20, 58776566
19, 58776566
19, 58776566
21, 58776566
20, 58776566
19, 58776566
20, 58776566
19, 58776566
19, 58776566
20, 58776566
20, 58776566
21, 58776566
19, 58776566
19, 58776566
18, 58776566
20, 58776566
21, 58776566
20, 58776566
20, 58776566
21, 58869587
19, 58869587
18, 58869587
20, 58869587
19, 58869587
20, 58869587
21, 58869587
19, 58869587
21, 58869587
19, 58869587
18, 58869587
18, 58869587
21, 58869587
20, 58869587
20, 58869587
20, 58869587
20, 58869587
20, 58869587
20, 58869587
19, 58869587
21, 58869587
20, 58869587
19, 58869587
20, 58869587
21, 58869587
20, 58869587
21, 58869587
21, 58869587
21, 58869587
20, 58869587
19, 58869587
21, 58869587
20, 58879455
20, 58879455
20, 58879455
20, 58879455
21, 58879455
21, 58879455
20, 58879455
18, 58879455
20, 58879455
19, 58879455
20, 58879455
19, 58879455
18, 58879455
18, 58879455
19, 58879455
18, 58879455
19, 58879455
19, 58879455
18, 58879455
20, 58879455
20, 58879455
20, 58879455
21, 58879455
19, 58879455
20, 58879455
20, 58879455
20, 58879455
21, 58879455
20, 58879455
18, 58879455
19, 58879455
19, 58879455
20, 58880196
18, 58880196
21, 58880196
19, 58880196
21, 58880196
21, 58880196
20, 58880196
18, 58880196
21, 58880196
19, 58880196
19, 58880196
19, 58880196
20, 58880196
20, 58880196
19, 58880196
18, 58880196
20, 58880196
20, 58880196
18, 58880196
19, 58880196
19, 58880196
18, 58880196
20, 58880196
17, 58880196
18, 58880196
18, 58880196
18, 58880196
20, 58880196
20, 58880196
19, 58880196
21, 58880196
20, 58880196
20, 58983332
19, 58983332
20, 58983332
19, 58983332
20, 58983332
20, 58983332
20, 58983332
21, 58983332
20, 58983332
21, 58983332
18, 58983332
20, 58983332
20, 58983332
21, 58983332
20, 58983332
21, 58983332
21, 58983332
21, 58983332
20, 58983332
20, 58983332
20, 58983332
20, 58983332
21, 58983332
20, 58983332
20, 58983332
20, 58983332
19, 58983332
20, 58983332
19, 58983332
19, 58983332
20, 58983332
19, 58983332
21, 59058124
19, 59058124
20, 59058124
20, 59058124
19, 59058124
18, 59058124
20, 59058124
19, 59058124
21, 59058124
20, 59058124
21, 59058124
21, 59058124
20, 59058124
18, 59058124
19, 59058124
21, 59058124
21, 59058124
21, 59058124
17, 59058124
20, 59058124
21, 59058124
19, 59058124
19, 59058124
20, 59058124
20, 59058124
19, 59058124
20, 59058124
17, 59058124
19, 59058124
19, 59058124
20, 59058124
20, 59058124
20, 59114985
20, 59114985
19, 59114985
21, 59114985
21, 59114985
21, 59114985
19, 59114985
19, 59114985
20, 59114985
19, 59114985
19, 59114985
18, 59114985
19, 59114985
19, 59114985
20, 59114985
20, 59114985
18, 59114985
19, 59114985
20, 59114985
20, 59114985
20, 59114985
20, 59114985
18, 59114985
21, 59114985
18, 59114985
20, 59114985
19, 59114985
20, 59114985
21, 59114985
20, 59114985
21, 59114985
19, 59114985
20, 59120834
20, 59120834
21, 59120834
19, 59120834
20, 59120834
20, 59120834
19, 59120834
18, 59120834
20, 59120834
21, 59120834
20, 59120834
21, 59120834
20, 59120834
20, 59120834
21, 59120834
21, 59120834
21, 59120834
20, 59120834
20, 59120834
18, 59120834
20, 59120834
21, 59120834
20, 59120834
19, 59120834
20, 59120834
18, 59120834
18, 59120834
19, 59120834
20, 59120834
20, 59120834
20, 59120834
20, 59120834
20, 59229932
20, 59229932
19, 59229932
21, 59229932
20, 59229932
19, 59229932
19, 59229932
20, 59229932
21, 59229932
21, 59229932
19, 59229932
20, 59229932
20, 59229932
21, 59229932
17, 59229932
19, 59229932
21, 59229932
19, 59229932
19, 59229932
20, 59229932
21, 59229932
21, 59229932
21, 59229932
19, 59229932
19, 59229932
19, 59229932
18, 59229932
18, 59229932
18, 59229932
18, 59229932
21, 59229932
20, 59229932
19, 59241015
20, 59241015
20, 59241015
18, 59241015
20, 59241015
19, 59241015
21, 59241015
19, 59241015
20, 59241015
20, 59241015
19, 59241015
19, 59241015
18, 59241015
20, 59241015
21, 59241015
20, 59241015
21, 59241015
18, 59241015
20, 59241015
21, 59241015
20, 59241015
20, 59241015
20, 59241015
19, 59241015
21, 59241015
18, 59241015
20, 59241015
18, 59241015
21, 59241015
21, 59241015
20, 59241015
18, 59241015
18, 59373251
21, 59373251
21, 59373251
19, 59373251
20, 59373251
20, 59373251
19, 59373251
19, 59373251
20, 59373251
20, 59373251
20, 59373251
19, 59373251
21, 59373251
20, 59373251
20, 59373251
19, 59373251
20, 59373251
20, 59373251
21, 59373251
19, 59373251
20, 59373251
19, 59373251
20, 59373251
20, 59373251
17, 59373251
19, 59373251
20, 59373251
20, 59373251
20, 59373251
19, 59373251
20, 59373251
21, 59373251
21, 59390217
19, 59390217
20, 59390217
21, 59390217
20, 59390217
21, 59390217
19, 59390217
20, 59390217
21, 59390217
21, 59390217
21, 59390217
20, 59390217
20, 59390217
21, 59390217
18, 59390217
18, 59390217
20, 59390217
20, 59390217
19, 59390217
20, 59390217
20, 59390217
17, 59390217
19, 59390217
19, 59390217
20, 59390217
19, 59390217
21, 59390217
21, 59390217
20, 59390217
20, 59390217
20, 59390217
19, 59390217
21, 59398801
20, 59398801
20, 59398801
19, 59398801
19, 59398801
20, 59398801
20, 59398801
18, 59398801
18, 59398801
18, 59398801
19, 59398801
20, 59398801
20, 59398801
21, 59398801
18, 59398801
19, 59398801
18, 59398801
21, 59398801
19, 59398801
20, 59398801
21, 59398801
19, 59398801
20, 59398801
18, 59398801
20, 59398801
21, 59398801
20, 59398801
19, 59398801
18, 59398801
20, 59398801
21, 59398801
20, 59398801
19, 59409435
19, 59409435
21, 59409435
21, 59409435
19, 59409435
19, 59409435
20, 59409435
20, 59409435
19, 59409435
21, 59409435
18, 59409435
19, 59409435
18, 59409435
19, 59409435
21, 59409435
19, 59409435
20, 59409435
20, 59409435
20, 59409435
17, 59409435
19, 59409435
20, 59409435
19, 59409435
20, 59409435
19, 59409435
18, 59409435
21, 59409435
19, 59409435
20, 59409435
20, 59409435
20, 59409435
20, 59409435
20, 59462111
21, 59462111
21, 59462111
20, 59462111
20, 59462111
18, 59462111
19, 59462111
18, 59462111
19, 59462111
19, 59462111
18, 59462111
19, 59462111
20, 59462111
20, 59462111
18, 59462111
20, 59462111
20, 59462111
20, 59462111
21, 59462111
19, 59462111
19, 59462111
19, 59462111
21, 59462111
21, 59462111
19, 59462111
20, 59462111
18, 59462111
21, 59462111
18, 59462111
19, 59462111
18, 59462111
19, 59462111
19, 59532423
20, 59532423
21, 59532423
19, 59532423
19, 59532423
19, 59532423
20, 59532423
20, 59532423
20, 59532423
21, 59532423
20, 59532423
19, 59532423
21, 59532423
20, 59532423
20, 59532423
19, 59532423
20, 59532423
19, 59532423
21, 59532423
19, 59532423
21, 59532423
18, 59532423
20, 59532423
21, 59532423
21, 59532423
20, 59532423
21, 59532423
18, 59532423
20, 59532423
19, 59532423
20, 59532423
19, 59532423
20, 59534093
19, 59534093
20, 59534093
19, 59534093
20, 59534093
19, 59534093
20, 59534093
18, 59534093
19, 59534093
18, 59534093
19, 59534093
18, 59534093
21, 59534093
21, 59534093
21, 59534093
20, 59534093
19, 59534093
19, 59534093
19, 59534093
18, 59534093
19, 59534093
19, 59534093
19, 59534093
19, 59534093
18, 59534093
18, 59534093
19, 59534093
20, 59534093
18, 59534093
20, 59534093
19, 59534093
21, 59534093
19, 59649087
19, 59649087
19, 59649087
20, 59649087
20, 59649087
18, 59649087
19, 59649087
19, 59649087
21, 59649087
18, 59649087
19, 59649087
18, 59649087
19, 59649087
20, 59649087
19, 59649087
18, 59649087
19, 59649087
21, 59649087
18, 59649087
21, 59649087
19, 59649087
21, 59649087
21, 59649087
20, 59649087
19, 59649087
20, 59649087
20, 59649087
20, 59649087
20, 59649087
20, 59649087
20, 59649087
20, 59649087
20, 59686828
21, 59686828
20, 59686828
18, 59686828
19, 59686828
21, 59686828
21, 59686828
21, 59686828
20, 59686828
20, 59686828
20, 59686828
19, 59686828
19, 59686828
20, 59686828
20, 59686828
21, 59686828
19, 59686828
21, 59686828
21, 59686828
20, 59686828
19, 59686828
21, 59686828
20, 59686828
21, 59686828
20, 59686828
17, 59686828
20, 59686828
21, 59686828
19, 59686828
21, 59686828
18, 59686828
20, 59686828
21, 59706007
19, 59706007
21, 59706007
21, 59706007
21, 59706007
20, 59706007
21, 59706007
18, 59706007
19, 59706007
20, 59706007
21, 59706007
19, 59706007
19, 59706007
21, 59706007
19, 59706007
17, 59706007
19, 59706007
20, 59706007
21, 59706007
19, 59706007
21, 59706007
19, 59706007
20, 59706007
21, 59706007
18, 59706007
20, 59706007
21, 59706007
19, 59706007
20, 59706007
20, 59706007
20, 59706007
20, 59706007
20, 59820501
20, 59820501
20, 59820501
20, 59820501
18, 59820501
20, 59820501
21, 59820501
21, 59820501
20, 59820501
19, 59820501
18, 59820501
19, 59820501
19, 59820501
19, 59820501
21, 59820501
20, 59820501
18, 59820501
19, 59820501
20, 59820501
20, 59820501
20, 59820501
20, 59820501
19, 59820501
20, 59820501
20, 59820501
21, 59820501
19, 59820501
20, 59820501
20, 59820501
20, 59820501
19, 59820501
19, 59820501
18, 59876699
21, 59876699
19, 59876699
20, 59876699
19, 59876699
19, 59876699
20, 59876699
21, 59876699
18, 59876699
20, 59876699
20, 59876699
18, 59876699
19, 59876699
20, 59876699
21, 59876699
20, 59876699
21, 59876699
19, 59876699
19, 59876699
20, 59876699
19, 59876699
20, 59876699
20, 59876699
19, 59876699
20, 59876699
20, 59876699
19, 59876699
19, 59876699
19, 59876699
20, 59876699
21, 59876699
21, 59876699
18, 59917987
19, 59917987
21, 59917987
19, 59917987
19, 59917987
18, 59917987
19, 59917987
20, 59917987
20, 59917987
19, 59917987
19, 59917987
21, 59917987
20, 59917987
19, 59917987
19, 59917987
20, 59917987
21, 59917987
20, 59917987
20, 59917987
18, 59917987
19, 59917987
20, 59917987
19, 59917987
19, 59917987
20, 59917987
21, 59917987
19, 59917987
21, 59917987
20, 59917987
18, 59917987
20, 59917987
21, 59917987
19, 59965909
19, 59965909
19, 59965909
21, 59965909
20, 59965909
20, 59965909
20, 59965909
21, 59965909
19, 59965909
18, 59965909
20, 59965909
19, 59965909
21, 59965909
21, 59965909
21, 59965909
20, 59965909
21, 59965909
20, 59965909
20, 59965909
19, 59965909
19, 59965909
21, 59965909
20, 59965909
20, 59965909
20, 59965909
18, 59965909
20, 59965909
18, 59965909
20, 59965909
20, 59965909
20, 59965909
20, 59965909
19, 60016549
20, 60016549
21, 60016549
19, 60016549
19, 60016549
20, 60016549
18, 60016549
21, 60016549
21, 60016549
19, 60016549
21, 60016549
21, 60016549
20, 60016549
20, 60016549
19, 60016549
20, 60016549
18, 60016549
19, 60016549
19, 60016549
19, 60016549
21, 60016549
21, 60016549
19, 60016549
20, 60016549
19, 60016549
18, 60016549
19, 60016549
21, 60016549
18, 60016549
20, 60016549
21, 60016549
19, 60016549
19, 60060305
18, 60060305
19, 60060305
21, 60060305
19, 60060305
20, 60060305
20, 60060305
20, 60060305
20, 60060305
19, 60060305
21, 60060305
21, 60060305
19, 60060305
21, 60060305
19, 60060305
19, 60060305
18, 60060305
20, 60060305
20, 60060305
19, 60060305
20, 60060305
21, 60060305
21, 60060305
17, 60060305
18, 60060305
21, 60060305
18, 60060305
19, 60060305
19, 60060305
19, 60060305
21, 60060305
19, 60060305
21, 60064621
20, 60064621
19, 60064621
21, 60064621
19, 60064621
21, 60064621
17, 60064621
20, 60064621
21, 60064621
20, 60064621
18, 60064621
18, 60064621
19, 60064621
21, 60064621
20, 60064621
18, 60064621
20, 60064621
19, 60064621
20, 60064621
19, 60064621
19, 60064621
21, 60064621
20, 60064621
19, 60064621
18, 60064621
20, 60064621
20, 60064621
20, 60064621
20, 60064621
20, 60064621
21, 60064621
19, 60064621
20, 60193942
19, 60193942
19, 60193942
19, 60193942
19, 60193942
17, 60193942
19, 60193942
20, 60193942
19, 60193942
20, 60193942
21, 60193942
21, 60193942
18, 60193942
20, 60193942
20, 60193942
19, 60193942
20, 60193942
20, 60193942
21, 60193942
20, 60193942
19, 60193942
20, 60193942
20, 60193942
21, 60193942
20, 60193942
20, 60193942
20, 60193942
19, 60193942
20, 60193942
20, 60193942
19, 60193942
19, 60193942
19, 60223676
20, 60223676
18, 60223676
20, 60223676
18, 60223676
20, 60223676
20, 60223676
20, 60223676
20, 60223676
20, 60223676
21, 60223676
21, 60223676
19, 60223676
19, 60223676
20, 60223676
21, 60223676
21, 60223676
21, 60223676
21, 60223676
21, 60223676
18, 60223676
20, 60223676
20, 60223676
21, 60223676
19, 60223676
19, 60223676
20, 60223676
19, 60223676
20, 60223676
19, 60223676
18, 60223676
20, 60223676
21, 60274785
20, 60274785
19, 60274785
20, 60274785
18, 60274785
19, 60274785
19, 60274785
19, 60274785
17, 60274785
19, 60274785
19, 60274785
19, 60274785
19, 60274785
19, 60274785
19, 60274785
19, 60274785
21, 60274785
21, 60274785
19, 60274785
20, 60274785
20, 60274785
21, 60274785
21, 60274785
19, 60274785
20, 60274785
20, 60274785
18, 60274785
19, 60274785
18, 60274785
21, 60274785
20, 60274785
19, 60274785
20, 60356655
20, 60356655
18, 60356655
21, 60356655
20, 60356655
20, 60356655
18, 60356655
20, 60356655
21, 60356655
19, 60356655
19, 60356655
20, 60356655
20, 60356655
18, 60356655
21, 60356655
17, 60356655
20, 60356655
20, 60356655
21, 60356655
18, 60356655
18, 60356655
19, 60356655
20, 60356655
21, 60356655
20, 60356655
19, 60356655
18, 60356655
20, 60356655
20, 60356655
20, 60356655
20, 60356655
19, 60356655
20, 60388737
19, 60388737
21, 60388737
19, 60388737
20, 60388737
19, 60388737
18, 60388737
18, 60388737
18, 60388737
21, 60388737
19, 60388737
20, 60388737
21, 60388737
20, 60388737
19, 60388737
19, 60388737
20, 60388737
19, 60388737
20, 60388737
21, 60388737
19, 60388737
19, 60388737
20, 60388737
20, 60388737
20, 60388737
19, 60388737
19, 60388737
20, 60388737
19, 60388737
21, 60388737
21, 60388737
19, 60388737
19, 60402617
21, 60402617
21, 60402617
19, 60402617
20, 60402617
21, 60402617
21, 60402617
20, 60402617
20, 60402617
19, 60402617
19, 60402617
20, 60402617
20, 60402617
20, 60402617
21, 60402617
20, 60402617
20, 60402617
19, 60402617
18, 60402617
20, 60402617
20, 60402617
19, 60402617
18, 60402617
20, 60402617
20, 60402617
19, 60402617
20, 60402617
19, 60402617
21, 60402617
19, 60402617
20, 60402617
21, 60402617
19, 60420337
21, 60420337
19, 60420337
19, 60420337
20, 60420337
20, 60420337
20, 60420337
21, 60420337
21, 60420337
21, 60420337
21, 60420337
20, 60420337
19, 60420337
18, 60420337
21, 60420337
19, 60420337
17, 60420337
20, 60420337
18, 60420337
20, 60420337
20, 60420337
20, 60420337
21, 60420337
21, 60420337
21, 60420337
20, 60420337
20, 60420337
20, 60420337
18, 60420337
20, 60420337
21, 60420337
19, 60420337
20, 60488404
20, 60488404
20, 60488404
20, 60488404
21, 60488404
19, 60488404
17, 60488404
21, 60488404
20, 60488404
20, 60488404
21, 60488404
20, 60488404
21, 60488404
20, 60488404
20, 60488404
21, 60488404
20, 60488404
21, 60488404
19, 60488404
20, 60488404
19, 60488404
21, 60488404
18, 60488404
19, 60488404
17, 60488404
19, 60488404
20, 60488404
19, 60488404
21, 60488404
21, 60488404
20, 60488404
20, 60488404
20, 60543001
18, 60543001
18, 60543001
18, 60543001
19, 60543001
20, 60543001
21, 60543001
21, 60543001
18, 60543001
19, 60543001
20, 60543001
21, 60543001
21, 60543001
21, 60543001
20, 60543001
21, 60543001
19, 60543001
20, 60543001
18, 60543001
20, 60543001
19, 60543001
19, 60543001
21, 60543001
18, 60543001
19, 60543001
21, 60543001
19, 60543001
18, 60543001
20, 60543001
20, 60543001
19, 60543001
19, 60543001
18, 60551764
19, 60551764
20, 60551764
20, 60551764
21, 60551764
21, 60551764
17, 60551764
20, 60551764
20, 60551764
20, 60551764
18, 60551764
18, 60551764
20, 60551764
20, 60551764
19, 60551764
19, 60551764
21, 60551764
19, 60551764
21, 60551764
20, 60551764
21, 60551764
20, 60551764
18, 60551764
21, 60551764
19, 60551764
20, 60551764
19, 60551764
21, 60551764
19, 60551764
21, 60551764
20, 60551764
20, 60551764
19, 60904122
20, 60904122
18, 60904122
19, 60904122
17, 60904122
21, 60904122
18, 60904122
18, 60904122
18, 60904122
21, 60904122
18, 60904122
19, 60904122
21, 60904122
19, 60904122
19, 60904122
17, 60904122
19, 60904122
20, 60904122
21, 60904122
20, 60904122
17, 60904122
20, 60904122
20, 60904122
19, 60904122
19, 60904122
21, 60904122
21, 60904122
21, 60904122
19, 60904122
20, 60904122
20, 60904122
20, 60904122
19, 60968103
20, 60968103
20, 60968103
20, 60968103
19, 60968103
20, 60968103
20, 60968103
19, 60968103
20, 60968103
19, 60968103
20, 60968103
21, 60968103
19, 60968103
19, 60968103
21, 60968103
19, 60968103
20, 60968103
18, 60968103
17, 60968103
20, 60968103
20, 60968103
20, 60968103
19, 60968103
18, 60968103
21, 60968103
19, 60968103
20, 60968103
19, 60968103
20, 60968103
21, 60968103
21, 60968103
21, 60968103
19, 61033664
19, 61033664
19, 61033664
20, 61033664
19, 61033664
19, 61033664
20, 61033664
19, 61033664
20, 61033664
20, 61033664
19, 61033664
20, 61033664
20, 61033664
20, 61033664
20, 61033664
21, 61033664
19, 61033664
21, 61033664
20, 61033664
18, 61033664
20, 61033664
18, 61033664
21, 61033664
19, 61033664
19, 61033664
21, 61033664
19, 61033664
19, 61033664
20, 61033664
20, 61033664
20, 61033664
19, 61033664
20, 61123315
19, 61123315
20, 61123315
21, 61123315
21, 61123315
19, 61123315
20, 61123315
20, 61123315
21, 61123315
18, 61123315
19, 61123315
20, 61123315
18, 61123315
21, 61123315
21, 61123315
21, 61123315
20, 61123315
20, 61123315
19, 61123315
19, 61123315
21, 61123315
19, 61123315
21, 61123315
21, 61123315
20, 61123315
18, 61123315
19, 61123315
21, 61123315
19, 61123315
18, 61123315
19, 61123315
19, 61123315
20, 61145584
18, 61145584
21, 61145584
21, 61145584
19, 61145584
18, 61145584
20, 61145584
21, 61145584
20, 61145584
18, 61145584
20, 61145584
20, 61145584
20, 61145584
21, 61145584
20, 61145584
21, 61145584
20, 61145584
21, 61145584
20, 61145584
21, 61145584
20, 61145584
19, 61145584
20, 61145584
20, 61145584
21, 61145584
21, 61145584
20, 61145584
21, 61145584
19, 61145584
19, 61145584
20, 61145584
21, 61145584
20, 61250866
20, 61250866
19, 61250866
20, 61250866
19, 61250866
20, 61250866
20, 61250866
21, 61250866
18, 61250866
20, 61250866
19, 61250866
19, 61250866
20, 61250866
20, 61250866
21, 61250866
20, 61250866
21, 61250866
21, 61250866
19, 61250866
20, 61250866
21, 61250866
21, 61250866
19, 61250866
21, 61250866
20, 61250866
19, 61250866
19, 61250866
19, 61250866
18, 61250866
21, 61250866
19, 61250866
20, 61250866
21, 61315082
19, 61315082
19, 61315082
18, 61315082
20, 61315082
21, 61315082
21, 61315082
21, 61315082
19, 61315082
20, 61315082
19, 61315082
21, 61315082
20, 61315082
20, 61315082
20, 61315082
20, 61315082
20, 61315082
19, 61315082
21, 61315082
19, 61315082
19, 61315082
20, 61315082
20, 61315082
20, 61315082
20, 61315082
20, 61315082
20, 61315082
20, 61315082
20, 61315082
19, 61315082
19, 61315082
18, 61315082
20, 61387376
21, 61387376
19, 61387376
19, 61387376
20, 61387376
20, 61387376
20, 61387376
20, 61387376
20, 61387376
19, 61387376
19, 61387376
17, 61387376
19, 61387376
19, 61387376
20, 61387376
20, 61387376
20, 61387376
21, 61387376
21, 61387376
20, 61387376
21, 61387376
19, 61387376
19, 61387376
18, 61387376
20, 61387376
20, 61387376
19, 61387376
21, 61387376
19, 61387376
18, 61387376
19, 61387376
20, 61387376
21, 61408176
19, 61408176
21, 61408176
20, 61408176
19, 61408176
18, 61408176
20, 61408176
20, 61408176
18, 61408176
20, 61408176
20, 61408176
18, 61408176
20, 61408176
20, 61408176
18, 61408176
18, 61408176
18, 61408176
20, 61408176
21, 61408176
20, 61408176
18, 61408176
20, 61408176
21, 61408176
19, 61408176
18, 61408176
20, 61408176
21, 61408176
19, 61408176
20, 61408176
21, 61408176
20, 61408176
20, 61408176
19, 61421145
20, 61421145
19, 61421145
20, 61421145
19, 61421145
19, 61421145
19, 61421145
18, 61421145
20, 61421145
21, 61421145
20, 61421145
19, 61421145
19, 61421145
21, 61421145
18, 61421145
19, 61421145
21, 61421145
19, 61421145
21, 61421145
20, 61421145
19, 61421145
19, 61421145
20, 61421145
21, 61421145
18, 61421145
20, 61421145
19, 61421145
21, 61421145
21, 61421145
20, 61421145
20, 61421145
19, 61421145
21, 61425481
21, 61425481
21, 61425481
21, 61425481
19, 61425481
20, 61425481
18, 61425481
20, 61425481
20, 61425481
21, 61425481
17, 61425481
18, 61425481
20, 61425481
19, 61425481
21, 61425481
21, 61425481
21, 61425481
21, 61425481
19, 61425481
19, 61425481
20, 61425481
19, 61425481
19, 61425481
19, 61425481
20, 61425481
18, 61425481
20, 61425481
20, 61425481
21, 61425481
21, 61425481
20, 61425481
19, 61425481
20, 61436316
21, 61436316
19, 61436316
17, 61436316
20, 61436316
19, 61436316
18, 61436316
18, 61436316
21, 61436316
19, 61436316
18, 61436316
19, 61436316
20, 61436316
20, 61436316
20, 61436316
20, 61436316
21, 61436316
19, 61436316
21, 61436316
19, 61436316
19, 61436316
20, 61436316
20, 61436316
21, 61436316
19, 61436316
20, 61436316
19, 61436316
20, 61436316
20, 61436316
19, 61436316
18, 61436316
19, 61436316
19, 61467445
21, 61467445
20, 61467445
20, 61467445
20, 61467445
19, 61467445
20, 61467445
20, 61467445
20, 61467445
19, 61467445
20, 61467445
19, 61467445
21, 61467445
19, 61467445
19, 61467445
20, 61467445
21, 61467445
21, 61467445
20, 61467445
21, 61467445
18, 61467445
21, 61467445
20, 61467445
21, 61467445
21, 61467445
18, 61467445
21, 61467445
20, 61467445
21, 61467445
18, 61467445
20, 61467445
19, 61467445
18, 61586544
20, 61586544
20, 61586544
21, 61586544
20, 61586544
19, 61586544
20, 61586544
19, 61586544
20, 61586544
21, 61586544
19, 61586544
21, 61586544
18, 61586544
19, 61586544
20, 61586544
20, 61586544
19, 61586544
20, 61586544
21, 61586544
19, 61586544
20, 61586544
19, 61586544
20, 61586544
20, 61586544
21, 61586544
19, 61586544
20, 61586544
21, 61586544
20, 61586544
21, 61586544
18, 61586544
18, 61586544
19, 61602734
20, 61602734
21, 61602734
21, 61602734
20, 61602734
17, 61602734
18, 61602734
20, 61602734
19, 61602734
19, 61602734
20, 61602734
20, 61602734
21, 61602734
19, 61602734
21, 61602734
20, 61602734
21, 61602734
20, 61602734
19, 61602734
21, 61602734
20, 61602734
18, 61602734
20, 61602734
20, 61602734
21, 61602734
21, 61602734
20, 61602734
19, 61602734
18, 61602734
20, 61602734
20, 61602734
21, 61602734
19, 61606625
19, 61606625
19, 61606625
19, 61606625
17, 61606625
19, 61606625
20, 61606625
21, 61606625
19, 61606625
19, 61606625
21, 61606625
19, 61606625
20, 61606625
18, 61606625
20, 61606625
20, 61606625
21, 61606625
20, 61606625
20, 61606625
18, 61606625
20, 61606625
19, 61606625
21, 61606625
20, 61606625
20, 61606625
19, 61606625
19, 61606625
19, 61606625
20, 61606625
20, 61606625
20, 61606625
21, 61606625
21, 61605391
19, 61605391
18, 61605391
20, 61605391
21, 61605391
20, 61605391
21, 61605391
20, 61605391
20, 61605391
19, 61605391
21, 61605391
20, 61605391
21, 61605391
20, 61605391
21, 61605391
21, 61605391
20, 61605391
21, 61605391
20, 61605391
19, 61605391
18, 61605391
19, 61605391
18, 61605391
20, 61605391
21, 61605391
19, 61605391
18, 61605391
19, 61605391
20, 61605391
18, 61605391
18, 61605391
21, 61605391
20, 61603078
20, 61603078
21, 61603078
19, 61603078
19, 61603078
19, 61603078
20, 61603078
19, 61603078
18, 61603078
20, 61603078
20, 61603078
21, 61603078
20, 61603078
19, 61603078
18, 61603078
20, 61603078
19, 61603078
20, 61603078
19, 61603078
19, 61603078
20, 61603078
21, 61603078
20, 61603078
19, 61603078
19, 61603078
17, 61603078
20, 61603078
20, 61603078
19, 61603078
21, 61603078
21, 61603078
17, 61603078
21, 61721742
18, 61721742
20, 61721742
19, 61721742
19, 61721742
19, 61721742
20, 61721742
21, 61721742
19, 61721742
20, 61721742
20, 61721742
20, 61721742
21, 61721742
19, 61721742
19, 61721742
20, 61721742
20, 61721742
21, 61721742
19, 61721742
21, 61721742
20, 61721742
20, 61721742
20, 61721742
20, 61721742
18, 61721742
19, 61721742
21, 61721742
20, 61721742
21, 61721742
20, 61721742
19, 61721742
18, 61721742
19, 61781879
19, 61781879
21, 61781879
20, 61781879
21, 61781879
19, 61781879
20, 61781879
20, 61781879
19, 61781879
20, 61781879
18, 61781879
20, 61781879
19, 61781879
21, 61781879
20, 61781879
21, 61781879
21, 61781879
19, 61781879
20, 61781879
20, 61781879
21, 61781879
20, 61781879
20, 61781879
20, 61781879
19, 61781879
20, 61781879
19, 61781879
20, 61781879
18, 61781879
20, 61781879
19, 61781879
19, 61781879
18, 61796475
20, 61796475
20, 61796475
19, 61796475
20, 61796475
19, 61796475
20, 61796475
18, 61796475
19, 61796475
20, 61796475
21, 61796475
19, 61796475
19, 61796475
20, 61796475
18, 61796475
19, 61796475
20, 61796475
18, 61796475
19, 61796475
21, 61796475
21, 61796475
19, 61796475
20, 61796475
21, 61796475
21, 61796475
19, 61796475
20, 61796475
19, 61796475
21, 61796475
21, 61796475
18, 61796475
19, 61796475
20, 61802472
19, 61802472
19, 61802472
20, 61802472
20, 61802472
19, 61802472
20, 61802472
19, 61802472
19, 61802472
17, 61802472
20, 61802472
20, 61802472
18, 61802472
20, 61802472
20, 61802472
20, 61802472
20, 61802472
21, 61802472
20, 61802472
19, 61802472
20, 61802472
20, 61802472
19, 61802472
19, 61802472
19, 61802472
21, 61802472
20, 61802472
19, 61802472
18, 61802472
19, 61802472
20, 61802472
21, 61802472
20, 61841058
20, 61841058
20, 61841058
20, 61841058
19, 61841058
20, 61841058
21, 61841058
18, 61841058
20, 61841058
19, 61841058
20, 61841058
20, 61841058
19, 61841058
20, 61841058
21, 61841058
20, 61841058
20, 61841058
21, 61841058
19, 61841058
18, 61841058
19, 61841058
20, 61841058
18, 61841058
18, 61841058
19, 61841058
19, 61841058
19, 61841058
19, 61841058
19, 61841058
21, 61841058
20, 61841058
20, 61841058
19, 61960787
20, 61960787
20, 61960787
18, 61960787
20, 61960787
20, 61960787
21, 61960787
20, 61960787
20, 61960787
21, 61960787
18, 61960787
21, 61960787
19, 61960787
18, 61960787
20, 61960787
19, 61960787
21, 61960787
19, 61960787
20, 61960787
20, 61960787
19, 61960787
21, 61960787
20, 61960787
21, 61960787
18, 61960787
18, 61960787
19, 61960787
20, 61960787
21, 61960787
20, 61960787
20, 61960787
20, 61960787
19, 61979187
20, 61979187
19, 61979187
20, 61979187
21, 61979187
21, 61979187
20, 61979187
20, 61979187
20, 61979187
21, 61979187
18, 61979187
21, 61979187
21, 61979187
18, 61979187
18, 61979187
21, 61979187
18, 61979187
21, 61979187
18, 61979187
19, 61979187
19, 61979187
20, 61979187
20, 61979187
21, 61979187
19, 61979187
20, 61979187
20, 61979187
20, 61979187
20, 61979187
20, 61979187
19, 61979187
21, 61979187
19, 62005054
20, 62005054
17, 62005054
20, 62005054
19, 62005054
20, 62005054
20, 62005054
20, 62005054
21, 62005054
19, 62005054
20, 62005054
18, 62005054
19, 62005054
20, 62005054
20, 62005054
21, 62005054
21, 62005054
20, 62005054
19, 62005054
19, 62005054
20, 62005054
18, 62005054
19, 62005054
20, 62005054
19, 62005054
20, 62005054
20, 62005054
20, 62005054
21, 62005054
21, 62005054
20, 62005054
20, 62005054
18, 62054155
19, 62054155
21, 62054155
19, 62054155
20, 62054155
21, 62054155
21, 62054155
19, 62054155
19, 62054155
21, 62054155
20, 62054155
21, 62054155
20, 62054155
21, 62054155
21, 62054155
21, 62054155
20, 62054155
18, 62054155
19, 62054155
20, 62054155
21, 62054155
19, 62054155
21, 62054155
20, 62054155
20, 62054155
19, 62054155
20, 62054155
19, 62054155
20, 62054155
20, 62054155
20, 62054155
20, 62054155
19, 62115789
20, 62115789
18, 62115789
21, 62115789
20, 62115789
21, 62115789
19, 62115789
19, 62115789
20, 62115789
19, 62115789
20, 62115789
21, 62115789
20, 62115789
20, 62115789
20, 62115789
21, 62115789
19, 62115789
18, 62115789
19, 62115789
21, 62115789
20, 62115789
19, 62115789
20, 62115789
21, 62115789
19, 62115789
21, 62115789
21, 62115789
19, 62115789
17, 62115789
19, 62115789
20, 62115789
19, 62115789
20, 62180914
21, 62180914
20, 62180914
19, 62180914
21, 62180914
18, 62180914
21, 62180914
19, 62180914
18, 62180914
19, 62180914
20, 62180914
19, 62180914
18, 62180914
21, 62180914
20, 62180914
20, 62180914
21, 62180914
21, 62180914
20, 62180914
20, 62180914
18, 62180914
19, 62180914
20, 62180914
20, 62180914
20, 62180914
20, 62180914
19, 62180914
21, 62180914
19, 62180914
19, 62180914
18, 62180914
18, 62180914
20, 62290281
20, 62290281
21, 62290281
21, 62290281
21, 62290281
18, 62290281
19, 62290281
19, 62290281
20, 62290281
19, 62290281
21, 62290281
20, 62290281
20, 62290281
20, 62290281
20, 62290281
20, 62290281
20, 62290281
19, 62290281
21, 62290281
21, 62290281
20, 62290281
20, 62290281
19, 62290281
20, 62290281
20, 62290281
19, 62290281
21, 62290281
20, 62290281
20, 62290281
20, 62290281
20, 62290281
20, 62290281
19, 62322622
20, 62322622
19, 62322622
19, 62322622
20, 62322622
21, 62322622
20, 62322622
19, 62322622
19, 62322622
18, 62322622
19, 62322622
19, 62322622
18, 62322622
19, 62322622
20, 62322622
20, 62322622
19, 62322622
19, 62322622
19, 62322622
20, 62322622
20, 62322622
18, 62322622
20, 62322622
18, 62322622
19, 62322622
20, 62322622
18, 62322622
20, 62322622
18, 62322622
21, 62322622
20, 62322622
21, 62322622
19, 62329258
20, 62329258
18, 62329258
20, 62329258
20, 62329258
19, 62329258
20, 62329258
18, 62329258
18, 62329258
19, 62329258
20, 62329258
18, 62329258
21, 62329258
19, 62329258
19, 62329258
19, 62329258
18, 62329258
19, 62329258
21, 62329258
19, 62329258
19, 62329258
20, 62329258
19, 62329258
21, 62329258
19, 62329258
21, 62329258
21, 62329258
20, 62329258
20, 62329258
18, 62329258
21, 62329258
20, 62329258
19, 62389756
19, 62389756
20, 62389756
19, 62389756
21, 62389756
20, 62389756
20, 62389756
21, 62389756
18, 62389756
21, 62389756
20, 62389756
18, 62389756
20, 62389756
21, 62389756
20, 62389756
20, 62389756
21, 62389756
20, 62389756
17, 62389756
19, 62389756
20, 62389756
20, 62389756
17, 62389756
19, 62389756
19, 62389756
19, 62389756
21, 62389756
20, 62389756
20, 62389756
20, 62389756
19, 62389756
20, 62389756
20, 62531004
19, 62531004
20, 62531004
20, 62531004
20, 62531004
21, 62531004
19, 62531004
21, 62531004
21, 62531004
19, 62531004
20, 62531004
21, 62531004
19, 62531004
21, 62531004
20, 62531004
19, 62531004
21, 62531004
18, 62531004
20, 62531004
19, 62531004
20, 62531004
19, 62531004
20, 62531004
19, 62531004
20, 62531004
18, 62531004
20, 62531004
18, 62531004
19, 62531004
19, 62531004
20, 62531004
19, 62531004
19, 62611504
21, 62611504
18, 62611504
20, 62611504
21, 62611504
19, 62611504
20, 62611504
21, 62611504
19, 62611504
20, 62611504
20, 62611504
20, 62611504
19, 62611504
20, 62611504
18, 62611504
19, 62611504
21, 62611504
19, 62611504
21, 62611504
20, 62611504
18, 62611504
20, 62611504
19, 62611504
18, 62611504
20, 62611504
19, 62611504
19, 62611504
19, 62611504
19, 62611504
20, 62611504
19, 62611504
20, 62611504
18, 62630498
20, 62630498
20, 62630498
18, 62630498
21, 62630498
21, 62630498
19, 62630498
20, 62630498
18, 62630498
18, 62630498
19, 62630498
21, 62630498
21, 62630498
20, 62630498
19, 62630498
21, 62630498
19, 62630498
21, 62630498
19, 62630498
20, 62630498
20, 62630498
19, 62630498
19, 62630498
21, 62630498
19, 62630498
18, 62630498
21, 62630498
19, 62630498
20, 62630498
20, 62630498
21, 62630498
20, 62630498
20, 62628685
20, 62628685
19, 62628685
19, 62628685
20, 62628685
18, 62628685
21, 62628685
20, 62628685
19, 62628685
19, 62628685
21, 62628685
19, 62628685
19, 62628685
20, 62628685
19, 62628685
19, 62628685
20, 62628685
21, 62628685
19, 62628685
20, 62628685
20, 62628685
19, 62628685
19, 62628685
21, 62628685
18, 62628685
21, 62628685
21, 62628685
18, 62628685
19, 62628685
17, 62628685
21, 62628685
19, 62628685
21, 62656989
20, 62656989
21, 62656989
21, 62656989
20, 62656989
18, 62656989
20, 62656989
19, 62656989
20, 62656989
20, 62656989
19, 62656989
20, 62656989
19, 62656989
19, 62656989
17, 62656989
19, 62656989
18, 62656989
18, 62656989
20, 62656989
20, 62656989
20, 62656989
20, 62656989
21, 62656989
19, 62656989
19, 62656989
21, 62656989
18, 62656989
20, 62656989
20, 62656989
19, 62656989
20, 62656989
19, 62656989
20, 62660548
18, 62660548
21, 62660548
19, 62660548
19, 62660548
20, 62660548
20, 62660548
18, 62660548
20, 62660548
20, 62660548
20, 62660548
18, 62660548
21, 62660548
21, 62660548
21, 62660548
20, 62660548
20, 62660548
19, 62660548
19, 62660548
20, 62660548
19, 62660548
18, 62660548
19, 62660548
20, 62660548
20, 62660548
21, 62660548
20, 62660548
19, 62660548
21, 62660548
20, 62660548
20, 62660548
21, 62660548
21, 62716665
21, 62716665
20, 62716665
21, 62716665
20, 62716665
18, 62716665
19, 62716665
19, 62716665
17, 62716665
20, 62716665
20, 62716665
20, 62716665
20, 62716665
20, 62716665
20, 62716665
18, 62716665
20, 62716665
19, 62716665
20, 62716665
20, 62716665
19, 62716665
20, 62716665
21, 62716665
18, 62716665
19, 62716665
18, 62716665
20, 62716665
19, 62716665
18, 62716665
20, 62716665
21, 62716665
20, 62716665
20, 62804783
19, 62804783
20, 62804783
20, 62804783
20, 62804783
18, 62804783
19, 62804783
19, 62804783
20, 62804783
20, 62804783
19, 62804783
20, 62804783
20, 62804783
19, 62804783
20, 62804783
21, 62804783
19, 62804783
18, 62804783
19, 62804783
21, 62804783
21, 62804783
18, 62804783
21, 62804783
20, 62804783
17, 62804783
19, 62804783
20, 62804783
19, 62804783
21, 62804783
20, 62804783
20, 62804783
19, 62804783
20, 62812260
20, 62812260
21, 62812260
21, 62812260
20, 62812260
20, 62812260
18, 62812260
19, 62812260
18, 62812260
21, 62812260
18, 62812260
19, 62812260
21, 62812260
19, 62812260
20, 62812260
19, 62812260
20, 62812260
19, 62812260
19, 62812260
18, 62812260
21, 62812260
20, 62812260
19, 62812260
21, 62812260
20, 62812260
21, 62812260
18, 62812260
20, 62812260
19, 62812260
19, 62812260
19, 62812260
18, 62812260
20, 62810672
20, 62810672
20, 62810672
21, 62810672
20, 62810672
19, 62810672
21, 62810672
20, 62810672
18, 62810672
19, 62810672
21, 62810672
21, 62810672
18, 62810672
19, 62810672
21, 62810672
20, 62810672
20, 62810672
20, 62810672
20, 62810672
17, 62810672
20, 62810672
20, 62810672
20, 62810672
20, 62810672
20, 62810672
20, 62810672
19, 62810672
18, 62810672
21, 62810672
20, 62810672
17, 62810672
18, 62810672
20, 62845740
20, 62845740
21, 62845740
18, 62845740
20, 62845740
20, 62845740
19, 62845740
20, 62845740
20, 62845740
19, 62845740
21, 62845740
19, 62845740
20, 62845740
19, 62845740
21, 62845740
19, 62845740
19, 62845740
20, 62845740
20, 62845740
20, 62845740
21, 62845740
19, 62845740
21, 62845740
19, 62845740
17, 62845740
20, 62845740
20, 62845740
21, 62845740
21, 62845740
21, 62845740
20, 62845740
20, 62845740
21, 62850768
19, 62850768
21, 62850768
18, 62850768
21, 62850768
18, 62850768
21, 62850768
19, 62850768
20, 62850768
20, 62850768
20, 62850768
21, 62850768
20, 62850768
20, 62850768
20, 62850768
19, 62850768
19, 62850768
20, 62850768
20, 62850768
20, 62850768
19, 62850768
21, 62850768
20, 62850768
20, 62850768
19, 62850768
20, 62850768
18, 62850768
19, 62850768
21, 62850768
20, 62850768
19, 62850768
20, 62850768
19, 62900032
18, 62900032
21, 62900032
19, 62900032
21, 62900032
20, 62900032
20, 62900032
20, 62900032
19, 62900032
21, 62900032
20, 62900032
20, 62900032
19, 62900032
19, 62900032
18, 62900032
21, 62900032
18, 62900032
18, 62900032
19, 62900032
20, 62900032
20, 62900032
19, 62900032
20, 62900032
18, 62900032
21, 62900032
19, 62900032
19, 62900032
21, 62900032
20, 62900032
21, 62900032
19, 62900032
20, 62900032
19, 62902720
20, 62902720
19, 62902720
21, 62902720
18, 62902720
20, 62902720
19, 62902720
19, 62902720
18, 62902720
18, 62902720
20, 62902720
20, 62902720
21, 62902720
20, 62902720
20, 62902720
19, 62902720
20, 62902720
18, 62902720
20, 62902720
20, 62902720
20, 62902720
19, 62902720
20, 62902720
20, 62902720
20, 62902720
18, 62902720
20, 62902720
20, 62902720
19, 62902720
19, 62902720
20, 62902720
21, 62902720
19, 62906314
20, 62906314
20, 62906314
20, 62906314
19, 62906314
18, 62906314
18, 62906314
19, 62906314
20, 62906314
21, 62906314
21, 62906314
20, 62906314
20, 62906314
20, 62906314
21, 62906314
21, 62906314
20, 62906314
18, 62906314
19, 62906314
20, 62906314
20, 62906314
20, 62906314
19, 62906314
20, 62906314
20, 62906314
21, 62906314
20, 62906314
20, 62906314
21, 62906314
20, 62906314
20, 62906314
19, 62906314
20, 62981715
18, 62981715
21, 62981715
21, 62981715
20, 62981715
20, 62981715
21, 62981715
20, 62981715
20, 62981715
21, 62981715
18, 62981715
17, 62981715
19, 62981715
20, 62981715
18, 62981715
19, 62981715
19, 62981715
18, 62981715
21, 62981715
19, 62981715
19, 62981715
19, 62981715
19, 62981715
19, 62981715
21, 62981715
18, 62981715
20, 62981715
18, 62981715
19, 62981715
20, 62981715
21, 62981715
20, 62981715
18, 62988877
21, 62988877
20, 62988877
20, 62988877
21, 62988877
20, 62988877
19, 62988877
19, 62988877
19, 62988877
19, 62988877
19, 62988877
19, 62988877
20, 62988877
20, 62988877
20, 62988877
20, 62988877
19, 62988877
19, 62988877
20, 62988877
20, 62988877
20, 62988877
20, 62988877
20, 62988877
21, 62988877
21, 62988877
21, 62988877
20, 62988877
19, 62988877
21, 62988877
19, 62988877
19, 62988877
20, 62988877
19, 63055695
19, 63055695
19, 63055695
20, 63055695
20, 63055695
18, 63055695
20, 63055695
20, 63055695
17, 63055695
20, 63055695
20, 63055695
18, 63055695
18, 63055695
20, 63055695
19, 63055695
19, 63055695
19, 63055695
21, 63055695
21, 63055695
19, 63055695
20, 63055695
18, 63055695
20, 63055695
20, 63055695
19, 63055695
20, 63055695
20, 63055695
21, 63055695
19, 63055695
19, 63055695
17, 63055695
19, 63055695
18, 63063625
21, 63063625
21, 63063625
20, 63063625
20, 63063625
18, 63063625
19, 63063625
21, 63063625
21, 63063625
20, 63063625
20, 63063625
21, 63063625
19, 63063625
20, 63063625
21, 63063625
20, 63063625
20, 63063625
18, 63063625
19, 63063625
18, 63063625
20, 63063625
18, 63063625
20, 63063625
21, 63063625
19, 63063625
19, 63063625
20, 63063625
20, 63063625
18, 63063625
20, 63063625
20, 63063625
21, 63063625
19, 63126523
19, 63126523
20, 63126523
21, 63126523
20, 63126523
19, 63126523
21, 63126523
21, 63126523
20, 63126523
19, 63126523
20, 63126523
20, 63126523
19, 63126523
20, 63126523
19, 63126523
19, 63126523
20, 63126523
19, 63126523
18, 63126523
18, 63126523
19, 63126523
21, 63126523
19, 63126523
19, 63126523
18, 63126523
21, 63126523
21, 63126523
19, 63126523
20, 63126523
19, 63126523
19, 63126523
19, 63126523
19, 63137147
20, 63137147
19, 63137147
19, 63137147
21, 63137147
20, 63137147
20, 63137147
21, 63137147
20, 63137147
21, 63137147
19, 63137147
21, 63137147
18, 63137147
19, 63137147
21, 63137147
20, 63137147
20, 63137147
21, 63137147
20, 63137147
21, 63137147
19, 63137147
21, 63137147
20, 63137147
20, 63137147
21, 63137147
21, 63137147
21, 63137147
20, 63137147
19, 63137147
21, 63137147
21, 63137147
20, 63137147
21, 63246549
20, 63246549
20, 63246549
20, 63246549
20, 63246549
20, 63246549
19, 63246549
20, 63246549
19, 63246549
21, 63246549
20, 63246549
21, 63246549
19, 63246549
18, 63246549
19, 63246549
20, 63246549
19, 63246549
20, 63246549
21, 63246549
20, 63246549
19, 63246549
21, 63246549
19, 63246549
21, 63246549
19, 63246549
21, 63246549
21, 63246549
20, 63246549
19, 63246549
20, 63246549
20, 63246549
21, 63246549
19, 63317376
20, 63317376
21, 63317376
20, 63317376
20, 63317376
19, 63317376
21, 63317376
18, 63317376
20, 63317376
19, 63317376
17, 63317376
20, 63317376
21, 63317376
20, 63317376
20, 63317376
20, 63317376
21, 63317376
19, 63317376
20, 63317376
21, 63317376
20, 63317376
21, 63317376
20, 63317376
20, 63317376
20, 63317376
19, 63317376
21, 63317376
21, 63317376
20, 63317376
21, 63317376
18, 63317376
20, 63317376
20, 63325743
19, 63325743
18, 63325743
21, 63325743
20, 63325743
20, 63325743
21, 63325743
20, 63325743
19, 63325743
21, 63325743
20, 63325743
20, 63325743
20, 63325743
20, 63325743
20, 63325743
21, 63325743
19, 63325743
19, 63325743
18, 63325743
20, 63325743
19, 63325743
19, 63325743
20, 63325743
21, 63325743
19, 63325743
19, 63325743
19, 63325743
20, 63325743
20, 63325743
20, 63325743
18, 63325743
21, 63325743
20, 63371337
21, 63371337
17, 63371337
18, 63371337
19, 63371337
20, 63371337
21, 63371337
18, 63371337
20, 63371337
20, 63371337
20, 63371337
19, 63371337
21, 63371337
19, 63371337
19, 63371337
19, 63371337
20, 63371337
19, 63371337
21, 63371337
19, 63371337
19, 63371337
20, 63371337
20, 63371337
20, 63371337
20, 63371337
21, 63371337
21, 63371337
20, 63371337
19, 63371337
21, 63371337
19, 63371337
19, 63371337
21, 63465074
20, 63465074
20, 63465074
21, 63465074
18, 63465074
21, 63465074
20, 63465074
21, 63465074
21, 63465074
21, 63465074
18, 63465074
20, 63465074
20, 63465074
20, 63465074
21, 63465074
20, 63465074
20, 63465074
20, 63465074
19, 63465074
19, 63465074
21, 63465074
19, 63465074
20, 63465074
20, 63465074
19, 63465074
19, 63465074
19, 63465074
19, 63465074
18, 63465074
18, 63465074
21, 63465074
21, 63465074
20, 63561767
20, 63561767
20, 63561767
20, 63561767
20, 63561767
20, 63561767
18, 63561767
21, 63561767
21, 63561767
19, 63561767
20, 63561767
20, 63561767
20, 63561767
19, 63561767
21, 63561767
19, 63561767
19, 63561767
19, 63561767
21, 63561767
19, 63561767
18, 63561767
18, 63561767
19, 63561767
21, 63561767
21, 63561767
21, 63561767
19, 63561767
19, 63561767
20, 63561767
19, 63561767
19, 63561767
19, 63561767
19, 63575535
21, 63575535
19, 63575535
20, 63575535
18, 63575535
19, 63575535
20, 63575535
20, 63575535
21, 63575535
20, 63575535
20, 63575535
20, 63575535
18, 63575535
21, 63575535
20, 63575535
21, 63575535
18, 63575535
20, 63575535
20, 63575535
19, 63575535
21, 63575535
19, 63575535
20, 63575535
20, 63575535
20, 63575535
21, 63575535
21, 63575535
19, 63575535
19, 63575535
19, 63575535
19, 63575535
19, 63575535
19, 65586002
19, 65586002
20, 65586002
20, 65586002
19, 65586002
21, 65586002
20, 65586002
20, 65586002
21, 65586002
19, 65586002
19, 65586002
19, 65586002
20, 65586002
20, 65586002
19, 65586002
20, 65586002
17, 65586002
20, 65586002
20, 65586002
21, 65586002
20, 65586002
19, 65586002
21, 65586002
19, 65586002
21, 65586002
20, 65586002
18, 65586002
20, 65586002
18, 65586002
19, 65586002
20, 65586002
20, 65586002
20, 65588442
20, 65588442
18, 65588442
20, 65588442
18, 65588442
20, 65588442
18, 65588442
21, 65588442
21, 65588442
21, 65588442
21, 65588442
19, 65588442
21, 65588442
20, 65588442
20, 65588442
21, 65588442
20, 65588442
20, 65588442
20, 65588442
20, 65588442
18, 65588442
21, 65588442
20, 65588442
20, 65588442
19, 65588442
20, 65588442
18, 65588442
20, 65588442
21, 65588442
17, 65588442
20, 65588442
20, 65588442
21, 65795743
18, 65795743
19, 65795743
20, 65795743
21, 65795743
21, 65795743
19, 65795743
21, 65795743
17, 65795743
21, 65795743
19, 65795743
17, 65795743
20, 65795743
19, 65795743
19, 65795743
19, 65795743
20, 65795743
19, 65795743
19, 65795743
18, 65795743
20, 65795743
21, 65795743
19, 65795743
20, 65795743
20, 65795743
20, 65795743
19, 65795743
20, 65795743
21, 65795743
20, 65795743
20, 65795743
20, 65795743
19, 66069052
19, 66069052
19, 66069052
20, 66069052
21, 66069052
20, 66069052
20, 66069052
19, 66069052
21, 66069052
21, 66069052
19, 66069052
19, 66069052
19, 66069052
20, 66069052
20, 66069052
21, 66069052
21, 66069052
21, 66069052
20, 66069052
21, 66069052
20, 66069052
20, 66069052
21, 66069052
19, 66069052
18, 66069052
19, 66069052
20, 66069052
20, 66069052
20, 66069052
20, 66069052
20, 66069052
18, 66069052
20, 66104446
21, 66104446
19, 66104446
21, 66104446
21, 66104446
21, 66104446
20, 66104446
19, 66104446
20, 66104446
19, 66104446
19, 66104446
21, 66104446
18, 66104446
19, 66104446
20, 66104446
20, 66104446
19, 66104446
21, 66104446
19, 66104446
19, 66104446
20, 66104446
21, 66104446
21, 66104446
19, 66104446
20, 66104446
18, 66104446
21, 66104446
20, 66104446
19, 66104446
18, 66104446
19, 66104446
19, 66104446
20, 66206200
18, 66206200
19, 66206200
20, 66206200
21, 66206200
19, 66206200
18, 66206200
17, 66206200
20, 66206200
18, 66206200
21, 66206200
19, 66206200
20, 66206200
19, 66206200
19, 66206200
21, 66206200
20, 66206200
20, 66206200
20, 66206200
19, 66206200
20, 66206200
21, 66206200
20, 66206200
21, 66206200
20, 66206200
18, 66206200
20, 66206200
19, 66206200
21, 66206200
19, 66206200
20, 66206200
20, 66206200
21, 66355698
20, 66355698
21, 66355698
19, 66355698
19, 66355698
19, 66355698
21, 66355698
20, 66355698
20, 66355698
18, 66355698
18, 66355698
21, 66355698
20, 66355698
19, 66355698
20, 66355698
21, 66355698
21, 66355698
20, 66355698
20, 66355698
19, 66355698
20, 66355698
21, 66355698
20, 66355698
19, 66355698
19, 66355698
21, 66355698
20, 66355698
19, 66355698
21, 66355698
18, 66355698
20, 66355698
20, 66355698
19, 66513467
21, 66513467
20, 66513467
18, 66513467
21, 66513467
20, 66513467
21, 66513467
20, 66513467
18, 66513467
19, 66513467
20, 66513467
17, 66513467
20, 66513467
19, 66513467
19, 66513467
18, 66513467
21, 66513467
20, 66513467
19, 66513467
21, 66513467
21, 66513467
20, 66513467
18, 66513467
19, 66513467
20, 66513467
20, 66513467
21, 66513467
19, 66513467
19, 66513467
20, 66513467
19, 66513467
21, 66513467
20, 66620735
19, 66620735
20, 66620735
21, 66620735
19, 66620735
18, 66620735
19, 66620735
17, 66620735
20, 66620735
21, 66620735
19, 66620735
20, 66620735
19, 66620735
19, 66620735
19, 66620735
21, 66620735
21, 66620735
19, 66620735
20, 66620735
19, 66620735
21, 66620735
19, 66620735
20, 66620735
18, 66620735
17, 66620735
18, 66620735
20, 66620735
21, 66620735
18, 66620735
21, 66620735
19, 66620735
20, 66620735
19, 66796958
20, 66796958
19, 66796958
20, 66796958
20, 66796958
21, 66796958
19, 66796958
20, 66796958
19, 66796958
20, 66796958
20, 66796958
18, 66796958
21, 66796958
20, 66796958
19, 66796958
18, 66796958
21, 66796958
21, 66796958
20, 66796958
19, 66796958
19, 66796958
19, 66796958
18, 66796958
19, 66796958
18, 66796958
20, 66796958
21, 66796958
20, 66796958
21, 66796958
19, 66796958
19, 66796958
20, 66796958
INFO: Time (ms) for KF track fitting on device 0 : 137.099653
INFO: Total Wall clock time (ms) for KF track fitting: 137.161133
------------------------  ending  -----------------------
