INFO: float precision operand used.

Device : Tesla T4
maxThreadsPerMultiProcessor : 1024
maxGridSize : (2147483647, 65535, 65535)
maxThreadsPerBlock : 1024
maxThreadsDim : (1024, 1024, 64)
regsPerMultiprocessor : 65536
regsPerBlock : 65536
Cuda driver version: 11040
Cuda rt version: 11030
INFO: Warp Occupancy with block size 64 : 25%
INFO: Estimated max occupancy with block size =  256, min grid size = 40

INFO: grid size = 5120 x 1, block size =  8 x 8
INFO: Creating 10 boundless plane surfaces
Warning! Generated particle rejected!
Warning! Generated particle rejected!
Warning! Generated particle rejected!
Warning! Generated particle rejected!
Warning! Generated particle rejected!
Warning! Generated particle rejected!
Warning! Generated particle rejected!
Warning! Generated particle rejected!

INFO: Time (ms) to run simulation: 2059.47
17, 4350171
19, 4350171
19, 4350171
19, 4350171
18, 4350171
19, 4350171
18, 4350171
19, 4350171
19, 4350171
19, 4350171
18, 4350171
18, 4350171
18, 4350171
17, 4350171
19, 4350171
19, 4350171
19, 4350171
19, 4350171
19, 4350171
19, 4350171
19, 4350171
19, 4350171
18, 4350171
18, 4350171
18, 4350171
18, 4350171
17, 4350171
19, 4350171
18, 4350171
18, 4350171
19, 4350171
19, 4350171
19, 4510884
19, 4510884
19, 4510884
18, 4510884
18, 4510884
17, 4510884
19, 4510884
19, 4510884
16, 4510884
18, 4510884
18, 4510884
18, 4510884
19, 4510884
19, 4510884
17, 4510884
18, 4510884
18, 4510884
18, 4510884
18, 4510884
19, 4510884
18, 4510884
19, 4510884
19, 4510884
19, 4510884
19, 4510884
19, 4510884
19, 4510884
19, 4510884
18, 4510884
19, 4510884
19, 4510884
18, 4510884
19, 4510862
18, 4510862
16, 4510862
18, 4510862
19, 4510862
19, 4510862
19, 4510862
19, 4510862
19, 4510862
16, 4510862
19, 4510862
19, 4510862
18, 4510862
19, 4510862
19, 4510862
17, 4510862
18, 4510862
18, 4510862
19, 4510862
19, 4510862
19, 4510862
19, 4510862
17, 4510862
19, 4510862
19, 4510862
17, 4510862
19, 4510862
19, 4510862
19, 4510862
19, 4510862
17, 4510862
18, 4510862
19, 4511507
19, 4511507
19, 4511507
17, 4511507
19, 4511507
18, 4511507
17, 4511507
17, 4511507
19, 4511507
19, 4511507
18, 4511507
18, 4511507
19, 4511507
19, 4511507
19, 4511507
18, 4511507
18, 4511507
19, 4511507
18, 4511507
19, 4511507
18, 4511507
19, 4511507
19, 4511507
19, 4511507
17, 4511507
19, 4511507
17, 4511507
18, 4511507
19, 4511507
19, 4511507
16, 4511507
19, 4511507
16, 4824920
19, 4824920
19, 4824920
17, 4824920
18, 4824920
18, 4824920
19, 4824920
18, 4824920
18, 4824920
19, 4824920
19, 4824920
17, 4824920
19, 4824920
18, 4824920
19, 4824920
18, 4824920
18, 4824920
19, 4824920
18, 4824920
19, 4824920
19, 4824920
19, 4824920
19, 4824920
19, 4824920
19, 4824920
18, 4824920
19, 4824920
19, 4824920
19, 4824920
18, 4824920
19, 4824920
17, 4824920
19, 4866134
19, 4866134
19, 4866134
19, 4866134
19, 4866134
18, 4866134
17, 4866134
18, 4866134
19, 4866134
19, 4866134
18, 4866134
18, 4866134
18, 4866134
19, 4866134
18, 4866134
18, 4866134
19, 4866134
19, 4866134
18, 4866134
19, 4866134
19, 4866134
18, 4866134
18, 4866134
18, 4866134
19, 4866134
17, 4866134
18, 4866134
19, 4866134
18, 4866134
18, 4866134
16, 4866134
19, 4866134
19, 4864715
19, 4864715
17, 4864715
19, 4864715
19, 4864715
18, 4864715
19, 4864715
18, 4864715
19, 4864715
18, 4864715
19, 4864715
19, 4864715
19, 4864715
19, 4864715
17, 4864715
19, 4864715
19, 4864715
19, 4864715
19, 4864715
19, 4864715
18, 4864715
19, 4864715
19, 4864715
19, 4864715
19, 4864715
18, 4864715
17, 4864715
18, 4864715
19, 4864715
18, 4864715
19, 4864715
19, 4864715
18, 4880553
18, 4880553
18, 4880553
17, 4880553
19, 4880553
19, 4880553
19, 4880553
19, 4880553
19, 4880553
19, 4880553
19, 4880553
19, 4880553
19, 4880553
18, 4880553
18, 4880553
19, 4880553
19, 4880553
19, 4880553
18, 4880553
19, 4880553
18, 4880553
19, 4880553
19, 4880553
19, 4880553
19, 4880553
19, 4880553
17, 4880553
19, 4880553
19, 4880553
19, 4880553
18, 4880553
18, 4880553
18, 4878987
19, 4878987
18, 4878987
19, 4878987
19, 4878987
18, 4878987
19, 4878987
18, 4878987
19, 4878987
18, 4878987
19, 4878987
19, 4878987
18, 4878987
19, 4878987
19, 4878987
18, 4878987
17, 4878987
18, 4878987
18, 4878987
19, 4878987
18, 4878987
19, 4878987
19, 4878987
16, 4878987
18, 4878987
16, 4878987
18, 4878987
18, 4878987
18, 4878987
19, 4878987
19, 4878987
17, 4878987
17, 4890676
19, 4890676
19, 4890676
18, 4890676
19, 4890676
18, 4890676
18, 4890676
17, 4890676
19, 4890676
19, 4890676
19, 4890676
19, 4890676
19, 4890676
19, 4890676
19, 4890676
17, 4890676
18, 4890676
18, 4890676
18, 4890676
19, 4890676
19, 4890676
19, 4890676
19, 4890676
19, 4890676
19, 4890676
19, 4890676
19, 4890676
19, 4890676
19, 4890676
18, 4890676
19, 4890676
17, 4890676
19, 4904940
18, 4904940
19, 4904940
19, 4904940
17, 4904940
19, 4904940
19, 4904940
19, 4904940
19, 4904940
18, 4904940
19, 4904940
18, 4904940
18, 4904940
18, 4904940
18, 4904940
19, 4904940
19, 4904940
19, 4904940
18, 4904940
18, 4904940
19, 4904940
17, 4904940
18, 4904940
17, 4904940
19, 4904940
19, 4904940
19, 4904940
19, 4904940
19, 4904940
18, 4904940
17, 4904940
19, 4904940
18, 4913308
19, 4913308
18, 4913308
18, 4913308
19, 4913308
19, 4913308
19, 4913308
19, 4913308
19, 4913308
19, 4913308
18, 4913308
19, 4913308
17, 4913308
18, 4913308
19, 4913308
19, 4913308
19, 4913308
19, 4913308
19, 4913308
19, 4913308
18, 4913308
19, 4913308
19, 4913308
19, 4913308
19, 4913308
19, 4913308
19, 4913308
19, 4913308
18, 4913308
19, 4913308
19, 4913308
19, 4913308
19, 4915216
19, 4915216
19, 4915216
18, 4915216
19, 4915216
19, 4915216
17, 4915216
18, 4915216
19, 4915216
18, 4915216
19, 4915216
19, 4915216
18, 4915216
16, 4915216
17, 4915216
19, 4915216
18, 4915216
17, 4915216
19, 4915216
19, 4915216
18, 4915216
18, 4915216
18, 4915216
18, 4915216
17, 4915216
18, 4915216
19, 4915216
19, 4915216
18, 4915216
18, 4915216
18, 4915216
19, 4915216
19, 5402130
17, 5402130
18, 5402130
18, 5402130
16, 5402130
18, 5402130
19, 5402130
18, 5402130
18, 5402130
19, 5402130
18, 5402130
19, 5402130
19, 5402130
19, 5402130
19, 5402130
17, 5402130
19, 5402130
17, 5402130
18, 5402130
18, 5402130
19, 5402130
19, 5402130
18, 5402130
19, 5402130
19, 5402130
17, 5402130
18, 5402130
19, 5402130
16, 5402130
19, 5402130
18, 5402130
19, 5402130
19, 5549504
19, 5549504
19, 5549504
19, 5549504
18, 5549504
19, 5549504
19, 5549504
17, 5549504
19, 5549504
18, 5549504
19, 5549504
19, 5549504
18, 5549504
19, 5549504
19, 5549504
19, 5549504
19, 5549504
19, 5549504
18, 5549504
17, 5549504
18, 5549504
19, 5549504
17, 5549504
17, 5549504
18, 5549504
18, 5549504
18, 5549504
18, 5549504
18, 5549504
19, 5549504
19, 5549504
19, 5549504
19, 5618207
19, 5618207
19, 5618207
19, 5618207
19, 5618207
17, 5618207
19, 5618207
18, 5618207
19, 5618207
19, 5618207
18, 5618207
19, 5618207
18, 5618207
18, 5618207
16, 5618207
18, 5618207
17, 5618207
17, 5618207
19, 5618207
19, 5618207
19, 5618207
19, 5618207
19, 5618207
18, 5618207
18, 5618207
19, 5618207
17, 5618207
19, 5618207
19, 5618207
18, 5618207
18, 5618207
18, 5618207
19, 5225592
19, 5225592
18, 5225592
18, 5225592
19, 5225592
18, 5225592
18, 5225592
19, 5225592
18, 5225592
18, 5225592
19, 5225592
18, 5225592
19, 5225592
19, 5225592
19, 5225592
18, 5225592
18, 5225592
19, 5225592
19, 5225592
19, 5225592
17, 5225592
18, 5225592
19, 5225592
18, 5225592
17, 5225592
17, 5225592
18, 5225592
19, 5225592
19, 5225592
19, 5225592
19, 5225592
19, 5225592
19, 5792300
19, 5792300
19, 5792300
18, 5792300
17, 5792300
17, 5792300
19, 5792300
19, 5792300
19, 5792300
19, 5792300
19, 5792300
18, 5792300
17, 5792300
19, 5792300
18, 5792300
18, 5792300
18, 5792300
19, 5792300
19, 5792300
18, 5792300
19, 5792300
19, 5792300
19, 5792300
18, 5792300
19, 5792300
19, 5792300
18, 5792300
18, 5792300
19, 5792300
19, 5792300
19, 5792300
19, 5792300
19, 5772675
17, 5772675
19, 5772675
19, 5772675
19, 5772675
19, 5772675
17, 5772675
18, 5772675
18, 5772675
19, 5772675
18, 5772675
19, 5772675
18, 5772675
18, 5772675
17, 5772675
19, 5772675
18, 5772675
17, 5772675
19, 5772675
19, 5772675
19, 5772675
17, 5772675
19, 5772675
18, 5772675
18, 5772675
18, 5772675
18, 5772675
18, 5772675
19, 5772675
17, 5772675
19, 5772675
19, 5772675
18, 5772725
17, 5772725
18, 5772725
19, 5772725
19, 5772725
19, 5772725
18, 5772725
19, 5772725
19, 5772725
18, 5772725
19, 5772725
18, 5772725
18, 5772725
17, 5772725
19, 5772725
17, 5772725
19, 5772725
18, 5772725
19, 5772725
19, 5772725
17, 5772725
18, 5772725
17, 5772725
17, 5772725
19, 5772725
19, 5772725
19, 5772725
18, 5772725
19, 5772725
17, 5772725
17, 5772725
18, 5772725
18, 5776083
19, 5776083
19, 5776083
19, 5776083
17, 5776083
19, 5776083
17, 5776083
19, 5776083
17, 5776083
19, 5776083
19, 5776083
19, 5776083
19, 5776083
18, 5776083
19, 5776083
19, 5776083
19, 5776083
19, 5776083
19, 5776083
18, 5776083
19, 5776083
19, 5776083
18, 5776083
19, 5776083
19, 5776083
19, 5776083
18, 5776083
19, 5776083
18, 5776083
19, 5776083
19, 5776083
18, 5776083
18, 5430645
17, 5430645
19, 5430645
18, 5430645
18, 5430645
19, 5430645
19, 5430645
19, 5430645
18, 5430645
19, 5430645
17, 5430645
19, 5430645
19, 5430645
19, 5430645
19, 5430645
19, 5430645
17, 5430645
19, 5430645
18, 5430645
19, 5430645
19, 5430645
19, 5430645
19, 5430645
18, 5430645
19, 5430645
18, 5430645
19, 5430645
17, 5430645
19, 5430645
18, 5430645
19, 5430645
18, 5430645
19, 5852913
18, 5852913
19, 5852913
17, 5852913
19, 5852913
17, 5852913
19, 5852913
18, 5852913
19, 5852913
19, 5852913
19, 5852913
19, 5852913
19, 5852913
19, 5852913
19, 5852913
18, 5852913
18, 5852913
19, 5852913
19, 5852913
19, 5852913
18, 5852913
19, 5852913
19, 5852913
19, 5852913
18, 5852913
19, 5852913
17, 5852913
18, 5852913
19, 5852913
19, 5852913
18, 5852913
19, 5852913
19, 5920596
17, 5920596
19, 5920596
18, 5920596
18, 5920596
19, 5920596
19, 5920596
17, 5920596
19, 5920596
18, 5920596
19, 5920596
17, 5920596
19, 5920596
19, 5920596
19, 5920596
19, 5920596
19, 5920596
18, 5920596
18, 5920596
19, 5920596
18, 5920596
17, 5920596
18, 5920596
19, 5920596
19, 5920596
19, 5920596
19, 5920596
18, 5920596
19, 5920596
18, 5920596
19, 5920596
19, 5920596
18, 5721462
18, 5721462
18, 5721462
19, 5721462
18, 5721462
19, 5721462
19, 5721462
19, 5721462
18, 5721462
17, 5721462
18, 5721462
18, 5721462
19, 5721462
19, 5721462
19, 5721462
19, 5721462
19, 5721462
19, 5721462
19, 5721462
18, 5721462
18, 5721462
19, 5721462
19, 5721462
19, 5721462
19, 5721462
17, 5721462
19, 5721462
17, 5721462
18, 5721462
19, 5721462
19, 5721462
19, 5721462
19, 5921212
19, 5921212
19, 5921212
19, 5921212
19, 5921212
17, 5921212
18, 5921212
18, 5921212
19, 5921212
18, 5921212
19, 5921212
19, 5921212
19, 5921212
19, 5921212
18, 5921212
19, 5921212
19, 5921212
18, 5921212
19, 5921212
19, 5921212
19, 5921212
19, 5921212
18, 5921212
19, 5921212
19, 5921212
18, 5921212
19, 5921212
19, 5921212
19, 5921212
19, 5921212
19, 5921212
19, 5921212
19, 5996117
19, 5996117
19, 5996117
17, 5996117
18, 5996117
19, 5996117
19, 5996117
19, 5996117
19, 5996117
19, 5996117
19, 5996117
18, 5996117
18, 5996117
19, 5996117
18, 5996117
19, 5996117
18, 5996117
19, 5996117
19, 5996117
19, 5996117
18, 5996117
19, 5996117
19, 5996117
19, 5996117
19, 5996117
16, 5996117
19, 5996117
19, 5996117
18, 5996117
19, 5996117
17, 5996117
19, 5996117
19, 5987290
19, 5987290
19, 5987290
18, 5987290
19, 5987290
17, 5987290
19, 5987290
18, 5987290
17, 5987290
18, 5987290
19, 5987290
18, 5987290
17, 5987290
19, 5987290
19, 5987290
19, 5987290
19, 5987290
19, 5987290
19, 5987290
18, 5987290
17, 5987290
18, 5987290
19, 5987290
19, 5987290
19, 5987290
19, 5987290
18, 5987290
19, 5987290
18, 5987290
18, 5987290
17, 5987290
17, 5987290
19, 5992151
19, 5992151
16, 5992151
17, 5992151
18, 5992151
19, 5992151
19, 5992151
17, 5992151
18, 5992151
19, 5992151
19, 5992151
18, 5992151
19, 5992151
18, 5992151
18, 5992151
18, 5992151
19, 5992151
18, 5992151
19, 5992151
18, 5992151
18, 5992151
19, 5992151
19, 5992151
19, 5992151
19, 5992151
19, 5992151
19, 5992151
19, 5992151
18, 5992151
19, 5992151
18, 5992151
18, 5992151
19, 5349231
18, 5349231
18, 5349231
19, 5349231
19, 5349231
18, 5349231
19, 5349231
18, 5349231
18, 5349231
16, 5349231
19, 5349231
19, 5349231
17, 5349231
19, 5349231
19, 5349231
19, 5349231
19, 5349231
19, 5349231
19, 5349231
18, 5349231
18, 5349231
19, 5349231
18, 5349231
18, 5349231
18, 5349231
19, 5349231
19, 5349231
18, 5349231
17, 5349231
18, 5349231
18, 5349231
19, 5349231
18, 5538552
19, 5538552
19, 5538552
19, 5538552
18, 5538552
19, 5538552
19, 5538552
17, 5538552
18, 5538552
19, 5538552
19, 5538552
19, 5538552
19, 5538552
19, 5538552
18, 5538552
19, 5538552
19, 5538552
19, 5538552
19, 5538552
19, 5538552
19, 5538552
19, 5538552
19, 5538552
18, 5538552
18, 5538552
19, 5538552
19, 5538552
19, 5538552
18, 5538552
17, 5538552
19, 5538552
17, 5538552
17, 5395492
19, 5395492
19, 5395492
19, 5395492
19, 5395492
18, 5395492
18, 5395492
18, 5395492
19, 5395492
19, 5395492
18, 5395492
19, 5395492
17, 5395492
17, 5395492
19, 5395492
19, 5395492
18, 5395492
19, 5395492
19, 5395492
18, 5395492
19, 5395492
18, 5395492
19, 5395492
18, 5395492
19, 5395492
18, 5395492
19, 5395492
19, 5395492
19, 5395492
19, 5395492
17, 5395492
17, 5395492
19, 6002099
19, 6002099
19, 6002099
18, 6002099
19, 6002099
19, 6002099
18, 6002099
17, 6002099
19, 6002099
19, 6002099
19, 6002099
19, 6002099
19, 6002099
19, 6002099
19, 6002099
19, 6002099
19, 6002099
19, 6002099
19, 6002099
17, 6002099
19, 6002099
19, 6002099
18, 6002099
18, 6002099
19, 6002099
17, 6002099
17, 6002099
18, 6002099
19, 6002099
19, 6002099
19, 6002099
19, 6002099
19, 6178206
18, 6178206
18, 6178206
18, 6178206
19, 6178206
18, 6178206
17, 6178206
19, 6178206
19, 6178206
19, 6178206
16, 6178206
19, 6178206
18, 6178206
19, 6178206
18, 6178206
17, 6178206
18, 6178206
19, 6178206
18, 6178206
19, 6178206
19, 6178206
18, 6178206
18, 6178206
17, 6178206
19, 6178206
19, 6178206
19, 6178206
19, 6178206
17, 6178206
18, 6178206
19, 6178206
19, 6178206
18, 6177407
17, 6177407
19, 6177407
18, 6177407
19, 6177407
17, 6177407
18, 6177407
19, 6177407
19, 6177407
19, 6177407
19, 6177407
19, 6177407
19, 6177407
18, 6177407
19, 6177407
16, 6177407
19, 6177407
19, 6177407
19, 6177407
18, 6177407
18, 6177407
19, 6177407
19, 6177407
19, 6177407
18, 6177407
19, 6177407
17, 6177407
19, 6177407
19, 6177407
18, 6177407
19, 6177407
18, 6177407
19, 6179539
18, 6179539
19, 6179539
18, 6179539
18, 6179539
19, 6179539
19, 6179539
19, 6179539
19, 6179539
19, 6179539
19, 6179539
18, 6179539
19, 6179539
19, 6179539
17, 6179539
19, 6179539
19, 6179539
18, 6179539
18, 6179539
18, 6179539
19, 6179539
17, 6179539
19, 6179539
18, 6179539
17, 6179539
19, 6179539
19, 6179539
18, 6179539
17, 6179539
19, 6179539
16, 6179539
18, 6179539
17, 5787417
17, 5787417
17, 5787417
19, 5787417
19, 5787417
19, 5787417
18, 5787417
19, 5787417
19, 5787417
19, 5787417
19, 5787417
18, 5787417
19, 5787417
18, 5787417
19, 5787417
18, 5787417
19, 5787417
16, 5787417
18, 5787417
19, 5787417
19, 5787417
17, 5787417
18, 5787417
17, 5787417
17, 5787417
18, 5787417
19, 5787417
19, 5787417
17, 5787417
19, 5787417
19, 5787417
18, 5787417
18, 5786082
19, 5786082
19, 5786082
18, 5786082
17, 5786082
18, 5786082
17, 5786082
18, 5786082
19, 5786082
18, 5786082
18, 5786082
19, 5786082
19, 5786082
19, 5786082
19, 5786082
18, 5786082
19, 5786082
19, 5786082
17, 5786082
19, 5786082
18, 5786082
19, 5786082
17, 5786082
19, 5786082
19, 5786082
19, 5786082
18, 5786082
19, 5786082
18, 5786082
19, 5786082
19, 5786082
19, 5786082
18, 5920833
19, 5920833
17, 5920833
19, 5920833
19, 5920833
19, 5920833
17, 5920833
19, 5920833
19, 5920833
18, 5920833
18, 5920833
19, 5920833
19, 5920833
17, 5920833
19, 5920833
16, 5920833
19, 5920833
19, 5920833
19, 5920833
17, 5920833
17, 5920833
18, 5920833
19, 5920833
19, 5920833
18, 5920833
18, 5920833
17, 5920833
19, 5920833
19, 5920833
19, 5920833
19, 5920833
18, 5920833
18, 5771725
19, 5771725
17, 5771725
18, 5771725
16, 5771725
19, 5771725
17, 5771725
17, 5771725
17, 5771725
19, 5771725
17, 5771725
18, 5771725
19, 5771725
18, 5771725
18, 5771725
16, 5771725
18, 5771725
19, 5771725
19, 5771725
19, 5771725
16, 5771725
19, 5771725
19, 5771725
18, 5771725
18, 5771725
19, 5771725
19, 5771725
19, 5771725
18, 5771725
19, 5771725
19, 5771725
19, 5771725
18, 5920913
19, 5920913
19, 5920913
19, 5920913
19, 5920913
16, 5920913
17, 5920913
19, 5920913
18, 5920913
18, 5920913
19, 5920913
18, 5920913
19, 5920913
18, 5920913
19, 5920913
18, 5920913
19, 5920913
18, 5920913
18, 5920913
19, 5920913
18, 5920913
17, 5920913
19, 5920913
19, 5920913
19, 5920913
19, 5920913
19, 5920913
18, 5920913
17, 5920913
18, 5920913
19, 5920913
19, 5920913
19, 5919217
19, 5919217
18, 5919217
19, 5919217
18, 5919217
18, 5919217
19, 5919217
19, 5919217
19, 5919217
16, 5919217
19, 5919217
17, 5919217
19, 5919217
19, 5919217
18, 5919217
18, 5919217
18, 5919217
17, 5919217
18, 5919217
19, 5919217
18, 5919217
19, 5919217
19, 5919217
18, 5919217
18, 5919217
19, 5919217
19, 5919217
17, 5919217
19, 5919217
19, 5919217
18, 5919217
19, 5919217
19, 5880836
18, 5880836
19, 5880836
18, 5880836
19, 5880836
18, 5880836
18, 5880836
19, 5880836
19, 5880836
17, 5880836
19, 5880836
19, 5880836
17, 5880836
19, 5880836
17, 5880836
19, 5880836
19, 5880836
16, 5880836
17, 5880836
19, 5880836
18, 5880836
19, 5880836
19, 5880836
18, 5880836
19, 5880836
19, 5880836
17, 5880836
18, 5880836
19, 5880836
17, 5880836
18, 5880836
17, 5880836
17, 5629715
19, 5629715
19, 5629715
17, 5629715
19, 5629715
19, 5629715
19, 5629715
18, 5629715
19, 5629715
18, 5629715
18, 5629715
19, 5629715
19, 5629715
18, 5629715
18, 5629715
19, 5629715
19, 5629715
18, 5629715
19, 5629715
19, 5629715
19, 5629715
18, 5629715
18, 5629715
18, 5629715
17, 5629715
17, 5629715
19, 5629715
17, 5629715
19, 5629715
17, 5629715
18, 5629715
19, 5629715
19, 6443540
19, 6443540
18, 6443540
19, 6443540
18, 6443540
19, 6443540
19, 6443540
19, 6443540
17, 6443540
19, 6443540
18, 6443540
18, 6443540
19, 6443540
19, 6443540
19, 6443540
19, 6443540
19, 6443540
19, 6443540
18, 6443540
19, 6443540
19, 6443540
19, 6443540
18, 6443540
19, 6443540
18, 6443540
18, 6443540
18, 6443540
18, 6443540
17, 6443540
19, 6443540
18, 6443540
18, 6443540
19, 6442519
19, 6442519
19, 6442519
18, 6442519
18, 6442519
19, 6442519
19, 6442519
17, 6442519
17, 6442519
17, 6442519
18, 6442519
19, 6442519
19, 6442519
19, 6442519
17, 6442519
18, 6442519
17, 6442519
19, 6442519
18, 6442519
19, 6442519
19, 6442519
18, 6442519
19, 6442519
17, 6442519
18, 6442519
19, 6442519
19, 6442519
18, 6442519
17, 6442519
19, 6442519
19, 6442519
19, 6442519
18, 6442572
19, 6442572
19, 6442572
18, 6442572
17, 6442572
17, 6442572
18, 6442572
19, 6442572
17, 6442572
19, 6442572
19, 6442572
19, 6442572
17, 6442572
18, 6442572
19, 6442572
18, 6442572
19, 6442572
18, 6442572
18, 6442572
19, 6442572
18, 6442572
18, 6442572
18, 6442572
17, 6442572
18, 6442572
17, 6442572
18, 6442572
18, 6442572
17, 6442572
18, 6442572
19, 6442572
19, 6442572
19, 6034051
17, 6034051
17, 6034051
17, 6034051
18, 6034051
19, 6034051
19, 6034051
19, 6034051
17, 6034051
18, 6034051
19, 6034051
19, 6034051
19, 6034051
19, 6034051
19, 6034051
19, 6034051
18, 6034051
19, 6034051
17, 6034051
19, 6034051
18, 6034051
18, 6034051
19, 6034051
17, 6034051
18, 6034051
19, 6034051
18, 6034051
17, 6034051
19, 6034051
19, 6034051
18, 6034051
18, 6034051
19, 5855484
19, 5855484
19, 5855484
19, 5855484
19, 5855484
19, 5855484
19, 5855484
17, 5855484
19, 5855484
18, 5855484
19, 5855484
18, 5855484
17, 5855484
17, 5855484
18, 5855484
17, 5855484
18, 5855484
18, 5855484
17, 5855484
19, 5855484
19, 5855484
19, 5855484
19, 5855484
18, 5855484
19, 5855484
19, 5855484
19, 5855484
19, 5855484
19, 5855484
17, 5855484
18, 5855484
18, 5855484
18, 6227848
19, 6227848
17, 6227848
19, 6227848
19, 6227848
19, 6227848
18, 6227848
18, 6227848
18, 6227848
18, 6227848
18, 6227848
19, 6227848
19, 6227848
19, 6227848
19, 6227848
19, 6227848
18, 6227848
17, 6227848
18, 6227848
19, 6227848
19, 6227848
18, 6227848
19, 6227848
19, 6227848
18, 6227848
19, 6227848
19, 6227848
18, 6227848
16, 6227848
17, 6227848
19, 6227848
18, 6227848
19, 5623881
18, 5623881
19, 5623881
18, 5623881
17, 5623881
17, 5623881
19, 5623881
17, 5623881
18, 5623881
17, 5623881
17, 5623881
18, 5623881
19, 5623881
17, 5623881
18, 5623881
18, 5623881
19, 5623881
18, 5623881
19, 5623881
18, 5623881
19, 5623881
19, 5623881
19, 5623881
19, 5623881
19, 5623881
17, 5623881
18, 5623881
18, 5623881
19, 5623881
17, 5623881
19, 5623881
19, 5623881
19, 5649049
19, 5649049
19, 5649049
19, 5649049
19, 5649049
18, 5649049
19, 5649049
19, 5649049
18, 5649049
18, 5649049
16, 5649049
19, 5649049
19, 5649049
18, 5649049
19, 5649049
19, 5649049
19, 5649049
19, 5649049
18, 5649049
17, 5649049
18, 5649049
18, 5649049
18, 5649049
17, 5649049
18, 5649049
19, 5649049
17, 5649049
19, 5649049
19, 5649049
19, 5649049
18, 5649049
19, 5649049
18, 6034952
18, 6034952
19, 6034952
19, 6034952
19, 6034952
18, 6034952
19, 6034952
19, 6034952
18, 6034952
19, 6034952
17, 6034952
19, 6034952
18, 6034952
19, 6034952
19, 6034952
19, 6034952
19, 6034952
18, 6034952
19, 6034952
19, 6034952
19, 6034952
19, 6034952
19, 6034952
19, 6034952
18, 6034952
19, 6034952
18, 6034952
19, 6034952
17, 6034952
19, 6034952
18, 6034952
18, 6034952
19, 5905458
18, 5905458
19, 5905458
19, 5905458
19, 5905458
19, 5905458
19, 5905458
17, 5905458
18, 5905458
19, 5905458
19, 5905458
18, 5905458
18, 5905458
19, 5905458
18, 5905458
16, 5905458
18, 5905458
19, 5905458
19, 5905458
18, 5905458
19, 5905458
18, 5905458
19, 5905458
19, 5905458
17, 5905458
19, 5905458
19, 5905458
18, 5905458
19, 5905458
19, 5905458
19, 5905458
19, 5905458
17, 5991947
18, 5991947
19, 5991947
19, 5991947
19, 5991947
19, 5991947
16, 5991947
19, 5991947
19, 5991947
19, 5991947
17, 5991947
17, 5991947
19, 5991947
19, 5991947
18, 5991947
18, 5991947
19, 5991947
18, 5991947
19, 5991947
19, 5991947
19, 5991947
19, 5991947
17, 5991947
19, 5991947
18, 5991947
19, 5991947
18, 5991947
19, 5991947
18, 5991947
19, 5991947
19, 5991947
19, 5991947
19, 6045599
17, 6045599
18, 6045599
19, 6045599
19, 6045599
19, 6045599
18, 6045599
19, 6045599
16, 6045599
19, 6045599
18, 6045599
16, 6045599
19, 6045599
18, 6045599
18, 6045599
18, 6045599
19, 6045599
18, 6045599
18, 6045599
17, 6045599
19, 6045599
19, 6045599
18, 6045599
19, 6045599
19, 6045599
19, 6045599
18, 6045599
19, 6045599
19, 6045599
19, 6045599
19, 6045599
19, 6045599
18, 6046937
19, 6046937
18, 6046937
19, 6046937
17, 6046937
18, 6046937
19, 6046937
18, 6046937
19, 6046937
19, 6046937
19, 6046937
19, 6046937
17, 6046937
19, 6046937
19, 6046937
19, 6046937
17, 6046937
19, 6046937
19, 6046937
18, 6046937
19, 6046937
18, 6046937
19, 6046937
19, 6046937
19, 6046937
19, 6046937
19, 6046937
18, 6046937
18, 6046937
18, 6046937
18, 6046937
18, 6046937
18, 6046951
19, 6046951
19, 6046951
19, 6046951
18, 6046951
17, 6046951
17, 6046951
18, 6046951
19, 6046951
19, 6046951
19, 6046951
19, 6046951
19, 6046951
19, 6046951
19, 6046951
19, 6046951
19, 6046951
17, 6046951
18, 6046951
19, 6046951
19, 6046951
18, 6046951
18, 6046951
19, 6046951
19, 6046951
19, 6046951
19, 6046951
19, 6046951
19, 6046951
19, 6046951
18, 6046951
18, 6046951
18, 6398867
18, 6398867
19, 6398867
19, 6398867
19, 6398867
18, 6398867
19, 6398867
18, 6398867
16, 6398867
17, 6398867
19, 6398867
17, 6398867
19, 6398867
18, 6398867
19, 6398867
19, 6398867
19, 6398867
19, 6398867
19, 6398867
18, 6398867
18, 6398867
19, 6398867
19, 6398867
19, 6398867
18, 6398867
18, 6398867
18, 6398867
17, 6398867
18, 6398867
19, 6398867
19, 6398867
19, 6398867
19, 6400499
19, 6400499
18, 6400499
18, 6400499
19, 6400499
19, 6400499
17, 6400499
19, 6400499
19, 6400499
18, 6400499
19, 6400499
19, 6400499
18, 6400499
19, 6400499
18, 6400499
19, 6400499
19, 6400499
18, 6400499
19, 6400499
19, 6400499
19, 6400499
18, 6400499
19, 6400499
18, 6400499
18, 6400499
19, 6400499
19, 6400499
18, 6400499
19, 6400499
19, 6400499
19, 6400499
17, 6400499
17, 6567409
19, 6567409
17, 6567409
17, 6567409
17, 6567409
18, 6567409
19, 6567409
19, 6567409
19, 6567409
19, 6567409
18, 6567409
18, 6567409
18, 6567409
19, 6567409
18, 6567409
19, 6567409
19, 6567409
19, 6567409
19, 6567409
18, 6567409
19, 6567409
19, 6567409
19, 6567409
17, 6567409
19, 6567409
19, 6567409
19, 6567409
19, 6567409
19, 6567409
19, 6567409
19, 6567409
18, 6567409
17, 5915086
19, 5915086
18, 5915086
19, 5915086
18, 5915086
19, 5915086
17, 5915086
18, 5915086
18, 5915086
17, 5915086
19, 5915086
19, 5915086
19, 5915086
18, 5915086
19, 5915086
19, 5915086
17, 5915086
19, 5915086
19, 5915086
17, 5915086
19, 5915086
19, 5915086
19, 5915086
18, 5915086
19, 5915086
19, 5915086
18, 5915086
19, 5915086
19, 5915086
18, 5915086
19, 5915086
19, 5915086
17, 6557482
19, 6557482
19, 6557482
18, 6557482
18, 6557482
19, 6557482
18, 6557482
18, 6557482
19, 6557482
19, 6557482
19, 6557482
18, 6557482
19, 6557482
19, 6557482
19, 6557482
18, 6557482
19, 6557482
19, 6557482
19, 6557482
18, 6557482
19, 6557482
18, 6557482
19, 6557482
19, 6557482
16, 6557482
18, 6557482
19, 6557482
18, 6557482
19, 6557482
18, 6557482
19, 6557482
19, 6557482
18, 6243833
18, 6243833
18, 6243833
19, 6243833
19, 6243833
17, 6243833
18, 6243833
18, 6243833
19, 6243833
17, 6243833
18, 6243833
17, 6243833
18, 6243833
19, 6243833
18, 6243833
17, 6243833
18, 6243833
19, 6243833
17, 6243833
19, 6243833
18, 6243833
19, 6243833
19, 6243833
19, 6243833
18, 6243833
19, 6243833
19, 6243833
19, 6243833
19, 6243833
19, 6243833
19, 6243833
19, 6243833
18, 6664289
17, 6664289
19, 6664289
19, 6664289
19, 6664289
19, 6664289
19, 6664289
19, 6664289
18, 6664289
19, 6664289
17, 6664289
16, 6664289
18, 6664289
19, 6664289
17, 6664289
18, 6664289
18, 6664289
17, 6664289
19, 6664289
18, 6664289
18, 6664289
18, 6664289
18, 6664289
18, 6664289
19, 6664289
17, 6664289
18, 6664289
17, 6664289
18, 6664289
19, 6664289
19, 6664289
19, 6664289
18, 5731491
19, 5731491
19, 5731491
19, 5731491
19, 5731491
18, 5731491
18, 5731491
19, 5731491
19, 5731491
19, 5731491
18, 5731491
18, 5731491
19, 5731491
18, 5731491
18, 5731491
18, 5731491
19, 5731491
18, 5731491
18, 5731491
17, 5731491
17, 5731491
19, 5731491
19, 5731491
18, 5731491
19, 5731491
19, 5731491
18, 5731491
19, 5731491
19, 5731491
19, 5731491
19, 5731491
19, 5731491
18, 6240462
19, 6240462
18, 6240462
19, 6240462
19, 6240462
19, 6240462
19, 6240462
19, 6240462
19, 6240462
19, 6240462
17, 6240462
19, 6240462
19, 6240462
17, 6240462
17, 6240462
19, 6240462
17, 6240462
19, 6240462
17, 6240462
18, 6240462
18, 6240462
19, 6240462
19, 6240462
19, 6240462
18, 6240462
19, 6240462
19, 6240462
19, 6240462
19, 6240462
19, 6240462
18, 6240462
19, 6240462
18, 5992508
17, 5992508
18, 5992508
19, 5992508
18, 5992508
19, 5992508
19, 5992508
19, 5992508
19, 5992508
18, 5992508
19, 5992508
19, 5992508
18, 5992508
19, 5992508
18, 5992508
18, 5992508
17, 5992508
18, 5992508
19, 5992508
18, 5992508
18, 5992508
19, 5992508
19, 5992508
16, 5992508
17, 5992508
19, 5992508
17, 5992508
18, 5992508
18, 5992508
18, 5992508
19, 5992508
18, 5992508
17, 6405631
19, 6405631
19, 6405631
18, 6405631
19, 6405631
18, 6405631
19, 6405631
17, 6405631
18, 6405631
19, 6405631
19, 6405631
18, 6405631
18, 6405631
19, 6405631
17, 6405631
18, 6405631
19, 6405631
17, 6405631
18, 6405631
19, 6405631
19, 6405631
18, 6405631
19, 6405631
19, 6405631
19, 6405631
18, 6405631
19, 6405631
18, 6405631
19, 6405631
19, 6405631
17, 6405631
18, 6405631
19, 6410391
18, 6410391
17, 6410391
19, 6410391
19, 6410391
19, 6410391
19, 6410391
19, 6410391
18, 6410391
19, 6410391
19, 6410391
19, 6410391
18, 6410391
19, 6410391
19, 6410391
19, 6410391
18, 6410391
18, 6410391
17, 6410391
18, 6410391
18, 6410391
18, 6410391
19, 6410391
19, 6410391
18, 6410391
18, 6410391
17, 6410391
19, 6410391
19, 6410391
19, 6410391
17, 6410391
19, 6410391
19, 6305017
19, 6305017
19, 6305017
19, 6305017
17, 6305017
19, 6305017
19, 6305017
19, 6305017
19, 6305017
18, 6305017
17, 6305017
18, 6305017
18, 6305017
18, 6305017
19, 6305017
19, 6305017
17, 6305017
18, 6305017
19, 6305017
19, 6305017
19, 6305017
19, 6305017
18, 6305017
19, 6305017
19, 6305017
19, 6305017
18, 6305017
19, 6305017
19, 6305017
19, 6305017
18, 6305017
18, 6305017
18, 6335616
18, 6335616
16, 6335616
18, 6335616
19, 6335616
18, 6335616
19, 6335616
19, 6335616
17, 6335616
19, 6335616
19, 6335616
18, 6335616
18, 6335616
17, 6335616
17, 6335616
19, 6335616
18, 6335616
18, 6335616
18, 6335616
17, 6335616
19, 6335616
19, 6335616
17, 6335616
18, 6335616
19, 6335616
17, 6335616
17, 6335616
19, 6335616
18, 6335616
18, 6335616
19, 6335616
19, 6335616
18, 6291644
18, 6291644
19, 6291644
19, 6291644
18, 6291644
18, 6291644
19, 6291644
19, 6291644
18, 6291644
19, 6291644
17, 6291644
18, 6291644
17, 6291644
18, 6291644
19, 6291644
18, 6291644
19, 6291644
19, 6291644
19, 6291644
16, 6291644
18, 6291644
19, 6291644
18, 6291644
19, 6291644
18, 6291644
17, 6291644
19, 6291644
18, 6291644
19, 6291644
19, 6291644
19, 6291644
19, 6291644
18, 6673020
19, 6673020
19, 6673020
19, 6673020
18, 6673020
19, 6673020
18, 6673020
19, 6673020
17, 6673020
19, 6673020
19, 6673020
19, 6673020
18, 6673020
19, 6673020
17, 6673020
17, 6673020
19, 6673020
17, 6673020
17, 6673020
18, 6673020
19, 6673020
19, 6673020
19, 6673020
19, 6673020
19, 6673020
17, 6673020
18, 6673020
18, 6673020
19, 6673020
19, 6673020
19, 6673020
18, 6673020
18, 6157806
19, 6157806
18, 6157806
18, 6157806
18, 6157806
18, 6157806
17, 6157806
18, 6157806
18, 6157806
19, 6157806
19, 6157806
19, 6157806
19, 6157806
19, 6157806
18, 6157806
18, 6157806
19, 6157806
19, 6157806
19, 6157806
19, 6157806
19, 6157806
19, 6157806
18, 6157806
18, 6157806
19, 6157806
19, 6157806
19, 6157806
19, 6157806
19, 6157806
17, 6157806
18, 6157806
19, 6157806
19, 6678487
19, 6678487
19, 6678487
18, 6678487
19, 6678487
17, 6678487
18, 6678487
17, 6678487
18, 6678487
18, 6678487
17, 6678487
18, 6678487
19, 6678487
19, 6678487
17, 6678487
19, 6678487
19, 6678487
19, 6678487
19, 6678487
18, 6678487
18, 6678487
18, 6678487
19, 6678487
19, 6678487
18, 6678487
19, 6678487
17, 6678487
19, 6678487
17, 6678487
18, 6678487
17, 6678487
18, 6678487
18, 6497514
19, 6497514
19, 6497514
18, 6497514
18, 6497514
18, 6497514
19, 6497514
19, 6497514
18, 6497514
19, 6497514
19, 6497514
18, 6497514
19, 6497514
19, 6497514
19, 6497514
18, 6497514
19, 6497514
18, 6497514
19, 6497514
17, 6497514
19, 6497514
17, 6497514
19, 6497514
19, 6497514
19, 6497514
19, 6497514
19, 6497514
17, 6497514
19, 6497514
18, 6497514
19, 6497514
18, 6497514
18, 6452611
18, 6452611
18, 6452611
19, 6452611
18, 6452611
18, 6452611
18, 6452611
17, 6452611
17, 6452611
18, 6452611
19, 6452611
16, 6452611
19, 6452611
19, 6452611
17, 6452611
19, 6452611
17, 6452611
18, 6452611
19, 6452611
19, 6452611
18, 6452611
19, 6452611
19, 6452611
19, 6452611
19, 6452611
19, 6452611
18, 6452611
19, 6452611
18, 6452611
18, 6452611
18, 6452611
19, 6452611
18, 6386830
19, 6386830
19, 6386830
19, 6386830
19, 6386830
18, 6386830
19, 6386830
18, 6386830
19, 6386830
18, 6386830
19, 6386830
18, 6386830
19, 6386830
18, 6386830
18, 6386830
19, 6386830
19, 6386830
19, 6386830
19, 6386830
19, 6386830
17, 6386830
19, 6386830
19, 6386830
19, 6386830
19, 6386830
17, 6386830
19, 6386830
19, 6386830
19, 6386830
17, 6386830
19, 6386830
18, 6386830
19, 5883594
19, 5883594
19, 5883594
19, 5883594
19, 5883594
17, 5883594
19, 5883594
19, 5883594
18, 5883594
18, 5883594
17, 5883594
17, 5883594
17, 5883594
18, 5883594
19, 5883594
16, 5883594
19, 5883594
19, 5883594
18, 5883594
19, 5883594
19, 5883594
18, 5883594
18, 5883594
19, 5883594
18, 5883594
19, 5883594
18, 5883594
18, 5883594
19, 5883594
19, 5883594
19, 5883594
17, 5883594
17, 6480417
18, 6480417
16, 6480417
18, 6480417
19, 6480417
18, 6480417
19, 6480417
18, 6480417
18, 6480417
19, 6480417
19, 6480417
19, 6480417
19, 6480417
19, 6480417
19, 6480417
19, 6480417
18, 6480417
19, 6480417
17, 6480417
19, 6480417
19, 6480417
19, 6480417
18, 6480417
19, 6480417
19, 6480417
19, 6480417
19, 6480417
19, 6480417
17, 6480417
18, 6480417
19, 6480417
19, 6480417
18, 5434828
19, 5434828
19, 5434828
18, 5434828
18, 5434828
19, 5434828
17, 5434828
19, 5434828
19, 5434828
18, 5434828
19, 5434828
19, 5434828
19, 5434828
19, 5434828
18, 5434828
19, 5434828
17, 5434828
18, 5434828
18, 5434828
18, 5434828
19, 5434828
19, 5434828
18, 5434828
18, 5434828
18, 5434828
17, 5434828
18, 5434828
19, 5434828
17, 5434828
19, 5434828
19, 5434828
18, 5434828
19, 5845491
19, 5845491
19, 5845491
19, 5845491
19, 5845491
18, 5845491
16, 5845491
19, 5845491
19, 5845491
19, 5845491
19, 5845491
19, 5845491
19, 5845491
19, 5845491
19, 5845491
19, 5845491
19, 5845491
19, 5845491
18, 5845491
19, 5845491
18, 5845491
19, 5845491
17, 5845491
18, 5845491
16, 5845491
18, 5845491
19, 5845491
18, 5845491
19, 5845491
19, 5845491
19, 5845491
19, 5845491
18, 5609449
19, 5609449
18, 5609449
19, 5609449
19, 5609449
18, 5609449
19, 5609449
19, 5609449
17, 5609449
18, 5609449
18, 5609449
19, 5609449
19, 5609449
19, 5609449
17, 5609449
19, 5609449
17, 5609449
19, 5609449
19, 5609449
18, 5609449
19, 5609449
18, 5609449
19, 5609449
19, 5609449
19, 5609449
19, 5609449
19, 5609449
18, 5609449
17, 5609449
19, 5609449
19, 5609449
19, 5609449
18, 6783935
19, 6783935
19, 6783935
19, 6783935
18, 6783935
19, 6783935
19, 6783935
18, 6783935
18, 6783935
18, 6783935
19, 6783935
19, 6783935
18, 6783935
18, 6783935
19, 6783935
18, 6783935
19, 6783935
17, 6783935
16, 6783935
19, 6783935
19, 6783935
19, 6783935
18, 6783935
17, 6783935
19, 6783935
18, 6783935
18, 6783935
18, 6783935
19, 6783935
19, 6783935
19, 6783935
19, 6783935
19, 5714585
19, 5714585
18, 5714585
18, 5714585
19, 5714585
18, 5714585
18, 5714585
19, 5714585
18, 5714585
18, 5714585
18, 5714585
19, 5714585
19, 5714585
18, 5714585
19, 5714585
19, 5714585
19, 5714585
18, 5714585
19, 5714585
18, 5714585
19, 5714585
19, 5714585
19, 5714585
19, 5714585
18, 5714585
19, 5714585
19, 5714585
18, 5714585
19, 5714585
18, 5714585
19, 5714585
17, 5714585
18, 6142545
18, 6142545
18, 6142545
19, 6142545
19, 6142545
18, 6142545
19, 6142545
19, 6142545
19, 6142545
18, 6142545
18, 6142545
19, 6142545
18, 6142545
19, 6142545
18, 6142545
18, 6142545
19, 6142545
18, 6142545
17, 6142545
17, 6142545
18, 6142545
19, 6142545
18, 6142545
18, 6142545
17, 6142545
19, 6142545
19, 6142545
18, 6142545
19, 6142545
18, 6142545
18, 6142545
18, 6142545
19, 6048077
19, 6048077
19, 6048077
19, 6048077
19, 6048077
19, 6048077
19, 6048077
19, 6048077
18, 6048077
19, 6048077
19, 6048077
17, 6048077
18, 6048077
19, 6048077
19, 6048077
19, 6048077
18, 6048077
17, 6048077
19, 6048077
19, 6048077
19, 6048077
19, 6048077
18, 6048077
18, 6048077
19, 6048077
19, 6048077
19, 6048077
18, 6048077
18, 6048077
17, 6048077
19, 6048077
18, 6048077
19, 5821870
19, 5821870
18, 5821870
19, 5821870
19, 5821870
18, 5821870
17, 5821870
18, 5821870
17, 5821870
19, 5821870
18, 5821870
19, 5821870
19, 5821870
17, 5821870
19, 5821870
19, 5821870
19, 5821870
17, 5821870
18, 5821870
18, 5821870
17, 5821870
19, 5821870
18, 5821870
18, 5821870
18, 5821870
18, 5821870
18, 5821870
19, 5821870
17, 5821870
19, 5821870
17, 5821870
19, 5821870
18, 5677570
19, 5677570
17, 5677570
19, 5677570
19, 5677570
17, 5677570
19, 5677570
19, 5677570
18, 5677570
19, 5677570
19, 5677570
19, 5677570
18, 5677570
19, 5677570
17, 5677570
18, 5677570
19, 5677570
18, 5677570
19, 5677570
18, 5677570
17, 5677570
19, 5677570
18, 5677570
17, 5677570
19, 5677570
18, 5677570
18, 5677570
18, 5677570
18, 5677570
19, 5677570
18, 5677570
19, 5677570
18, 6794964
18, 6794964
19, 6794964
18, 6794964
19, 6794964
19, 6794964
19, 6794964
19, 6794964
17, 6794964
19, 6794964
19, 6794964
17, 6794964
19, 6794964
19, 6794964
19, 6794964
19, 6794964
19, 6794964
19, 6794964
16, 6794964
18, 6794964
19, 6794964
19, 6794964
16, 6794964
18, 6794964
18, 6794964
18, 6794964
19, 6794964
19, 6794964
19, 6794964
19, 6794964
18, 6794964
18, 6794964
18, 6459257
18, 6459257
18, 6459257
19, 6459257
19, 6459257
19, 6459257
19, 6459257
18, 6459257
19, 6459257
19, 6459257
18, 6459257
18, 6459257
18, 6459257
19, 6459257
19, 6459257
19, 6459257
19, 6459257
19, 6459257
19, 6459257
19, 6459257
19, 6459257
19, 6459257
19, 6459257
18, 6459257
17, 6459257
18, 6459257
19, 6459257
18, 6459257
19, 6459257
18, 6459257
19, 6459257
17, 6459257
17, 7255826
16, 7255826
19, 7255826
16, 7255826
18, 7255826
18, 7255826
19, 7255826
19, 7255826
19, 7255826
19, 7255826
18, 7255826
19, 7255826
19, 7255826
19, 7255826
16, 7255826
16, 7255826
19, 7255826
19, 7255826
17, 7255826
18, 7255826
19, 7255826
17, 7255826
18, 7255826
19, 7255826
19, 7255826
19, 7255826
19, 7255826
18, 7255826
18, 7255826
19, 7255826
18, 7255826
19, 7255826
18, 7092851
17, 7092851
18, 7092851
19, 7092851
19, 7092851
19, 7092851
18, 7092851
19, 7092851
19, 7092851
19, 7092851
19, 7092851
18, 7092851
18, 7092851
18, 7092851
16, 7092851
19, 7092851
19, 7092851
19, 7092851
19, 7092851
18, 7092851
19, 7092851
19, 7092851
18, 7092851
16, 7092851
18, 7092851
18, 7092851
19, 7092851
19, 7092851
17, 7092851
18, 7092851
19, 7092851
18, 7092851
17, 6930849
17, 6930849
19, 6930849
19, 6930849
19, 6930849
18, 6930849
18, 6930849
19, 6930849
18, 6930849
18, 6930849
19, 6930849
18, 6930849
17, 6930849
19, 6930849
19, 6930849
18, 6930849
18, 6930849
19, 6930849
17, 6930849
18, 6930849
19, 6930849
18, 6930849
18, 6930849
19, 6930849
19, 6930849
18, 6930849
18, 6930849
16, 6930849
19, 6930849
19, 6930849
17, 6930849
19, 6930849
18, 7028410
19, 7028410
18, 7028410
18, 7028410
19, 7028410
17, 7028410
19, 7028410
16, 7028410
19, 7028410
19, 7028410
19, 7028410
19, 7028410
19, 7028410
19, 7028410
19, 7028410
17, 7028410
17, 7028410
17, 7028410
18, 7028410
18, 7028410
18, 7028410
18, 7028410
19, 7028410
18, 7028410
17, 7028410
18, 7028410
19, 7028410
19, 7028410
19, 7028410
19, 7028410
18, 7028410
19, 7028410
19, 6418994
17, 6418994
19, 6418994
18, 6418994
18, 6418994
18, 6418994
19, 6418994
19, 6418994
18, 6418994
19, 6418994
19, 6418994
19, 6418994
19, 6418994
18, 6418994
18, 6418994
19, 6418994
19, 6418994
19, 6418994
18, 6418994
19, 6418994
19, 6418994
19, 6418994
19, 6418994
19, 6418994
17, 6418994
18, 6418994
19, 6418994
19, 6418994
19, 6418994
19, 6418994
18, 6418994
17, 6418994
19, 7174714
18, 7174714
17, 7174714
19, 7174714
19, 7174714
19, 7174714
19, 7174714
19, 7174714
19, 7174714
18, 7174714
19, 7174714
19, 7174714
19, 7174714
19, 7174714
19, 7174714
19, 7174714
19, 7174714
19, 7174714
19, 7174714
18, 7174714
17, 7174714
18, 7174714
17, 7174714
19, 7174714
19, 7174714
18, 7174714
17, 7174714
18, 7174714
19, 7174714
17, 7174714
17, 7174714
19, 7174714
19, 7249825
18, 7249825
19, 7249825
18, 7249825
17, 7249825
18, 7249825
19, 7249825
19, 7249825
19, 7249825
18, 7249825
17, 7249825
19, 7249825
18, 7249825
19, 7249825
19, 7249825
19, 7249825
19, 7249825
17, 7249825
19, 7249825
18, 7249825
19, 7249825
18, 7249825
19, 7249825
17, 7249825
18, 7249825
18, 7249825
19, 7249825
17, 7249825
17, 7249825
18, 7249825
19, 7249825
18, 7249825
17, 7265472
18, 7265472
19, 7265472
18, 7265472
18, 7265472
19, 7265472
18, 7265472
18, 7265472
17, 7265472
18, 7265472
18, 7265472
19, 7265472
18, 7265472
18, 7265472
19, 7265472
19, 7265472
18, 7265472
19, 7265472
18, 7265472
18, 7265472
19, 7265472
19, 7265472
19, 7265472
19, 7265472
19, 7265472
19, 7265472
19, 7265472
18, 7265472
17, 7265472
18, 7265472
19, 7265472
19, 7265472
18, 5881856
19, 5881856
19, 5881856
18, 5881856
19, 5881856
18, 5881856
19, 5881856
17, 5881856
17, 5881856
19, 5881856
19, 5881856
19, 5881856
18, 5881856
19, 5881856
18, 5881856
16, 5881856
19, 5881856
19, 5881856
18, 5881856
19, 5881856
19, 5881856
19, 5881856
19, 5881856
18, 5881856
17, 5881856
18, 5881856
18, 5881856
19, 5881856
18, 5881856
19, 5881856
18, 5881856
18, 5881856
18, 7048725
19, 7048725
19, 7048725
19, 7048725
19, 7048725
19, 7048725
19, 7048725
19, 7048725
17, 7048725
18, 7048725
19, 7048725
19, 7048725
19, 7048725
18, 7048725
19, 7048725
19, 7048725
18, 7048725
19, 7048725
19, 7048725
19, 7048725
19, 7048725
18, 7048725
19, 7048725
18, 7048725
18, 7048725
18, 7048725
17, 7048725
18, 7048725
18, 7048725
19, 7048725
19, 7048725
18, 7048725
19, 6972143
19, 6972143
18, 6972143
19, 6972143
19, 6972143
18, 6972143
17, 6972143
18, 6972143
19, 6972143
18, 6972143
18, 6972143
19, 6972143
17, 6972143
18, 6972143
17, 6972143
19, 6972143
17, 6972143
19, 6972143
19, 6972143
16, 6972143
19, 6972143
17, 6972143
19, 6972143
19, 6972143
18, 6972143
19, 6972143
19, 6972143
19, 6972143
18, 6972143
19, 6972143
18, 6972143
19, 6972143
16, 7116495
19, 7116495
18, 7116495
18, 7116495
19, 7116495
19, 7116495
17, 7116495
17, 7116495
19, 7116495
19, 7116495
19, 7116495
18, 7116495
19, 7116495
19, 7116495
18, 7116495
19, 7116495
19, 7116495
17, 7116495
18, 7116495
19, 7116495
18, 7116495
16, 7116495
19, 7116495
17, 7116495
19, 7116495
17, 7116495
19, 7116495
19, 7116495
18, 7116495
19, 7116495
19, 7116495
19, 7116495
17, 7308975
19, 7308975
19, 7308975
19, 7308975
18, 7308975
17, 7308975
19, 7308975
19, 7308975
17, 7308975
19, 7308975
19, 7308975
19, 7308975
19, 7308975
18, 7308975
18, 7308975
19, 7308975
18, 7308975
19, 7308975
18, 7308975
19, 7308975
19, 7308975
18, 7308975
17, 7308975
19, 7308975
19, 7308975
19, 7308975
19, 7308975
19, 7308975
19, 7308975
17, 7308975
18, 7308975
17, 7308975
19, 7346558
19, 7346558
18, 7346558
16, 7346558
19, 7346558
18, 7346558
17, 7346558
17, 7346558
19, 7346558
18, 7346558
17, 7346558
17, 7346558
19, 7346558
19, 7346558
19, 7346558
19, 7346558
19, 7346558
18, 7346558
19, 7346558
18, 7346558
18, 7346558
19, 7346558
19, 7346558
19, 7346558
18, 7346558
19, 7346558
18, 7346558
19, 7346558
19, 7346558
18, 7346558
17, 7346558
18, 7346558
18, 7345800
18, 7345800
18, 7345800
19, 7345800
19, 7345800
17, 7345800
19, 7345800
19, 7345800
16, 7345800
19, 7345800
19, 7345800
17, 7345800
17, 7345800
19, 7345800
18, 7345800
18, 7345800
18, 7345800
19, 7345800
19, 7345800
18, 7345800
19, 7345800
17, 7345800
19, 7345800
19, 7345800
18, 7345800
19, 7345800
19, 7345800
19, 7345800
18, 7345800
18, 7345800
16, 7345800
18, 7345800
18, 6972739
19, 6972739
19, 6972739
19, 6972739
19, 6972739
19, 6972739
19, 6972739
19, 6972739
19, 6972739
19, 6972739
19, 6972739
19, 6972739
18, 6972739
18, 6972739
19, 6972739
19, 6972739
18, 6972739
16, 6972739
18, 6972739
17, 6972739
18, 6972739
18, 6972739
19, 6972739
19, 6972739
19, 6972739
19, 6972739
18, 6972739
19, 6972739
19, 6972739
19, 6972739
19, 6972739
18, 6972739
19, 7225114
18, 7225114
19, 7225114
18, 7225114
19, 7225114
19, 7225114
19, 7225114
19, 7225114
18, 7225114
18, 7225114
18, 7225114
19, 7225114
19, 7225114
19, 7225114
19, 7225114
17, 7225114
19, 7225114
19, 7225114
19, 7225114
19, 7225114
18, 7225114
18, 7225114
19, 7225114
19, 7225114
19, 7225114
19, 7225114
18, 7225114
19, 7225114
18, 7225114
16, 7225114
19, 7225114
18, 7225114
19, 5919152
19, 5919152
18, 5919152
19, 5919152
19, 5919152
17, 5919152
18, 5919152
19, 5919152
19, 5919152
19, 5919152
18, 5919152
19, 5919152
19, 5919152
19, 5919152
16, 5919152
18, 5919152
19, 5919152
18, 5919152
18, 5919152
19, 5919152
19, 5919152
19, 5919152
19, 5919152
18, 5919152
18, 5919152
18, 5919152
17, 5919152
17, 5919152
17, 5919152
17, 5919152
19, 5919152
19, 5919152
19, 6076916
18, 6076916
19, 6076916
18, 6076916
19, 6076916
18, 6076916
18, 6076916
17, 6076916
18, 6076916
17, 6076916
18, 6076916
17, 6076916
19, 6076916
19, 6076916
19, 6076916
19, 6076916
18, 6076916
18, 6076916
18, 6076916
17, 6076916
18, 6076916
18, 6076916
18, 6076916
18, 6076916
17, 6076916
17, 6076916
18, 6076916
19, 6076916
17, 6076916
19, 6076916
18, 6076916
19, 6076916
18, 7220913
19, 7220913
19, 7220913
19, 7220913
19, 7220913
19, 7220913
19, 7220913
18, 7220913
18, 7220913
18, 7220913
19, 7220913
18, 7220913
19, 7220913
17, 7220913
17, 7220913
18, 7220913
16, 7220913
19, 7220913
19, 7220913
19, 7220913
18, 7220913
19, 7220913
18, 7220913
18, 7220913
18, 7220913
19, 7220913
19, 7220913
18, 7220913
19, 7220913
18, 7220913
19, 7220913
19, 7220913
19, 7402654
18, 7402654
18, 7402654
17, 7402654
19, 7402654
19, 7402654
19, 7402654
19, 7402654
18, 7402654
19, 7402654
18, 7402654
19, 7402654
19, 7402654
19, 7402654
19, 7402654
19, 7402654
19, 7402654
18, 7402654
19, 7402654
18, 7402654
18, 7402654
19, 7402654
19, 7402654
19, 7402654
19, 7402654
19, 7402654
19, 7402654
19, 7402654
18, 7402654
18, 7402654
18, 7402654
17, 7402654
19, 7416875
19, 7416875
18, 7416875
19, 7416875
18, 7416875
19, 7416875
16, 7416875
19, 7416875
19, 7416875
19, 7416875
17, 7416875
17, 7416875
18, 7416875
19, 7416875
19, 7416875
17, 7416875
19, 7416875
18, 7416875
19, 7416875
18, 7416875
18, 7416875
19, 7416875
19, 7416875
18, 7416875
17, 7416875
19, 7416875
19, 7416875
19, 7416875
19, 7416875
19, 7416875
19, 7416875
18, 7416875
19, 7416868
19, 7416868
19, 7416868
19, 7416868
18, 7416868
18, 7416868
19, 7416868
19, 7416868
19, 7416868
19, 7416868
17, 7416868
18, 7416868
19, 7416868
16, 7416868
19, 7416868
19, 7416868
19, 7416868
19, 7416868
18, 7416868
19, 7416868
19, 7416868
19, 7416868
19, 7416868
18, 7416868
19, 7416868
19, 7416868
16, 7416868
18, 7416868
18, 7416868
19, 7416868
19, 7416868
19, 7416868
19, 5890616
19, 5890616
19, 5890616
18, 5890616
18, 5890616
17, 5890616
18, 5890616
19, 5890616
19, 5890616
18, 5890616
18, 5890616
16, 5890616
18, 5890616
19, 5890616
18, 5890616
18, 5890616
16, 5890616
19, 5890616
18, 5890616
19, 5890616
19, 5890616
18, 5890616
19, 5890616
17, 5890616
19, 5890616
18, 5890616
18, 5890616
18, 5890616
18, 5890616
19, 5890616
17, 5890616
18, 5890616
19, 7404038
19, 7404038
19, 7404038
18, 7404038
18, 7404038
18, 7404038
19, 7404038
18, 7404038
17, 7404038
19, 7404038
18, 7404038
19, 7404038
19, 7404038
18, 7404038
17, 7404038
19, 7404038
18, 7404038
19, 7404038
18, 7404038
18, 7404038
19, 7404038
19, 7404038
19, 7404038
18, 7404038
18, 7404038
16, 7404038
19, 7404038
19, 7404038
18, 7404038
19, 7404038
19, 7404038
16, 7404038
16, 6731165
17, 6731165
19, 6731165
18, 6731165
19, 6731165
19, 6731165
19, 6731165
19, 6731165
19, 6731165
19, 6731165
18, 6731165
19, 6731165
19, 6731165
18, 6731165
18, 6731165
19, 6731165
19, 6731165
17, 6731165
18, 6731165
19, 6731165
18, 6731165
19, 6731165
19, 6731165
19, 6731165
19, 6731165
18, 6731165
19, 6731165
19, 6731165
19, 6731165
19, 6731165
19, 6731165
17, 6731165
19, 6730326
18, 6730326
18, 6730326
19, 6730326
18, 6730326
18, 6730326
19, 6730326
19, 6730326
18, 6730326
17, 6730326
19, 6730326
19, 6730326
17, 6730326
19, 6730326
19, 6730326
18, 6730326
18, 6730326
19, 6730326
19, 6730326
19, 6730326
17, 6730326
19, 6730326
19, 6730326
17, 6730326
19, 6730326
18, 6730326
18, 6730326
19, 6730326
19, 6730326
19, 6730326
19, 6730326
19, 6730326
16, 6937121
19, 6937121
19, 6937121
19, 6937121
17, 6937121
19, 6937121
18, 6937121
18, 6937121
19, 6937121
17, 6937121
19, 6937121
19, 6937121
19, 6937121
19, 6937121
19, 6937121
19, 6937121
19, 6937121
19, 6937121
19, 6937121
19, 6937121
18, 6937121
19, 6937121
19, 6937121
18, 6937121
19, 6937121
18, 6937121
18, 6937121
18, 6937121
19, 6937121
18, 6937121
19, 6937121
19, 6937121
19, 7063259
17, 7063259
18, 7063259
19, 7063259
19, 7063259
18, 7063259
19, 7063259
18, 7063259
19, 7063259
19, 7063259
18, 7063259
17, 7063259
19, 7063259
19, 7063259
18, 7063259
19, 7063259
18, 7063259
19, 7063259
19, 7063259
19, 7063259
19, 7063259
19, 7063259
19, 7063259
16, 7063259
19, 7063259
16, 7063259
19, 7063259
17, 7063259
19, 7063259
17, 7063259
18, 7063259
18, 7063259
19, 7311838
17, 7311838
19, 7311838
19, 7311838
17, 7311838
19, 7311838
19, 7311838
19, 7311838
19, 7311838
19, 7311838
19, 7311838
19, 7311838
19, 7311838
18, 7311838
19, 7311838
19, 7311838
17, 7311838
18, 7311838
19, 7311838
19, 7311838
19, 7311838
18, 7311838
19, 7311838
16, 7311838
17, 7311838
19, 7311838
18, 7311838
19, 7311838
18, 7311838
19, 7311838
19, 7311838
19, 7311838
19, 6566729
19, 6566729
17, 6566729
19, 6566729
17, 6566729
17, 6566729
17, 6566729
19, 6566729
17, 6566729
19, 6566729
19, 6566729
19, 6566729
19, 6566729
19, 6566729
19, 6566729
18, 6566729
19, 6566729
19, 6566729
19, 6566729
19, 6566729
19, 6566729
17, 6566729
18, 6566729
19, 6566729
17, 6566729
17, 6566729
19, 6566729
19, 6566729
17, 6566729
18, 6566729
19, 6566729
18, 6566729
19, 7412897
19, 7412897
18, 7412897
18, 7412897
19, 7412897
17, 7412897
19, 7412897
19, 7412897
18, 7412897
18, 7412897
19, 7412897
18, 7412897
18, 7412897
19, 7412897
18, 7412897
18, 7412897
19, 7412897
19, 7412897
18, 7412897
19, 7412897
19, 7412897
18, 7412897
18, 7412897
19, 7412897
17, 7412897
19, 7412897
19, 7412897
17, 7412897
18, 7412897
16, 7412897
19, 7412897
18, 7412897
17, 6870662
19, 6870662
19, 6870662
19, 6870662
19, 6870662
19, 6870662
19, 6870662
19, 6870662
19, 6870662
18, 6870662
19, 6870662
19, 6870662
17, 6870662
19, 6870662
19, 6870662
17, 6870662
19, 6870662
18, 6870662
17, 6870662
18, 6870662
18, 6870662
19, 6870662
17, 6870662
19, 6870662
19, 6870662
17, 6870662
18, 6870662
18, 6870662
19, 6870662
18, 6870662
19, 6870662
17, 6870662
18, 6905544
17, 6905544
19, 6905544
18, 6905544
17, 6905544
19, 6905544
19, 6905544
19, 6905544
19, 6905544
19, 6905544
19, 6905544
19, 6905544
18, 6905544
18, 6905544
19, 6905544
19, 6905544
19, 6905544
19, 6905544
18, 6905544
18, 6905544
19, 6905544
18, 6905544
18, 6905544
19, 6905544
18, 6905544
17, 6905544
18, 6905544
17, 6905544
19, 6905544
18, 6905544
19, 6905544
18, 6905544
19, 7502145
18, 7502145
19, 7502145
18, 7502145
19, 7502145
19, 7502145
19, 7502145
19, 7502145
19, 7502145
19, 7502145
17, 7502145
19, 7502145
19, 7502145
19, 7502145
19, 7502145
19, 7502145
19, 7502145
19, 7502145
19, 7502145
19, 7502145
19, 7502145
19, 7502145
19, 7502145
19, 7502145
19, 7502145
19, 7502145
18, 7502145
19, 7502145
18, 7502145
18, 7502145
19, 7502145
18, 7502145
18, 7505673
17, 7505673
19, 7505673
18, 7505673
19, 7505673
18, 7505673
19, 7505673
19, 7505673
18, 7505673
18, 7505673
19, 7505673
18, 7505673
19, 7505673
17, 7505673
19, 7505673
19, 7505673
18, 7505673
18, 7505673
19, 7505673
18, 7505673
19, 7505673
18, 7505673
19, 7505673
18, 7505673
19, 7505673
18, 7505673
18, 7505673
18, 7505673
18, 7505673
17, 7505673
19, 7505673
16, 7505673
19, 7648179
19, 7648179
19, 7648179
18, 7648179
19, 7648179
18, 7648179
19, 7648179
18, 7648179
19, 7648179
19, 7648179
18, 7648179
19, 7648179
19, 7648179
19, 7648179
19, 7648179
19, 7648179
19, 7648179
19, 7648179
19, 7648179
19, 7648179
18, 7648179
19, 7648179
19, 7648179
18, 7648179
19, 7648179
16, 7648179
19, 7648179
19, 7648179
17, 7648179
19, 7648179
18, 7648179
19, 7648179
18, 7500245
18, 7500245
18, 7500245
19, 7500245
18, 7500245
18, 7500245
19, 7500245
18, 7500245
19, 7500245
19, 7500245
18, 7500245
19, 7500245
19, 7500245
19, 7500245
19, 7500245
19, 7500245
18, 7500245
19, 7500245
19, 7500245
17, 7500245
19, 7500245
17, 7500245
19, 7500245
18, 7500245
18, 7500245
19, 7500245
18, 7500245
18, 7500245
19, 7500245
19, 7500245
19, 7500245
18, 7500245
19, 7552719
18, 7552719
19, 7552719
19, 7552719
18, 7552719
19, 7552719
19, 7552719
17, 7552719
19, 7552719
18, 7552719
19, 7552719
19, 7552719
19, 7552719
18, 7552719
18, 7552719
19, 7552719
18, 7552719
18, 7552719
18, 7552719
19, 7552719
18, 7552719
18, 7552719
19, 7552719
18, 7552719
17, 7552719
18, 7552719
19, 7552719
19, 7552719
19, 7552719
18, 7552719
19, 7552719
18, 7552719
18, 6260655
19, 6260655
18, 6260655
17, 6260655
19, 6260655
19, 6260655
19, 6260655
18, 6260655
18, 6260655
17, 6260655
18, 6260655
18, 6260655
17, 6260655
17, 6260655
19, 6260655
19, 6260655
18, 6260655
18, 6260655
18, 6260655
19, 6260655
19, 6260655
17, 6260655
19, 6260655
17, 6260655
18, 6260655
19, 6260655
17, 6260655
18, 6260655
17, 6260655
19, 6260655
19, 6260655
19, 6260655
19, 6225439
19, 6225439
19, 6225439
19, 6225439
19, 6225439
19, 6225439
17, 6225439
18, 6225439
17, 6225439
19, 6225439
17, 6225439
18, 6225439
19, 6225439
18, 6225439
19, 6225439
18, 6225439
19, 6225439
18, 6225439
18, 6225439
17, 6225439
19, 6225439
19, 6225439
18, 6225439
19, 6225439
19, 6225439
19, 6225439
17, 6225439
19, 6225439
18, 6225439
18, 6225439
18, 6225439
17, 6225439
19, 6112278
17, 6112278
17, 6112278
19, 6112278
19, 6112278
19, 6112278
19, 6112278
16, 6112278
18, 6112278
19, 6112278
19, 6112278
19, 6112278
17, 6112278
17, 6112278
17, 6112278
19, 6112278
19, 6112278
19, 6112278
17, 6112278
18, 6112278
18, 6112278
17, 6112278
18, 6112278
19, 6112278
16, 6112278
19, 6112278
18, 6112278
19, 6112278
19, 6112278
19, 6112278
18, 6112278
18, 6112278
19, 6276558
19, 6276558
19, 6276558
18, 6276558
18, 6276558
19, 6276558
19, 6276558
19, 6276558
18, 6276558
19, 6276558
19, 6276558
19, 6276558
19, 6276558
18, 6276558
17, 6276558
17, 6276558
19, 6276558
19, 6276558
19, 6276558
18, 6276558
19, 6276558
18, 6276558
19, 6276558
19, 6276558
19, 6276558
19, 6276558
18, 6276558
19, 6276558
19, 6276558
19, 6276558
18, 6276558
19, 6276558
19, 7823391
19, 7823391
18, 7823391
19, 7823391
19, 7823391
19, 7823391
19, 7823391
18, 7823391
19, 7823391
19, 7823391
18, 7823391
18, 7823391
17, 7823391
18, 7823391
18, 7823391
19, 7823391
19, 7823391
18, 7823391
18, 7823391
19, 7823391
19, 7823391
19, 7823391
17, 7823391
19, 7823391
19, 7823391
18, 7823391
16, 7823391
18, 7823391
19, 7823391
18, 7823391
19, 7823391
17, 7823391
18, 7823429
18, 7823429
19, 7823429
18, 7823429
18, 7823429
19, 7823429
19, 7823429
18, 7823429
19, 7823429
18, 7823429
18, 7823429
17, 7823429
18, 7823429
19, 7823429
17, 7823429
17, 7823429
17, 7823429
18, 7823429
18, 7823429
18, 7823429
19, 7823429
18, 7823429
19, 7823429
17, 7823429
19, 7823429
19, 7823429
19, 7823429
19, 7823429
18, 7823429
19, 7823429
17, 7823429
19, 7823429
19, 7776377
19, 7776377
19, 7776377
19, 7776377
19, 7776377
17, 7776377
19, 7776377
19, 7776377
17, 7776377
18, 7776377
19, 7776377
19, 7776377
17, 7776377
18, 7776377
19, 7776377
19, 7776377
19, 7776377
19, 7776377
18, 7776377
16, 7776377
19, 7776377
19, 7776377
19, 7776377
19, 7776377
19, 7776377
19, 7776377
18, 7776377
17, 7776377
19, 7776377
19, 7776377
16, 7776377
17, 7776377
18, 7850487
18, 7850487
19, 7850487
19, 7850487
18, 7850487
19, 7850487
19, 7850487
19, 7850487
19, 7850487
18, 7850487
18, 7850487
18, 7850487
19, 7850487
19, 7850487
18, 7850487
19, 7850487
16, 7850487
19, 7850487
19, 7850487
19, 7850487
19, 7850487
18, 7850487
19, 7850487
18, 7850487
19, 7850487
19, 7850487
17, 7850487
18, 7850487
17, 7850487
18, 7850487
19, 7850487
19, 7850487
19, 8215198
18, 8215198
19, 8215198
19, 8215198
19, 8215198
18, 8215198
19, 8215198
18, 8215198
19, 8215198
19, 8215198
19, 8215198
19, 8215198
19, 8215198
18, 8215198
19, 8215198
19, 8215198
19, 8215198
19, 8215198
18, 8215198
18, 8215198
18, 8215198
19, 8215198
18, 8215198
19, 8215198
19, 8215198
19, 8215198
19, 8215198
19, 8215198
17, 8215198
18, 8215198
19, 8215198
17, 8215198
18, 7951281
19, 7951281
19, 7951281
19, 7951281
18, 7951281
18, 7951281
19, 7951281
17, 7951281
19, 7951281
18, 7951281
16, 7951281
19, 7951281
19, 7951281
19, 7951281
19, 7951281
19, 7951281
19, 7951281
18, 7951281
19, 7951281
19, 7951281
19, 7951281
19, 7951281
19, 7951281
18, 7951281
19, 7951281
18, 7951281
19, 7951281
19, 7951281
18, 7951281
19, 7951281
17, 7951281
19, 7951281
19, 8357987
19, 8357987
19, 8357987
19, 8357987
19, 8357987
18, 8357987
19, 8357987
19, 8357987
19, 8357987
18, 8357987
18, 8357987
18, 8357987
19, 8357987
19, 8357987
18, 8357987
19, 8357987
16, 8357987
19, 8357987
19, 8357987
19, 8357987
18, 8357987
17, 8357987
19, 8357987
19, 8357987
17, 8357987
18, 8357987
18, 8357987
19, 8357987
18, 8357987
18, 8357987
18, 8357987
19, 8357987
18, 8361413
19, 8361413
18, 8361413
19, 8361413
18, 8361413
19, 8361413
19, 8361413
19, 8361413
19, 8361413
19, 8361413
17, 8361413
19, 8361413
19, 8361413
17, 8361413
18, 8361413
16, 8361413
18, 8361413
18, 8361413
19, 8361413
17, 8361413
19, 8361413
18, 8361413
18, 8361413
19, 8361413
19, 8361413
17, 8361413
18, 8361413
19, 8361413
18, 8361413
19, 8361413
19, 8361413
19, 8361413
17, 7093086
19, 7093086
19, 7093086
18, 7093086
19, 7093086
18, 7093086
19, 7093086
17, 7093086
18, 7093086
19, 7093086
18, 7093086
19, 7093086
17, 7093086
19, 7093086
16, 7093086
19, 7093086
19, 7093086
16, 7093086
19, 7093086
17, 7093086
19, 7093086
17, 7093086
19, 7093086
19, 7093086
18, 7093086
17, 7093086
18, 7093086
19, 7093086
17, 7093086
19, 7093086
19, 7093086
18, 7093086
19, 7706121
18, 7706121
16, 7706121
18, 7706121
18, 7706121
17, 7706121
17, 7706121
19, 7706121
19, 7706121
18, 7706121
18, 7706121
18, 7706121
19, 7706121
19, 7706121
19, 7706121
18, 7706121
18, 7706121
19, 7706121
17, 7706121
18, 7706121
18, 7706121
19, 7706121
18, 7706121
17, 7706121
19, 7706121
18, 7706121
19, 7706121
19, 7706121
17, 7706121
17, 7706121
19, 7706121
19, 7706121
18, 8415407
19, 8415407
17, 8415407
19, 8415407
17, 8415407
19, 8415407
19, 8415407
19, 8415407
19, 8415407
19, 8415407
19, 8415407
19, 8415407
18, 8415407
18, 8415407
19, 8415407
19, 8415407
19, 8415407
19, 8415407
19, 8415407
19, 8415407
17, 8415407
19, 8415407
18, 8415407
19, 8415407
18, 8415407
18, 8415407
19, 8415407
18, 8415407
19, 8415407
18, 8415407
17, 8415407
19, 8415407
19, 8145735
19, 8145735
19, 8145735
18, 8145735
18, 8145735
18, 8145735
19, 8145735
19, 8145735
19, 8145735
17, 8145735
17, 8145735
19, 8145735
19, 8145735
18, 8145735
19, 8145735
19, 8145735
19, 8145735
19, 8145735
19, 8145735
18, 8145735
19, 8145735
19, 8145735
19, 8145735
18, 8145735
18, 8145735
19, 8145735
19, 8145735
18, 8145735
19, 8145735
17, 8145735
18, 8145735
19, 8145735
19, 8151936
18, 8151936
19, 8151936
19, 8151936
18, 8151936
17, 8151936
19, 8151936
19, 8151936
17, 8151936
19, 8151936
19, 8151936
17, 8151936
19, 8151936
19, 8151936
17, 8151936
17, 8151936
17, 8151936
19, 8151936
19, 8151936
19, 8151936
17, 8151936
19, 8151936
19, 8151936
18, 8151936
17, 8151936
19, 8151936
19, 8151936
18, 8151936
19, 8151936
19, 8151936
19, 8151936
19, 8151936
19, 8476323
19, 8476323
19, 8476323
18, 8476323
17, 8476323
17, 8476323
18, 8476323
18, 8476323
18, 8476323
19, 8476323
18, 8476323
18, 8476323
19, 8476323
18, 8476323
18, 8476323
18, 8476323
18, 8476323
19, 8476323
17, 8476323
17, 8476323
17, 8476323
19, 8476323
18, 8476323
19, 8476323
19, 8476323
18, 8476323
17, 8476323
19, 8476323
19, 8476323
18, 8476323
16, 8476323
18, 8476323
18, 8728763
19, 8728763
19, 8728763
18, 8728763
19, 8728763
19, 8728763
19, 8728763
19, 8728763
19, 8728763
17, 8728763
19, 8728763
17, 8728763
18, 8728763
19, 8728763
19, 8728763
19, 8728763
19, 8728763
19, 8728763
19, 8728763
19, 8728763
18, 8728763
19, 8728763
19, 8728763
19, 8728763
18, 8728763
18, 8728763
19, 8728763
19, 8728763
19, 8728763
19, 8728763
19, 8728763
17, 8728763
18, 8717811
19, 8717811
18, 8717811
18, 8717811
19, 8717811
19, 8717811
19, 8717811
19, 8717811
19, 8717811
19, 8717811
19, 8717811
19, 8717811
17, 8717811
17, 8717811
19, 8717811
18, 8717811
16, 8717811
19, 8717811
17, 8717811
19, 8717811
19, 8717811
19, 8717811
19, 8717811
19, 8717811
19, 8717811
19, 8717811
19, 8717811
19, 8717811
17, 8717811
19, 8717811
19, 8717811
18, 8717811
17, 7614671
19, 7614671
18, 7614671
19, 7614671
18, 7614671
18, 7614671
19, 7614671
19, 7614671
17, 7614671
19, 7614671
19, 7614671
17, 7614671
18, 7614671
19, 7614671
19, 7614671
19, 7614671
19, 7614671
18, 7614671
18, 7614671
19, 7614671
18, 7614671
19, 7614671
19, 7614671
18, 7614671
19, 7614671
18, 7614671
18, 7614671
18, 7614671
18, 7614671
19, 7614671
19, 7614671
19, 7614671
17, 8543705
17, 8543705
19, 8543705
16, 8543705
19, 8543705
19, 8543705
17, 8543705
19, 8543705
19, 8543705
19, 8543705
18, 8543705
19, 8543705
19, 8543705
19, 8543705
18, 8543705
19, 8543705
18, 8543705
19, 8543705
19, 8543705
16, 8543705
18, 8543705
19, 8543705
17, 8543705
19, 8543705
19, 8543705
17, 8543705
19, 8543705
19, 8543705
18, 8543705
19, 8543705
19, 8543705
19, 8543705
19, 7384471
19, 7384471
17, 7384471
19, 7384471
18, 7384471
18, 7384471
17, 7384471
17, 7384471
18, 7384471
18, 7384471
18, 7384471
19, 7384471
19, 7384471
19, 7384471
19, 7384471
19, 7384471
18, 7384471
19, 7384471
19, 7384471
19, 7384471
18, 7384471
19, 7384471
18, 7384471
18, 7384471
19, 7384471
17, 7384471
19, 7384471
19, 7384471
19, 7384471
17, 7384471
18, 7384471
19, 7384471
18, 7390362
17, 7390362
18, 7390362
19, 7390362
19, 7390362
18, 7390362
16, 7390362
19, 7390362
19, 7390362
19, 7390362
18, 7390362
17, 7390362
19, 7390362
19, 7390362
19, 7390362
18, 7390362
17, 7390362
19, 7390362
19, 7390362
19, 7390362
19, 7390362
19, 7390362
19, 7390362
19, 7390362
18, 7390362
19, 7390362
19, 7390362
19, 7390362
17, 7390362
18, 7390362
19, 7390362
18, 7390362
19, 8768281
19, 8768281
18, 8768281
19, 8768281
17, 8768281
18, 8768281
18, 8768281
18, 8768281
16, 8768281
18, 8768281
18, 8768281
18, 8768281
18, 8768281
18, 8768281
18, 8768281
18, 8768281
19, 8768281
19, 8768281
18, 8768281
19, 8768281
19, 8768281
19, 8768281
19, 8768281
18, 8768281
19, 8768281
19, 8768281
17, 8768281
18, 8768281
17, 8768281
19, 8768281
19, 8768281
18, 8768281
19, 8626821
19, 8626821
19, 8626821
17, 8626821
19, 8626821
18, 8626821
18, 8626821
19, 8626821
18, 8626821
18, 8626821
19, 8626821
18, 8626821
19, 8626821
18, 8626821
19, 8626821
18, 8626821
18, 8626821
19, 8626821
19, 8626821
19, 8626821
19, 8626821
18, 8626821
19, 8626821
18, 8626821
16, 8626821
19, 8626821
18, 8626821
19, 8626821
19, 8626821
19, 8626821
19, 8626821
19, 8626821
17, 9516001
16, 9516001
17, 9516001
19, 9516001
18, 9516001
18, 9516001
18, 9516001
17, 9516001
17, 9516001
19, 9516001
18, 9516001
19, 9516001
19, 9516001
19, 9516001
19, 9516001
19, 9516001
17, 9516001
18, 9516001
17, 9516001
19, 9516001
19, 9516001
19, 9516001
19, 9516001
17, 9516001
18, 9516001
18, 9516001
19, 9516001
18, 9516001
18, 9516001
19, 9516001
16, 9516001
18, 9516001
19, 9764617
19, 9764617
19, 9764617
19, 9764617
18, 9764617
18, 9764617
17, 9764617
19, 9764617
18, 9764617
19, 9764617
16, 9764617
17, 9764617
19, 9764617
18, 9764617
19, 9764617
19, 9764617
19, 9764617
19, 9764617
18, 9764617
18, 9764617
19, 9764617
18, 9764617
18, 9764617
18, 9764617
19, 9764617
17, 9764617
19, 9764617
19, 9764617
19, 9764617
19, 9764617
18, 9764617
18, 9764617
19, 7874642
18, 7874642
19, 7874642
19, 7874642
17, 7874642
18, 7874642
19, 7874642
19, 7874642
19, 7874642
19, 7874642
19, 7874642
18, 7874642
19, 7874642
19, 7874642
18, 7874642
19, 7874642
18, 7874642
17, 7874642
18, 7874642
19, 7874642
19, 7874642
19, 7874642
18, 7874642
17, 7874642
18, 7874642
19, 7874642
19, 7874642
19, 7874642
19, 7874642
18, 7874642
19, 7874642
19, 7874642
17, 9512777
17, 9512777
17, 9512777
17, 9512777
19, 9512777
18, 9512777
18, 9512777
16, 9512777
18, 9512777
19, 9512777
18, 9512777
18, 9512777
18, 9512777
19, 9512777
19, 9512777
19, 9512777
19, 9512777
18, 9512777
18, 9512777
19, 9512777
19, 9512777
19, 9512777
18, 9512777
19, 9512777
19, 9512777
19, 9512777
19, 9512777
19, 9512777
18, 9512777
17, 9512777
19, 9512777
18, 9512777
18, 7081339
19, 7081339
19, 7081339
18, 7081339
19, 7081339
19, 7081339
18, 7081339
18, 7081339
17, 7081339
19, 7081339
19, 7081339
19, 7081339
18, 7081339
19, 7081339
19, 7081339
17, 7081339
18, 7081339
19, 7081339
19, 7081339
19, 7081339
16, 7081339
19, 7081339
18, 7081339
19, 7081339
19, 7081339
19, 7081339
19, 7081339
19, 7081339
19, 7081339
19, 7081339
17, 7081339
18, 7081339
19, 9955417
18, 9955417
18, 9955417
19, 9955417
18, 9955417
19, 9955417
18, 9955417
19, 9955417
19, 9955417
18, 9955417
18, 9955417
19, 9955417
19, 9955417
19, 9955417
19, 9955417
19, 9955417
18, 9955417
18, 9955417
19, 9955417
18, 9955417
18, 9955417
18, 9955417
16, 9955417
17, 9955417
18, 9955417
19, 9955417
18, 9955417
17, 9955417
19, 9955417
19, 9955417
19, 9955417
18, 9955417
18, 7965423
18, 7965423
18, 7965423
18, 7965423
19, 7965423
18, 7965423
18, 7965423
19, 7965423
18, 7965423
18, 7965423
17, 7965423
18, 7965423
18, 7965423
17, 7965423
19, 7965423
17, 7965423
18, 7965423
19, 7965423
18, 7965423
18, 7965423
19, 7965423
19, 7965423
18, 7965423
19, 7965423
19, 7965423
19, 7965423
19, 7965423
18, 7965423
19, 7965423
18, 7965423
19, 7965423
18, 7965423
18, 10476499
18, 10476499
18, 10476499
18, 10476499
19, 10476499
18, 10476499
19, 10476499
17, 10476499
19, 10476499
17, 10476499
17, 10476499
19, 10476499
19, 10476499
19, 10476499
18, 10476499
18, 10476499
19, 10476499
19, 10476499
19, 10476499
18, 10476499
17, 10476499
19, 10476499
18, 10476499
19, 10476499
19, 10476499
19, 10476499
19, 10476499
19, 10476499
18, 10476499
18, 10476499
19, 10476499
18, 10476499
18, 10477295
19, 10477295
18, 10477295
18, 10477295
18, 10477295
18, 10477295
18, 10477295
17, 10477295
19, 10477295
19, 10477295
19, 10477295
18, 10477295
17, 10477295
19, 10477295
17, 10477295
18, 10477295
19, 10477295
18, 10477295
19, 10477295
19, 10477295
18, 10477295
18, 10477295
19, 10477295
19, 10477295
17, 10477295
19, 10477295
18, 10477295
19, 10477295
19, 10477295
19, 10477295
19, 10477295
17, 10477295
16, 10240658
19, 10240658
19, 10240658
19, 10240658
19, 10240658
17, 10240658
18, 10240658
19, 10240658
18, 10240658
17, 10240658
17, 10240658
17, 10240658
19, 10240658
18, 10240658
19, 10240658
19, 10240658
17, 10240658
17, 10240658
19, 10240658
19, 10240658
18, 10240658
18, 10240658
18, 10240658
19, 10240658
18, 10240658
18, 10240658
19, 10240658
19, 10240658
17, 10240658
19, 10240658
18, 10240658
19, 10240658
18, 10865099
19, 10865099
19, 10865099
19, 10865099
18, 10865099
18, 10865099
19, 10865099
19, 10865099
19, 10865099
19, 10865099
19, 10865099
19, 10865099
18, 10865099
18, 10865099
19, 10865099
19, 10865099
19, 10865099
18, 10865099
19, 10865099
19, 10865099
19, 10865099
19, 10865099
19, 10865099
18, 10865099
19, 10865099
18, 10865099
16, 10865099
19, 10865099
16, 10865099
18, 10865099
19, 10865099
17, 10865099
19, 10994091
18, 10994091
19, 10994091
19, 10994091
19, 10994091
19, 10994091
19, 10994091
19, 10994091
19, 10994091
19, 10994091
19, 10994091
18, 10994091
19, 10994091
17, 10994091
19, 10994091
19, 10994091
18, 10994091
18, 10994091
16, 10994091
19, 10994091
19, 10994091
19, 10994091
19, 10994091
19, 10994091
19, 10994091
18, 10994091
19, 10994091
18, 10994091
19, 10994091
17, 10994091
19, 10994091
19, 10994091
19, 10843024
19, 10843024
18, 10843024
18, 10843024
17, 10843024
19, 10843024
17, 10843024
19, 10843024
18, 10843024
18, 10843024
19, 10843024
18, 10843024
19, 10843024
19, 10843024
19, 10843024
18, 10843024
19, 10843024
19, 10843024
19, 10843024
17, 10843024
18, 10843024
19, 10843024
18, 10843024
18, 10843024
19, 10843024
18, 10843024
19, 10843024
19, 10843024
18, 10843024
19, 10843024
19, 10843024
18, 10843024
18, 10843020
19, 10843020
19, 10843020
17, 10843020
18, 10843020
17, 10843020
18, 10843020
18, 10843020
19, 10843020
17, 10843020
19, 10843020
19, 10843020
16, 10843020
19, 10843020
18, 10843020
19, 10843020
17, 10843020
18, 10843020
19, 10843020
18, 10843020
18, 10843020
19, 10843020
18, 10843020
19, 10843020
19, 10843020
18, 10843020
19, 10843020
19, 10843020
19, 10843020
19, 10843020
19, 10843020
17, 10843020
17, 10958812
18, 10958812
19, 10958812
17, 10958812
19, 10958812
19, 10958812
17, 10958812
18, 10958812
18, 10958812
19, 10958812
18, 10958812
19, 10958812
18, 10958812
18, 10958812
18, 10958812
19, 10958812
19, 10958812
19, 10958812
19, 10958812
19, 10958812
18, 10958812
18, 10958812
19, 10958812
18, 10958812
18, 10958812
16, 10958812
18, 10958812
19, 10958812
19, 10958812
18, 10958812
19, 10958812
19, 10958812
19, 11177899
19, 11177899
17, 11177899
16, 11177899
18, 11177899
18, 11177899
19, 11177899
18, 11177899
17, 11177899
19, 11177899
18, 11177899
19, 11177899
19, 11177899
19, 11177899
18, 11177899
19, 11177899
19, 11177899
18, 11177899
19, 11177899
18, 11177899
18, 11177899
19, 11177899
19, 11177899
19, 11177899
19, 11177899
19, 11177899
19, 11177899
19, 11177899
18, 11177899
19, 11177899
19, 11177899
19, 11177899
INFO: Time (ms) for KF track fitting on device 0 : 46.639071
INFO: Total Wall clock time (ms) for KF track fitting: 46.710655
------------------------  ending  -----------------------
