INFO: float precision operand used.

Device : Tesla T4
maxThreadsPerMultiProcessor : 1024
maxGridSize : (2147483647, 65535, 65535)
maxThreadsPerBlock : 1024
maxThreadsDim : (1024, 1024, 64)
regsPerMultiprocessor : 65536
regsPerBlock : 65536
Cuda driver version: 11040
Cuda rt version: 11030
INFO: Warp Occupancy with block size 64 : 25%
INFO: Estimated max occupancy with block size =  10, min grid size = 320

INFO: grid size = 5120 x 1, block size =  8 x 8
INFO: Creating 10 boundless plane surfaces

INFO: Time (ms) to run simulation: 0.285747
19, 908698
19, 908698
18, 908698
19, 908698
19, 908698
19, 908698
19, 908698
19, 908698
19, 908698
17, 908698
INFO: Time (ms) for KF track fitting on device 0 : 4.268771
INFO: Total Wall clock time (ms) for KF track fitting: 4.293585
------------------------  ending  -----------------------
