INFO: float precision operand used.

Device : Tesla T4
maxThreadsPerMultiProcessor : 1024
maxGridSize : (2147483647, 65535, 65535)
maxThreadsPerBlock : 1024
maxThreadsDim : (1024, 1024, 64)
regsPerMultiprocessor : 65536
regsPerBlock : 65536
Cuda driver version: 11040
Cuda rt version: 11030
INFO: Warp Occupancy with block size 64 : 25%
INFO: Estimated max occupancy with block size =  64, min grid size = 160

INFO: grid size = 5120 x 1, block size =  8 x 8
INFO: Creating 10 boundless plane surfaces

INFO: Time (ms) to run simulation: 2.09725
17, 904403
19, 904403
19, 904403
17, 904403
19, 1571080
17, 1571080
18, 1571080
18, 1571080
18, 1571080
19, 1571080
17, 1571080
18, 1571080
19, 1571080
18, 1571080
19, 1571080
19, 1571080
17, 1571080
18, 1571080
19, 1571080
19, 1571080
18, 1571080
19, 1571080
18, 1571080
19, 1571080
19, 1571080
19, 1571080
19, 1571080
19, 1571080
19, 1571080
18, 1571080
19, 1571080
18, 1571080
19, 1571080
19, 1571080
17, 1571080
18, 1571080
17, 1570910
19, 1570910
19, 1570910
17, 1570910
19, 1570910
18, 1570910
19, 1570910
18, 1570910
19, 1570910
16, 1570910
19, 1570910
19, 1570910
19, 1570910
18, 1570910
19, 1570910
19, 1570910
18, 1570910
19, 1570910
19, 1570910
19, 1570910
19, 1570910
17, 1570910
19, 1570910
19, 1570910
19, 1570910
18, 1570910
19, 1570910
17, 1570910
18, 1570910
19, 1570910
19, 1570910
18, 1570910
19, 1570679
19, 1570679
19, 1570679
19, 1570679
19, 1570679
19, 1570679
18, 1570679
19, 1570679
19, 1570679
18, 1570679
19, 1570679
19, 1570679
18, 1570679
18, 1570679
19, 1570679
18, 1570679
19, 1570679
18, 1570679
18, 1570679
18, 1570679
19, 1570679
19, 1570679
19, 1570679
19, 1570679
19, 1570679
18, 1570679
19, 1570679
18, 1570679
19, 1570679
19, 1570679
18, 1570679
19, 1570679
INFO: Time (ms) for KF track fitting on device 0 : 5.662175
INFO: Total Wall clock time (ms) for KF track fitting: 5.688245
------------------------  ending  -----------------------
